
Showing logs for build [32mentando-entando-spring-boot-par-cmcmc-17[0m stage [32mfrom-build-pack[0m and container [32mstep-credential-initializer-m7gqj[0m
{"level":"warn","ts":1615217175.4133332,"logger":"fallback-logger","caller":"logging/config.go:69","msg":"Fetch GitHub commit ID from kodata failed: \"ref: refs/heads/0.8.0-**-support-backwards-incompats\" is not a valid GitHub commit ID"}
{"level":"info","ts":1615217175.416767,"logger":"fallback-logger","caller":"creds-init/main.go:40","msg":"Credentials initialized."}

Showing logs for build [32mentando-entando-spring-boot-par-cmcmc-17[0m stage [32mfrom-build-pack[0m and container [32mstep-working-dir-initializer-gsnm5[0m
{"level":"warn","ts":1615217179.5836506,"logger":"fallback-logger","caller":"logging/config.go:69","msg":"Fetch GitHub commit ID from kodata failed: open /var/run/ko/HEAD: no such file or directory"}
{"level":"info","ts":1615217179.589565,"logger":"fallback-logger","caller":"bash/main.go:64","msg":"Successfully e**cuted command \"sh -c mkdir -p /workspace/source\"; output "}

Showing logs for build [32mentando-entando-spring-boot-par-cmcmc-17[0m stage [32mfrom-build-pack[0m and container [32mstep-place-tools[0m

Showing logs for build [32mentando-entando-spring-boot-par-cmcmc-17[0m stage [32mfrom-build-pack[0m and container [32mstep-git-source-entando-entando-spring-boot-par-nqwk2[0m
{"level":"warn","ts":1615217202.9275224,"logger":"fallback-logger","caller":"logging/config.go:69","msg":"Fetch GitHub commit ID from kodata failed: \"ref: refs/heads/0.8.0-**-support-backwards-incompats\" is not a valid GitHub commit ID"}
{"level":"info","ts":1615217203.5374866,"logger":"fallback-logger","caller":"git/git.go:103","msg":"Successfully cloned https://github.com/entando/entando-spring-boot-parent.git @ v6.3.5 in path /workspace/source"}

Showing logs for build [32mentando-entando-spring-boot-par-cmcmc-17[0m stage [32mfrom-build-pack[0m and container [32mstep-git-merge[0m
Using SHAs from PULL_REFS=master:75361788986ac86be75b6a3e20d251714f9cf27d
WARNING: no SHAs to merge, falling back to initial cloned commit

Showing logs for build [32mentando-entando-spring-boot-par-cmcmc-17[0m stage [32mfrom-build-pack[0m and container [32mstep-setup-jx-git-credentials[0m
Generated Git credentials file /workspace/xdg_config/git/credentials

Showing logs for build [32mentando-entando-spring-boot-par-cmcmc-17[0m stage [32mfrom-build-pack[0m and container [32mstep-build-mvn-deploy[0m
Picked up _JAVA_OPTIONS: -XX:+UnlockExperimentalVMOptions -Dsun.zip.disableMemoryMapping=**** -XX:+UseParallelGC -XX:MinHeapFreeRatio=5 -XX:MaxHeapFreeRatio=10 -XX:GCTimeRatio=4 -XX:AdaptiveSizePolicyWeight=90 -Xms10m -Xmx192m
[INFO] Scanning for projects...
[INFO] 
[INFO] ---------------< org.entando:entando-spring-boot-parent >---------------
[INFO] Building Entando Spring Boot Parent 6.3.5
[INFO] --------------------------------[ pom ]---------------------------------
[INFO] 
[INFO] --- maven-clean-plugin:2.5:clean (default-clean) @ entando-spring-boot-parent ---
[INFO] 
[INFO] --- maven-surefire-report-plugin:3.0.0-M4:failsafe-report-only (integration-tests) @ entando-spring-boot-parent ---
[INFO] 
[INFO] --- maven-surefire-report-plugin:3.0.0-M4:report-only (unit-tests) @ entando-spring-boot-parent ---
[WARNING] Unable to locate Test Source XRef to link to - DISABLED
[INFO] 
[INFO] --- maven-install-plugin:2.4:install (default-install) @ entando-spring-boot-parent ---
[INFO] Installing /workspace/source/pom.xml to /home/jenkins/.mvnrepository/org/entando/entando-spring-boot-parent/6.3.5/entando-spring-boot-parent-6.3.5.pom
[INFO] 
[INFO] --- maven-deploy-plugin:2.8.2:deploy (default-deploy) @ entando-spring-boot-parent ---
[INFO] Using alternate deployment repository local-nexus::default::http://nexus/repository/maven-releases/
[INFO] ------------------------------------------------------------------------
[INFO] BUILD SUCCESS
[INFO] ------------------------------------------------------------------------
[INFO] Total time:  15.833 s
[INFO] Finished at: 2021-03-08T15:27:05Z
[INFO] ------------------------------------------------------------------------

Showing logs for build [32mentando-entando-spring-boot-par-cmcmc-17[0m stage [32mfrom-build-pack[0m and container [32mstep-promote-changelog[0m
Converted /workspace/source to an unshallow repository
Generating change log from git ref 0eb6dd097157cb76d8192fbcd29993914959f70d => a49094a1ad0fca7221ad95eed5506bc676374eb7
WARNING: Failed to enrich commit 75361788986ac86be75b6a3e20d251714f9cf27d with issues: selected more than one user from users.jenkins.io: [firegloves firegloves-0]
WARNING: Failed to enrich commit 75361788986ac86be75b6a3e20d251714f9cf27d with issues: selected more than one user from users.jenkins.io: [firegloves firegloves-0]
Finding issues in commit messages using git format
WARNING: No release found for entando/entando-spring-boot-parent and tag v6.3.5 so creating a new release
Updated the release information at https://github.com/entando/entando-spring-boot-parent/releases/tag/v6.3.5
generated: /workspace/source/templates/release.yaml
Created Release entando-spring-boot-parent-6-3-5 resource in namespace **
Updating PipelineActivity entando-entando-spring-boot-parent-master-17 with version 6.3.5
Updated PipelineActivities entando-entando-spring-boot-parent-master-17 with release notes URL: https://github.com/entando/entando-spring-boot-parent/releases/tag/v6.3.5
