
Showing logs for build [32mmeta-entando-app-builder-master-7mlw6-204[0m stage [32mmeta-pipeline[0m and container [32mstep-credential-initializer-pf5cj[0m
{"level":"warn","ts":1617609321.8296711,"logger":"fallback-logger","caller":"logging/config.go:69","msg":"Fetch GitHub commit ID from kodata failed: \"ref: refs/heads/0.8.0-**-support-backwards-incompats\" is not a valid GitHub commit ID"}
{"level":"info","ts":1617609321.842376,"logger":"fallback-logger","caller":"creds-init/main.go:40","msg":"Credentials initialized."}

Showing logs for build [32mmeta-entando-app-builder-master-7mlw6-204[0m stage [32mmeta-pipeline[0m and container [32mstep-working-dir-initializer-x7btd[0m
{"level":"warn","ts":1617609325.4978085,"logger":"fallback-logger","caller":"logging/config.go:69","msg":"Fetch GitHub commit ID from kodata failed: open /var/run/ko/HEAD: no such file or directory"}
{"level":"info","ts":1617609325.516713,"logger":"fallback-logger","caller":"bash/main.go:64","msg":"Successfully e**cuted command \"sh -c mkdir -p /workspace/source\"; output "}

Showing logs for build [32mmeta-entando-app-builder-master-7mlw6-204[0m stage [32mmeta-pipeline[0m and container [32mstep-place-tools[0m

Showing logs for build [32mmeta-entando-app-builder-master-7mlw6-204[0m stage [32mmeta-pipeline[0m and container [32mstep-git-source-meta-entando-app-builder-master-t8f65[0m
{"level":"warn","ts":1617609340.247145,"logger":"fallback-logger","caller":"logging/config.go:69","msg":"Fetch GitHub commit ID from kodata failed: \"ref: refs/heads/0.8.0-**-support-backwards-incompats\" is not a valid GitHub commit ID"}
{"level":"info","ts":1617609341.811598,"logger":"fallback-logger","caller":"git/git.go:103","msg":"Successfully cloned https://github.com/entando/app-builder.git @ 0d30315ff2ee100c8907a446a2a496d5fb8d5f88 in path /workspace/source"}

Showing logs for build [32mmeta-entando-app-builder-master-7mlw6-204[0m stage [32mmeta-pipeline[0m and container [32mstep-git-merge[0m
Using SHAs from PULL_REFS=master:0d30315ff2ee100c8907a446a2a496d5fb8d5f88
WARNING: no SHAs to merge, falling back to initial cloned commit

Showing logs for build [32mmeta-entando-app-builder-master-7mlw6-204[0m stage [32mmeta-pipeline[0m and container [32mstep-merge-pull-refs[0m
SKIP merge-pull-refs: Nothing to merge

Showing logs for build [32mmeta-entando-app-builder-master-7mlw6-204[0m stage [32mmeta-pipeline[0m and container [32mstep-create-effective-pipeline[0m
Effective pipeline written to jenkins-x-release-effective.yml

Showing logs for build [32mmeta-entando-app-builder-master-7mlw6-204[0m stage [32mmeta-pipeline[0m and container [32mstep-create-tekton-crds[0m
running command: echo \$(**-release-version) > VERSION

running command: ** step tag --version \$(cat VERSION)
error: Have you set up a git credential helper? See https://help.github.com/articles/caching-your-github-password-in-git/
: git output: To https://github.com/entando/app-builder.git
 ! [remote rejected]   v6.3.55 -> v6.3.55 (cannot lock ref 'refs/tags/v6.3.55': reference already exists)
error: failed to push some refs to 'https://github.com/entando/app-builder.git': failed to run 'git push origin v6.3.55' command in directory '', output: 'To https://github.com/entando/app-builder.git
 ! [remote rejected]   v6.3.55 -> v6.3.55 (cannot lock ref 'refs/tags/v6.3.55': reference already exists)
error: failed to push some refs to 'https://github.com/entando/app-builder.git''
error: failed to set the version on release pipelines: failed to run '/bin/sh -c ** step tag --version $(cat VERSION)' command in directory '/workspace/source', output: ''
[31m
Pipeline failed on stage 'meta-pipeline' : container 'step-create-tekton-crds'. The execution of the pipeline has stopped.[0m
