
Showing logs for build [32mmeta-entando-k8s-entando-compon-56qsj-1[0m stage [32mmeta-pipeline[0m and container [32mstep-credential-initializer-2x5nf[0m
{"level":"warn","ts":1615214931.440804,"logger":"fallback-logger","caller":"logging/config.go:69","msg":"Fetch GitHub commit ID from kodata failed: \"ref: refs/heads/0.8.0-**-support-backwards-incompats\" is not a valid GitHub commit ID"}
{"level":"info","ts":1615214931.4551256,"logger":"fallback-logger","caller":"creds-init/main.go:40","msg":"Credentials initialized."}

Showing logs for build [32mmeta-entando-k8s-entando-compon-56qsj-1[0m stage [32mmeta-pipeline[0m and container [32mstep-working-dir-initializer-6z26p[0m
{"level":"warn","ts":1615214932.8940792,"logger":"fallback-logger","caller":"logging/config.go:69","msg":"Fetch GitHub commit ID from kodata failed: open /var/run/ko/HEAD: no such file or directory"}
{"level":"info","ts":1615214932.9131963,"logger":"fallback-logger","caller":"bash/main.go:64","msg":"Successfully e**cuted command \"sh -c mkdir -p /workspace/source\"; output "}

Showing logs for build [32mmeta-entando-k8s-entando-compon-56qsj-1[0m stage [32mmeta-pipeline[0m and container [32mstep-place-tools[0m

Showing logs for build [32mmeta-entando-k8s-entando-compon-56qsj-1[0m stage [32mmeta-pipeline[0m and container [32mstep-git-source-meta-entando-k8s-entando-compon-l9dmg[0m
{"level":"warn","ts":1615214946.1792145,"logger":"fallback-logger","caller":"logging/config.go:69","msg":"Fetch GitHub commit ID from kodata failed: \"ref: refs/heads/0.8.0-**-support-backwards-incompats\" is not a valid GitHub commit ID"}
{"level":"info","ts":1615214947.5398328,"logger":"fallback-logger","caller":"git/git.go:103","msg":"Successfully cloned https://github.com/entando-k8s/entando-component-manager.git @ 1d7219d395dfbb81983bd156a80deda9ee914659 in path /workspace/source"}

Showing logs for build [32mmeta-entando-k8s-entando-compon-56qsj-1[0m stage [32mmeta-pipeline[0m and container [32mstep-git-merge[0m
Using SHAs from PULL_REFS=master:1d7219d395dfbb81983bd156a80deda9ee914659,107:d104a0418e2c98386bc25f119696927cb85caf37
DEBUG: ran git fetch --unshallow origin d104a0418e2c98386bc25f119696927cb85caf37: 1d7219d395dfbb81983bd156a80deda9ee914659: in 
DEBUG: ran git checkout master in 
DEBUG: ran git reset --hard 1d7219d395dfbb81983bd156a80deda9ee914659 in 
DEBUG: ran clean --force -d . in 
error: error during merge: merging d104a0418e2c98386bc25f119696927cb85caf37 into master: git output: Auto-merging src/main/java/org/entando/kubernetes/model/bundle/BundleType.java
CONFLICT (content): Merge conflict in src/main/java/org/entando/kubernetes/model/bundle/BundleType.java
Automatic merge failed; fix conflicts and then commit the result.: failed to run 'git merge d104a0418e2c98386bc25f119696927cb85caf37' command in directory '', output: 'Auto-merging src/main/java/org/entando/kubernetes/model/bundle/BundleType.java
CONFLICT (content): Merge conflict in src/main/java/org/entando/kubernetes/model/bundle/BundleType.java
Automatic merge failed; fix conflicts and then commit the result.'
[31m
Pipeline failed on stage 'meta-pipeline' : container 'step-git-merge'. The execution of the pipeline has stopped.[0m
