
Showing logs for build [32mentando-entando-core-bom-master-lmrbh-247[0m stage [32mfrom-build-pack[0m and container [32mstep-credential-initializer-5gkxl[0m
{"level":"warn","ts":1614592906.5730743,"logger":"fallback-logger","caller":"logging/config.go:69","msg":"Fetch GitHub commit ID from kodata failed: \"ref: refs/heads/0.8.0-**-support-backwards-incompats\" is not a valid GitHub commit ID"}
{"level":"info","ts":1614592906.5786047,"logger":"fallback-logger","caller":"creds-init/main.go:40","msg":"Credentials initialized."}

Showing logs for build [32mentando-entando-core-bom-master-lmrbh-247[0m stage [32mfrom-build-pack[0m and container [32mstep-working-dir-initializer-d7w62[0m
{"level":"warn","ts":1614592910.991682,"logger":"fallback-logger","caller":"logging/config.go:69","msg":"Fetch GitHub commit ID from kodata failed: open /var/run/ko/HEAD: no such file or directory"}
{"level":"info","ts":1614592911.0016043,"logger":"fallback-logger","caller":"bash/main.go:64","msg":"Successfully e**cuted command \"sh -c mkdir -p /workspace/source\"; output "}

Showing logs for build [32mentando-entando-core-bom-master-lmrbh-247[0m stage [32mfrom-build-pack[0m and container [32mstep-place-tools[0m

Showing logs for build [32mentando-entando-core-bom-master-lmrbh-247[0m stage [32mfrom-build-pack[0m and container [32mstep-git-source-entando-entando-core-bom-master-tmlls[0m
{"level":"warn","ts":1614592938.7945225,"logger":"fallback-logger","caller":"logging/config.go:69","msg":"Fetch GitHub commit ID from kodata failed: \"ref: refs/heads/0.8.0-**-support-backwards-incompats\" is not a valid GitHub commit ID"}
{"level":"info","ts":1614592939.925131,"logger":"fallback-logger","caller":"git/git.go:103","msg":"Successfully cloned https://github.com/entando/entando-core-bom.git @ v6.2.228 in path /workspace/source"}

Showing logs for build [32mentando-entando-core-bom-master-lmrbh-247[0m stage [32mfrom-build-pack[0m and container [32mstep-git-merge[0m
Using SHAs from PULL_REFS=master:1387de2980fdc39be71fcbbe7409da448bf4f7fc
WARNING: no SHAs to merge, falling back to initial cloned commit

Showing logs for build [32mentando-entando-core-bom-master-lmrbh-247[0m stage [32mfrom-build-pack[0m and container [32mstep-setup-jx-git-credentials[0m
Generated Git credentials file /workspace/xdg_config/git/credentials

Showing logs for build [32mentando-entando-core-bom-master-lmrbh-247[0m stage [32mfrom-build-pack[0m and container [32mstep-build-mvn-deploy[0m
Picked up _JAVA_OPTIONS: -XX:+UnlockExperimentalVMOptions -Dsun.zip.disableMemoryMapping=**** -XX:+UseParallelGC -XX:MinHeapFreeRatio=5 -XX:MaxHeapFreeRatio=10 -XX:GCTimeRatio=4 -XX:AdaptiveSizePolicyWeight=90 -Xms10m -Xmx8000m
[INFO] Scanning for projects...
[INFO] 
[INFO] --------------------< org.entando:entando-core-bom >--------------------
[INFO] Building Entando Core BOM 6.2.228
[INFO] --------------------------------[ pom ]---------------------------------
[INFO] 
[INFO] --- maven-install-plugin:2.4:install (default-install) @ entando-core-bom ---
[INFO] Installing /workspace/source/pom.xml to /home/jenkins/.mvnrepository/org/entando/entando-core-bom/6.2.228/entando-core-bom-6.2.228.pom
[INFO] 
[INFO] --- maven-deploy-plugin:2.8.2:deploy (default-deploy) @ entando-core-bom ---
[INFO] Using alternate deployment repository local-nexus::default::http://nexus/repository/maven-releases/
[INFO] ------------------------------------------------------------------------
[INFO] BUILD SUCCESS
[INFO] ------------------------------------------------------------------------
[INFO] Total time:  3.890 s
[INFO] Finished at: 2021-03-01T10:02:28Z
[INFO] ------------------------------------------------------------------------

Showing logs for build [32mentando-entando-core-bom-master-lmrbh-247[0m stage [32mfrom-build-pack[0m and container [32mstep-promote-changelog[0m
Converted /workspace/source to an unshallow repository
Generating change log from git ref 18fb63b3d9505e438064263febf16f2616929abd => 10d0eb5ea6e2b5d1e36a1459e7f97cf57715a64c
WARNING: No release found for entando/entando-core-bom and tag v6.2.228 so creating a new release
Updated the release information at https://github.com/entando/entando-core-bom/releases/tag/v6.2.228
generated: /workspace/source/templates/release.yaml
Created Release entando-core-bom-6-2-228 resource in namespace **
Updating PipelineActivity entando-entando-core-bom-master-247 with version 6.2.228
Updated PipelineActivities entando-entando-core-bom-master-247 with release notes URL: https://github.com/entando/entando-core-bom/releases/tag/v6.2.228
