
Showing logs for build [32mentando-entando-core-bom-master-wmgc5-255[0m stage [32mfrom-build-pack[0m and container [32mstep-credential-initializer-5pgft[0m
{"level":"warn","ts":1615212076.7686412,"logger":"fallback-logger","caller":"logging/config.go:69","msg":"Fetch GitHub commit ID from kodata failed: \"ref: refs/heads/0.8.0-**-support-backwards-incompats\" is not a valid GitHub commit ID"}
{"level":"info","ts":1615212076.7779481,"logger":"fallback-logger","caller":"creds-init/main.go:40","msg":"Credentials initialized."}

Showing logs for build [32mentando-entando-core-bom-master-wmgc5-255[0m stage [32mfrom-build-pack[0m and container [32mstep-working-dir-initializer-dl8w6[0m
{"level":"warn","ts":1615212083.0958374,"logger":"fallback-logger","caller":"logging/config.go:69","msg":"Fetch GitHub commit ID from kodata failed: open /var/run/ko/HEAD: no such file or directory"}
{"level":"info","ts":1615212083.1183481,"logger":"fallback-logger","caller":"bash/main.go:64","msg":"Successfully e**cuted command \"sh -c mkdir -p /workspace/source\"; output "}

Showing logs for build [32mentando-entando-core-bom-master-wmgc5-255[0m stage [32mfrom-build-pack[0m and container [32mstep-place-tools[0m

Showing logs for build [32mentando-entando-core-bom-master-wmgc5-255[0m stage [32mfrom-build-pack[0m and container [32mstep-git-source-entando-entando-core-bom-master-4bbhk[0m
{"level":"warn","ts":1615212108.2713442,"logger":"fallback-logger","caller":"logging/config.go:69","msg":"Fetch GitHub commit ID from kodata failed: \"ref: refs/heads/0.8.0-**-support-backwards-incompats\" is not a valid GitHub commit ID"}
{"level":"info","ts":1615212108.9326644,"logger":"fallback-logger","caller":"git/git.go:103","msg":"Successfully cloned https://github.com/entando/entando-core-bom.git @ v6.2.235 in path /workspace/source"}

Showing logs for build [32mentando-entando-core-bom-master-wmgc5-255[0m stage [32mfrom-build-pack[0m and container [32mstep-git-merge[0m
Using SHAs from PULL_REFS=master:e34460964be9a0f72d7f5abccc6e57dc6b18ea71
WARNING: no SHAs to merge, falling back to initial cloned commit

Showing logs for build [32mentando-entando-core-bom-master-wmgc5-255[0m stage [32mfrom-build-pack[0m and container [32mstep-setup-jx-git-credentials[0m
Generated Git credentials file /workspace/xdg_config/git/credentials

Showing logs for build [32mentando-entando-core-bom-master-wmgc5-255[0m stage [32mfrom-build-pack[0m and container [32mstep-build-mvn-deploy[0m
Picked up _JAVA_OPTIONS: -XX:+UnlockExperimentalVMOptions -Dsun.zip.disableMemoryMapping=**** -XX:+UseParallelGC -XX:MinHeapFreeRatio=5 -XX:MaxHeapFreeRatio=10 -XX:GCTimeRatio=4 -XX:AdaptiveSizePolicyWeight=90 -Xms10m -Xmx8000m
[INFO] Scanning for projects...
[INFO] 
[INFO] --------------------< org.entando:entando-core-bom >--------------------
[INFO] Building Entando Core BOM 6.2.235
[INFO] --------------------------------[ pom ]---------------------------------
[INFO] 
[INFO] --- maven-install-plugin:2.4:install (default-install) @ entando-core-bom ---
[INFO] Installing /workspace/source/pom.xml to /home/jenkins/.mvnrepository/org/entando/entando-core-bom/6.2.235/entando-core-bom-6.2.235.pom
[INFO] 
[INFO] --- maven-deploy-plugin:2.8.2:deploy (default-deploy) @ entando-core-bom ---
[INFO] Using alternate deployment repository local-nexus::default::http://nexus/repository/maven-releases/
[INFO] ------------------------------------------------------------------------
[INFO] BUILD SUCCESS
[INFO] ------------------------------------------------------------------------
[INFO] Total time:  3.037 s
[INFO] Finished at: 2021-03-08T14:01:57Z
[INFO] ------------------------------------------------------------------------

Showing logs for build [32mentando-entando-core-bom-master-wmgc5-255[0m stage [32mfrom-build-pack[0m and container [32mstep-promote-changelog[0m
Converted /workspace/source to an unshallow repository
Generating change log from git ref 24bf831aa50a7c956f92a91a51f916b835029fec => c71dedd345f12326b4a2986b4a1e9d9376cb4b6b
Associating user jenkins-x-bot in users.jenkins.io with email jenkins-x@googlegroups.com to git GitProvider user with login -0 as emails match
Adding label jenkins.io/git-github-userid=-0 to user jenkins-x-bot in users.jenkins.io
WARNING: Failed to enrich commit e34460964be9a0f72d7f5abccc6e57dc6b18ea71 with issues: User.jenkins.io "jenkins-x-bot" is invalid: metadata.labels: Invalid value: "-0": a valid label must be an empty string or consist of alphanumeric characters, '-', '_' or '.', and must start and end with an alphanumeric character (e.g. 'MyValue',  or 'my_value',  or '1***5', regex used for validation is '(([A-Za-z0-9][-A-Za-z0-9_.]*)?[A-Za-z0-9])?')
Associating user jenkins-x-bot in users.jenkins.io with email jenkins-x@googlegroups.com to git GitProvider user with login -0 as emails match
Adding label jenkins.io/git-github-userid=-0 to user jenkins-x-bot in users.jenkins.io
WARNING: Failed to enrich commit e34460964be9a0f72d7f5abccc6e57dc6b18ea71 with issues: User.jenkins.io "jenkins-x-bot" is invalid: metadata.labels: Invalid value: "-0": a valid label must be an empty string or consist of alphanumeric characters, '-', '_' or '.', and must start and end with an alphanumeric character (e.g. 'MyValue',  or 'my_value',  or '1***5', regex used for validation is '(([A-Za-z0-9][-A-Za-z0-9_.]*)?[A-Za-z0-9])?')
Finding issues in commit messages using git format
WARNING: No release found for entando/entando-core-bom and tag v6.2.235 so creating a new release
Updated the release information at https://github.com/entando/entando-core-bom/releases/tag/v6.2.235
generated: /workspace/source/templates/release.yaml
Created Release entando-core-bom-6-2-235 resource in namespace **
Updating PipelineActivity entando-entando-core-bom-master-255 with version 6.2.235
Updated PipelineActivities entando-entando-core-bom-master-255 with release notes URL: https://github.com/entando/entando-core-bom/releases/tag/v6.2.235
