
Showing logs for build [32mentando-entando-core-bom-master-9xbb8-33[0m stage [32mfrom-build-pack[0m and container [32mcredential-initializer[0m
{"level":"info","ts":1625154553.1495423,"caller":"creds-init/main.go:44","msg":"Credentials initialized."}

Showing logs for build [32mentando-entando-core-bom-master-9xbb8-33[0m stage [32mfrom-build-pack[0m and container [32mworking-dir-initializer[0m

Showing logs for build [32mentando-entando-core-bom-master-9xbb8-33[0m stage [32mfrom-build-pack[0m and container [32mplace-tools[0m

Showing logs for build [32mentando-entando-core-bom-master-9xbb8-33[0m stage [32mfrom-build-pack[0m and container [32mstep-git-source-entando-entando-core-bom-master-9xbb8-nzxtg[0m
{"level":"info","ts":1625154573.9545565,"caller":"git/git.go:105","msg":"Successfully cloned https://github.com/entando/entando-core-bom.git @ v6.4.8 in path /workspace/source"}
{"level":"warn","ts":1625154573.9549227,"caller":"git/git.go:152","msg":"Unexpected error: creating symlink: symlink /tekton/home/.ssh /****/.ssh: file exists"}
{"level":"info","ts":1625154574.0299664,"caller":"git/git.go:133","msg":"Successfully initialized and updated submodules in path /workspace/source"}

Showing logs for build [32mentando-entando-core-bom-master-9xbb8-33[0m stage [32mfrom-build-pack[0m and container [32mstep-setup-builder-home[0m

Showing logs for build [32mentando-entando-core-bom-master-9xbb8-33[0m stage [32mfrom-build-pack[0m and container [32mstep-git-merge[0m
Using SHAs from PULL_REFS=master:febfc8928152bbea6eb23de83f9115cdba36f80d
WARNING: no SHAs to merge, falling back to initial cloned commit

Showing logs for build [32mentando-entando-core-bom-master-9xbb8-33[0m stage [32mfrom-build-pack[0m and container [32mstep-setup-jx-git-credentials[0m
Generated Git credentials file /workspace/xdg_config/git/credentials

Showing logs for build [32mentando-entando-core-bom-master-9xbb8-33[0m stage [32mfrom-build-pack[0m and container [32mstep-build-mvn-deploy[0m
Picked up _JAVA_OPTIONS: -XX:+UnlockExperimentalVMOptions -Dsun.zip.disableMemoryMapping=**** -XX:+UseParallelGC -XX:MinHeapFreeRatio=5 -XX:MaxHeapFreeRatio=10 -XX:GCTimeRatio=4 -XX:AdaptiveSizePolicyWeight=90 -Xms10m -Xmx8000m
[INFO] Scanning for projects...
[INFO] 
[INFO] --------------------< org.entando:entando-core-bom >--------------------
[INFO] Building Entando Core BOM 6.4.8
[INFO] --------------------------------[ pom ]---------------------------------
[INFO] 
[INFO] --- maven-install-plugin:2.4:install (default-install) @ entando-core-bom ---
[INFO] Installing /workspace/source/pom.xml to /home/jenkins/.mvnrepository/org/entando/entando-core-bom/6.4.8/entando-core-bom-6.4.8.pom
[INFO] 
[INFO] --- maven-deploy-plugin:2.8.2:deploy (default-deploy) @ entando-core-bom ---
[INFO] Using alternate deployment repository local-nexus::default::http://nexus/repository/maven-releases/
[INFO] ------------------------------------------------------------------------
[INFO] BUILD SUCCESS
[INFO] ------------------------------------------------------------------------
[INFO] Total time:  2.698 s
[INFO] Finished at: 2021-07-01T15:49:39Z
[INFO] ------------------------------------------------------------------------

Showing logs for build [32mentando-entando-core-bom-master-9xbb8-33[0m stage [32mfrom-build-pack[0m and container [32mstep-promote-changelog[0m
Converted /workspace/source to an unshallow repository
Generating change log from git ref 32574b81b8d7e6ae297e22ef297ab99be288706a => fb0a29046af4d366b68debe4a7e4648ba215d7a1
Associating user jenkins-x-bot in users.jenkins.io with email jenkins-x@googlegroups.com to git GitProvider user with login jenkins-x-bot-0 as emails match
Adding label jenkins.io/git-github-userid=jenkins-x-bot-0 to user jenkins-x-bot in users.jenkins.io
Associating user jenkins-x-bot in users.jenkins.io with email jenkins-x@googlegroups.com to git GitProvider user with login jenkins-x-bot-0 as emails match
Adding label jenkins.io/git-github-userid=jenkins-x-bot-0 to user jenkins-x-bot in users.jenkins.io
Finding issues in commit messages using git format
WARNING: No release found for entando/entando-core-bom and tag v6.4.8 so creating a new release
Updated the release information at https://github.com/entando/entando-core-bom/releases/tag/v6.4.8
generated: /workspace/source/templates/release.yaml
Created Release entando-core-bom-6-4-8 resource in namespace **
Updating PipelineActivity entando-entando-core-bom-master-33 with version 6.4.8
Updated PipelineActivities entando-entando-core-bom-master-33 with release notes URL: https://github.com/entando/entando-core-bom/releases/tag/v6.4.8
