
Showing logs for build [32mentando-entando-core-bom-master-7dmjp-35[0m stage [32mfrom-build-pack[0m and container [32mcredential-initializer[0m
{"level":"info","ts":1625237415.3286653,"caller":"creds-init/main.go:44","msg":"Credentials initialized."}

Showing logs for build [32mentando-entando-core-bom-master-7dmjp-35[0m stage [32mfrom-build-pack[0m and container [32mworking-dir-initializer[0m

Showing logs for build [32mentando-entando-core-bom-master-7dmjp-35[0m stage [32mfrom-build-pack[0m and container [32mplace-tools[0m

Showing logs for build [32mentando-entando-core-bom-master-7dmjp-35[0m stage [32mfrom-build-pack[0m and container [32mstep-git-source-entando-entando-core-bom-master-7dmjp-ttg9n[0m
{"level":"info","ts":1625237450.33868,"caller":"git/git.go:105","msg":"Successfully cloned https://github.com/entando/entando-core-bom.git @ v6.4.10 in path /workspace/source"}
{"level":"warn","ts":1625237450.3390365,"caller":"git/git.go:152","msg":"Unexpected error: creating symlink: symlink /tekton/home/.ssh /****/.ssh: file exists"}
{"level":"info","ts":1625237450.4094949,"caller":"git/git.go:133","msg":"Successfully initialized and updated submodules in path /workspace/source"}

Showing logs for build [32mentando-entando-core-bom-master-7dmjp-35[0m stage [32mfrom-build-pack[0m and container [32mstep-setup-builder-home[0m

Showing logs for build [32mentando-entando-core-bom-master-7dmjp-35[0m stage [32mfrom-build-pack[0m and container [32mstep-git-merge[0m
Using SHAs from PULL_REFS=master:fd3495764ec67f1dd12efbe38b023a9c6cdc5625
WARNING: no SHAs to merge, falling back to initial cloned commit

Showing logs for build [32mentando-entando-core-bom-master-7dmjp-35[0m stage [32mfrom-build-pack[0m and container [32mstep-setup-jx-git-credentials[0m
Generated Git credentials file /workspace/xdg_config/git/credentials

Showing logs for build [32mentando-entando-core-bom-master-7dmjp-35[0m stage [32mfrom-build-pack[0m and container [32mstep-build-mvn-deploy[0m
Picked up _JAVA_OPTIONS: -XX:+UnlockExperimentalVMOptions -Dsun.zip.disableMemoryMapping=**** -XX:+UseParallelGC -XX:MinHeapFreeRatio=5 -XX:MaxHeapFreeRatio=10 -XX:GCTimeRatio=4 -XX:AdaptiveSizePolicyWeight=90 -Xms10m -Xmx8000m
[INFO] Scanning for projects...
[INFO] 
[INFO] --------------------< org.entando:entando-core-bom >--------------------
[INFO] Building Entando Core BOM 6.4.10
[INFO] --------------------------------[ pom ]---------------------------------
[INFO] 
[INFO] --- maven-install-plugin:2.4:install (default-install) @ entando-core-bom ---
[INFO] Installing /workspace/source/pom.xml to /home/jenkins/.mvnrepository/org/entando/entando-core-bom/6.4.10/entando-core-bom-6.4.10.pom
[INFO] 
[INFO] --- maven-deploy-plugin:2.8.2:deploy (default-deploy) @ entando-core-bom ---
[INFO] Using alternate deployment repository local-nexus::default::http://nexus/repository/maven-releases/
[INFO] ------------------------------------------------------------------------
[INFO] BUILD SUCCESS
[INFO] ------------------------------------------------------------------------
[INFO] Total time:  2.623 s
[INFO] Finished at: 2021-07-02T14:50:56Z
[INFO] ------------------------------------------------------------------------

Showing logs for build [32mentando-entando-core-bom-master-7dmjp-35[0m stage [32mfrom-build-pack[0m and container [32mstep-promote-changelog[0m
Converted /workspace/source to an unshallow repository
Generating change log from git ref a93587fa735954c9abe5441a43960ec0df192f52 => e8bf5327ec4d4f4fd87d616c0bb9697c8be268e8
Associating user jenkins-x-bot in users.jenkins.io with email jenkins-x@googlegroups.com to git GitProvider user with login jenkins-x-bot-0 as emails match
Adding label jenkins.io/git-github-userid=jenkins-x-bot-0 to user jenkins-x-bot in users.jenkins.io
Associating user jenkins-x-bot in users.jenkins.io with email jenkins-x@googlegroups.com to git GitProvider user with login jenkins-x-bot-0 as emails match
Adding label jenkins.io/git-github-userid=jenkins-x-bot-0 to user jenkins-x-bot in users.jenkins.io
Finding issues in commit messages using git format
WARNING: No release found for entando/entando-core-bom and tag v6.4.10 so creating a new release
Updated the release information at https://github.com/entando/entando-core-bom/releases/tag/v6.4.10
generated: /workspace/source/templates/release.yaml
Created Release entando-core-bom-6-4-10 resource in namespace **
Updating PipelineActivity entando-entando-core-bom-master-35 with version 6.4.10
Updated PipelineActivities entando-entando-core-bom-master-35 with release notes URL: https://github.com/entando/entando-core-bom/releases/tag/v6.4.10
