
Showing logs for build [32mentando-k8s-entando-de-app-mast-98vks-301[0m stage [32mfrom-build-pack[0m and container [32mstep-credential-initializer-495zt[0m
Unable to retrieve container logs for docker://84d6b193fdc8963cf341b81ec4de7c6bb5891dff195aec206d6d3478bbeaec34

Showing logs for build [32mentando-k8s-entando-de-app-mast-98vks-301[0m stage [32mfrom-build-pack[0m and container [32mstep-working-dir-initializer-n4gd7[0m
Unable to retrieve container logs for docker://167fe696630762034ff4d6274bc3ec0d0e113643627b42186b4919fc15078461

Showing logs for build [32mentando-k8s-entando-de-app-mast-98vks-301[0m stage [32mfrom-build-pack[0m and container [32mstep-place-tools[0m
Unable to retrieve container logs for docker://8b8b9117784a0b56fd7d3f356d4990371b6ba2022b9cd52d64a1f4731fc7594e

Showing logs for build [32mentando-k8s-entando-de-app-mast-98vks-301[0m stage [32mfrom-build-pack[0m and container [32mstep-git-source-entando-k8s-entando-de-app-mast-vc47g[0m
Unable to retrieve container logs for docker://21aac7de4ca8d0692992f7b93775e74748cc542a4c75742a9205b5f314d2086f

Showing logs for build [32mentando-k8s-entando-de-app-mast-98vks-301[0m stage [32mfrom-build-pack[0m and container [32mstep-git-merge[0m
Unable to retrieve container logs for docker://e8702d58b382b60f4846bea8c06e2e46a3b68daf76747942d509f82007b26b36

Showing logs for build [32mentando-k8s-entando-de-app-mast-98vks-301[0m stage [32mfrom-build-pack[0m and container [32mstep-setup-jx-git-credentials[0m
Unable to retrieve container logs for docker://4c3a107d031d8d4a2c1fa1679f2fed1a11c68604d332a94ff8c13764619c4469

Showing logs for build [32mentando-k8s-entando-de-app-mast-98vks-301[0m stage [32mfrom-build-pack[0m and container [32mstep-build-mvn-build[0m
Unable to retrieve container logs for docker://54153fd4c5a2df076a05eb9a926b372d15fe7e74e0999f0d2a293a3cb0784214

Showing logs for build [32mentando-k8s-entando-de-app-mast-98vks-301[0m stage [32mfrom-build-pack[0m and container [32mstep-container-build1[0m
Unable to retrieve container logs for docker://9bc682627e6712786677ce7d00f64c7eabf95d6f18273d748b9c7c596d95e17d

Showing logs for build [32mentando-k8s-entando-de-app-mast-98vks-301[0m stage [32mfrom-build-pack[0m and container [32mstep-post-build1[0m
Unable to retrieve container logs for docker://d83b07ce88b7b06933172799611a984d14526966fd88d41df8efae9bcdc3fa0a

Showing logs for build [32mentando-k8s-entando-de-app-mast-98vks-301[0m stage [32mfrom-build-pack[0m and container [32mstep-update-image-map1[0m
Unable to retrieve container logs for docker://f7c587b6a8ffc5659b0385acccfb6569e9db33083dfa590c8b58ee6cff570d18

Showing logs for build [32mentando-k8s-entando-de-app-mast-98vks-301[0m stage [32mfrom-build-pack[0m and container [32mstep-container-build2[0m
Unable to retrieve container logs for docker://1ac67b6bb9b7eb09fad05ed912eea14e06e08c8fd5e77257ea099dc52ecdcd04

Showing logs for build [32mentando-k8s-entando-de-app-mast-98vks-301[0m stage [32mfrom-build-pack[0m and container [32mstep-post-build2[0m
Unable to retrieve container logs for docker://c53e186b4e65f554584419b29e11a66dcaf9683763f5ec0149dd30e490ca681a

Showing logs for build [32mentando-k8s-entando-de-app-mast-98vks-301[0m stage [32mfrom-build-pack[0m and container [32mstep-update-image-map2[0m
Unable to retrieve container logs for docker://848bd6f329c2af4928e26f359d2cfc6a269f5019e0c446908f34b11a31215490
