
Showing logs for build [32mentando-k8s-entando-jx-maven-ja-t5vcs-1[0m stage [32mfrom-build-pack[0m and container [32mstep-credential-initializer-f795r[0m
{"level":"warn","ts":1617197350.787415,"logger":"fallback-logger","caller":"logging/config.go:69","msg":"Fetch GitHub commit ID from kodata failed: \"ref: refs/heads/0.8.0-**-support-backwards-incompats\" is not a valid GitHub commit ID"}
{"level":"info","ts":1617197350.7980835,"logger":"fallback-logger","caller":"creds-init/main.go:40","msg":"Credentials initialized."}

Showing logs for build [32mentando-k8s-entando-jx-maven-ja-t5vcs-1[0m stage [32mfrom-build-pack[0m and container [32mstep-working-dir-initializer-tq58f[0m
{"level":"warn","ts":1617197361.602239,"logger":"fallback-logger","caller":"logging/config.go:69","msg":"Fetch GitHub commit ID from kodata failed: open /var/run/ko/HEAD: no such file or directory"}
{"level":"info","ts":1617197361.6226656,"logger":"fallback-logger","caller":"bash/main.go:64","msg":"Successfully e**cuted command \"sh -c mkdir -p /workspace/source\"; output "}

Showing logs for build [32mentando-k8s-entando-jx-maven-ja-t5vcs-1[0m stage [32mfrom-build-pack[0m and container [32mstep-place-tools[0m

Showing logs for build [32mentando-k8s-entando-jx-maven-ja-t5vcs-1[0m stage [32mfrom-build-pack[0m and container [32mstep-git-source-entando-k8s-entando-jx-maven-ja-5mzf4[0m
{"level":"warn","ts":1617197483.2857397,"logger":"fallback-logger","caller":"logging/config.go:69","msg":"Fetch GitHub commit ID from kodata failed: \"ref: refs/heads/0.8.0-**-support-backwards-incompats\" is not a valid GitHub commit ID"}
{"level":"info","ts":1617197484.0783958,"logger":"fallback-logger","caller":"git/git.go:103","msg":"Successfully cloned https://github.com/entando-k8s/entando-**-maven-java11.git @ master in path /workspace/source"}

Showing logs for build [32mentando-k8s-entando-jx-maven-ja-t5vcs-1[0m stage [32mfrom-build-pack[0m and container [32mstep-git-merge[0m
Using SHAs from PULL_REFS=master:4c16fe2657d10453859769b187f2b928c3ae2cc1,1:d6535c03fa44cb76a04ce0ae0b58cf3fd76a3d59
DEBUG: ran git fetch --unshallow origin d6535c03fa44cb76a04ce0ae0b58cf3fd76a3d59: 4c16fe2657d10453859769b187f2b928c3ae2cc1: in 
DEBUG: ran git checkout master in 
DEBUG: ran git reset --hard 4c16fe2657d10453859769b187f2b928c3ae2cc1 in 
DEBUG: ran clean --force -d . in 
DEBUG: ran git merge d6535c03fa44cb76a04ce0ae0b58cf3fd76a3d59 in 
Merged SHA d6535c03fa44cb76a04ce0ae0b58cf3fd76a3d59 with commit message 'update-owners' into base branch master

Showing logs for build [32mentando-k8s-entando-jx-maven-ja-t5vcs-1[0m stage [32mfrom-build-pack[0m and container [32mstep-build-skaffold-version[0m
v1.0.1

Showing logs for build [32mentando-k8s-entando-jx-maven-ja-t5vcs-1[0m stage [32mfrom-build-pack[0m and container [32mstep-build-container-build[0m
[36mINFO[0m[0000] Downloading base image entando/**********-maven-java11-base:0.0.1 
[36mINFO[0m[0001] Error while retrieving image from cache: getting file info: stat /workspace/sha256:ab84d363fe0f54f0bf8636f0b5f564a1f6cce6cb753b65a4e6018e76509db2f6: no such file or directory 
[36mINFO[0m[0001] Downloading base image entando/entando-**-maven-java11-base:0.0.1 
[36mINFO[0m[0003] Using files from context: [/workspace/source/bin/fetch-history-by-days /workspace/source/bin/fix-git-branches /workspace/source/bin/image-info-configmap-name /workspace/source/bin/mvn-deploy-release /workspace/source/bin/mvn-verify-pr /workspace/source/bin/prepare-permissions /workspace/source/bin/publish-image-info /workspace/source/bin/publish-link /workspace/source/bin/publish-status /workspace/source/bin/run-post-deployment-tests /workspace/source/bin/skaffold-build /workspace/source/bin/update-bom /workspace/source/bin/verify-pre-deployment-build] 
[36mINFO[0m[0003] Skipping unpacking as no commands require it. 
[36mINFO[0m[0003] Taking snapshot of full file******...        
[36mINFO[0m[0009] Using files from context: [/workspace/source/bin/fetch-history-by-days /workspace/source/bin/fix-git-branches /workspace/source/bin/image-info-configmap-name /workspace/source/bin/mvn-deploy-release /workspace/source/bin/mvn-verify-pr /workspace/source/bin/prepare-permissions /workspace/source/bin/publish-image-info /workspace/source/bin/publish-link /workspace/source/bin/publish-status /workspace/source/bin/run-post-deployment-tests /workspace/source/bin/skaffold-build /workspace/source/bin/update-bom /workspace/source/bin/verify-pre-deployment-build] 
[36mINFO[0m[0009] COPY bin/* /usr/bin/                         
[36mINFO[0m[0009] Taking snapshot of files...                  
2021/03/31 13:31:38 existing blob: sha256:15ccafa8b4a2d119c0f26019741d65eabf9c06e27ba9d4af48d1ef3c9d39ffbe
2021/03/31 13:31:38 existing blob: sha256:a76d8e262c5801b5d55631da1d61f6f34eac7f90049c2422cb39787394955f62
2021/03/31 13:31:38 existing blob: sha256:6da26b4c31a9df8acd0b3dd0e78b7d451394dc571e3942fd9ce19efeee3b6ded
2021/03/31 13:31:38 existing blob: sha256:524b0c1e57f8ee5fee01a1decba2f301c324a6513ca3551021264e3aa7341ebc
2021/03/31 13:31:38 existing blob: sha256:be9dc6f188a12b52cfd1a17ce4ae3213918df7c60a9435e69709a045701a97f4
2021/03/31 13:31:38 existing blob: sha256:bcfc53bbce61fe8dd7898efe2e576cc36715b2993a102d23e9cbc7d7146afa62
2021/03/31 13:31:38 existing blob: sha256:9a2df681dcc0ed551a2ffa2b6e7d97741754ee0ad4d154f1dd80545f19df2d36
2021/03/31 13:31:38 existing blob: sha256:ae8cdae39bcade84f2550bf2cc7a55db556864de9f27db1c1815432a3b3943ad
2021/03/31 13:31:39 existing blob: sha256:2a24c090a31888cd4b5d63688b6d8b937218393f0c2ff29546c7634fb768e1ce
2021/03/31 13:31:39 existing blob: sha256:78f66b02bb9297078b7f92319a40de4b056effdd9a7991a0e9919a3584db863a
2021/03/31 13:31:39 existing blob: sha256:a3181543eb196c7ac196ce759b509da6e5ac619fe04cd24813d3c5cb442a0587
2021/03/31 13:31:40 pushed blob: sha256:9de4c71c28048d628e6e106d0d1d1511d06b7d767724ee6d1ab403ba664d3afd
2021/03/31 13:31:41 pushed blob: sha256:a74f613***a482ff7abe2e5e821621989507459db784385ba2ac15f7156cc9ed
2021/03/31 13:31:41 index.docker.io/entando/entando-**-maven-java11:0.0.0-SNAPSHOT-PR-1-1: digest: sha256:3abe236bcf12fc033aaa02f583bb4694979fb765d6f1929c120b9fc9a5f1a6fe size: 2239
