
Showing logs for build [32mentando-k8s-entando-k8s-operato-bmjdr-1[0m stage [32mfrom-build-pack[0m and container [32mstep-credential-initializer-jhb8t[0m
{"level":"warn","ts":1616575209.8164446,"logger":"fallback-logger","caller":"logging/config.go:69","msg":"Fetch GitHub commit ID from kodata failed: \"ref: refs/heads/0.8.0-**-support-backwards-incompats\" is not a valid GitHub commit ID"}
{"level":"info","ts":1616575209.8271265,"logger":"fallback-logger","caller":"creds-init/main.go:40","msg":"Credentials initialized."}

Showing logs for build [32mentando-k8s-entando-k8s-operato-bmjdr-1[0m stage [32mfrom-build-pack[0m and container [32mstep-working-dir-initializer-czsnz[0m
{"level":"warn","ts":1616575217.2918627,"logger":"fallback-logger","caller":"logging/config.go:69","msg":"Fetch GitHub commit ID from kodata failed: open /var/run/ko/HEAD: no such file or directory"}
{"level":"info","ts":1616575217.3082123,"logger":"fallback-logger","caller":"bash/main.go:64","msg":"Successfully e**cuted command \"sh -c mkdir -p /workspace/source\"; output "}

Showing logs for build [32mentando-k8s-entando-k8s-operato-bmjdr-1[0m stage [32mfrom-build-pack[0m and container [32mstep-place-tools[0m

Showing logs for build [32mentando-k8s-entando-k8s-operato-bmjdr-1[0m stage [32mfrom-build-pack[0m and container [32mstep-git-source-entando-k8s-entando-k8s-operato-sswnr[0m
{"level":"warn","ts":1616575***.2226765,"logger":"fallback-logger","caller":"logging/config.go:69","msg":"Fetch GitHub commit ID from kodata failed: \"ref: refs/heads/0.8.0-**-support-backwards-incompats\" is not a valid GitHub commit ID"}
{"level":"info","ts":1616575***.8635213,"logger":"fallback-logger","caller":"git/git.go:103","msg":"Successfully cloned https://github.com/entando-k8s/entando-k8s-operator-bundle.git @ master in path /workspace/source"}

Showing logs for build [32mentando-k8s-entando-k8s-operato-bmjdr-1[0m stage [32mfrom-build-pack[0m and container [32mstep-git-merge[0m
Using SHAs from PULL_REFS=master:8f5b1ba22eb0ec809478594bcb884ab46fd4abb7,2:9cef7c4266d969eb3e5ce417410d4ea1844562de
DEBUG: ran git fetch --unshallow origin 9cef7c4266d969eb3e5ce417410d4ea1844562de: 8f5b1ba22eb0ec809478594bcb884ab46fd4abb7: in 
DEBUG: ran git checkout master in 
DEBUG: ran git reset --hard 8f5b1ba22eb0ec809478594bcb884ab46fd4abb7 in 
DEBUG: ran clean --force -d . in 
DEBUG: ran git merge 9cef7c4266d969eb3e5ce417410d4ea1844562de in 
Merged SHA 9cef7c4266d969eb3e5ce417410d4ea1844562de with commit message '#ENG-2076 merged conflicts from master' into base branch master
Merged SHA 64a2fa59c23a154c58b4ece68193b8c698a9c572 with commit message '#ENG-2076 merged conflicts from master' into base branch master
Merged SHA 287f1c90719927139fad2ad125cc38ad74262fa5 with commit message 'Initial jenkins-x import' into base branch master

Showing logs for build [32mentando-k8s-entando-k8s-operato-bmjdr-1[0m stage [32mfrom-build-pack[0m and container [32mstep-build-container-build[0m
This avoids unwanted kaniko command substitution
Generating tags...
 - entando/entando-k8s-operator-bundle -> docker.io/entando/entando-k8s-operator-bundle:0.0.0-SNAPSHOT-PR-2-1
Checking cache...
 - entando/entando-k8s-operator-bundle: Error checking cache. Rebuilding.
Building [entando/entando-k8s-operator-bundle]...
Sending build context to Docker daemon 

time="2021-03-24T08:40:37Z" level=warning msg="error checking cache, caching may not work as expected: getting hash for artifact entando/entando-k8s-operator-bundle: getting dependencies for entando/entando-k8s-operator-bundle: file pattern [tests/scorecard] must match at least one file"
time="2021-03-24T08:40:37Z" level=fatal msg="build failed: build failed: building [entando/entando-k8s-operator-bundle]: build artifact: docker build: error during connect: Post http://%2Fvar%2Frun%2Fdocker.sock/v1.26/build?buildargs=null&cachefrom=null&cgroupparent=&cpuperiod=0&cpuquota=0&cpusetcpus=&cpusetmems=&cpushares=0&dockerfile=Dockerfile&labels=null&memory=0&memswap=0&networkmode=&rm=0&shmsize=0&t=docker.io%2Fentando%2Fentando-k8s-operator-bundle%3A0.0.0-SNAPSHOT-PR-2-1&target=&ulimits=null&version=: creating docker context: getting relative tar paths: file pattern [tests/scorecard] must match at least one file"
[31m
Pipeline failed on stage 'from-build-pack' : container 'step-build-container-build'. The execution of the pipeline has stopped.[0m
