
Showing logs for build [32mentando-k8s-entando-k8s-operato-7429n-2[0m stage [32mfrom-build-pack[0m and container [32mstep-credential-initializer-6l4wh[0m
{"level":"warn","ts":1616575373.8897395,"logger":"fallback-logger","caller":"logging/config.go:69","msg":"Fetch GitHub commit ID from kodata failed: \"ref: refs/heads/0.8.0-**-support-backwards-incompats\" is not a valid GitHub commit ID"}
{"level":"info","ts":1616575373.8991797,"logger":"fallback-logger","caller":"creds-init/main.go:40","msg":"Credentials initialized."}

Showing logs for build [32mentando-k8s-entando-k8s-operato-7429n-2[0m stage [32mfrom-build-pack[0m and container [32mstep-working-dir-initializer-v25x4[0m
{"level":"warn","ts":1616575377.1459696,"logger":"fallback-logger","caller":"logging/config.go:69","msg":"Fetch GitHub commit ID from kodata failed: open /var/run/ko/HEAD: no such file or directory"}
{"level":"info","ts":1616575377.1667423,"logger":"fallback-logger","caller":"bash/main.go:64","msg":"Successfully e**cuted command \"sh -c mkdir -p /workspace/source\"; output "}

Showing logs for build [32mentando-k8s-entando-k8s-operato-7429n-2[0m stage [32mfrom-build-pack[0m and container [32mstep-place-tools[0m

Showing logs for build [32mentando-k8s-entando-k8s-operato-7429n-2[0m stage [32mfrom-build-pack[0m and container [32mstep-git-source-entando-k8s-entando-k8s-operato-4mnzt[0m
{"level":"warn","ts":1616575395.8652842,"logger":"fallback-logger","caller":"logging/config.go:69","msg":"Fetch GitHub commit ID from kodata failed: \"ref: refs/heads/0.8.0-**-support-backwards-incompats\" is not a valid GitHub commit ID"}
{"level":"info","ts":1616575396.552021,"logger":"fallback-logger","caller":"git/git.go:103","msg":"Successfully cloned https://github.com/entando-k8s/entando-k8s-operator-bundle.git @ master in path /workspace/source"}

Showing logs for build [32mentando-k8s-entando-k8s-operato-7429n-2[0m stage [32mfrom-build-pack[0m and container [32mstep-git-merge[0m
Using SHAs from PULL_REFS=master:8f5b1ba22eb0ec809478594bcb884ab46fd4abb7,2:6049fdd96775010a5090e1f77b1ea32c52f785b7
DEBUG: ran git fetch --unshallow origin 6049fdd96775010a5090e1f77b1ea32c52f785b7: 8f5b1ba22eb0ec809478594bcb884ab46fd4abb7: in 
DEBUG: ran git checkout master in 
DEBUG: ran git reset --hard 8f5b1ba22eb0ec809478594bcb884ab46fd4abb7 in 
DEBUG: ran clean --force -d . in 
DEBUG: ran git merge 6049fdd96775010a5090e1f77b1ea32c52f785b7 in 
Merged SHA 6049fdd96775010a5090e1f77b1ea32c52f785b7 with commit message '#ENG-2076 add placeholder text file for scorecard' into base branch master
Merged SHA 9cef7c4266d969eb3e5ce417410d4ea1844562de with commit message '#ENG-2076 merged conflicts from master' into base branch master
Merged SHA 64a2fa59c23a154c58b4ece68193b8c698a9c572 with commit message '#ENG-2076 merged conflicts from master' into base branch master
Merged SHA 287f1c90719927139fad2ad125cc38ad74262fa5 with commit message 'Initial jenkins-x import' into base branch master

Showing logs for build [32mentando-k8s-entando-k8s-operato-7429n-2[0m stage [32mfrom-build-pack[0m and container [32mstep-build-container-build[0m
This avoids unwanted kaniko command substitution
Generating tags...
 - entando/entando-k8s-operator-bundle -> docker.io/entando/entando-k8s-operator-bundle:0.0.0-SNAPSHOT-PR-2-2
Checking cache...
 - entando/entando-k8s-operator-bundle: Not found. Building
Building [entando/entando-k8s-operator-bundle]...
Sending build context to Docker daemon  144.9kB
Step 1/18 : FROM scratch
 ---> 
Step 2/18 : LABEL operators.operatorframework.io.bundle.channels.v1 alpha,beta,stable
 ---> Running in 075c7074bcc0
 ---> 1e6df440f022
Step 3/18 : LABEL operators.operatorframework.io.bundle.manifests.v1 manifests/
 ---> Running in 7c6160066be9
 ---> a72b3d3a7acf
Step 4/18 : LABEL operators.operatorframework.io.bundle.mediatype.v1 registry+v1
 ---> Running in d4c8e5f9abae
 ---> bc71fe591299
Step 5/18 : LABEL operators.operatorframework.io.bundle.metadata.v1 metadata/
 ---> Running in aef109805f07
 ---> 5ea67f194590
Step 6/18 : LABEL operators.operatorframework.io.bundle.package.v1 entando-k8s-operator
 ---> Running in 4eda2eb24f67
 ---> 63071b3ac151
Step 7/18 : LABEL operators.operatorframework.io.metrics.builder operator-sdk-v1.2.0
 ---> Running in 379233e7a36d
 ---> 3d652324d90b
Step 8/18 : LABEL operators.operatorframework.io.bundle.channel.default.v1 alpha
 ---> Running in d065961f284a
 ---> c51a583d4e6b
Step 9/18 : LABEL operators.operatorframework.io.metrics.mediatype.v1 metrics+v1
 ---> Running in dbe3ffb501d4
 ---> e4ae6d569a42
Step 10/18 : LABEL operators.operatorframework.io.metrics.project_layout helm.sdk.operatorframework.io/v1
 ---> Running in 211d6d691b1f
 ---> 385a67e2007a
Step 11/18 : LABEL operators.operatorframework.io.test.config.v1 tests/scorecard/
 ---> Running in 62e5dd9291c0
 ---> fafc26b3cb6b
Step 12/18 : LABEL operators.operatorframework.io.test.mediatype.v1 scorecard+v1
 ---> Running in e0b5fcfffd0d
 ---> 044e1beae7f7
Step 13/18 : LABEL com.redhat.openshift.versions "v4.6"
 ---> Running in e35236926e77
 ---> b23a1c74da6e
Step 14/18 : LABEL com.redhat.delivery.operator.bundle ****
 ---> Running in 3b860d3c3e5c
 ---> 669c6db6e9e9
Step 15/18 : LABEL com.redhat.delivery.backport false
 ---> Running in a34623b482c1
 ---> 4aa94ae1d330
Step 16/18 : COPY manifests /manifests/
 ---> fad2ddeef51d
Step 17/18 : COPY metadata /metadata/
 ---> 2610c2129021
Step 18/18 : COPY tests/scorecard /tests/scorecard/
 ---> 36054b569513
Successfully built 36054b569513
The push refers to a repository [docker.io/entando/entando-k8s-operator-bundle]
9b318ab2f59d: Preparing
c4a48981d4e1: Preparing
524b492a16fb: Preparing
9b318ab2f59d: Pushed
c4a48981d4e1: Pushed
524b492a16fb: Pushed
0.0.0-SNAPSHOT-PR-2-2: digest: sha256:ccb498de223fc1b3acb2edf1223c99dbcb7a465255be4624265bff46b1a5960a size: 940
There is a new version (1.21.0) of Skaffold available. Download it at https://storage.googleapis.com/skaffold/releases/latest/skaffold-linux-amd64


Showing logs for build [32mentando-k8s-entando-k8s-operato-7429n-2[0m stage [32mfrom-build-pack[0m and container [32mstep-build-verify-bundle[0m
/bin/sh: operator-sdk: command not found
[31m
Pipeline failed on stage 'from-build-pack' : container 'step-build-verify-bundle'. The execution of the pipeline has stopped.[0m
