
Showing logs for build [32mentando-k8s-entando-k8s-operato-92s7b-5[0m stage [32mfrom-build-pack[0m and container [32mstep-credential-initializer-2k8rq[0m
{"level":"warn","ts":1616596190.4680684,"logger":"fallback-logger","caller":"logging/config.go:69","msg":"Fetch GitHub commit ID from kodata failed: \"ref: refs/heads/0.8.0-**-support-backwards-incompats\" is not a valid GitHub commit ID"}
{"level":"info","ts":1616596190.482311,"logger":"fallback-logger","caller":"creds-init/main.go:40","msg":"Credentials initialized."}

Showing logs for build [32mentando-k8s-entando-k8s-operato-92s7b-5[0m stage [32mfrom-build-pack[0m and container [32mstep-working-dir-initializer-mljb2[0m
{"level":"warn","ts":1616596195.254473,"logger":"fallback-logger","caller":"logging/config.go:69","msg":"Fetch GitHub commit ID from kodata failed: open /var/run/ko/HEAD: no such file or directory"}
{"level":"info","ts":1616596195.2810125,"logger":"fallback-logger","caller":"bash/main.go:64","msg":"Successfully e**cuted command \"sh -c mkdir -p /workspace/source\"; output "}

Showing logs for build [32mentando-k8s-entando-k8s-operato-92s7b-5[0m stage [32mfrom-build-pack[0m and container [32mstep-place-tools[0m

Showing logs for build [32mentando-k8s-entando-k8s-operato-92s7b-5[0m stage [32mfrom-build-pack[0m and container [32mstep-git-source-entando-k8s-entando-k8s-operato-7s75k[0m
{"level":"warn","ts":1616596225.371415,"logger":"fallback-logger","caller":"logging/config.go:69","msg":"Fetch GitHub commit ID from kodata failed: \"ref: refs/heads/0.8.0-**-support-backwards-incompats\" is not a valid GitHub commit ID"}
{"level":"info","ts":1616596226.2420943,"logger":"fallback-logger","caller":"git/git.go:103","msg":"Successfully cloned https://github.com/entando-k8s/entando-k8s-operator-bundle.git @ master in path /workspace/source"}

Showing logs for build [32mentando-k8s-entando-k8s-operato-92s7b-5[0m stage [32mfrom-build-pack[0m and container [32mstep-git-merge[0m
Using SHAs from PULL_REFS=master:8f5b1ba22eb0ec809478594bcb884ab46fd4abb7,2:1678a98b7e1e2b7aef00175b1b2959748ef74529
DEBUG: ran git fetch --unshallow origin 1678a98b7e1e2b7aef00175b1b2959748ef74529: 8f5b1ba22eb0ec809478594bcb884ab46fd4abb7: in 
DEBUG: ran git checkout master in 
DEBUG: ran git reset --hard 8f5b1ba22eb0ec809478594bcb884ab46fd4abb7 in 
DEBUG: ran clean --force -d . in 
DEBUG: ran git merge 1678a98b7e1e2b7aef00175b1b2959748ef74529 in 
Merged SHA 1678a98b7e1e2b7aef00175b1b2959748ef74529 with commit message 'latest released controller-coordinator and component-manager' into base branch master
Merged SHA c65be5d766a7e74466cde480acd591062275f50a with commit message '#ENG-2076 fi**d image org' into base branch master
Merged SHA 6049fdd96775010a5090e1f77b1ea32c52f785b7 with commit message '#ENG-2076 add placeholder text file for scorecard' into base branch master
Merged SHA 9cef7c4266d969eb3e5ce417410d4ea1844562de with commit message '#ENG-2076 merged conflicts from master' into base branch master
Merged SHA 64a2fa59c23a154c58b4ece68193b8c698a9c572 with commit message '#ENG-2076 merged conflicts from master' into base branch master
Merged SHA 287f1c90719927139fad2ad125cc38ad74262fa5 with commit message 'Initial jenkins-x import' into base branch master

Showing logs for build [32mentando-k8s-entando-k8s-operato-92s7b-5[0m stage [32mfrom-build-pack[0m and container [32mstep-build-container-build[0m
This avoids unwanted kaniko command substitution
Generating tags...
 - entando/entando-k8s-operator-bundle -> docker.io/entando/entando-k8s-operator-bundle:0.0.0-SNAPSHOT-PR-2-5
Checking cache...
 - entando/entando-k8s-operator-bundle: Not found. Building
Building [entando/entando-k8s-operator-bundle]...
Sending build context to Docker daemon  144.4kB
Step 1/18 : FROM scratch
 ---> 
Step 2/18 : LABEL operators.operatorframework.io.bundle.channels.v1 alpha,beta,stable
 ---> Using cache
 ---> 1e6df440f022
Step 3/18 : LABEL operators.operatorframework.io.bundle.manifests.v1 manifests/
 ---> Using cache
 ---> a72b3d3a7acf
Step 4/18 : LABEL operators.operatorframework.io.bundle.mediatype.v1 registry+v1
 ---> Using cache
 ---> bc71fe591299
Step 5/18 : LABEL operators.operatorframework.io.bundle.metadata.v1 metadata/
 ---> Using cache
 ---> 5ea67f194590
Step 6/18 : LABEL operators.operatorframework.io.bundle.package.v1 entando-k8s-operator
 ---> Using cache
 ---> 63071b3ac151
Step 7/18 : LABEL operators.operatorframework.io.metrics.builder operator-sdk-v1.2.0
 ---> Using cache
 ---> 3d652324d90b
Step 8/18 : LABEL operators.operatorframework.io.bundle.channel.default.v1 alpha
 ---> Using cache
 ---> c51a583d4e6b
Step 9/18 : LABEL operators.operatorframework.io.metrics.mediatype.v1 metrics+v1
 ---> Using cache
 ---> e4ae6d569a42
Step 10/18 : LABEL operators.operatorframework.io.metrics.project_layout helm.sdk.operatorframework.io/v1
 ---> Using cache
 ---> 385a67e2007a
Step 11/18 : LABEL operators.operatorframework.io.test.config.v1 tests/scorecard/
 ---> Using cache
 ---> fafc26b3cb6b
Step 12/18 : LABEL operators.operatorframework.io.test.mediatype.v1 scorecard+v1
 ---> Using cache
 ---> 044e1beae7f7
Step 13/18 : LABEL com.redhat.openshift.versions "v4.6"
 ---> Using cache
 ---> b23a1c74da6e
Step 14/18 : LABEL com.redhat.delivery.operator.bundle ****
 ---> Using cache
 ---> 669c6db6e9e9
Step 15/18 : LABEL com.redhat.delivery.backport false
 ---> Using cache
 ---> 4aa94ae1d330
Step 16/18 : COPY manifests /manifests/
 ---> 77c89f610bdf
Step 17/18 : COPY metadata /metadata/
 ---> 3e6ab2765126
Step 18/18 : COPY tests/scorecard /tests/scorecard/
 ---> e12f15b9fcd5
Successfully built e12f15b9fcd5
The push refers to a repository [docker.io/entando/entando-k8s-operator-bundle]
1ba95a1ee0c8: Preparing
9961cd30ace5: Preparing
77b133b0e20b: Preparing
9961cd30ace5: Pushed
77b133b0e20b: Pushed
1ba95a1ee0c8: Pushed
0.0.0-SNAPSHOT-PR-2-5: digest: sha256:16e61dd5bc36694ba894c19319895a6adb8e0b25cff1e1b6b8f352f6d7f4f3cc size: 940
There is a new version (1.21.0) of Skaffold available. Download it at https://storage.googleapis.com/skaffold/releases/latest/skaffold-linux-amd64


Showing logs for build [32mentando-k8s-entando-k8s-operato-92s7b-5[0m stage [32mfrom-build-pack[0m and container [32mstep-build-verify-bundle[0m
time="2021-03-24T14:30:46Z" level=info msg="Unpacking image layers"
time="2021-03-24T14:30:46Z" level=info msg="running /usr/bin/docker pull docker.io/entando/entando-k8s-operator-bundle:0.0.0-SNAPSHOT-PR-2-5"
time="2021-03-24T14:30:48Z" level=info msg="running docker create"
time="2021-03-24T14:30:48Z" level=info msg="running docker cp"
time="2021-03-24T14:30:48Z" level=info msg="running docker rm"
time="2021-03-24T14:30:49Z" level=info msg="Found annotations file" bundle-dir=/tmp/bundle-783712446 container-tool=docker
time="2021-03-24T14:30:49Z" level=info msg="Could not find optional dependencies file" bundle-dir=/tmp/bundle-783712446 container-tool=docker
time="2021-03-24T14:30:49Z" level=info msg="All validation tests have completed successfully"
