
Showing logs for build [32mentando-entando-plugin-jacms-pr-nbgzg-2[0m stage [32mfrom-build-pack[0m and container [32mstep-credential-initializer-zbdtp[0m
{"level":"warn","ts":1617022760.4810932,"logger":"fallback-logger","caller":"logging/config.go:69","msg":"Fetch GitHub commit ID from kodata failed: \"ref: refs/heads/0.8.0-**-support-backwards-incompats\" is not a valid GitHub commit ID"}
{"level":"info","ts":1617022760.4978442,"logger":"fallback-logger","caller":"creds-init/main.go:40","msg":"Credentials initialized."}

Showing logs for build [32mentando-entando-plugin-jacms-pr-nbgzg-2[0m stage [32mfrom-build-pack[0m and container [32mstep-working-dir-initializer-rkn4q[0m
{"level":"warn","ts":1617022764.092818,"logger":"fallback-logger","caller":"logging/config.go:69","msg":"Fetch GitHub commit ID from kodata failed: open /var/run/ko/HEAD: no such file or directory"}
{"level":"info","ts":1617022764.1195824,"logger":"fallback-logger","caller":"bash/main.go:64","msg":"Successfully e**cuted command \"sh -c mkdir -p /workspace/source\"; output "}

Showing logs for build [32mentando-entando-plugin-jacms-pr-nbgzg-2[0m stage [32mfrom-build-pack[0m and container [32mstep-place-tools[0m

Showing logs for build [32mentando-entando-plugin-jacms-pr-nbgzg-2[0m stage [32mfrom-build-pack[0m and container [32mstep-git-source-entando-entando-plugin-jacms-pr-sc6c7[0m
{"level":"warn","ts":1617022790.381097,"logger":"fallback-logger","caller":"logging/config.go:69","msg":"Fetch GitHub commit ID from kodata failed: \"ref: refs/heads/0.8.0-**-support-backwards-incompats\" is not a valid GitHub commit ID"}
{"level":"info","ts":1617022791.7446854,"logger":"fallback-logger","caller":"git/git.go:103","msg":"Successfully cloned https://github.com/entando/entando-plugin-jacms.git @ master in path /workspace/source"}

Showing logs for build [32mentando-entando-plugin-jacms-pr-nbgzg-2[0m stage [32mfrom-build-pack[0m and container [32mstep-git-merge[0m
Using SHAs from PULL_REFS=master:d02c8f467fa61549cd873afd8d1364e7909e3ee9,78:088d85331a1018bf6b4b1c811fd4cdd4b0c26120
DEBUG: ran git fetch --unshallow origin 088d85331a1018bf6b4b1c811fd4cdd4b0c26120: d02c8f467fa61549cd873afd8d1364e7909e3ee9: in 
DEBUG: ran git checkout master in 
DEBUG: ran git reset --hard d02c8f467fa61549cd873afd8d1364e7909e3ee9 in 
DEBUG: ran clean --force -d . in 
DEBUG: ran git merge 088d85331a1018bf6b4b1c811fd4cdd4b0c26120 in 
Merged SHA 9020a3e580670349374d3c147e81cb1e38565357 with commit message 'Merge commit '088d85331a1018bf6b4b1c811fd4cdd4b0c26120'' into base branch master
Merged SHA 088d85331a1018bf6b4b1c811fd4cdd4b0c26120 with commit message 'ENG-2074: Fix cache issue (special characters in cache keys)' into base branch master

Showing logs for build [32mentando-entando-plugin-jacms-pr-nbgzg-2[0m stage [32mfrom-build-pack[0m and container [32mstep-build-set-version[0m
Picked up _JAVA_OPTIONS: -XX:+UnlockExperimentalVMOptions -Dsun.zip.disableMemoryMapping=**** -XX:+UseParallelGC -XX:MinHeapFreeRatio=5 -XX:MaxHeapFreeRatio=10 -XX:GCTimeRatio=4 -XX:AdaptiveSizePolicyWeight=90 -Xms10m -Xmx8000m
[INFO] Scanning for projects...
[INFO] 
[INFO] ----------< org.entando.entando.plugins:entando-plugin-jacms >----------
[INFO] Building Entando Plugin: CMS 6.3.0-SNAPSHOT
[INFO] --------------------------------[ war ]---------------------------------
[INFO] 
[INFO] --- versions-maven-plugin:2.8.1:set (default-cli) @ entando-plugin-jacms ---
[INFO] Local aggregation ****: /workspace/source
[INFO] Processing change of org.entando.entando.plugins:entando-plugin-jacms:6.3.0-SNAPSHOT -> 0.0.0-SNAPSHOT-PR-78-2
[INFO] Processing org.entando.entando.plugins:entando-plugin-jacms
[INFO]     Updating project org.entando.entando.plugins:entando-plugin-jacms
[INFO]         from version 6.3.0-SNAPSHOT to 0.0.0-SNAPSHOT-PR-78-2
[INFO] 
[INFO] ------------------------------------------------------------------------
[INFO] BUILD SUCCESS
[INFO] ------------------------------------------------------------------------
[INFO] Total time:  10.515 s
[INFO] Finished at: 2021-03-29T13:00:07Z
[INFO] ------------------------------------------------------------------------

Showing logs for build [32mentando-entando-plugin-jacms-pr-nbgzg-2[0m stage [32mfrom-build-pack[0m and container [32mstep-build-fix-git-for-sonar[0m
error: Your local changes to the following files would be overwritten by checkout:
	pom.xml
Please commit your changes or stash them before you switch branches.
Aborting
error: Cannot delete branch 'master' checked out at '/workspace/source'
fatal: Refusing to fetch into current branch refs/heads/master of non-bare repository
[31m
Pipeline failed on stage 'from-build-pack' : container 'step-build-fix-git-for-sonar'. The execution of the pipeline has stopped.[0m
