
Showing logs for build [32mentando-entando-engine-pr-137-p-67fh8-1[0m stage [32mfrom-build-pack[0m and container [32mcredential-initializer[0m
{"level":"info","ts":1621528261.451001,"caller":"creds-init/main.go:44","msg":"Credentials initialized."}

Showing logs for build [32mentando-entando-engine-pr-137-p-67fh8-1[0m stage [32mfrom-build-pack[0m and container [32mworking-dir-initializer[0m

Showing logs for build [32mentando-entando-engine-pr-137-p-67fh8-1[0m stage [32mfrom-build-pack[0m and container [32mplace-tools[0m

Showing logs for build [32mentando-entando-engine-pr-137-p-67fh8-1[0m stage [32mfrom-build-pack[0m and container [32mstep-git-source-entando-entando-engine-pr-137-p-67fh8-xk85p[0m
{"level":"info","ts":1621528284.2091784,"caller":"git/git.go:105","msg":"Successfully cloned https://github.com/entando/entando-engine.git @ master in path /workspace/source"}
{"level":"warn","ts":1621528284.2095172,"caller":"git/git.go:152","msg":"Unexpected error: creating symlink: symlink /tekton/home/.ssh /****/.ssh: file exists"}
{"level":"info","ts":1621528284.2708886,"caller":"git/git.go:133","msg":"Successfully initialized and updated submodules in path /workspace/source"}

Showing logs for build [32mentando-entando-engine-pr-137-p-67fh8-1[0m stage [32mfrom-build-pack[0m and container [32mstep-setup-builder-home[0m

Showing logs for build [32mentando-entando-engine-pr-137-p-67fh8-1[0m stage [32mfrom-build-pack[0m and container [32mstep-git-merge[0m
Using SHAs from PULL_REFS=master:8227369c65f881cff01e8cbec2e932d71c53cd7c,137:e47787264acc1e8ebd2d4673264252fdaa50b077
DEBUG: LC_ALL=C JX_LOG_LEVEL=error git fetch origin --unshallow e47787264acc1e8ebd2d4673264252fdaa50b077: 8227369c65f881cff01e8cbec2e932d71c53cd7c:
DEBUG: ran git fetch --unshallow origin e47787264acc1e8ebd2d4673264252fdaa50b077: 8227369c65f881cff01e8cbec2e932d71c53cd7c: in 
DEBUG: LC_ALL=C JX_LOG_LEVEL=error git branch
DEBUG: LC_ALL=C JX_LOG_LEVEL=error git checkout master
DEBUG: ran git checkout master in 
DEBUG: LC_ALL=C JX_LOG_LEVEL=error git reset --hard 8227369c65f881cff01e8cbec2e932d71c53cd7c
DEBUG: ran git reset --hard 8227369c65f881cff01e8cbec2e932d71c53cd7c in 
DEBUG: JX_LOG_LEVEL=error LC_ALL=C git clean -fd .
DEBUG: ran clean --force -d . in 
DEBUG: LC_ALL=C JX_LOG_LEVEL=error git merge e47787264acc1e8ebd2d4673264252fdaa50b077
DEBUG: ran git merge e47787264acc1e8ebd2d4673264252fdaa50b077 in 
DEBUG: LC_ALL=C JX_LOG_LEVEL=error git log --format=%H%x1f%an%x1f%ae%x1f%cn%x1f%ce%x1f%s%n%b%x1e 8227369c65f881cff01e8cbec2e932d71c53cd7c..HEAD
Merged SHA 416cc374f632295f74e7c3a5f72c4ee18dd102d2 with commit message 'Merge commit 'e47787264acc1e8ebd2d4673264252fdaa50b077'' into base branch master
Merged SHA e47787264acc1e8ebd2d4673264252fdaa50b077 with commit message 'Merge branch 'master' into ENG-2263_urlTag' into base branch master
Merged SHA 0ae151a8b5352322de709e019a58ddfc2a73d586 with commit message 'ENG-2263: Modified parameter name' into base branch master
Merged SHA e5af0e4d187ec95b37356ed112fdf043adb505d9 with commit message 'Merge branch 'master' into ENG-2263_urlTag' into base branch master
Merged SHA 29ba5bf3d7118669144be0b7c1de5382b24412f1 with commit message 'Merge branch 'master' into ENG-2263_urlTag' into base branch master
Merged SHA 079e420ae489d7176facf1ca35644cd68cd50ec6 with commit message 'ENG-2263: Added 'escape' parameter in URLTag' into base branch master

Showing logs for build [32mentando-entando-engine-pr-137-p-67fh8-1[0m stage [32mfrom-build-pack[0m and container [32mstep-build-set-version[0m
Picked up _JAVA_OPTIONS: -XX:+UnlockExperimentalVMOptions -Dsun.zip.disableMemoryMapping=**** -XX:+UseParallelGC -XX:MinHeapFreeRatio=5 -XX:MaxHeapFreeRatio=10 -XX:GCTimeRatio=4 -XX:AdaptiveSizePolicyWeight=90 -Xms10m -Xmx8000m
[INFO] Scanning for projects...
[WARNING] 
[WARNING] Some problems were encountered while building the effective model for org.entando.entando:entando-engine:jar:6.3.0-SNAPSHOT
[WARNING] 'dependencyManagement.dependencies.dependency.(groupId:artifactId:type:classifier)' must be unique: org.springframework:spring-tx:jar -> version (?) vs ${spring.version} @ org.entando:entando-core-parent:6.3.13, /home/jenkins/.mvnrepository/org/entando/entando-core-parent/6.3.13/entando-core-parent-6.3.13.pom, line 624, column 25
[WARNING] 
[WARNING] It is highly recommended to fix these problems because they threaten the stability of your build.
[WARNING] 
[WARNING] For this reason, future Maven versions might no longer support building such malformed projects.
[WARNING] 
[WARNING] The POM for org.eclipse.m2e:lifecycle-mapping:jar:1.0.0 is missing, no dependency information available
[WARNING] Failed to retrieve plugin descriptor for org.eclipse.m2e:lifecycle-mapping:1.0.0: Plugin org.eclipse.m2e:lifecycle-mapping:1.0.0 or one of its dependencies could not be resolved: Could not find artifact org.eclipse.m2e:lifecycle-mapping:jar:1.0.0 in nexus (http://nexus/repository/maven-group/)
[INFO] 
[INFO] -----------------< org.entando.entando:entando-engine >-----------------
[INFO] Building Entando Core: Engine 6.3.0-SNAPSHOT
[INFO] --------------------------------[ jar ]---------------------------------
[WARNING] The POM for org.eclipse.m2e:lifecycle-mapping:jar:1.0.0 is missing, no dependency information available
[WARNING] Failed to retrieve plugin descriptor for org.eclipse.m2e:lifecycle-mapping:1.0.0: Plugin org.eclipse.m2e:lifecycle-mapping:1.0.0 or one of its dependencies could not be resolved: Failure to find org.eclipse.m2e:lifecycle-mapping:jar:1.0.0 in http://nexus/repository/maven-group/ was cached in the local repository, resolution will not be reattempted until the update interval of nexus has elapsed or updates are forced
[INFO] 
[INFO] --- versions-maven-plugin:2.8.1:set (default-cli) @ entando-engine ---
[INFO] Local aggregation ****: /workspace/source
[INFO] Processing change of org.entando.entando:entando-engine:6.3.0-SNAPSHOT -> 0.0.0-SNAPSHOT-PR-137-1
[INFO] Processing org.entando.entando:entando-engine
[INFO]     Updating project org.entando.entando:entando-engine
[INFO]         from version 6.3.0-SNAPSHOT to 0.0.0-SNAPSHOT-PR-137-1
[INFO] 
[INFO] ------------------------------------------------------------------------
[INFO] BUILD SUCCESS
[INFO] ------------------------------------------------------------------------
[INFO] Total time:  10.657 s
[INFO] Finished at: 2021-05-20T16:31:42Z
[INFO] ------------------------------------------------------------------------

Showing logs for build [32mentando-entando-engine-pr-137-p-67fh8-1[0m stage [32mfrom-build-pack[0m and container [32mstep-build-fix-git-for-sonar[0m
error: Your local changes to the following files would be overwritten by checkout:
	pom.xml
Please commit your changes or stash them before you switch branches.
Aborting
error: Cannot delete branch 'master' checked out at '/workspace/source'
fatal: Refusing to fetch into current branch refs/heads/master of non-bare repository
[31m
Pipeline failed on stage 'from-build-pack' : container 'step-build-fix-git-for-sonar'. The execution of the pipeline has stopped.[0m
