
Showing logs for build [32mentando-entando-plugin-jpseo-pr-6lgjb-2[0m stage [32mfrom-build-pack[0m and container [32mcredential-initializer[0m
{"level":"info","ts":1625150918.7838035,"caller":"creds-init/main.go:44","msg":"Credentials initialized."}

Showing logs for build [32mentando-entando-plugin-jpseo-pr-6lgjb-2[0m stage [32mfrom-build-pack[0m and container [32mworking-dir-initializer[0m

Showing logs for build [32mentando-entando-plugin-jpseo-pr-6lgjb-2[0m stage [32mfrom-build-pack[0m and container [32mplace-tools[0m

Showing logs for build [32mentando-entando-plugin-jpseo-pr-6lgjb-2[0m stage [32mfrom-build-pack[0m and container [32mstep-git-source-entando-entando-plugin-jpseo-pr-6lgjb-9zmtz[0m
{"level":"info","ts":1625150940.1796389,"caller":"git/git.go:105","msg":"Successfully cloned https://github.com/entando/entando-plugin-jpseo.git @ master in path /workspace/source"}
{"level":"warn","ts":1625150940.1797752,"caller":"git/git.go:152","msg":"Unexpected error: creating symlink: symlink /tekton/home/.ssh /****/.ssh: file exists"}
{"level":"info","ts":1625150940.260027,"caller":"git/git.go:133","msg":"Successfully initialized and updated submodules in path /workspace/source"}

Showing logs for build [32mentando-entando-plugin-jpseo-pr-6lgjb-2[0m stage [32mfrom-build-pack[0m and container [32mstep-setup-builder-home[0m

Showing logs for build [32mentando-entando-plugin-jpseo-pr-6lgjb-2[0m stage [32mfrom-build-pack[0m and container [32mstep-git-merge[0m
Using SHAs from PULL_REFS=master:2f2a2e2cb277f1e8b77149aeaceded783a0cdd0f,40:0e47bdcd9cb1b716e5485b3858c8699cb778e64c
DEBUG: LC_ALL=C JX_LOG_LEVEL=error git fetch origin --unshallow 0e47bdcd9cb1b716e5485b3858c8699cb778e64c: 2f2a2e2cb277f1e8b77149aeaceded783a0cdd0f:
DEBUG: ran git fetch --unshallow origin 0e47bdcd9cb1b716e5485b3858c8699cb778e64c: 2f2a2e2cb277f1e8b77149aeaceded783a0cdd0f: in 
DEBUG: LC_ALL=C JX_LOG_LEVEL=error git branch
DEBUG: LC_ALL=C JX_LOG_LEVEL=error git checkout master
DEBUG: ran git checkout master in 
DEBUG: LC_ALL=C JX_LOG_LEVEL=error git reset --hard 2f2a2e2cb277f1e8b77149aeaceded783a0cdd0f
DEBUG: ran git reset --hard 2f2a2e2cb277f1e8b77149aeaceded783a0cdd0f in 
DEBUG: LC_ALL=C JX_LOG_LEVEL=error git clean -fd .
DEBUG: ran clean --force -d . in 
DEBUG: LC_ALL=C JX_LOG_LEVEL=error git merge 0e47bdcd9cb1b716e5485b3858c8699cb778e64c
DEBUG: ran git merge 0e47bdcd9cb1b716e5485b3858c8699cb778e64c in 
DEBUG: LC_ALL=C JX_LOG_LEVEL=error git log --format=%H%x1f%an%x1f%ae%x1f%cn%x1f%ce%x1f%s%n%b%x1e 2f2a2e2cb277f1e8b77149aeaceded783a0cdd0f..HEAD
Merged SHA 0e47bdcd9cb1b716e5485b3858c8699cb778e64c with commit message 'ENG-2312: Added new parameter ("baseUrlMode") into URLTag' into base branch master

Showing logs for build [32mentando-entando-plugin-jpseo-pr-6lgjb-2[0m stage [32mfrom-build-pack[0m and container [32mstep-build-set-version[0m
Picked up _JAVA_OPTIONS: -XX:+UnlockExperimentalVMOptions -Dsun.zip.disableMemoryMapping=**** -XX:+UseParallelGC -XX:MinHeapFreeRatio=5 -XX:MaxHeapFreeRatio=10 -XX:GCTimeRatio=4 -XX:AdaptiveSizePolicyWeight=90 -Xms10m -Xmx8000m
[INFO] Scanning for projects...
[WARNING] 
[WARNING] Some problems were encountered while building the effective model for org.entando.entando.plugins:entando-plugin-jpseo:war:6.4.0-SNAPSHOT
[WARNING] 'dependencyManagement.dependencies.dependency.(groupId:artifactId:type:classifier)' must be unique: org.springframework:spring-tx:jar -> version (?) vs ${spring.version} @ org.entando:entando-core-parent:6.4.2, /home/jenkins/.mvnrepository/org/entando/entando-core-parent/6.4.2/entando-core-parent-6.4.2.pom, line 625, column 25
[WARNING] 
[WARNING] It is highly recommended to fix these problems because they threaten the stability of your build.
[WARNING] 
[WARNING] For this reason, future Maven versions might no longer support building such malformed projects.
[WARNING] 
[INFO] 
[INFO] ----------< org.entando.entando.plugins:entando-plugin-jpseo >----------
[INFO] Building Entando Plugin: SEO 6.4.0-SNAPSHOT
[INFO] --------------------------------[ war ]---------------------------------
[INFO] 
[INFO] --- versions-maven-plugin:2.8.1:set (default-cli) @ entando-plugin-jpseo ---
[INFO] Local aggregation ****: /workspace/source
[INFO] Processing change of org.entando.entando.plugins:entando-plugin-jpseo:6.4.0-SNAPSHOT -> 0.0.0-SNAPSHOT-PR-40-2
[INFO] Processing org.entando.entando.plugins:entando-plugin-jpseo
[INFO]     Updating project org.entando.entando.plugins:entando-plugin-jpseo
[INFO]         from version 6.4.0-SNAPSHOT to 0.0.0-SNAPSHOT-PR-40-2
[INFO] 
[INFO] ------------------------------------------------------------------------
[INFO] BUILD SUCCESS
[INFO] ------------------------------------------------------------------------
[INFO] Total time:  8.940 s
[INFO] Finished at: 2021-07-01T14:49:15Z
[INFO] ------------------------------------------------------------------------

Showing logs for build [32mentando-entando-plugin-jpseo-pr-6lgjb-2[0m stage [32mfrom-build-pack[0m and container [32mstep-build-fix-git-for-sonar[0m
Switched to a new branch 'PR-40'
M	pom.xml
Deleted branch master (was 0e47bdc).
From https://github.com/entando/entando-plugin-jpseo
 * [new branch]      master            -> master
 * [new tag]         pia-crs4          -> pia-crs4
 * [new tag]         v6.2.0-sprint1-rc -> v6.2.0-sprint1-rc
 * [new tag]         v6.2.0-sprint2-rc -> v6.2.0-sprint2-rc
 * [new tag]         v6.2.0-sprint3-rc -> v6.2.0-sprint3-rc
 * [new tag]         v6.2.0-sprint4-rc -> v6.2.0-sprint4-rc
 * [new tag]         v6.2.0-sprint5-rc -> v6.2.0-sprint5-rc

Showing logs for build [32mentando-entando-plugin-jpseo-pr-6lgjb-2[0m stage [32mfrom-build-pack[0m and container [32mstep-build-mvn-verify-pr[0m
Picked up _JAVA_OPTIONS: -XX:+UnlockExperimentalVMOptions -Dsun.zip.disableMemoryMapping=**** -XX:+UseParallelGC -XX:MinHeapFreeRatio=5 -XX:MaxHeapFreeRatio=10 -XX:GCTimeRatio=4 -XX:AdaptiveSizePolicyWeight=90 -Xms10m -Xmx8000m
[INFO] Scanning for projects...
[WARNING] 
[WARNING] Some problems were encountered while building the effective model for org.entando.entando.plugins:entando-plugin-jpseo:war:0.0.0-SNAPSHOT-PR-40-2
[WARNING] 'dependencyManagement.dependencies.dependency.(groupId:artifactId:type:classifier)' must be unique: org.springframework:spring-tx:jar -> version (?) vs ${spring.version} @ org.entando:entando-core-parent:6.4.2, /home/jenkins/.mvnrepository/org/entando/entando-core-parent/6.4.2/entando-core-parent-6.4.2.pom, line 625, column 25
[WARNING] 
[WARNING] It is highly recommended to fix these problems because they threaten the stability of your build.
[WARNING] 
[WARNING] For this reason, future Maven versions might no longer support building such malformed projects.
[WARNING] 
[INFO] 
[INFO] ----------< org.entando.entando.plugins:entando-plugin-jpseo >----------
[INFO] Building Entando Plugin: SEO 0.0.0-SNAPSHOT-PR-40-2
[INFO] --------------------------------[ war ]---------------------------------
[WARNING] The POM for com.sun.xml.bind:jaxb-impl:jar:2.2.11 is invalid, transitive dependencies (if any) will not be available, enable debug logging for more details
[WARNING] The POM for com.sun.xml.bind:jaxb-core:jar:2.2.11 is invalid, transitive dependencies (if any) will not be available, enable debug logging for more details
[INFO] 
[INFO] --- maven-checkstyle-plugin:3.1.1:check (validate) @ entando-plugin-jpseo ---
[INFO] 
[INFO] --- maven-checkstyle-plugin:3.1.1:checkstyle (validate) @ entando-plugin-jpseo ---
[INFO] 
[INFO] --- jacoco-maven-plugin:0.8.6:prepare-agent (prepare-agent) @ entando-plugin-jpseo ---
[INFO] argLine set to -javaagent:/home/jenkins/.mvnrepository/org/jacoco/org.jacoco.agent/0.8.6/org.jacoco.agent-0.8.6-runtime.jar=destfile=/workspace/source/target/jacoco.e**c
[INFO] 
[INFO] --- maven-resources-plugin:2.5:resources (default-resources) @ entando-plugin-jpseo ---
[debug] e**cute contextualize
[INFO] Using 'UTF-8' encoding to copy filtered resources.
[INFO] Copying 12 resources
[INFO] Copying 1 resource
[INFO] Copying 5 resources
[INFO] Copying 12 resources
[INFO] Copying 2 resources to META-INF
[INFO] 
[INFO] --- maven-compiler-plugin:3.8.1:compile (default-compile) @ entando-plugin-jpseo ---
[INFO] Changes detected - recompiling the module!
[INFO] Compiling 50 source files to /workspace/source/target/classes
[INFO] /workspace/source/src/main/java/org/entando/entando/plugins/jpseo/aps/******/services/controller/control/RequestValidator.java: /workspace/source/src/main/java/org/entando/entando/plugins/jpseo/aps/******/services/controller/control/RequestValidator.java uses or overrides a deprecated API.
[INFO] /workspace/source/src/main/java/org/entando/entando/plugins/jpseo/aps/******/services/controller/control/RequestValidator.java: Recompile with -Xlint:deprecation for details.
[INFO] -------------------------------------------------------------
[WARNING] COMPILATION WARNING : 
[INFO] -------------------------------------------------------------
[WARNING] /workspace/source/src/main/java/org/entando/entando/plugins/jpseo/aps/******/services/page/SeoPageExtraConfigDOM.java:[90,73] unchecked conversion
  required: java.util.List<org.jdom.Element>
  found:    java.util.List
[WARNING] /workspace/source/src/main/java/org/entando/entando/plugins/jpseo/aps/******/services/page/SeoPageExtraConfigDOM.java:[98,65] unchecked conversion
  required: java.util.List<org.jdom.Element>
  found:    java.util.List
[WARNING] /workspace/source/src/main/java/org/entando/entando/plugins/jpseo/aps/******/services/page/SeoPageExtraConfigDOM.java:[120,66] unchecked conversion
  required: java.util.List<org.jdom.Element>
  found:    java.util.List
[WARNING] /workspace/source/src/main/java/org/entando/entando/plugins/jpseo/aps/******/services/page/SeoPageExtraConfigDOM.java:[184,70] unchecked conversion
  required: java.util.List<org.jdom.Element>
  found:    java.util.List
[WARNING] /workspace/source/src/main/java/org/entando/entando/plugins/jpseo/aps/******/services/page/SeoPageExtraConfigDOM.java:[201,70] unchecked conversion
  required: java.util.List<org.jdom.Element>
  found:    java.util.List
[WARNING] /workspace/source/src/main/java/org/entando/entando/plugins/jpseo/aps/******/services/page/SeoPageService.java:[279,62] unchecked conversion
  required: java.util.Map<java.lang.String,java.util.Map<java.lang.String,org.entando.entando.plugins.jpseo.aps.******.services.page.PageMetatag>>
  found:    java.util.HashMap
[WARNING] /workspace/source/src/main/java/org/entando/entando/plugins/jpseo/aps/******/services/mapping/cache/SeoMappingCacheWrapper.java:[121,61] unchecked cast
  required: java.util.List<java.lang.String>
  found:    java.util.List
[WARNING] /workspace/source/src/main/java/org/entando/entando/plugins/jpseo/aps/******/services/mapping/cache/SeoMappingCacheWrapper.java:[131,56] unchecked cast
  required: java.util.List<java.lang.String>
  found:    java.util.List
[WARNING] /workspace/source/src/main/java/org/entando/entando/plugins/jpseo/aps/******/services/mapping/cache/SeoMappingCacheWrapper.java:[169,46] unchecked conversion
  required: java.util.Map<java.lang.String,java.lang.String>
  found:    java.util.Map
[WARNING] /workspace/source/src/main/java/org/entando/entando/plugins/jpseo/aps/******/services/mapping/cache/SeoMappingCacheWrapper.java:[176,46] unchecked conversion
  required: java.util.Map<java.lang.String,java.lang.String>
  found:    java.util.Map
[WARNING] /workspace/source/src/main/java/org/entando/entando/plugins/jpseo/aps/tags/SiteMapTag.java:[90,44] unchecked call to FieldSearchFilter(java.lang.String,T,boolean) as a member of the raw type com.agiletec.aps.******.common.FieldSearchFilter
[WARNING] /workspace/source/src/main/java/org/entando/entando/plugins/jpseo/aps/******/services/metatag/MetatagDOM.java:[44,83] unchecked conversion
  required: java.util.List<org.jdom.Element>
  found:    java.util.List
[WARNING] /workspace/source/src/main/java/org/entando/entando/plugins/jpseo/aps/******/sitemap/SitemapAction.java:[109,44] unchecked call to FieldSearchFilter(java.lang.String,T,boolean) as a member of the raw type com.agiletec.aps.******.common.FieldSearchFilter
[INFO] 13 warnings 
[INFO] -------------------------------------------------------------
[INFO] -------------------------------------------------------------
[ERROR] COMPILATION ERROR : 
[INFO] -------------------------------------------------------------
[ERROR] /workspace/source/src/main/java/org/entando/entando/plugins/jpseo/aps/******/services/url/URLManager.java:[68,122] cannot find symbol
  symbol:   method getBaseUrlMode()
  location: variable pageUrl of type com.agiletec.aps.******.services.url.PageURL
[ERROR] /workspace/source/src/main/java/org/entando/entando/plugins/jpseo/aps/******/services/url/URLManager.java:[70,133] cannot find symbol
  symbol:   method getBaseUrlMode()
  location: variable pageUrl of type com.agiletec.aps.******.services.url.PageURL
[ERROR] /workspace/source/src/main/java/org/entando/entando/plugins/jpseo/aps/******/services/url/URLManager.java:[156,29] method addBaseURL in class com.agiletec.aps.******.services.url.URLManager cannot be applied to given types;
  required: java.lang.StringBuilder,javax.servlet.http.HttpServletRequest
  found: java.lang.StringBuilder,java.lang.String,javax.servlet.http.HttpServletRequest
  reason: actual and formal argument lists differ in length
[INFO] 3 errors 
[INFO] -------------------------------------------------------------
[INFO] 
[INFO] ------------------------------------------------------------------------
[INFO] Skipping Entando Plugin: SEO
[INFO] This project has been banned from the build due to previous failures.
[INFO] ------------------------------------------------------------------------
[INFO] ------------------------------------------------------------------------
[INFO] BUILD FAILURE
[INFO] ------------------------------------------------------------------------
[INFO] Total time:  26.041 s
[INFO] Finished at: 2021-07-01T14:49:46Z
[INFO] ------------------------------------------------------------------------
[ERROR] Failed to e**cute goal org.apache.maven.plugins:maven-compiler-plugin:3.8.1:compile (default-compile) on project entando-plugin-jpseo: Compilation failure: Compilation failure: 
[ERROR] /workspace/source/src/main/java/org/entando/entando/plugins/jpseo/aps/******/services/url/URLManager.java:[68,122] cannot find symbol
[ERROR]   symbol:   method getBaseUrlMode()
[ERROR]   location: variable pageUrl of type com.agiletec.aps.******.services.url.PageURL
[ERROR] /workspace/source/src/main/java/org/entando/entando/plugins/jpseo/aps/******/services/url/URLManager.java:[70,133] cannot find symbol
[ERROR]   symbol:   method getBaseUrlMode()
[ERROR]   location: variable pageUrl of type com.agiletec.aps.******.services.url.PageURL
[ERROR] /workspace/source/src/main/java/org/entando/entando/plugins/jpseo/aps/******/services/url/URLManager.java:[156,29] method addBaseURL in class com.agiletec.aps.******.services.url.URLManager cannot be applied to given types;
[ERROR]   required: java.lang.StringBuilder,javax.servlet.http.HttpServletRequest
[ERROR]   found: java.lang.StringBuilder,java.lang.String,javax.servlet.http.HttpServletRequest
[ERROR]   reason: actual and formal argument lists differ in length
[ERROR] -> [Help 1]
[ERROR] 
[ERROR] To see the full stack trace of the errors, re-run Maven with the -e switch.
[ERROR] Re-run Maven using the -X switch to enable full debug logging.
[ERROR] 
[ERROR] For more information about the errors and possible solutions, please read the following articles:
[ERROR] [Help 1] http://cwiki.apache.org/confluence/display/MAVEN/MojoFailureException
Picked up _JAVA_OPTIONS: -XX:+UnlockExperimentalVMOptions -Dsun.zip.disableMemoryMapping=**** -XX:+UseParallelGC -XX:MinHeapFreeRatio=5 -XX:MaxHeapFreeRatio=10 -XX:GCTimeRatio=4 -XX:AdaptiveSizePolicyWeight=90 -Xms10m -Xmx8000m
[INFO] Scanning for projects...
[WARNING] 
[WARNING] Some problems were encountered while building the effective model for org.entando.entando.plugins:entando-plugin-jpseo:war:0.0.0-SNAPSHOT-PR-40-2
[WARNING] 'dependencyManagement.dependencies.dependency.(groupId:artifactId:type:classifier)' must be unique: org.springframework:spring-tx:jar -> version (?) vs ${spring.version} @ org.entando:entando-core-parent:6.4.2, /home/jenkins/.mvnrepository/org/entando/entando-core-parent/6.4.2/entando-core-parent-6.4.2.pom, line 625, column 25
[WARNING] 
[WARNING] It is highly recommended to fix these problems because they threaten the stability of your build.
[WARNING] 
[WARNING] For this reason, future Maven versions might no longer support building such malformed projects.
[WARNING] 
[INFO] 
[INFO] ----------< org.entando.entando.plugins:entando-plugin-jpseo >----------
[INFO] Building Entando Plugin: SEO 0.0.0-SNAPSHOT-PR-40-2
[INFO] --------------------------------[ war ]---------------------------------
[WARNING] The POM for com.sun.xml.bind:jaxb-impl:jar:2.2.11 is invalid, transitive dependencies (if any) will not be available, enable debug logging for more details
[WARNING] The POM for com.sun.xml.bind:jaxb-core:jar:2.2.11 is invalid, transitive dependencies (if any) will not be available, enable debug logging for more details
[INFO] 
[INFO] --- maven-site-plugin:3.9.0:site (default-site) @ entando-plugin-jpseo ---
[INFO] configuring report plugin org.apache.maven.plugins:maven-project-info-reports-plugin:3.0.0
[INFO] 9 reports configured for maven-project-info-reports-plugin:3.0.0: dependency-info, distribution-management, index, ci-management, issue-management, licenses, plugins, scm, summary
[INFO] Rendering site with default locale English (en)
[WARNING] Unable to find a URL to the parent project. The parent menu will NOT be added.
[INFO] Relativizing decoration links with respect to localized project URL: http://www.entando.com/
[INFO] Rendering content with org.apache.maven.skins:maven-default-skin:jar:1.3 skin.
[INFO] Generating "Dependency Information" report --- maven-project-info-reports-plugin:3.0.0:dependency-info
[INFO] Generating "About" report         --- maven-project-info-reports-plugin:3.0.0:index
[INFO] Generating "Issue Management" report --- maven-project-info-reports-plugin:3.0.0:issue-management
[INFO] Generating "Licenses" report      --- maven-project-info-reports-plugin:3.0.0:licenses
[INFO] Generating "Plugins" report       --- maven-project-info-reports-plugin:3.0.0:plugins
[INFO] Generating "Source Code Management" report --- maven-project-info-reports-plugin:3.0.0:scm
[INFO] Generating "Summary" report       --- maven-project-info-reports-plugin:3.0.0:summary
[INFO] ------------------------------------------------------------------------
[INFO] BUILD SUCCESS
[INFO] ------------------------------------------------------------------------
[INFO] Total time:  21.659 s
[INFO] Finished at: 2021-07-01T14:50:10Z
[INFO] ------------------------------------------------------------------------
No pre-deployment test results found for entando-plugin-jpseo-PR-40.
No OWASP dependency check found for entando-plugin-jpseo-PR-40.
The following checks failed for entando-plugin-jpseo-PR-40:
No pre-deployment test results produced by build
No OWASP dependency check results produced by build
[31m
Pipeline failed on stage 'from-build-pack' : container 'step-build-mvn-verify-pr'. The execution of the pipeline has stopped.[0m
