
Showing logs for build [32mmeta-entando-entando-cms-pr-398-4728d-2[0m stage [32mmeta-pipeline[0m and container [32mcredential-initializer[0m
{"level":"info","ts":1621418768.6903474,"caller":"creds-init/main.go:44","msg":"Credentials initialized."}

Showing logs for build [32mmeta-entando-entando-cms-pr-398-4728d-2[0m stage [32mmeta-pipeline[0m and container [32mworking-dir-initializer[0m

Showing logs for build [32mmeta-entando-entando-cms-pr-398-4728d-2[0m stage [32mmeta-pipeline[0m and container [32mplace-tools[0m

Showing logs for build [32mmeta-entando-entando-cms-pr-398-4728d-2[0m stage [32mmeta-pipeline[0m and container [32mstep-git-source-meta-entando-entando-cms-pr-398-4728d-2hgdh[0m
{"level":"info","ts":1621418782.8621535,"caller":"git/git.go:105","msg":"Successfully cloned https://github.com/entando/entando-cms.git @ 9eeba689bc65419a9c87da944c993888fe148263 in path /workspace/source"}
{"level":"warn","ts":1621418782.8625138,"caller":"git/git.go:152","msg":"Unexpected error: creating symlink: symlink /tekton/home/.ssh /****/.ssh: file exists"}
{"level":"info","ts":1621418782.942602,"caller":"git/git.go:133","msg":"Successfully initialized and updated submodules in path /workspace/source"}

Showing logs for build [32mmeta-entando-entando-cms-pr-398-4728d-2[0m stage [32mmeta-pipeline[0m and container [32mstep-git-merge[0m
Using SHAs from PULL_REFS=master:9eeba689bc65419a9c87da944c993888fe148263,398:f2b01b4c2d854b0d42509b30d59f80913b8bb729
DEBUG: JX_LOG_LEVEL=error LC_ALL=C git fetch origin --unshallow f2b01b4c2d854b0d42509b30d59f80913b8bb729: 9eeba689bc65419a9c87da944c993888fe148263:
DEBUG: ran git fetch --unshallow origin f2b01b4c2d854b0d42509b30d59f80913b8bb729: 9eeba689bc65419a9c87da944c993888fe148263: in 
DEBUG: LC_ALL=C JX_LOG_LEVEL=error git branch
DEBUG: LC_ALL=C JX_LOG_LEVEL=error git checkout master
DEBUG: ran git checkout master in 
DEBUG: LC_ALL=C JX_LOG_LEVEL=error git reset --hard 9eeba689bc65419a9c87da944c993888fe148263
DEBUG: ran git reset --hard 9eeba689bc65419a9c87da944c993888fe148263 in 
DEBUG: LC_ALL=C JX_LOG_LEVEL=error git clean -fd .
DEBUG: ran clean --force -d . in 
DEBUG: LC_ALL=C JX_LOG_LEVEL=error git merge f2b01b4c2d854b0d42509b30d59f80913b8bb729
error: error during merge: merging f2b01b4c2d854b0d42509b30d59f80913b8bb729 into master: git output: Auto-merging src/ui/edit-content/content-attributes/AttributeFields.js
CONFLICT (content): Merge conflict in src/ui/edit-content/content-attributes/AttributeFields.js
Automatic merge failed; fix conflicts and then commit the result.: failed to run 'git merge f2b01b4c2d854b0d42509b30d59f80913b8bb729' command in directory '', output: 'Auto-merging src/ui/edit-content/content-attributes/AttributeFields.js
CONFLICT (content): Merge conflict in src/ui/edit-content/content-attributes/AttributeFields.js
Automatic merge failed; fix conflicts and then commit the result.'
[31m
Pipeline failed on stage 'meta-pipeline' : container 'step-git-merge'. The execution of the pipeline has stopped.[0m
