
Showing logs for build [32mentando-k8s-entando-k8s-keycloa-cdqq5-2[0m stage [32mfrom-build-pack[0m and container [32mstep-credential-initializer-m278p[0m
{"level":"warn","ts":1616746182.453648,"logger":"fallback-logger","caller":"logging/config.go:69","msg":"Fetch GitHub commit ID from kodata failed: \"ref: refs/heads/0.8.0-**-support-backwards-incompats\" is not a valid GitHub commit ID"}
{"level":"info","ts":1616746182.4654994,"logger":"fallback-logger","caller":"creds-init/main.go:40","msg":"Credentials initialized."}

Showing logs for build [32mentando-k8s-entando-k8s-keycloa-cdqq5-2[0m stage [32mfrom-build-pack[0m and container [32mstep-working-dir-initializer-2s9cc[0m
{"level":"warn","ts":1616746185.2764099,"logger":"fallback-logger","caller":"logging/config.go:69","msg":"Fetch GitHub commit ID from kodata failed: open /var/run/ko/HEAD: no such file or directory"}
{"level":"info","ts":1616746185.3039858,"logger":"fallback-logger","caller":"bash/main.go:64","msg":"Successfully e**cuted command \"sh -c mkdir -p /workspace/source\"; output "}

Showing logs for build [32mentando-k8s-entando-k8s-keycloa-cdqq5-2[0m stage [32mfrom-build-pack[0m and container [32mstep-place-tools[0m

Showing logs for build [32mentando-k8s-entando-k8s-keycloa-cdqq5-2[0m stage [32mfrom-build-pack[0m and container [32mstep-git-source-entando-k8s-entando-k8s-keycloa-4tk7b[0m
{"level":"warn","ts":1616746315.248111,"logger":"fallback-logger","caller":"logging/config.go:69","msg":"Fetch GitHub commit ID from kodata failed: \"ref: refs/heads/0.8.0-**-support-backwards-incompats\" is not a valid GitHub commit ID"}
{"level":"info","ts":1616746316.0893984,"logger":"fallback-logger","caller":"git/git.go:103","msg":"Successfully cloned https://github.com/entando-k8s/entando-k8s-keycloak-controller.git @ master in path /workspace/source"}

Showing logs for build [32mentando-k8s-entando-k8s-keycloa-cdqq5-2[0m stage [32mfrom-build-pack[0m and container [32mstep-git-merge[0m
Using SHAs from PULL_REFS=master:9cc0916a44c9c6fb1689037456c02d007db64abf,25:5c5f6c1bfbf6748c4f89057d991e41fe930614bc
DEBUG: ran git fetch --unshallow origin 5c5f6c1bfbf6748c4f89057d991e41fe930614bc: 9cc0916a44c9c6fb1689037456c02d007db64abf: in 
DEBUG: ran git checkout master in 
DEBUG: ran git reset --hard 9cc0916a44c9c6fb1689037456c02d007db64abf in 
DEBUG: ran clean --force -d . in 
DEBUG: ran git merge 5c5f6c1bfbf6748c4f89057d991e41fe930614bc in 
Merged SHA 5c5f6c1bfbf6748c4f89057d991e41fe930614bc with commit message 'ENG-2068 update common base image for ubi change' into base branch master

Showing logs for build [32mentando-k8s-entando-k8s-keycloa-cdqq5-2[0m stage [32mfrom-build-pack[0m and container [32mstep-build-set-version[0m
Picked up _JAVA_OPTIONS: -XX:+UnlockExperimentalVMOptions -Dsun.zip.disableMemoryMapping=**** -XX:+UseParallelGC -XX:MinHeapFreeRatio=5 -XX:MaxHeapFreeRatio=10 -XX:GCTimeRatio=4 -XX:AdaptiveSizePolicyWeight=90 -Xms1000m -Xmx12000m
[INFO] Scanning for projects...
[INFO] 
[INFO] ------------< org.entando:entando-k8s-keycloak-controller >-------------
[INFO] Building Entando K8S Controller for Keycloak 6.3.0-SNAPSHOT
[INFO] --------------------------------[ jar ]---------------------------------
[INFO] 
[INFO] --- versions-maven-plugin:2.8.1:set (default-cli) @ entando-k8s-keycloak-controller ---
[INFO] Local aggregation ****: /workspace/source
[INFO] Processing change of org.entando:entando-k8s-keycloak-controller:6.3.0-SNAPSHOT -> 0.0.0-SNAPSHOT-PR-25-2
[INFO] Processing org.entando:entando-k8s-keycloak-controller
[INFO]     Updating project org.entando:entando-k8s-keycloak-controller
[INFO]         from version 6.3.0-SNAPSHOT to 0.0.0-SNAPSHOT-PR-25-2
[INFO] 
[INFO] ------------------------------------------------------------------------
[INFO] BUILD SUCCESS
[INFO] ------------------------------------------------------------------------
[INFO] Total time:  13.092 s
[INFO] Finished at: 2021-03-26T08:12:15Z
[INFO] ------------------------------------------------------------------------

Showing logs for build [32mentando-k8s-entando-k8s-keycloa-cdqq5-2[0m stage [32mfrom-build-pack[0m and container [32mstep-build-fix-git-for-sonar[0m
Switched to a new branch 'PR-25'
M	pom.xml
Deleted branch master (was 5c5f6c1).
From https://github.com/entando-k8s/entando-k8s-keycloak-controller
 * [new branch]      master     -> master
 * [new tag]         v6.0.24    -> v6.0.24
 * [new tag]         v6.0.31    -> v6.0.31

Showing logs for build [32mentando-k8s-entando-k8s-keycloa-cdqq5-2[0m stage [32mfrom-build-pack[0m and container [32mstep-build-mvn-verify-pr[0m
Picked up _JAVA_OPTIONS: -XX:+UnlockExperimentalVMOptions -Dsun.zip.disableMemoryMapping=**** -XX:+UseParallelGC -XX:MinHeapFreeRatio=5 -XX:MaxHeapFreeRatio=10 -XX:GCTimeRatio=4 -XX:AdaptiveSizePolicyWeight=90 -Xms1000m -Xmx12000m
[INFO] Scanning for projects...
[INFO] 
[INFO] ------------< org.entando:entando-k8s-keycloak-controller >-------------
[INFO] Building Entando K8S Controller for Keycloak 0.0.0-SNAPSHOT-PR-25-2
[INFO] --------------------------------[ jar ]---------------------------------
[WARNING] The POM for org.entando:entando-k8s-operator-common:jar:6.3.13 is missing, no dependency information available
[WARNING] The POM for org.entando:entando-k8s-operator-common:jar:tests:6.3.13 is missing, no dependency information available
[INFO] 
[INFO] ------------------------------------------------------------------------
[INFO] Skipping Entando K8S Controller for Keycloak
[INFO] This project has been banned from the build due to previous failures.
[INFO] ------------------------------------------------------------------------
[INFO] ------------------------------------------------------------------------
[INFO] BUILD FAILURE
[INFO] ------------------------------------------------------------------------
[INFO] Total time:  7.462 s
[INFO] Finished at: 2021-03-26T08:12:30Z
[INFO] ------------------------------------------------------------------------
[ERROR] Failed to e**cute goal on project entando-k8s-keycloak-controller: Could not resolve dependencies for project org.entando:entando-k8s-keycloak-controller:jar:0.0.0-SNAPSHOT-PR-25-2: The following artifacts could not be resolved: org.entando:entando-k8s-operator-common:jar:6.3.13, org.entando:entando-k8s-operator-common:jar:tests:6.3.13: Could not find artifact org.entando:entando-k8s-operator-common:jar:6.3.13 in nexus (http://nexus/repository/maven-group/) -> [Help 1]
[ERROR] 
[ERROR] To see the full stack trace of the errors, re-run Maven with the -e switch.
[ERROR] Re-run Maven using the -X switch to enable full debug logging.
[ERROR] 
[ERROR] For more information about the errors and possible solutions, please read the following articles:
[ERROR] [Help 1] http://cwiki.apache.org/confluence/display/MAVEN/DependencyResolutionException
Picked up _JAVA_OPTIONS: -XX:+UnlockExperimentalVMOptions -Dsun.zip.disableMemoryMapping=**** -XX:+UseParallelGC -XX:MinHeapFreeRatio=5 -XX:MaxHeapFreeRatio=10 -XX:GCTimeRatio=4 -XX:AdaptiveSizePolicyWeight=90 -Xms1000m -Xmx12000m
[INFO] Scanning for projects...
[INFO] 
[INFO] ------------< org.entando:entando-k8s-keycloak-controller >-------------
[INFO] Building Entando K8S Controller for Keycloak 0.0.0-SNAPSHOT-PR-25-2
[INFO] --------------------------------[ jar ]---------------------------------
[WARNING] The POM for org.entando:entando-k8s-operator-common:jar:6.3.13 is missing, no dependency information available
[WARNING] The POM for org.entando:entando-k8s-operator-common:jar:tests:6.3.13 is missing, no dependency information available
[INFO] ------------------------------------------------------------------------
[INFO] BUILD FAILURE
[INFO] ------------------------------------------------------------------------
[INFO] Total time:  1.492 s
[INFO] Finished at: 2021-03-26T08:12:34Z
[INFO] ------------------------------------------------------------------------
[ERROR] Failed to e**cute goal on project entando-k8s-keycloak-controller: Could not resolve dependencies for project org.entando:entando-k8s-keycloak-controller:jar:0.0.0-SNAPSHOT-PR-25-2: The following artifacts could not be resolved: org.entando:entando-k8s-operator-common:jar:6.3.13, org.entando:entando-k8s-operator-common:jar:tests:6.3.13: Failure to find org.entando:entando-k8s-operator-common:jar:6.3.13 in http://nexus/repository/maven-group/ was cached in the local repository, resolution will not be reattempted until the update interval of nexus has elapsed or updates are forced -> [Help 1]
[ERROR] 
[ERROR] To see the full stack trace of the errors, re-run Maven with the -e switch.
[ERROR] Re-run Maven using the -X switch to enable full debug logging.
[ERROR] 
[ERROR] For more information about the errors and possible solutions, please read the following articles:
[ERROR] [Help 1] http://cwiki.apache.org/confluence/display/MAVEN/DependencyResolutionException
No pre-deployment test results found for entando-k8s-keycloak-controller-PR-25.
No checkstyle results found for entando-k8s-keycloak-controller-PR-25.
No OWASP dependency check found for entando-k8s-keycloak-controller-PR-25.
The following checks failed for entando-k8s-keycloak-controller-PR-25:
No pre-deployment test results produced by build
No checkstyle results produced by build
No OWASP dependency check results produced by build
[31m
Pipeline failed on stage 'from-build-pack' : container 'step-build-mvn-verify-pr'. The execution of the pipeline has stopped.[0m
