
Showing logs for build [32mentando-k8s-entando-jx-maven-ja-24g75-15[0m stage [32mfrom-build-pack[0m and container [32mstep-credential-initializer-njp77[0m
{"level":"warn","ts":1616567927.36739,"logger":"fallback-logger","caller":"logging/config.go:69","msg":"Fetch GitHub commit ID from kodata failed: \"ref: refs/heads/0.8.0-**-support-backwards-incompats\" is not a valid GitHub commit ID"}
{"level":"info","ts":1616567927.3729765,"logger":"fallback-logger","caller":"creds-init/main.go:40","msg":"Credentials initialized."}

Showing logs for build [32mentando-k8s-entando-jx-maven-ja-24g75-15[0m stage [32mfrom-build-pack[0m and container [32mstep-working-dir-initializer-bwm5f[0m
{"level":"warn","ts":1616567929.5553703,"logger":"fallback-logger","caller":"logging/config.go:69","msg":"Fetch GitHub commit ID from kodata failed: open /var/run/ko/HEAD: no such file or directory"}
{"level":"info","ts":1616567929.5668795,"logger":"fallback-logger","caller":"bash/main.go:64","msg":"Successfully e**cuted command \"sh -c mkdir -p /workspace/source\"; output "}

Showing logs for build [32mentando-k8s-entando-jx-maven-ja-24g75-15[0m stage [32mfrom-build-pack[0m and container [32mstep-place-tools[0m

Showing logs for build [32mentando-k8s-entando-jx-maven-ja-24g75-15[0m stage [32mfrom-build-pack[0m and container [32mstep-git-source-entando-k8s-entando-jx-maven-ja-vhwxj[0m
{"level":"warn","ts":1616567956.0240734,"logger":"fallback-logger","caller":"logging/config.go:69","msg":"Fetch GitHub commit ID from kodata failed: \"ref: refs/heads/0.8.0-**-support-backwards-incompats\" is not a valid GitHub commit ID"}
{"level":"info","ts":1616567956.714831,"logger":"fallback-logger","caller":"git/git.go:103","msg":"Successfully cloned https://github.com/entando-k8s/**********-maven-java11.git @ v0.0.74 in path /workspace/source"}

Showing logs for build [32mentando-k8s-entando-jx-maven-ja-24g75-15[0m stage [32mfrom-build-pack[0m and container [32mstep-git-merge[0m
Using SHAs from PULL_REFS=master:0ea2ac230cfbe519a989418d752a2fd4c73bb7ab
WARNING: no SHAs to merge, falling back to initial cloned commit

Showing logs for build [32mentando-k8s-entando-jx-maven-ja-24g75-15[0m stage [32mfrom-build-pack[0m and container [32mstep-setup-jx-git-credentials[0m
Generated Git credentials file /workspace/xdg_config/git/credentials

Showing logs for build [32mentando-k8s-entando-jx-maven-ja-24g75-15[0m stage [32mfrom-build-pack[0m and container [32mstep-build-container-build[0m
[36mINFO[0m[0000] Downloading base image entando/**********-maven-java11-base:latest 
[36mINFO[0m[0001] Error while retrieving image from cache: getting file info: stat /workspace/sha256:fcfb18e0e858b00b01fb9cf26a6a80e86ea5693c2306e6e50d945edf34801143: no such file or directory 
[36mINFO[0m[0001] Downloading base image entando/**********-maven-java11-base:latest 
[36mINFO[0m[0002] Using files from context: [/workspace/source/bin/fetch-history-by-days /workspace/source/bin/fix-git-branches /workspace/source/bin/image-info-configmap-name /workspace/source/bin/mvn-deploy-release /workspace/source/bin/mvn-verify-pr /workspace/source/bin/prepare-permissions /workspace/source/bin/publish-image-info /workspace/source/bin/publish-link /workspace/source/bin/publish-status /workspace/source/bin/run-post-deployment-tests /workspace/source/bin/skaffold-build /workspace/source/bin/update-bom /workspace/source/bin/verify-pre-deployment-build] 
[36mINFO[0m[0002] Skipping unpacking as no commands require it. 
[36mINFO[0m[0002] Taking snapshot of full file******...        
[36mINFO[0m[0005] Using files from context: [/workspace/source/bin/fetch-history-by-days /workspace/source/bin/fix-git-branches /workspace/source/bin/image-info-configmap-name /workspace/source/bin/mvn-deploy-release /workspace/source/bin/mvn-verify-pr /workspace/source/bin/prepare-permissions /workspace/source/bin/publish-image-info /workspace/source/bin/publish-link /workspace/source/bin/publish-status /workspace/source/bin/run-post-deployment-tests /workspace/source/bin/skaffold-build /workspace/source/bin/update-bom /workspace/source/bin/verify-pre-deployment-build] 
[36mINFO[0m[0005] COPY bin/* /usr/bin/                         
[36mINFO[0m[0005] Taking snapshot of files...                  
2021/03/24 06:39:24 existing blob: sha256:613d0941bf36d7bc9f6d0474e38a230d020d45298f1fdf3495dc7678c12f5cf7
2021/03/24 06:39:24 existing blob: sha256:cd7b5038068dc2e265bc95576dcccd6ab509bedafb7d02e39e3d7abb00382a19
2021/03/24 06:39:24 existing blob: sha256:285866bb1fbb8863e5f4644b70a4eb3f4094c3884a27ec537a99b0fa528fe603
2021/03/24 06:39:24 existing blob: sha256:056d7d05eadf2d70d28f332f56075a7e90a3ac49e3b58a517d26fd14e2ec204e
2021/03/24 06:39:24 existing blob: sha256:149c15d2f7f8fc11ca44e1188c1cbad93f04b44ee5a3156600a09cc1f5cd1e23
2021/03/24 06:39:24 existing blob: sha256:62fc8c428c082ac15cc899db4b542f94ebd27f552ad7d8672a8d9b466c5c51b1
2021/03/24 06:39:24 existing blob: sha256:36b9a3811644c823ad15ca546db024eb846b310ad745ee557ebce0ea7bca227f
2021/03/24 06:39:24 existing blob: sha256:54856f2c8c18714029dd95e17ff65396144d49ffc9fa70c6669f858772bb37aa
2021/03/24 06:39:24 existing blob: sha256:ab5ef0e5819490abe86106fd9f4381123e37a03e80e650be39f7938d30ecb530
2021/03/24 06:39:25 existing blob: sha256:fe18ce28b2e2436b24ae0b5f8d1fd46d9be4c11b1deea32ba6a370d1e3ae96f7
2021/03/24 06:39:25 pushed blob: sha256:0a634496735ce7b1b0445a868977eee627b3f8e5571fb34e36ff15e843333443
2021/03/24 06:39:25 pushed blob: sha256:46b950044620878d1efe84ec70c0da7a7978912705c2d13294ff9f6389888269
2021/03/24 06:39:26 index.docker.io/entando/entando-**-maven-java11:0.0.74: digest: sha256:b6812c26e0a37c3d2a0c72643404cf65662bbb720c89dfab7420e5a2deb37e17 size: 2075

Showing logs for build [32mentando-k8s-entando-jx-maven-ja-24g75-15[0m stage [32mfrom-build-pack[0m and container [32mstep-promote-changelog[0m
Converted /workspace/source to an unshallow repository
Generating change log from git ref 7c90b7317f15bd6a6b9229fbf17f4f462b8a3af3 => 06e03b5ac830de01bbabd014f9a3e071c0d74d14
WARNING: Failed to enrich commit 0ea2ac230cfbe519a989418d752a2fd4c73bb7ab with issues: selected more than one user from users.jenkins.io: [ampie ampie-0]
WARNING: Failed to enrich commit 0ea2ac230cfbe519a989418d752a2fd4c73bb7ab with issues: selected more than one user from users.jenkins.io: [ampie ampie-0]
Finding issues in commit messages using git format
WARNING: No release found for entando-k8s/entando-**-maven-java11 and tag v0.0.74 so creating a new release
Updated the release information at https://github.com/entando-k8s/entando-**-maven-java11/releases/tag/v0.0.74
generated: /workspace/source/charts/**********-maven-java11/templates/release.yaml
Created Release entando-**-maven-java11-0-0-74 resource in namespace **
Updating PipelineActivity entando-k8s-entando-**-maven-java11-master-15 with version 0.0.74
Updated PipelineActivities entando-k8s-entando-**-maven-java11-master-15 with release notes URL: https://github.com/entando-k8s/entando-**-maven-java11/releases/tag/v0.0.74

Showing logs for build [32mentando-k8s-entando-jx-maven-ja-24g75-15[0m stage [32mfrom-build-pack[0m and container [32mstep-promote-apply-pod-template[0m
configmap/jenkins-x-pod-template-**********-maven configured
