
Showing logs for build [32mentando-k8s-entando-jx-maven-ja-7j4s6-16[0m stage [32mfrom-build-pack[0m and container [32mstep-credential-initializer-l6tkq[0m
{"level":"warn","ts":1616576158.8646545,"logger":"fallback-logger","caller":"logging/config.go:69","msg":"Fetch GitHub commit ID from kodata failed: \"ref: refs/heads/0.8.0-**-support-backwards-incompats\" is not a valid GitHub commit ID"}
{"level":"info","ts":1616576158.867553,"logger":"fallback-logger","caller":"creds-init/main.go:40","msg":"Credentials initialized."}

Showing logs for build [32mentando-k8s-entando-jx-maven-ja-7j4s6-16[0m stage [32mfrom-build-pack[0m and container [32mstep-working-dir-initializer-mfg5r[0m
{"level":"warn","ts":1616576163.236973,"logger":"fallback-logger","caller":"logging/config.go:69","msg":"Fetch GitHub commit ID from kodata failed: open /var/run/ko/HEAD: no such file or directory"}
{"level":"info","ts":1616576163.2435794,"logger":"fallback-logger","caller":"bash/main.go:64","msg":"Successfully e**cuted command \"sh -c mkdir -p /workspace/source\"; output "}

Showing logs for build [32mentando-k8s-entando-jx-maven-ja-7j4s6-16[0m stage [32mfrom-build-pack[0m and container [32mstep-place-tools[0m

Showing logs for build [32mentando-k8s-entando-jx-maven-ja-7j4s6-16[0m stage [32mfrom-build-pack[0m and container [32mstep-git-source-entando-k8s-entando-jx-maven-ja-xwds7[0m
{"level":"warn","ts":1616576188.1471226,"logger":"fallback-logger","caller":"logging/config.go:69","msg":"Fetch GitHub commit ID from kodata failed: \"ref: refs/heads/0.8.0-**-support-backwards-incompats\" is not a valid GitHub commit ID"}
{"level":"info","ts":1616576188.753017,"logger":"fallback-logger","caller":"git/git.go:103","msg":"Successfully cloned https://github.com/entando-k8s/**********-maven-java11.git @ v0.0.75 in path /workspace/source"}

Showing logs for build [32mentando-k8s-entando-jx-maven-ja-7j4s6-16[0m stage [32mfrom-build-pack[0m and container [32mstep-git-merge[0m
Using SHAs from PULL_REFS=master:4c16fe2657d10453859769b187f2b928c3ae2cc1
WARNING: no SHAs to merge, falling back to initial cloned commit

Showing logs for build [32mentando-k8s-entando-jx-maven-ja-7j4s6-16[0m stage [32mfrom-build-pack[0m and container [32mstep-setup-jx-git-credentials[0m
Generated Git credentials file /workspace/xdg_config/git/credentials

Showing logs for build [32mentando-k8s-entando-jx-maven-ja-7j4s6-16[0m stage [32mfrom-build-pack[0m and container [32mstep-build-container-build[0m
[36mINFO[0m[0000] Downloading base image entando/**********-maven-java11-base:0.0.1 
[36mINFO[0m[0001] Error while retrieving image from cache: getting file info: stat /workspace/sha256:ab84d363fe0f54f0bf8636f0b5f564a1f6cce6cb753b65a4e6018e76509db2f6: no such file or directory 
[36mINFO[0m[0001] Downloading base image entando/entando-**-maven-java11-base:0.0.1 
[36mINFO[0m[0002] Using files from context: [/workspace/source/bin/fetch-history-by-days /workspace/source/bin/fix-git-branches /workspace/source/bin/image-info-configmap-name /workspace/source/bin/mvn-deploy-release /workspace/source/bin/mvn-verify-pr /workspace/source/bin/prepare-permissions /workspace/source/bin/publish-image-info /workspace/source/bin/publish-link /workspace/source/bin/publish-status /workspace/source/bin/run-post-deployment-tests /workspace/source/bin/skaffold-build /workspace/source/bin/update-bom /workspace/source/bin/verify-pre-deployment-build] 
[36mINFO[0m[0002] Skipping unpacking as no commands require it. 
[36mINFO[0m[0002] Taking snapshot of full file******...        
[36mINFO[0m[0002] Using files from context: [/workspace/source/bin/fetch-history-by-days /workspace/source/bin/fix-git-branches /workspace/source/bin/image-info-configmap-name /workspace/source/bin/mvn-deploy-release /workspace/source/bin/mvn-verify-pr /workspace/source/bin/prepare-permissions /workspace/source/bin/publish-image-info /workspace/source/bin/publish-link /workspace/source/bin/publish-status /workspace/source/bin/run-post-deployment-tests /workspace/source/bin/skaffold-build /workspace/source/bin/update-bom /workspace/source/bin/verify-pre-deployment-build] 
[36mINFO[0m[0002] COPY bin/* /usr/bin/                         
[36mINFO[0m[0002] Taking snapshot of files...                  
2021/03/24 08:56:34 existing blob: sha256:524b0c1e57f8ee5fee01a1decba2f301c324a6513ca3551021264e3aa7341ebc
2021/03/24 08:56:34 existing blob: sha256:a3181543eb196c7ac196ce759b509da6e5ac619fe04cd24813d3c5cb442a0587
2021/03/24 08:56:34 mounted blob: sha256:15ccafa8b4a2d119c0f26019741d65eabf9c06e27ba9d4af48d1ef3c9d39ffbe
2021/03/24 08:56:34 mounted blob: sha256:78f66b02bb9297078b7f92319a40de4b056effdd9a7991a0e9919a3584db863a
2021/03/24 08:56:34 mounted blob: sha256:6da26b4c31a9df8acd0b3dd0e78b7d451394dc571e3942fd9ce19efeee3b6ded
2021/03/24 08:56:34 mounted blob: sha256:a76d8e262c5801b5d55631da1d61f6f34eac7f90049c2422cb39787394955f62
2021/03/24 08:56:34 mounted blob: sha256:9a2df681dcc0ed551a2ffa2b6e7d97741754ee0ad4d154f1dd80545f19df2d36
2021/03/24 08:56:34 mounted blob: sha256:bcfc53bbce61fe8dd7898efe2e576cc36715b2993a102d23e9cbc7d7146afa62
2021/03/24 08:56:34 mounted blob: sha256:ae8cdae39bcade84f2550bf2cc7a55db556864de9f27db1c1815432a3b3943ad
2021/03/24 08:56:34 mounted blob: sha256:be9dc6f188a12b52cfd1a17ce4ae3213918df7c60a9435e69709a045701a97f4
2021/03/24 08:56:34 mounted blob: sha256:2a24c090a31888cd4b5d63688b6d8b937218393f0c2ff29546c7634fb768e1ce
2021/03/24 08:56:35 pushed blob: sha256:54f297d0851508e9f7e916879159d6fe29d70fa619afa5a17a02fe6fb95d1b36
2021/03/24 08:56:35 pushed blob: sha256:556e2d1c98fd03847a61752690f9e149b195c10128c8c0c357b366d1d16ef274
2021/03/24 08:56:35 index.docker.io/entando/entando-**-maven-java11:0.0.75: digest: sha256:362474ee82d67a2a59acd37332cccffff652de853b1da6391f4f7d2afafaa91e size: 2239

Showing logs for build [32mentando-k8s-entando-jx-maven-ja-7j4s6-16[0m stage [32mfrom-build-pack[0m and container [32mstep-promote-changelog[0m
Converted /workspace/source to an unshallow repository
Generating change log from git ref 06e03b5ac830de01bbabd014f9a3e071c0d74d14 => 25a0215a2c0cbf1c9bea07d63e7872aced695542
WARNING: Failed to enrich commit 4c16fe2657d10453859769b187f2b928c3ae2cc1 with issues: selected more than one user from users.jenkins.io: [ampie ampie-0]
WARNING: Failed to enrich commit 4c16fe2657d10453859769b187f2b928c3ae2cc1 with issues: selected more than one user from users.jenkins.io: [ampie ampie-0]
Finding issues in commit messages using git format
WARNING: No release found for entando-k8s/**********-maven-java11 and tag v0.0.75 so creating a new release
Updated the release information at https://github.com/entando-k8s/entando-**-maven-java11/releases/tag/v0.0.75
generated: /workspace/source/charts/entando-**-maven-java11/templates/release.yaml
Created Release **********-maven-java11-0-0-75 resource in namespace **
Updating PipelineActivity entando-k8s-**********-maven-java11-master-16 with version 0.0.75
Updated PipelineActivities entando-k8s-entando-**-maven-java11-master-16 with release notes URL: https://github.com/entando-k8s/entando-**-maven-java11/releases/tag/v0.0.75

Showing logs for build [32mentando-k8s-entando-jx-maven-ja-7j4s6-16[0m stage [32mfrom-build-pack[0m and container [32mstep-promote-apply-pod-template[0m
configmap/jenkins-x-pod-template-**********-maven configured
