
Showing logs for build [32mentando-k8s-entando-jx-maven-ja-g9f5g-4[0m stage [32mfrom-build-pack[0m and container [32mcredential-initializer[0m
{"level":"info","ts":1620913528.6455476,"caller":"creds-init/main.go:44","msg":"Credentials initialized."}

Showing logs for build [32mentando-k8s-entando-jx-maven-ja-g9f5g-4[0m stage [32mfrom-build-pack[0m and container [32mworking-dir-initializer[0m

Showing logs for build [32mentando-k8s-entando-jx-maven-ja-g9f5g-4[0m stage [32mfrom-build-pack[0m and container [32mplace-tools[0m

Showing logs for build [32mentando-k8s-entando-jx-maven-ja-g9f5g-4[0m stage [32mfrom-build-pack[0m and container [32mstep-git-source-entando-k8s-entando-jx-maven-ja-g9f5g-g5bkb[0m
{"level":"info","ts":1620913549.525591,"caller":"git/git.go:105","msg":"Successfully cloned https://github.com/entando-k8s/entando-**-maven-java11.git @ v0.0.80 in path /workspace/source"}
{"level":"warn","ts":1620913549.5258796,"caller":"git/git.go:152","msg":"Unexpected error: creating symlink: symlink /tekton/home/.ssh /****/.ssh: file exists"}
{"level":"info","ts":1620913549.6005557,"caller":"git/git.go:133","msg":"Successfully initialized and updated submodules in path /workspace/source"}

Showing logs for build [32mentando-k8s-entando-jx-maven-ja-g9f5g-4[0m stage [32mfrom-build-pack[0m and container [32mstep-setup-builder-home[0m

Showing logs for build [32mentando-k8s-entando-jx-maven-ja-g9f5g-4[0m stage [32mfrom-build-pack[0m and container [32mstep-git-merge[0m
Using SHAs from PULL_REFS=master:71ed4c6933b110e5e56b3324c90931ab51476324
WARNING: no SHAs to merge, falling back to initial cloned commit

Showing logs for build [32mentando-k8s-entando-jx-maven-ja-g9f5g-4[0m stage [32mfrom-build-pack[0m and container [32mstep-setup-jx-git-credentials[0m
Generated Git credentials file /workspace/xdg_config/git/credentials

Showing logs for build [32mentando-k8s-entando-jx-maven-ja-g9f5g-4[0m stage [32mfrom-build-pack[0m and container [32mstep-build-container-build[0m
[36mINFO[0m[0001] Retrieving image manifest entando/entando-**-maven-java11-base:0.0.1 
[36mINFO[0m[0002] Retrieving image manifest entando/entando-**-maven-java11-base:0.0.1 
[36mINFO[0m[0003] Built cross stage deps: map[]                
[36mINFO[0m[0003] Retrieving image manifest entando/entando-**-maven-java11-base:0.0.1 
[36mINFO[0m[0004] Retrieving image manifest entando/**********-maven-java11-base:0.0.1 
[36mINFO[0m[0004] E**cuting 0 build triggers                   
[36mINFO[0m[0004] Resolving srcs [bin/*]...                    
[36mINFO[0m[0004] Checking for cached layer *********/todo/cache:db2c35b2d424d0077b82fbb83f8fe7c976ee3085c26b52a1e1f8c7d3d323d61e... 
[36mINFO[0m[0005] No cached layer found for cmd COPY bin/* /usr/bin/ 
[36mINFO[0m[0005] Unpacking ****fs as cmd COPY bin/* /usr/bin/ requires it. 
[36mINFO[0m[0159] Resolving srcs [bin/*]...                    
[36mINFO[0m[0159] COPY bin/* /usr/bin/                         
[36mINFO[0m[0159] Resolving srcs [bin/*]...                    
[36mINFO[0m[0159] Resolving 13 paths                           
[36mINFO[0m[0159] Taking snapshot of files...                  
[36mINFO[0m[0159] Pushing layer *********/todo/cache:db2c35b2d424d0077b82fbb83f8fe7c976ee3085c26b52a1e1f8c7d3d323d61e to cache now 
[33mWARN[0m[0160] error uploading layer to cache: failed to push to destination *********/todo/cache:db2c35b2d424d0077b82fbb83f8fe7c976ee3085c26b52a1e1f8c7d3d323d61e: HEAD https://index.*********/v2/todo/cache/blobs/sha256:981b37ec1b949ca961866b88870cb1d020da4664d3a2f4eb8066f27f9e59dad7: unsupported status code 401 

Showing logs for build [32mentando-k8s-entando-jx-maven-ja-g9f5g-4[0m stage [32mfrom-build-pack[0m and container [32mstep-promote-changelog[0m
Converted /workspace/source to an unshallow repository
Generating change log from git ref 54efabc1a956b397b3ec5745a426f781bd080a9a => ed0733d039aff99e85dd04c7fb7e620b2e60ed06
WARNING: No release found for entando-k8s/entando-**-maven-java11 and tag v0.0.80 so creating a new release
Updated the release information at https://github.com/entando-k8s/entando-**-maven-java11/releases/tag/v0.0.80
generated: /workspace/source/charts/entando-**-maven-java11/templates/release.yaml
Created Release **********-maven-java11-0-0-80 resource in namespace **
Updating PipelineActivity entando-k8s-entando-**-maven-java11-master-4 with version 0.0.80
Updated PipelineActivities entando-k8s-entando-**-maven-java11-master-4 with release notes URL: https://github.com/entando-k8s/entando-**-maven-java11/releases/tag/v0.0.80

Showing logs for build [32mentando-k8s-entando-jx-maven-ja-g9f5g-4[0m stage [32mfrom-build-pack[0m and container [32mstep-promote-apply-pod-template[0m
configmap/jenkins-x-pod-template-entando-**-maven configured
