
Showing logs for build [32mentando-k8s-entando-jx-maven-ja-c9kdh-6[0m stage [32mfrom-build-pack[0m and container [32mcredential-initializer[0m
Unable to retrieve container logs for docker://5e5dc838d56fec41c9cd76329008076af575d5df2be547479c9b11aa58143e01

Showing logs for build [32mentando-k8s-entando-jx-maven-ja-c9kdh-6[0m stage [32mfrom-build-pack[0m and container [32mworking-dir-initializer[0m
Unable to retrieve container logs for docker://7fbb33f6edb1591886d2601a34995f71b6a3900cabbabb41900cad301044e347

Showing logs for build [32mentando-k8s-entando-jx-maven-ja-c9kdh-6[0m stage [32mfrom-build-pack[0m and container [32mplace-tools[0m
Unable to retrieve container logs for docker://425235b76be1a70f130e3add3db88f0ca2b185bc7be76f4322417895264f6f28

Showing logs for build [32mentando-k8s-entando-jx-maven-ja-c9kdh-6[0m stage [32mfrom-build-pack[0m and container [32mstep-git-source-entando-k8s-entando-jx-maven-ja-c9kdh-nj97m[0m
{"level":"info","ts":1621849948.213519,"caller":"git/git.go:105","msg":"Successfully cloned https://github.com/entando-k8s/**********-maven-java11.git @ v0.0.81 in path /workspace/source"}
{"level":"warn","ts":1621849948.213742,"caller":"git/git.go:152","msg":"Unexpected error: creating symlink: symlink /tekton/home/.ssh /****/.ssh: file exists"}
{"level":"info","ts":1621849948.2577517,"caller":"git/git.go:133","msg":"Successfully initialized and updated submodules in path /workspace/source"}

Showing logs for build [32mentando-k8s-entando-jx-maven-ja-c9kdh-6[0m stage [32mfrom-build-pack[0m and container [32mstep-setup-builder-home[0m

Showing logs for build [32mentando-k8s-entando-jx-maven-ja-c9kdh-6[0m stage [32mfrom-build-pack[0m and container [32mstep-git-merge[0m
Using SHAs from PULL_REFS=master:4a3ac323749a1808e72185e572cfec71151a46cf
WARNING: no SHAs to merge, falling back to initial cloned commit

Showing logs for build [32mentando-k8s-entando-jx-maven-ja-c9kdh-6[0m stage [32mfrom-build-pack[0m and container [32mstep-setup-jx-git-credentials[0m
Generated Git credentials file /workspace/xdg_config/git/credentials

Showing logs for build [32mentando-k8s-entando-jx-maven-ja-c9kdh-6[0m stage [32mfrom-build-pack[0m and container [32mstep-build-container-build[0m
[36mINFO[0m[0001] Retrieving image manifest entando/**********-maven-java11-base:0.0.1 
[36mINFO[0m[0003] Retrieving image manifest entando/entando-**-maven-java11-base:0.0.1 
[36mINFO[0m[0004] Built cross stage deps: map[]                
[36mINFO[0m[0004] Retrieving image manifest entando/**********-maven-java11-base:0.0.1 
[36mINFO[0m[0005] Retrieving image manifest entando/**********-maven-java11-base:0.0.1 
[36mINFO[0m[0006] E**cuting 0 build triggers                   
[36mINFO[0m[0006] Resolving srcs [bin/*]...                    
[36mINFO[0m[0006] Checking for cached layer *********/todo/cache:6070bdee7758705ed1361026c5c99b04cd897085305275f2e7241f370601f40b... 
[36mINFO[0m[0007] No cached layer found for cmd COPY bin/* /usr/bin/ 
[36mINFO[0m[0007] Unpacking ****fs as cmd COPY bin/* /usr/bin/ requires it. 
[36mINFO[0m[0211] Resolving srcs [bin/*]...                    
[36mINFO[0m[0212] COPY bin/* /usr/bin/                         
[36mINFO[0m[0212] Resolving srcs [bin/*]...                    
[36mINFO[0m[0212] Resolving 13 paths                           
[36mINFO[0m[0212] Taking snapshot of files...                  
[36mINFO[0m[0212] Pushing layer *********/todo/cache:6070bdee7758705ed1361026c5c99b04cd897085305275f2e7241f370601f40b to cache now 
[33mWARN[0m[0214] error uploading layer to cache: failed to push to destination *********/todo/cache:6070bdee7758705ed1361026c5c99b04cd897085305275f2e7241f370601f40b: HEAD https://index.*********/v2/todo/cache/blobs/sha256:2deed4170b7dfe3b8a1917d2b0ccdddf93e6c91f40e557dba5c52d60db048c99: unsupported status code 401 

Showing logs for build [32mentando-k8s-entando-jx-maven-ja-c9kdh-6[0m stage [32mfrom-build-pack[0m and container [32mstep-promote-changelog[0m
Converted /workspace/source to an unshallow repository
Generating change log from git ref ed0733d039aff99e85dd04c7fb7e620b2e60ed06 => e9b3f8429c5ae8f032955cd0301cb1529bfbf677
Associating user ampie-barnard in users.jenkins.io with email ampie.private@gmail.com to git GitProvider user with login ampie-barnard-0 as emails match
Adding label jenkins.io/git-github-userid=ampie-barnard-0 to user ampie-barnard in users.jenkins.io
Associating user ampie-barnard in users.jenkins.io with email ampie.private@gmail.com to git GitProvider user with login ampie-barnard-0 as emails match
Adding label jenkins.io/git-github-userid=ampie-barnard-0 to user ampie-barnard in users.jenkins.io
Finding issues in commit messages using git format
WARNING: No release found for entando-k8s/entando-**-maven-java11 and tag v0.0.81 so creating a new release
Updated the release information at https://github.com/entando-k8s/**********-maven-java11/releases/tag/v0.0.81
generated: /workspace/source/charts/**********-maven-java11/templates/release.yaml
Created Release entando-**-maven-java11-0-0-81 resource in namespace **
Updating PipelineActivity entando-k8s-**********-maven-java11-master-6 with version 0.0.81
Updated PipelineActivities entando-k8s-**********-maven-java11-master-6 with release notes URL: https://github.com/entando-k8s/**********-maven-java11/releases/tag/v0.0.81

Showing logs for build [32mentando-k8s-entando-jx-maven-ja-c9kdh-6[0m stage [32mfrom-build-pack[0m and container [32mstep-promote-apply-pod-template[0m
configmap/jenkins-x-pod-template-**********-maven configured
