
Showing logs for build [32mentando-k8s-entando-k8s-operato-vcbkj-1[0m stage [32mfrom-build-pack[0m and container [32mstep-credential-initializer-27fkr[0m
{"level":"warn","ts":1617013082.158044,"logger":"fallback-logger","caller":"logging/config.go:69","msg":"Fetch GitHub commit ID from kodata failed: \"ref: refs/heads/0.8.0-**-support-backwards-incompats\" is not a valid GitHub commit ID"}
{"level":"info","ts":1617013082.1698303,"logger":"fallback-logger","caller":"creds-init/main.go:40","msg":"Credentials initialized."}

Showing logs for build [32mentando-k8s-entando-k8s-operato-vcbkj-1[0m stage [32mfrom-build-pack[0m and container [32mstep-working-dir-initializer-2djcw[0m
{"level":"warn","ts":1617013085.9420118,"logger":"fallback-logger","caller":"logging/config.go:69","msg":"Fetch GitHub commit ID from kodata failed: open /var/run/ko/HEAD: no such file or directory"}
{"level":"info","ts":1617013085.9735718,"logger":"fallback-logger","caller":"bash/main.go:64","msg":"Successfully e**cuted command \"sh -c mkdir -p /workspace/source\"; output "}

Showing logs for build [32mentando-k8s-entando-k8s-operato-vcbkj-1[0m stage [32mfrom-build-pack[0m and container [32mstep-place-tools[0m

Showing logs for build [32mentando-k8s-entando-k8s-operato-vcbkj-1[0m stage [32mfrom-build-pack[0m and container [32mstep-git-source-entando-k8s-entando-k8s-operato-tbf8c[0m
{"level":"warn","ts":1617013198.2669291,"logger":"fallback-logger","caller":"logging/config.go:69","msg":"Fetch GitHub commit ID from kodata failed: \"ref: refs/heads/0.8.0-**-support-backwards-incompats\" is not a valid GitHub commit ID"}
{"level":"info","ts":1617013199.1193495,"logger":"fallback-logger","caller":"git/git.go:103","msg":"Successfully cloned https://github.com/entando-k8s/entando-k8s-operator-bundle.git @ master in path /workspace/source"}

Showing logs for build [32mentando-k8s-entando-k8s-operato-vcbkj-1[0m stage [32mfrom-build-pack[0m and container [32mstep-git-merge[0m
Using SHAs from PULL_REFS=master:b08856be4e8d3bf81174ec19c595bc293e5827c9,4:11a2912112ae9a24e463519efccb79c4d90b5ddc
DEBUG: ran git fetch --unshallow origin 11a2912112ae9a24e463519efccb79c4d90b5ddc: b08856be4e8d3bf81174ec19c595bc293e5827c9: in 
DEBUG: ran git checkout master in 
DEBUG: ran git reset --hard b08856be4e8d3bf81174ec19c595bc293e5827c9 in 
DEBUG: ran clean --force -d . in 
DEBUG: ran git merge 11a2912112ae9a24e463519efccb79c4d90b5ddc in 
Merged SHA 11a2912112ae9a24e463519efccb79c4d90b5ddc with commit message 'ENG-2068 using latest ubi images' into base branch master

Showing logs for build [32mentando-k8s-entando-k8s-operato-vcbkj-1[0m stage [32mfrom-build-pack[0m and container [32mstep-build-set-csv-version[0m
/bin/sh: line 0: export: `./set-csv-version.sh': not a valid identifier
[31m
Pipeline failed on stage 'from-build-pack' : container 'step-build-set-csv-version'. The execution of the pipeline has stopped.[0m
