
Showing logs for build [32mentando-k8s-entando-k8s-operato-v4zdr-3[0m stage [32mfrom-build-pack[0m and container [32mstep-credential-initializer-xfx5w[0m
{"level":"warn","ts":1617013904.8040612,"logger":"fallback-logger","caller":"logging/config.go:69","msg":"Fetch GitHub commit ID from kodata failed: \"ref: refs/heads/0.8.0-**-support-backwards-incompats\" is not a valid GitHub commit ID"}
{"level":"info","ts":1617013904.8124578,"logger":"fallback-logger","caller":"creds-init/main.go:40","msg":"Credentials initialized."}

Showing logs for build [32mentando-k8s-entando-k8s-operato-v4zdr-3[0m stage [32mfrom-build-pack[0m and container [32mstep-working-dir-initializer-292dl[0m
{"level":"warn","ts":1617013908.4649906,"logger":"fallback-logger","caller":"logging/config.go:69","msg":"Fetch GitHub commit ID from kodata failed: open /var/run/ko/HEAD: no such file or directory"}
{"level":"info","ts":1617013908.4730945,"logger":"fallback-logger","caller":"bash/main.go:64","msg":"Successfully e**cuted command \"sh -c mkdir -p /workspace/source\"; output "}

Showing logs for build [32mentando-k8s-entando-k8s-operato-v4zdr-3[0m stage [32mfrom-build-pack[0m and container [32mstep-place-tools[0m

Showing logs for build [32mentando-k8s-entando-k8s-operato-v4zdr-3[0m stage [32mfrom-build-pack[0m and container [32mstep-git-source-entando-k8s-entando-k8s-operato-gj6xz[0m
{"level":"warn","ts":1617013998.9914038,"logger":"fallback-logger","caller":"logging/config.go:69","msg":"Fetch GitHub commit ID from kodata failed: \"ref: refs/heads/0.8.0-**-support-backwards-incompats\" is not a valid GitHub commit ID"}
{"level":"info","ts":1617013999.6819625,"logger":"fallback-logger","caller":"git/git.go:103","msg":"Successfully cloned https://github.com/entando-k8s/entando-k8s-operator-bundle.git @ master in path /workspace/source"}

Showing logs for build [32mentando-k8s-entando-k8s-operato-v4zdr-3[0m stage [32mfrom-build-pack[0m and container [32mstep-git-merge[0m
Using SHAs from PULL_REFS=master:b08856be4e8d3bf81174ec19c595bc293e5827c9,4:e19aae1c70b5803486f4f6c4a8c98e4148cc5870
DEBUG: ran git fetch --unshallow origin e19aae1c70b5803486f4f6c4a8c98e4148cc5870: b08856be4e8d3bf81174ec19c595bc293e5827c9: in 
DEBUG: ran git checkout master in 
DEBUG: ran git reset --hard b08856be4e8d3bf81174ec19c595bc293e5827c9 in 
DEBUG: ran clean --force -d . in 
DEBUG: ran git merge e19aae1c70b5803486f4f6c4a8c98e4148cc5870 in 
Merged SHA e19aae1c70b5803486f4f6c4a8c98e4148cc5870 with commit message '#ENG-2068 fi**d PR set-version logic' into base branch master
Merged SHA e5f6e29f4fd026487d599ddb60b57868c88d796a with commit message '#ENG-2068 latest controller-coordinator' into base branch master
Merged SHA 65f3a67645df1dada5a30791dee57f56e8b1a792 with commit message '#ENG-2068 latest controller-coordinator' into base branch master
Merged SHA 11a2912112ae9a24e463519efccb79c4d90b5ddc with commit message 'ENG-2068 using latest ubi images' into base branch master

Showing logs for build [32mentando-k8s-entando-k8s-operato-v4zdr-3[0m stage [32mfrom-build-pack[0m and container [32mstep-build-set-csv-version[0m

Showing logs for build [32mentando-k8s-entando-k8s-operato-v4zdr-3[0m stage [32mfrom-build-pack[0m and container [32mstep-build-container-build[0m
This avoids unwanted kaniko command substitution
Generating tags...
 - entando/entando-k8s-operator-bundle -> docker.io/entando/entando-k8s-operator-bundle:0.0.0-SNAPSHOT-PR-4-3
Checking cache...
 - entando/entando-k8s-operator-bundle: Not found. Building
Building [entando/entando-k8s-operator-bundle]...
Sending build context to Docker daemon  141.8kB
Step 1/18 : FROM scratch
 ---> 
Step 2/18 : LABEL operators.operatorframework.io.bundle.channels.v1 alpha,beta,stable
 ---> Using cache
 ---> 1e6df440f022
Step 3/18 : LABEL operators.operatorframework.io.bundle.manifests.v1 manifests/
 ---> Using cache
 ---> a72b3d3a7acf
Step 4/18 : LABEL operators.operatorframework.io.bundle.mediatype.v1 registry+v1
 ---> Using cache
 ---> bc71fe591299
Step 5/18 : LABEL operators.operatorframework.io.bundle.metadata.v1 metadata/
 ---> Using cache
 ---> 5ea67f194590
Step 6/18 : LABEL operators.operatorframework.io.bundle.package.v1 entando-k8s-operator
 ---> Using cache
 ---> 63071b3ac151
Step 7/18 : LABEL operators.operatorframework.io.metrics.builder operator-sdk-v1.2.0
 ---> Using cache
 ---> 3d652324d90b
Step 8/18 : LABEL operators.operatorframework.io.bundle.channel.default.v1 alpha
 ---> Using cache
 ---> c51a583d4e6b
Step 9/18 : LABEL operators.operatorframework.io.metrics.mediatype.v1 metrics+v1
 ---> Using cache
 ---> 0b44808a0154
Step 10/18 : LABEL operators.operatorframework.io.metrics.project_layout helm.sdk.operatorframework.io/v1
 ---> Using cache
 ---> ea24b0a6d974
Step 11/18 : LABEL operators.operatorframework.io.test.config.v1 tests/scorecard/
 ---> Using cache
 ---> bf7c762630de
Step 12/18 : LABEL operators.operatorframework.io.test.mediatype.v1 scorecard+v1
 ---> Using cache
 ---> 775ebc5291f7
Step 13/18 : LABEL com.redhat.openshift.versions "v4.6"
 ---> Using cache
 ---> ab1dca230e12
Step 14/18 : LABEL com.redhat.delivery.operator.bundle ****
 ---> Using cache
 ---> 94f6be410142
Step 15/18 : LABEL com.redhat.delivery.backport false
 ---> Using cache
 ---> 811d4d272292
Step 16/18 : COPY manifests /manifests/
 ---> f14bdc5d8d96
Step 17/18 : COPY metadata /metadata/
 ---> c0ff87d8af15
Step 18/18 : COPY tests/scorecard /tests/scorecard/
 ---> b6ddd4ce0c45
Successfully built b6ddd4ce0c45
The push refers to a repository [docker.io/entando/entando-k8s-operator-bundle]
ba2ab262dc3b: Preparing
239f82e1a7d7: Preparing
aff9df2fce1b: Preparing
ba2ab262dc3b: Pushed
239f82e1a7d7: Pushed
aff9df2fce1b: Pushed
0.0.0-SNAPSHOT-PR-4-3: digest: sha256:1a2dd18cddb85e9ab8b70ee537c83b96c5386b2c12bc72bf500cce***c9db998 size: 940
There is a new version (1.21.0) of Skaffold available. Download it at https://storage.googleapis.com/skaffold/releases/latest/skaffold-linux-amd64


Showing logs for build [32mentando-k8s-entando-k8s-operato-v4zdr-3[0m stage [32mfrom-build-pack[0m and container [32mstep-build-verify-bundle[0m
time="2021-03-29T10:33:34Z" level=info msg="Unpacking image layers"
time="2021-03-29T10:33:34Z" level=info msg="running /usr/bin/docker pull docker.io/entando/entando-k8s-operator-bundle:0.0.0-SNAPSHOT-PR-4-3"
time="2021-03-29T10:33:35Z" level=info msg="running docker create"
time="2021-03-29T10:33:35Z" level=info msg="running docker cp"
time="2021-03-29T10:33:35Z" level=info msg="running docker rm"
time="2021-03-29T10:33:35Z" level=info msg="Found annotations file" bundle-dir=/tmp/bundle-300384093 container-tool=docker
time="2021-03-29T10:33:35Z" level=info msg="Could not find optional dependencies file" bundle-dir=/tmp/bundle-300384093 container-tool=docker
time="2021-03-29T10:33:36Z" level=info msg="All validation tests have completed successfully"
