
Showing logs for build [32mentando-k8s-environment-entando-vfl6r-1[0m stage [32mfrom-build-pack[0m and container [32mstep-credential-initializer-fcvtp[0m
{"level":"warn","ts":1616596122.5388775,"logger":"fallback-logger","caller":"logging/config.go:69","msg":"Fetch GitHub commit ID from kodata failed: \"ref: refs/heads/0.8.0-**-support-backwards-incompats\" is not a valid GitHub commit ID"}
{"level":"info","ts":1616596122.5469227,"logger":"fallback-logger","caller":"creds-init/main.go:40","msg":"Credentials initialized."}

Showing logs for build [32mentando-k8s-environment-entando-vfl6r-1[0m stage [32mfrom-build-pack[0m and container [32mstep-working-dir-initializer-dfzdd[0m
{"level":"warn","ts":1616596124.5701575,"logger":"fallback-logger","caller":"logging/config.go:69","msg":"Fetch GitHub commit ID from kodata failed: open /var/run/ko/HEAD: no such file or directory"}
{"level":"info","ts":1616596124.5777392,"logger":"fallback-logger","caller":"bash/main.go:64","msg":"Successfully e**cuted command \"sh -c mkdir -p /workspace/source\"; output "}

Showing logs for build [32mentando-k8s-environment-entando-vfl6r-1[0m stage [32mfrom-build-pack[0m and container [32mstep-place-tools[0m

Showing logs for build [32mentando-k8s-environment-entando-vfl6r-1[0m stage [32mfrom-build-pack[0m and container [32mstep-git-source-entando-k8s-environment-entando-j7r6p[0m
{"level":"warn","ts":1616596200.8461788,"logger":"fallback-logger","caller":"logging/config.go:69","msg":"Fetch GitHub commit ID from kodata failed: \"ref: refs/heads/0.8.0-**-support-backwards-incompats\" is not a valid GitHub commit ID"}
{"level":"info","ts":1616596202.241046,"logger":"fallback-logger","caller":"git/git.go:103","msg":"Successfully cloned https://github.com/entando-k8s/environment-**********-staging.git @ master in path /workspace/source"}

Showing logs for build [32mentando-k8s-environment-entando-vfl6r-1[0m stage [32mfrom-build-pack[0m and container [32mstep-git-merge[0m
Using SHAs from PULL_REFS=master:f045dd3098e0286590c7d2af69c80b014d00ae37,142:e4a67d0d749b1eded8e7b44b14b39e100ab59b12
DEBUG: ran git fetch --unshallow origin e4a67d0d749b1eded8e7b44b14b39e100ab59b12: f045dd3098e0286590c7d2af69c80b014d00ae37: in 
DEBUG: ran git checkout master in 
DEBUG: ran git reset --hard f045dd3098e0286590c7d2af69c80b014d00ae37 in 
DEBUG: ran clean --force -d . in 
DEBUG: ran git merge e4a67d0d749b1eded8e7b44b14b39e100ab59b12 in 
Merged SHA e4a67d0d749b1eded8e7b44b14b39e100ab59b12 with commit message 'chore: Promote entando-k8s-controller-coordinator to version 6.3.7' into base branch master

Showing logs for build [32mentando-k8s-environment-entando-vfl6r-1[0m stage [32mfrom-build-pack[0m and container [32mstep-build-helm-build[0m
WARNING: No $CHART_REPOSITORY defined so using the default value of: http://jenkins-x-chartmuseum:8080
Adding missing Helm repo: storage.googleapis.com https://storage.googleapis.com/chartmuseum.jenkins-x.io
error: failed to add chart repositories: failed to add the Helm repository with URL 'https://storage.googleapis.com/chartmuseum.jenkins-x.io': failed to add the repository 'storage.googleapis.com' with URL 'https://storage.googleapis.com/chartmuseum.jenkins-x.io': failed to run 'helm repo add storage.googleapis.com https://storage.googleapis.com/chartmuseum.jenkins-x.io' command in directory '.', output: 'Error: Couldn't load repositories file (/builder/home/.helm/repository/repositories.yaml).
You might need to run `helm init` (or `helm init --client-only` if tiller is already installed)'
[31m
Pipeline failed on stage 'from-build-pack' : container 'step-build-helm-build'. The execution of the pipeline has stopped.[0m
