
Showing logs for build [32mmeta-entando-k8s-entando-quarku-9jhkc-1[0m stage [32mmeta-pipeline[0m and container [32mcredential-initializer[0m
{"level":"info","ts":1621351074.4584625,"caller":"creds-init/main.go:44","msg":"Credentials initialized."}

Showing logs for build [32mmeta-entando-k8s-entando-quarku-9jhkc-1[0m stage [32mmeta-pipeline[0m and container [32mworking-dir-initializer[0m

Showing logs for build [32mmeta-entando-k8s-entando-quarku-9jhkc-1[0m stage [32mmeta-pipeline[0m and container [32mplace-tools[0m

Showing logs for build [32mmeta-entando-k8s-entando-quarku-9jhkc-1[0m stage [32mmeta-pipeline[0m and container [32mstep-git-source-meta-entando-k8s-entando-quarku-9jhkc-dmqrm[0m
{"level":"info","ts":1621351093.0471904,"caller":"git/git.go:105","msg":"Successfully cloned https://github.com/entando-k8s/entando-quarkus-parent.git @ 32c3d4395f35897be4bafc74eff20d259ec6aaa9 in path /workspace/source"}
{"level":"warn","ts":1621351093.0473595,"caller":"git/git.go:152","msg":"Unexpected error: creating symlink: symlink /tekton/home/.ssh /****/.ssh: file exists"}
{"level":"info","ts":1621351093.1389835,"caller":"git/git.go:133","msg":"Successfully initialized and updated submodules in path /workspace/source"}

Showing logs for build [32mmeta-entando-k8s-entando-quarku-9jhkc-1[0m stage [32mmeta-pipeline[0m and container [32mstep-git-merge[0m
Using SHAs from PULL_REFS=master:32c3d4395f35897be4bafc74eff20d259ec6aaa9,3:1b020461bf8edeef32fd51cf44cd61fe0b32b79e
DEBUG: LC_ALL=C JX_LOG_LEVEL=error git fetch origin --unshallow 1b020461bf8edeef32fd51cf44cd61fe0b32b79e: 32c3d4395f35897be4bafc74eff20d259ec6aaa9:
DEBUG: ran git fetch --unshallow origin 1b020461bf8edeef32fd51cf44cd61fe0b32b79e: 32c3d4395f35897be4bafc74eff20d259ec6aaa9: in 
DEBUG: LC_ALL=C JX_LOG_LEVEL=error git branch
DEBUG: JX_LOG_LEVEL=error LC_ALL=C git checkout master
DEBUG: ran git checkout master in 
DEBUG: LC_ALL=C JX_LOG_LEVEL=error git reset --hard 32c3d4395f35897be4bafc74eff20d259ec6aaa9
DEBUG: ran git reset --hard 32c3d4395f35897be4bafc74eff20d259ec6aaa9 in 
DEBUG: LC_ALL=C JX_LOG_LEVEL=error git clean -fd .
DEBUG: ran clean --force -d . in 
DEBUG: JX_LOG_LEVEL=error LC_ALL=C git merge 1b020461bf8edeef32fd51cf44cd61fe0b32b79e
DEBUG: ran git merge 1b020461bf8edeef32fd51cf44cd61fe0b32b79e in 
DEBUG: LC_ALL=C JX_LOG_LEVEL=error git log --format=%H%x1f%an%x1f%ae%x1f%cn%x1f%ce%x1f%s%n%b%x1e 32c3d4395f35897be4bafc74eff20d259ec6aaa9..HEAD
Merged SHA 1b020461bf8edeef32fd51cf44cd61fe0b32b79e with commit message '#ENG-2284 quarkus upgrade' into base branch master

Showing logs for build [32mmeta-entando-k8s-entando-quarku-9jhkc-1[0m stage [32mmeta-pipeline[0m and container [32mstep-merge-pull-refs[0m
DEBUG: LC_ALL=C JX_LOG_LEVEL=error git fetch origin --unshallow 1b020461bf8edeef32fd51cf44cd61fe0b32b79e: 32c3d4395f35897be4bafc74eff20d259ec6aaa9:
DEBUG: LC_ALL=C JX_LOG_LEVEL=error git fetch origin 1b020461bf8edeef32fd51cf44cd61fe0b32b79e: 32c3d4395f35897be4bafc74eff20d259ec6aaa9:
DEBUG: ran git fetch origin 1b020461bf8edeef32fd51cf44cd61fe0b32b79e: 32c3d4395f35897be4bafc74eff20d259ec6aaa9: in 
DEBUG: LC_ALL=C JX_LOG_LEVEL=error git rev-parse --is-shallow-repository
DEBUG: Unshallowed git repo in 
DEBUG: JX_LOG_LEVEL=error LC_ALL=C git branch
DEBUG: LC_ALL=C JX_LOG_LEVEL=error git checkout master
DEBUG: ran git checkout master in 
DEBUG: LC_ALL=C JX_LOG_LEVEL=error git reset --hard 32c3d4395f35897be4bafc74eff20d259ec6aaa9
DEBUG: ran git reset --hard 32c3d4395f35897be4bafc74eff20d259ec6aaa9 in 
DEBUG: JX_LOG_LEVEL=error LC_ALL=C git clean -fd .
DEBUG: ran clean --force -d . in 
DEBUG: LC_ALL=C JX_LOG_LEVEL=error git merge 1b020461bf8edeef32fd51cf44cd61fe0b32b79e
DEBUG: ran git merge 1b020461bf8edeef32fd51cf44cd61fe0b32b79e in 
DEBUG: LC_ALL=C JX_LOG_LEVEL=error git log --format=%H%x1f%an%x1f%ae%x1f%cn%x1f%ce%x1f%s%n%b%x1e 32c3d4395f35897be4bafc74eff20d259ec6aaa9..HEAD
Merged SHA 1b020461bf8edeef32fd51cf44cd61fe0b32b79e with commit message '#ENG-2284 quarkus upgrade' into base branch master

Showing logs for build [32mmeta-entando-k8s-entando-quarku-9jhkc-1[0m stage [32mmeta-pipeline[0m and container [32mstep-create-effective-pipeline[0m
error: no build pack for entando-maven-lib exists at directory /tekton/home/.**/draft/packs/github.com/jenkins-x-buildpacks/jenkins-x-kubernetes/packs/entando-maven-lib
[31m
Pipeline failed on stage 'meta-pipeline' : container 'step-create-effective-pipeline'. The execution of the pipeline has stopped.[0m
