
Showing logs for build [32mentando-k8s-entando-quarkus-par-z28zx-2[0m stage [32mfrom-build-pack[0m and container [32mcredential-initializer[0m
{"level":"info","ts":1621351261.1229033,"caller":"creds-init/main.go:44","msg":"Credentials initialized."}

Showing logs for build [32mentando-k8s-entando-quarkus-par-z28zx-2[0m stage [32mfrom-build-pack[0m and container [32mworking-dir-initializer[0m

Showing logs for build [32mentando-k8s-entando-quarkus-par-z28zx-2[0m stage [32mfrom-build-pack[0m and container [32mplace-tools[0m

Showing logs for build [32mentando-k8s-entando-quarkus-par-z28zx-2[0m stage [32mfrom-build-pack[0m and container [32mstep-git-source-entando-k8s-entando-quarkus-par-z28zx-nxllt[0m
{"level":"info","ts":1621351365.8419318,"caller":"git/git.go:105","msg":"Successfully cloned https://github.com/entando-k8s/entando-quarkus-parent.git @ master in path /workspace/source"}
{"level":"warn","ts":1621351365.842275,"caller":"git/git.go:152","msg":"Unexpected error: creating symlink: symlink /tekton/home/.ssh /****/.ssh: file exists"}
{"level":"info","ts":1621351365.911933,"caller":"git/git.go:133","msg":"Successfully initialized and updated submodules in path /workspace/source"}

Showing logs for build [32mentando-k8s-entando-quarkus-par-z28zx-2[0m stage [32mfrom-build-pack[0m and container [32mstep-setup-builder-home[0m

Showing logs for build [32mentando-k8s-entando-quarkus-par-z28zx-2[0m stage [32mfrom-build-pack[0m and container [32mstep-git-merge[0m
Using SHAs from PULL_REFS=master:32c3d4395f35897be4bafc74eff20d259ec6aaa9,3:2c133c7616e78b0b23ed3c64de6469d08c02e137
DEBUG: LC_ALL=C JX_LOG_LEVEL=error git fetch origin --unshallow 2c133c7616e78b0b23ed3c64de6469d08c02e137: 32c3d4395f35897be4bafc74eff20d259ec6aaa9:
DEBUG: ran git fetch --unshallow origin 2c133c7616e78b0b23ed3c64de6469d08c02e137: 32c3d4395f35897be4bafc74eff20d259ec6aaa9: in 
DEBUG: LC_ALL=C JX_LOG_LEVEL=error git branch
DEBUG: LC_ALL=C JX_LOG_LEVEL=error git checkout master
DEBUG: ran git checkout master in 
DEBUG: LC_ALL=C JX_LOG_LEVEL=error git reset --hard 32c3d4395f35897be4bafc74eff20d259ec6aaa9
DEBUG: ran git reset --hard 32c3d4395f35897be4bafc74eff20d259ec6aaa9 in 
DEBUG: LC_ALL=C JX_LOG_LEVEL=error git clean -fd .
DEBUG: ran clean --force -d . in 
DEBUG: LC_ALL=C JX_LOG_LEVEL=error git merge 2c133c7616e78b0b23ed3c64de6469d08c02e137
DEBUG: ran git merge 2c133c7616e78b0b23ed3c64de6469d08c02e137 in 
DEBUG: LC_ALL=C JX_LOG_LEVEL=error git log --format=%H%x1f%an%x1f%ae%x1f%cn%x1f%ce%x1f%s%n%b%x1e 32c3d4395f35897be4bafc74eff20d259ec6aaa9..HEAD
Merged SHA 2c133c7616e78b0b23ed3c64de6469d08c02e137 with commit message '#ENG-2284 added buildpack url' into base branch master
Merged SHA 1b020461bf8edeef32fd51cf44cd61fe0b32b79e with commit message '#ENG-2284 quarkus upgrade' into base branch master

Showing logs for build [32mentando-k8s-entando-quarkus-par-z28zx-2[0m stage [32mfrom-build-pack[0m and container [32mstep-build-set-version[0m
Picked up _JAVA_OPTIONS: -XX:+UnlockExperimentalVMOptions -Dsun.zip.disableMemoryMapping=**** -XX:+UseParallelGC -XX:MinHeapFreeRatio=5 -XX:MaxHeapFreeRatio=10 -XX:GCTimeRatio=4 -XX:AdaptiveSizePolicyWeight=90 -Xms10m -Xmx8000m
[INFO] Scanning for projects...
[INFO] 
[INFO] -----------------< org.entando:entando-quarkus-parent >-----------------
[INFO] Building Entando Quarkus Parent POM 6.3.0-SNAPSHOT
[INFO] --------------------------------[ pom ]---------------------------------
[INFO] 
[INFO] --- versions-maven-plugin:2.8.1:set (default-cli) @ entando-quarkus-parent ---
[INFO] Local aggregation ****: /workspace/source
[INFO] Processing change of org.entando:entando-quarkus-parent:6.3.0-SNAPSHOT -> 0.0.0-SNAPSHOT-PR-3-2
[INFO] Processing org.entando:entando-quarkus-parent
[INFO]     Updating project org.entando:entando-quarkus-parent
[INFO]         from version 6.3.0-SNAPSHOT to 0.0.0-SNAPSHOT-PR-3-2
[INFO] 
[INFO] ------------------------------------------------------------------------
[INFO] BUILD SUCCESS
[INFO] ------------------------------------------------------------------------
[INFO] Total time:  11.073 s
[INFO] Finished at: 2021-05-18T15:23:01Z
[INFO] ------------------------------------------------------------------------

Showing logs for build [32mentando-k8s-entando-quarkus-par-z28zx-2[0m stage [32mfrom-build-pack[0m and container [32mstep-build-mvn-verify[0m
Picked up _JAVA_OPTIONS: -XX:+UnlockExperimentalVMOptions -Dsun.zip.disableMemoryMapping=**** -XX:+UseParallelGC -XX:MinHeapFreeRatio=5 -XX:MaxHeapFreeRatio=10 -XX:GCTimeRatio=4 -XX:AdaptiveSizePolicyWeight=90 -Xms10m -Xmx8000m
[INFO] Scanning for projects...
[INFO] 
[INFO] -----------------< org.entando:entando-quarkus-parent >-----------------
[INFO] Building Entando Quarkus Parent POM 0.0.0-SNAPSHOT-PR-3-2
[INFO] --------------------------------[ pom ]---------------------------------
[INFO] 
[INFO] --- maven-clean-plugin:2.5:clean (default-clean) @ entando-quarkus-parent ---
[INFO] 
[INFO] --- maven-surefire-report-plugin:3.0.0-M4:failsafe-report-only (integration-tests) @ entando-quarkus-parent ---
[INFO] 
[INFO] --- maven-surefire-report-plugin:3.0.0-M4:report-only (unit-tests) @ entando-quarkus-parent ---
[WARNING] Unable to locate Test Source XRef to link to - DISABLED
[INFO] ------------------------------------------------------------------------
[INFO] BUILD SUCCESS
[INFO] ------------------------------------------------------------------------
[INFO] Total time:  3.823 s
[INFO] Finished at: 2021-05-18T15:23:07Z
[INFO] ------------------------------------------------------------------------
