
Showing logs for build [32mentando-k8s-entando-component-m-w8b48-2[0m stage [32mfrom-build-pack[0m and container [32mstep-credential-initializer-d279c[0m
Unable to retrieve container logs for docker://322bd7d72693484482315b8fedbcaa4f56aa4efac5a3975a46479c9b4ac80c4e

Showing logs for build [32mentando-k8s-entando-component-m-w8b48-2[0m stage [32mfrom-build-pack[0m and container [32mstep-working-dir-initializer-hcrw4[0m
Unable to retrieve container logs for docker://96e782ff57690057b8ec39555c07145bb07f3b290199717f8c1be370d085352c

Showing logs for build [32mentando-k8s-entando-component-m-w8b48-2[0m stage [32mfrom-build-pack[0m and container [32mstep-place-tools[0m
Unable to retrieve container logs for docker://d1713a04fbb25b31e8c0ca1c89503848a6f35f02a2c7d64ff3cc66fde4ec053e

Showing logs for build [32mentando-k8s-entando-component-m-w8b48-2[0m stage [32mfrom-build-pack[0m and container [32mstep-git-source-entando-k8s-entando-component-m-vxqqg[0m
Unable to retrieve container logs for docker://30e1a298d9954641b825170b9feee11b99184f5df1632f01abe159efc3bafd02

Showing logs for build [32mentando-k8s-entando-component-m-w8b48-2[0m stage [32mfrom-build-pack[0m and container [32mstep-git-merge[0m
Unable to retrieve container logs for docker://cb1da3ddb82af0581f4028196c55af0a32a13759db72457409cb62469556a77e

Showing logs for build [32mentando-k8s-entando-component-m-w8b48-2[0m stage [32mfrom-build-pack[0m and container [32mstep-build-set-version[0m
Unable to retrieve container logs for docker://c2e7f4e8a95efd7267998af1c071b839cb43748bb7f72450c3e73e4581027a62

Showing logs for build [32mentando-k8s-entando-component-m-w8b48-2[0m stage [32mfrom-build-pack[0m and container [32mstep-build-fix-git-for-sonar[0m
Unable to retrieve container logs for docker://613e3199a194d945b26334b092844a1498d05c4899144b041af5a06ba0631356

Showing logs for build [32mentando-k8s-entando-component-m-w8b48-2[0m stage [32mfrom-build-pack[0m and container [32mstep-build-mvn-verify-pr[0m
Unable to retrieve container logs for docker://cad1bc76a043787235eee1ddd6f9b4374d85deb4e4395f12408dc4c7a14d2816

Showing logs for build [32mentando-k8s-entando-component-m-w8b48-2[0m stage [32mfrom-build-pack[0m and container [32mstep-build-container-build[0m
Unable to retrieve container logs for docker://0d63e65af3a51c26db99732d04fdd54461803a8d997ec901377cdf7a4d08b764

Showing logs for build [32mentando-k8s-entando-component-m-w8b48-2[0m stage [32mfrom-build-pack[0m and container [32mstep-postbuild-post-build[0m
Unable to retrieve container logs for docker://e8c1ec6b2018472a3b5388920ef48e79b0ff277e2f95120e5dd5128cd7ba947c

Showing logs for build [32mentando-k8s-entando-component-m-w8b48-2[0m stage [32mfrom-build-pack[0m and container [32mstep-promote-make-preview[0m
Unable to retrieve container logs for docker://9b44cc5a99568e1bbf0f1c7f2be2e562c4151ff57b53240b961bd06bdc835c2e

Showing logs for build [32mentando-k8s-entando-component-m-w8b48-2[0m stage [32mfrom-build-pack[0m and container [32mstep-promote-jx-preview[0m
Unable to retrieve container logs for docker://1cf6f3b7f1206f59545b075441a6292c5923807c0ae1cb3a6d4fe87edf6b684a

Showing logs for build [32mentando-k8s-entando-component-m-w8b48-2[0m stage [32mfrom-build-pack[0m and container [32mstep-promote-run-post-deployment-tests[0m
Unable to retrieve container logs for docker://afd4e1d02c595d2069613825c95bd42517d5574aba8302615b37455b73b60c54
