
Showing logs for build [32mentando-k8s-entando-component-m-9wclh-3[0m stage [32mfrom-build-pack[0m and container [32mstep-credential-initializer-b2hbh[0m
Unable to retrieve container logs for docker://1cdb4350d11f6756c348955c4f60cc3e4915548d9c12ab69086f0c747979f449

Showing logs for build [32mentando-k8s-entando-component-m-9wclh-3[0m stage [32mfrom-build-pack[0m and container [32mstep-working-dir-initializer-w8xlp[0m
Unable to retrieve container logs for docker://acf95005e64ae60715928b9d3aa02fc79572a229b279372138a9b80681664be8

Showing logs for build [32mentando-k8s-entando-component-m-9wclh-3[0m stage [32mfrom-build-pack[0m and container [32mstep-place-tools[0m
Unable to retrieve container logs for docker://c60ca61dd21b4f76f07e22e67c10af5165e23a9810a31401c153965a8dcf7558

Showing logs for build [32mentando-k8s-entando-component-m-9wclh-3[0m stage [32mfrom-build-pack[0m and container [32mstep-git-source-entando-k8s-entando-component-m-9x2mj[0m
Unable to retrieve container logs for docker://6f589331a300dc33acb11ba5001fb2485f2708e7f72b281487927ebab180883e

Showing logs for build [32mentando-k8s-entando-component-m-9wclh-3[0m stage [32mfrom-build-pack[0m and container [32mstep-git-merge[0m
Unable to retrieve container logs for docker://4b6c629ce80b824e627c302244464237b426a22fcddf4b0d408726d9eb352e19

Showing logs for build [32mentando-k8s-entando-component-m-9wclh-3[0m stage [32mfrom-build-pack[0m and container [32mstep-build-set-version[0m
Unable to retrieve container logs for docker://2a0bb0f553e310443bc56d75d02cd841591f0d56e43a734905bb6f28727dd110

Showing logs for build [32mentando-k8s-entando-component-m-9wclh-3[0m stage [32mfrom-build-pack[0m and container [32mstep-build-fix-git-for-sonar[0m
Unable to retrieve container logs for docker://76c1a0368a7de065f427f1cb96d6c1420c96308096fe5a1c6d46078875da9969

Showing logs for build [32mentando-k8s-entando-component-m-9wclh-3[0m stage [32mfrom-build-pack[0m and container [32mstep-build-mvn-verify-pr[0m
Unable to retrieve container logs for docker://c771419e2c8214343b22c5a37e4cc13dbb66b9cc2db7c46cc9a69e65966cfc14

Showing logs for build [32mentando-k8s-entando-component-m-9wclh-3[0m stage [32mfrom-build-pack[0m and container [32mstep-build-container-build[0m
Unable to retrieve container logs for docker://d94550***a0fb216eaf40319a637487b8b0b0bcf6427a73e6762a96392bdc132

Showing logs for build [32mentando-k8s-entando-component-m-9wclh-3[0m stage [32mfrom-build-pack[0m and container [32mstep-postbuild-post-build[0m
Unable to retrieve container logs for docker://a9632d67958317440b61ed6f68fa2451f5cafb639cc72c1153d97509a3bbfd2f

Showing logs for build [32mentando-k8s-entando-component-m-9wclh-3[0m stage [32mfrom-build-pack[0m and container [32mstep-promote-make-preview[0m
Unable to retrieve container logs for docker://7215a731308494553f371419a97c8a319913ff2ac13ff52f7c8c9a2685f9cc69

Showing logs for build [32mentando-k8s-entando-component-m-9wclh-3[0m stage [32mfrom-build-pack[0m and container [32mstep-promote-jx-preview[0m
Unable to retrieve container logs for docker://f6ae1b3483f9643b471e466779c7421776360889085f91132fef9703ab0bbf09

Showing logs for build [32mentando-k8s-entando-component-m-9wclh-3[0m stage [32mfrom-build-pack[0m and container [32mstep-promote-run-post-deployment-tests[0m
Unable to retrieve container logs for docker://ea6b13dc770e0160c4f986f51b4b4f6c03d6a32fa1f2b936f0a60081d9a37a2d
