
Showing logs for build [32mentando-k8s-entando-component-m-cmdmn-4[0m stage [32mfrom-build-pack[0m and container [32mstep-credential-initializer-f242z[0m
{"level":"warn","ts":1616582579.3400195,"logger":"fallback-logger","caller":"logging/config.go:69","msg":"Fetch GitHub commit ID from kodata failed: \"ref: refs/heads/0.8.0-**-support-backwards-incompats\" is not a valid GitHub commit ID"}
{"level":"info","ts":1616582579.3485248,"logger":"fallback-logger","caller":"creds-init/main.go:40","msg":"Credentials initialized."}

Showing logs for build [32mentando-k8s-entando-component-m-cmdmn-4[0m stage [32mfrom-build-pack[0m and container [32mstep-working-dir-initializer-jxztj[0m
{"level":"warn","ts":1616582585.6882424,"logger":"fallback-logger","caller":"logging/config.go:69","msg":"Fetch GitHub commit ID from kodata failed: open /var/run/ko/HEAD: no such file or directory"}
{"level":"info","ts":1616582585.9244542,"logger":"fallback-logger","caller":"bash/main.go:64","msg":"Successfully e**cuted command \"sh -c mkdir -p /workspace/source\"; output "}

Showing logs for build [32mentando-k8s-entando-component-m-cmdmn-4[0m stage [32mfrom-build-pack[0m and container [32mstep-place-tools[0m

Showing logs for build [32mentando-k8s-entando-component-m-cmdmn-4[0m stage [32mfrom-build-pack[0m and container [32mstep-git-source-entando-k8s-entando-component-m-d9pz8[0m
{"level":"warn","ts":1616582606.9436386,"logger":"fallback-logger","caller":"logging/config.go:69","msg":"Fetch GitHub commit ID from kodata failed: \"ref: refs/heads/0.8.0-**-support-backwards-incompats\" is not a valid GitHub commit ID"}
{"level":"info","ts":1616582608.0866425,"logger":"fallback-logger","caller":"git/git.go:103","msg":"Successfully cloned https://github.com/entando-k8s/entando-component-manager.git @ master in path /workspace/source"}

Showing logs for build [32mentando-k8s-entando-component-m-cmdmn-4[0m stage [32mfrom-build-pack[0m and container [32mstep-git-merge[0m
Using SHAs from PULL_REFS=master:4734791d7be26bbe864db30c503dcdd30cedda2c,111:141b70c103756e57f17a632fbc0426ae0b70ce9a
DEBUG: ran git fetch --unshallow origin 141b70c103756e57f17a632fbc0426ae0b70ce9a: 4734791d7be26bbe864db30c503dcdd30cedda2c: in 
DEBUG: ran git checkout master in 
DEBUG: ran git reset --hard 4734791d7be26bbe864db30c503dcdd30cedda2c in 
DEBUG: ran clean --force -d . in 
DEBUG: ran git merge 141b70c103756e57f17a632fbc0426ae0b70ce9a in 
Merged SHA 4a3c1bb***2ef2c1cfc51eed64db0bb377200fad with commit message 'Merge commit '141b70c103756e57f17a632fbc0426ae0b70ce9a'' into base branch master
Merged SHA 141b70c103756e57f17a632fbc0426ae0b70ce9a with commit message '#ENG-2058 install with InstallPlan' into base branch master
Merged SHA 2148bfe8f311a47c68c6b8c73d1febde897c6819 with commit message '#ENG-2058 previous API deprecation and adaptation to the new flow' into base branch master
Merged SHA 130a057cd407e1784e93cf62b79225d333132640 with commit message '#ENG-2010 - parent pom bump - fabric8 explicit dependencies' into base branch master
Merged SHA 9359717a4cb019a1823b7dc6a2cdf0e8f3231fcf with commit message 'ENG-2010 install plan introduction' into base branch master
Merged SHA 145371c87c16e224c37ae0fbb6b4368d0f376c17 with commit message 'ENG-2010 bundle analysis report format update' into base branch master

Showing logs for build [32mentando-k8s-entando-component-m-cmdmn-4[0m stage [32mfrom-build-pack[0m and container [32mstep-build-set-version[0m
Picked up _JAVA_OPTIONS: -XX:+UnlockExperimentalVMOptions -Dsun.zip.disableMemoryMapping=**** -XX:+UseParallelGC -XX:MinHeapFreeRatio=5 -XX:MaxHeapFreeRatio=10 -XX:GCTimeRatio=4 -XX:AdaptiveSizePolicyWeight=90 -Xms1000m -Xmx12000m
[INFO] Scanning for projects...
[INFO] 
[INFO] ---------------< org.entando:entando-component-manager >----------------
[INFO] Building Entando Component Manager 6.3.0-SNAPSHOT
[INFO] --------------------------------[ jar ]---------------------------------
[INFO] 
[INFO] --- versions-maven-plugin:2.8.1:set (default-cli) @ entando-component-manager ---
[INFO] Local aggregation ****: /workspace/source
[INFO] Processing change of org.entando:entando-component-manager:6.3.0-SNAPSHOT -> 0.0.0-SNAPSHOT-PR-111-4
[INFO] Processing org.entando:entando-component-manager
[INFO]     Updating project org.entando:entando-component-manager
[INFO]         from version 6.3.0-SNAPSHOT to 0.0.0-SNAPSHOT-PR-111-4
[INFO] 
[INFO] ------------------------------------------------------------------------
[INFO] BUILD SUCCESS
[INFO] ------------------------------------------------------------------------
[INFO] Total time:  11.488 s
[INFO] Finished at: 2021-03-24T10:43:46Z
[INFO] ------------------------------------------------------------------------

Showing logs for build [32mentando-k8s-entando-component-m-cmdmn-4[0m stage [32mfrom-build-pack[0m and container [32mstep-build-fix-git-for-sonar[0m
error: Your local changes to the following files would be overwritten by checkout:
	pom.xml
Please commit your changes or stash them before you switch branches.
Aborting
error: Cannot delete branch 'master' checked out at '/workspace/source'
fatal: Refusing to fetch into current branch refs/heads/master of non-bare repository
[31m
Pipeline failed on stage 'from-build-pack' : container 'step-build-fix-git-for-sonar'. The execution of the pipeline has stopped.[0m
