
Showing logs for build [32mentando-k8s-entando-component-m-csqdz-5[0m stage [32mfrom-build-pack[0m and container [32mstep-credential-initializer-vbxpk[0m
{"level":"warn","ts":1616601635.3099775,"logger":"fallback-logger","caller":"logging/config.go:69","msg":"Fetch GitHub commit ID from kodata failed: \"ref: refs/heads/0.8.0-**-support-backwards-incompats\" is not a valid GitHub commit ID"}
{"level":"info","ts":1616601635.3270628,"logger":"fallback-logger","caller":"creds-init/main.go:40","msg":"Credentials initialized."}

Showing logs for build [32mentando-k8s-entando-component-m-csqdz-5[0m stage [32mfrom-build-pack[0m and container [32mstep-working-dir-initializer-wmxm7[0m
{"level":"warn","ts":1616601640.8742168,"logger":"fallback-logger","caller":"logging/config.go:69","msg":"Fetch GitHub commit ID from kodata failed: open /var/run/ko/HEAD: no such file or directory"}
{"level":"info","ts":1616601640.9042394,"logger":"fallback-logger","caller":"bash/main.go:64","msg":"Successfully e**cuted command \"sh -c mkdir -p /workspace/source\"; output "}

Showing logs for build [32mentando-k8s-entando-component-m-csqdz-5[0m stage [32mfrom-build-pack[0m and container [32mstep-place-tools[0m

Showing logs for build [32mentando-k8s-entando-component-m-csqdz-5[0m stage [32mfrom-build-pack[0m and container [32mstep-git-source-entando-k8s-entando-component-m-2kmnc[0m
{"level":"warn","ts":1616601669.5918,"logger":"fallback-logger","caller":"logging/config.go:69","msg":"Fetch GitHub commit ID from kodata failed: \"ref: refs/heads/0.8.0-**-support-backwards-incompats\" is not a valid GitHub commit ID"}
{"level":"info","ts":1616601670.99001,"logger":"fallback-logger","caller":"git/git.go:103","msg":"Successfully cloned https://github.com/entando-k8s/entando-component-manager.git @ master in path /workspace/source"}

Showing logs for build [32mentando-k8s-entando-component-m-csqdz-5[0m stage [32mfrom-build-pack[0m and container [32mstep-git-merge[0m
Using SHAs from PULL_REFS=master:08d71185b7707bcd8f46978cbe5ab74e2b7552be,111:4ff108b963299c22cc2a2f59df06bac874e88842
DEBUG: ran git fetch --unshallow origin 4ff108b963299c22cc2a2f59df06bac874e88842: 08d71185b7707bcd8f46978cbe5ab74e2b7552be: in 
DEBUG: ran git checkout master in 
DEBUG: ran git reset --hard 08d71185b7707bcd8f46978cbe5ab74e2b7552be in 
DEBUG: ran clean --force -d . in 
DEBUG: ran git merge 4ff108b963299c22cc2a2f59df06bac874e88842 in 
Merged SHA c5d020f1a412f4cc27655a81141b41e054db1dc1 with commit message 'Merge commit '4ff108b963299c22cc2a2f59df06bac874e88842'' into base branch master
Merged SHA 4ff108b963299c22cc2a2f59df06bac874e88842 with commit message 'ENG-2058 new install flow entirely on installplans endpoint (POST, PUT, GET)' into base branch master
Merged SHA 141b70c103756e57f17a632fbc0426ae0b70ce9a with commit message '#ENG-2058 install with InstallPlan' into base branch master
Merged SHA 2148bfe8f311a47c68c6b8c73d1febde897c6819 with commit message '#ENG-2058 previous API deprecation and adaptation to the new flow' into base branch master

Showing logs for build [32mentando-k8s-entando-component-m-csqdz-5[0m stage [32mfrom-build-pack[0m and container [32mstep-build-set-version[0m
Picked up _JAVA_OPTIONS: -XX:+UnlockExperimentalVMOptions -Dsun.zip.disableMemoryMapping=**** -XX:+UseParallelGC -XX:MinHeapFreeRatio=5 -XX:MaxHeapFreeRatio=10 -XX:GCTimeRatio=4 -XX:AdaptiveSizePolicyWeight=90 -Xms1000m -Xmx12000m
[INFO] Scanning for projects...
[INFO] 
[INFO] ---------------< org.entando:entando-component-manager >----------------
[INFO] Building Entando Component Manager 6.3.0-SNAPSHOT
[INFO] --------------------------------[ jar ]---------------------------------
[INFO] 
[INFO] --- versions-maven-plugin:2.8.1:set (default-cli) @ entando-component-manager ---
[INFO] Local aggregation ****: /workspace/source
[INFO] Processing change of org.entando:entando-component-manager:6.3.0-SNAPSHOT -> 0.0.0-SNAPSHOT-PR-111-5
[INFO] Processing org.entando:entando-component-manager
[INFO]     Updating project org.entando:entando-component-manager
[INFO]         from version 6.3.0-SNAPSHOT to 0.0.0-SNAPSHOT-PR-111-5
[INFO] 
[INFO] ------------------------------------------------------------------------
[INFO] BUILD SUCCESS
[INFO] ------------------------------------------------------------------------
[INFO] Total time:  12.732 s
[INFO] Finished at: 2021-03-24T16:01:29Z
[INFO] ------------------------------------------------------------------------

Showing logs for build [32mentando-k8s-entando-component-m-csqdz-5[0m stage [32mfrom-build-pack[0m and container [32mstep-build-fix-git-for-sonar[0m
error: Your local changes to the following files would be overwritten by checkout:
	pom.xml
Please commit your changes or stash them before you switch branches.
Aborting
error: Cannot delete branch 'master' checked out at '/workspace/source'
fatal: Refusing to fetch into current branch refs/heads/master of non-bare repository
[31m
Pipeline failed on stage 'from-build-pack' : container 'step-build-fix-git-for-sonar'. The execution of the pipeline has stopped.[0m
