
Showing logs for build [32mentando-k8s-entando-component-m-t4m6r-7[0m stage [32mfrom-build-pack[0m and container [32mstep-credential-initializer-78v8g[0m
{"level":"warn","ts":1616582483.1542828,"logger":"fallback-logger","caller":"logging/config.go:69","msg":"Fetch GitHub commit ID from kodata failed: \"ref: refs/heads/0.8.0-**-support-backwards-incompats\" is not a valid GitHub commit ID"}
{"level":"info","ts":1616582483.1601884,"logger":"fallback-logger","caller":"creds-init/main.go:40","msg":"Credentials initialized."}

Showing logs for build [32mentando-k8s-entando-component-m-t4m6r-7[0m stage [32mfrom-build-pack[0m and container [32mstep-working-dir-initializer-vtnvp[0m
{"level":"warn","ts":1616582494.6368709,"logger":"fallback-logger","caller":"logging/config.go:69","msg":"Fetch GitHub commit ID from kodata failed: open /var/run/ko/HEAD: no such file or directory"}
{"level":"info","ts":1616582494.6536696,"logger":"fallback-logger","caller":"bash/main.go:64","msg":"Successfully e**cuted command \"sh -c mkdir -p /workspace/source\"; output "}

Showing logs for build [32mentando-k8s-entando-component-m-t4m6r-7[0m stage [32mfrom-build-pack[0m and container [32mstep-place-tools[0m

Showing logs for build [32mentando-k8s-entando-component-m-t4m6r-7[0m stage [32mfrom-build-pack[0m and container [32mstep-git-source-entando-k8s-entando-component-m-7d9wt[0m
{"level":"warn","ts":1616582552.6025543,"logger":"fallback-logger","caller":"logging/config.go:69","msg":"Fetch GitHub commit ID from kodata failed: \"ref: refs/heads/0.8.0-**-support-backwards-incompats\" is not a valid GitHub commit ID"}
{"level":"info","ts":1616582553.78219,"logger":"fallback-logger","caller":"git/git.go:103","msg":"Successfully cloned https://github.com/entando-k8s/entando-component-manager.git @ master in path /workspace/source"}

Showing logs for build [32mentando-k8s-entando-component-m-t4m6r-7[0m stage [32mfrom-build-pack[0m and container [32mstep-git-merge[0m
Using SHAs from PULL_REFS=master:4734791d7be26bbe864db30c503dcdd30cedda2c,109:130a057cd407e1784e93cf62b79225d333132640
DEBUG: ran git fetch --unshallow origin 130a057cd407e1784e93cf62b79225d333132640: 4734791d7be26bbe864db30c503dcdd30cedda2c: in 
DEBUG: ran git checkout master in 
DEBUG: ran git reset --hard 4734791d7be26bbe864db30c503dcdd30cedda2c in 
DEBUG: ran clean --force -d . in 
DEBUG: ran git merge 130a057cd407e1784e93cf62b79225d333132640 in 
Merged SHA e55a201bb8c1785225a5f7c155f88bc9781ba7d7 with commit message 'Merge commit '130a057cd407e1784e93cf62b79225d333132640'' into base branch master
Merged SHA 130a057cd407e1784e93cf62b79225d333132640 with commit message '#ENG-2010 - parent pom bump - fabric8 explicit dependencies' into base branch master
Merged SHA 9359717a4cb019a1823b7dc6a2cdf0e8f3231fcf with commit message 'ENG-2010 install plan introduction' into base branch master
Merged SHA 145371c87c16e224c37ae0fbb6b4368d0f376c17 with commit message 'ENG-2010 bundle analysis report format update' into base branch master

Showing logs for build [32mentando-k8s-entando-component-m-t4m6r-7[0m stage [32mfrom-build-pack[0m and container [32mstep-build-set-version[0m
Picked up _JAVA_OPTIONS: -XX:+UnlockExperimentalVMOptions -Dsun.zip.disableMemoryMapping=**** -XX:+UseParallelGC -XX:MinHeapFreeRatio=5 -XX:MaxHeapFreeRatio=10 -XX:GCTimeRatio=4 -XX:AdaptiveSizePolicyWeight=90 -Xms1000m -Xmx12000m
[INFO] Scanning for projects...
[INFO] 
[INFO] ---------------< org.entando:entando-component-manager >----------------
[INFO] Building Entando Component Manager 6.3.0-SNAPSHOT
[INFO] --------------------------------[ jar ]---------------------------------
[INFO] 
[INFO] --- versions-maven-plugin:2.8.1:set (default-cli) @ entando-component-manager ---
[INFO] Local aggregation ****: /workspace/source
[INFO] Processing change of org.entando:entando-component-manager:6.3.0-SNAPSHOT -> 0.0.0-SNAPSHOT-PR-109-7
[INFO] Processing org.entando:entando-component-manager
[INFO]     Updating project org.entando:entando-component-manager
[INFO]         from version 6.3.0-SNAPSHOT to 0.0.0-SNAPSHOT-PR-109-7
[INFO] 
[INFO] ------------------------------------------------------------------------
[INFO] BUILD SUCCESS
[INFO] ------------------------------------------------------------------------
[INFO] Total time:  14.538 s
[INFO] Finished at: 2021-03-24T10:42:54Z
[INFO] ------------------------------------------------------------------------

Showing logs for build [32mentando-k8s-entando-component-m-t4m6r-7[0m stage [32mfrom-build-pack[0m and container [32mstep-build-fix-git-for-sonar[0m
error: Your local changes to the following files would be overwritten by checkout:
	pom.xml
Please commit your changes or stash them before you switch branches.
Aborting
error: Cannot delete branch 'master' checked out at '/workspace/source'
fatal: Refusing to fetch into current branch refs/heads/master of non-bare repository
[31m
Pipeline failed on stage 'from-build-pack' : container 'step-build-fix-git-for-sonar'. The execution of the pipeline has stopped.[0m
