
Showing logs for build [32mentando-k8s-entando-k8s-operato-22b9j-1[0m stage [32mfrom-build-pack[0m and container [32mstep-credential-initializer-cvctl[0m
{"level":"warn","ts":1614170724.7057066,"logger":"fallback-logger","caller":"logging/config.go:69","msg":"Fetch GitHub commit ID from kodata failed: \"ref: refs/heads/0.8.0-**-support-backwards-incompats\" is not a valid GitHub commit ID"}
{"level":"info","ts":1614170724.711593,"logger":"fallback-logger","caller":"creds-init/main.go:40","msg":"Credentials initialized."}

Showing logs for build [32mentando-k8s-entando-k8s-operato-22b9j-1[0m stage [32mfrom-build-pack[0m and container [32mstep-working-dir-initializer-qqfmw[0m
{"level":"warn","ts":1614170726.440792,"logger":"fallback-logger","caller":"logging/config.go:69","msg":"Fetch GitHub commit ID from kodata failed: open /var/run/ko/HEAD: no such file or directory"}
{"level":"info","ts":1614170726.449637,"logger":"fallback-logger","caller":"bash/main.go:64","msg":"Successfully e**cuted command \"sh -c mkdir -p /workspace/source\"; output "}

Showing logs for build [32mentando-k8s-entando-k8s-operato-22b9j-1[0m stage [32mfrom-build-pack[0m and container [32mstep-place-tools[0m

Showing logs for build [32mentando-k8s-entando-k8s-operato-22b9j-1[0m stage [32mfrom-build-pack[0m and container [32mstep-git-source-entando-k8s-entando-k8s-operato-8fgvw[0m
{"level":"warn","ts":1614170749.0628848,"logger":"fallback-logger","caller":"logging/config.go:69","msg":"Fetch GitHub commit ID from kodata failed: \"ref: refs/heads/0.8.0-**-support-backwards-incompats\" is not a valid GitHub commit ID"}
{"level":"info","ts":1614170750.8140104,"logger":"fallback-logger","caller":"git/git.go:103","msg":"Successfully cloned https://github.com/entando-k8s/entando-k8s-operator-common.git @ master in path /workspace/source"}

Showing logs for build [32mentando-k8s-entando-k8s-operato-22b9j-1[0m stage [32mfrom-build-pack[0m and container [32mstep-git-merge[0m
Using SHAs from PULL_REFS=master:1c3564a7c5111536d0466fbafa596ee8505d7742,56:ce3bb5f9983a33777cf9dd8fed29bf31654b4a92
DEBUG: ran git fetch --unshallow origin ce3bb5f9983a33777cf9dd8fed29bf31654b4a92: 1c3564a7c5111536d0466fbafa596ee8505d7742: in 
DEBUG: ran git checkout master in 
DEBUG: ran git reset --hard 1c3564a7c5111536d0466fbafa596ee8505d7742 in 
DEBUG: ran clean --force -d . in 
DEBUG: ran git merge ce3bb5f9983a33777cf9dd8fed29bf31654b4a92 in 
Merged SHA ce3bb5f9983a33777cf9dd8fed29bf31654b4a92 with commit message 'ENG-1829 fi**d request calculation loginc' into base branch master

Showing logs for build [32mentando-k8s-entando-k8s-operato-22b9j-1[0m stage [32mfrom-build-pack[0m and container [32mstep-build-set-version[0m
failed to open log file "/var/log/pods/1a0a7f22-769e-11eb-8f36-463e262dfb5e/step-build-set-version/0.log": open /var/log/pods/1a0a7f22-769e-11eb-8f36-463e262dfb5e/step-build-set-version/0.log: no such file or directory

Showing logs for build [32mentando-k8s-entando-k8s-operato-22b9j-1[0m stage [32mfrom-build-pack[0m and container [32mstep-build-fix-git-for-sonar[0m
Unable to retrieve container logs for docker://9a37a8cb513a5141248f279e60a87714db171d78da866578c800975c33769819

Showing logs for build [32mentando-k8s-entando-k8s-operato-22b9j-1[0m stage [32mfrom-build-pack[0m and container [32mstep-build-mvn-verify-pr[0m
Unable to retrieve container logs for docker://9561e7950cb76d75f4ef9b3649264e05b0ce254fafaed72264e5b2c982561c33
[31m
Pipeline failed on stage 'from-build-pack' : container 'step-build-mvn-verify-pr'. The execution of the pipeline has stopped.[0m
