
Showing logs for build [32mentando-k8s-entando-k8s-operato-fthzw-1[0m stage [32mfrom-build-pack[0m and container [32mstep-credential-initializer-kfpkd[0m
{"level":"warn","ts":1617198084.9768677,"logger":"fallback-logger","caller":"logging/config.go:69","msg":"Fetch GitHub commit ID from kodata failed: \"ref: refs/heads/0.8.0-**-support-backwards-incompats\" is not a valid GitHub commit ID"}
{"level":"info","ts":1617198084.9875453,"logger":"fallback-logger","caller":"creds-init/main.go:40","msg":"Credentials initialized."}

Showing logs for build [32mentando-k8s-entando-k8s-operato-fthzw-1[0m stage [32mfrom-build-pack[0m and container [32mstep-working-dir-initializer-s6qh6[0m
{"level":"warn","ts":1617198088.8533921,"logger":"fallback-logger","caller":"logging/config.go:69","msg":"Fetch GitHub commit ID from kodata failed: open /var/run/ko/HEAD: no such file or directory"}
{"level":"info","ts":1617198088.8875997,"logger":"fallback-logger","caller":"bash/main.go:64","msg":"Successfully e**cuted command \"sh -c mkdir -p /workspace/source\"; output "}

Showing logs for build [32mentando-k8s-entando-k8s-operato-fthzw-1[0m stage [32mfrom-build-pack[0m and container [32mstep-place-tools[0m

Showing logs for build [32mentando-k8s-entando-k8s-operato-fthzw-1[0m stage [32mfrom-build-pack[0m and container [32mstep-git-source-entando-k8s-entando-k8s-operato-ch6bs[0m
{"level":"warn","ts":1617198115.2671962,"logger":"fallback-logger","caller":"logging/config.go:69","msg":"Fetch GitHub commit ID from kodata failed: \"ref: refs/heads/0.8.0-**-support-backwards-incompats\" is not a valid GitHub commit ID"}
{"level":"info","ts":1617198116.0467885,"logger":"fallback-logger","caller":"git/git.go:103","msg":"Successfully cloned https://github.com/entando-k8s/entando-k8s-operator-bundle.git @ master in path /workspace/source"}

Showing logs for build [32mentando-k8s-entando-k8s-operato-fthzw-1[0m stage [32mfrom-build-pack[0m and container [32mstep-git-merge[0m
Using SHAs from PULL_REFS=master:1f3f4809dbff9416ba6e1895a582ae330c40d0bb,6:cd771bdcf1b1d2acd46956338df785b974cb5626
DEBUG: ran git fetch --unshallow origin cd771bdcf1b1d2acd46956338df785b974cb5626: 1f3f4809dbff9416ba6e1895a582ae330c40d0bb: in 
DEBUG: ran git checkout master in 
DEBUG: ran git reset --hard 1f3f4809dbff9416ba6e1895a582ae330c40d0bb in 
DEBUG: ran clean --force -d . in 
DEBUG: ran git merge cd771bdcf1b1d2acd46956338df785b974cb5626 in 
Merged SHA cd771bdcf1b1d2acd46956338df785b974cb5626 with commit message '#ENG-2099 refined pvc logic' into base branch master

Showing logs for build [32mentando-k8s-entando-k8s-operato-fthzw-1[0m stage [32mfrom-build-pack[0m and container [32mstep-build-set-csv-version[0m

Showing logs for build [32mentando-k8s-entando-k8s-operato-fthzw-1[0m stage [32mfrom-build-pack[0m and container [32mstep-build-container-build[0m
This avoids unwanted kaniko command substitution
Generating tags...
 - entando/entando-k8s-operator-bundle -> docker.io/entando/entando-k8s-operator-bundle:0.0.0-SNAPSHOT-PR-6-1
Checking cache...
 - entando/entando-k8s-operator-bundle: Not found. Building
Building [entando/entando-k8s-operator-bundle]...
Sending build context to Docker daemon  142.3kB
Step 1/18 : FROM scratch
 ---> 
Step 2/18 : LABEL operators.operatorframework.io.bundle.channels.v1 alpha,beta,stable
 ---> Using cache
 ---> 1e6df440f022
Step 3/18 : LABEL operators.operatorframework.io.bundle.manifests.v1 manifests/
 ---> Using cache
 ---> a72b3d3a7acf
Step 4/18 : LABEL operators.operatorframework.io.bundle.mediatype.v1 registry+v1
 ---> Using cache
 ---> bc71fe591299
Step 5/18 : LABEL operators.operatorframework.io.bundle.metadata.v1 metadata/
 ---> Using cache
 ---> 5ea67f194590
Step 6/18 : LABEL operators.operatorframework.io.bundle.package.v1 entando-k8s-operator
 ---> Using cache
 ---> 63071b3ac151
Step 7/18 : LABEL operators.operatorframework.io.metrics.builder operator-sdk-v1.2.0
 ---> Using cache
 ---> 3d652324d90b
Step 8/18 : LABEL operators.operatorframework.io.bundle.channel.default.v1 alpha
 ---> Using cache
 ---> c51a583d4e6b
Step 9/18 : LABEL operators.operatorframework.io.metrics.mediatype.v1 metrics+v1
 ---> Using cache
 ---> 0b44808a0154
Step 10/18 : LABEL operators.operatorframework.io.metrics.project_layout helm.sdk.operatorframework.io/v1
 ---> Using cache
 ---> ea24b0a6d974
Step 11/18 : LABEL operators.operatorframework.io.test.config.v1 tests/scorecard/
 ---> Using cache
 ---> bf7c762630de
Step 12/18 : LABEL operators.operatorframework.io.test.mediatype.v1 scorecard+v1
 ---> Using cache
 ---> 775ebc5291f7
Step 13/18 : LABEL com.redhat.openshift.versions "v4.6"
 ---> Using cache
 ---> ab1dca230e12
Step 14/18 : LABEL com.redhat.delivery.operator.bundle ****
 ---> Using cache
 ---> 94f6be410142
Step 15/18 : LABEL com.redhat.delivery.backport false
 ---> Using cache
 ---> 811d4d272292
Step 16/18 : COPY manifests /manifests/
 ---> c713d749641f
Step 17/18 : COPY metadata /metadata/
 ---> 4ad5139d7ba7
Step 18/18 : COPY tests/scorecard /tests/scorecard/
 ---> ae1c28b6871f
Successfully built ae1c28b6871f
The push refers to a repository [docker.io/entando/entando-k8s-operator-bundle]
5a8214fc0583: Preparing
dd8b45cf187a: Preparing
be4ec8df8d1b: Preparing
dd8b45cf187a: Pushed
5a8214fc0583: Pushed
be4ec8df8d1b: Pushed
0.0.0-SNAPSHOT-PR-6-1: digest: sha256:2861e80beacc6eb4ce3b03587bd8d8a289fde0c026d60606a23f81493e2a4287 size: 940
There is a new version (1.21.0) of Skaffold available. Download it at https://storage.googleapis.com/skaffold/releases/latest/skaffold-linux-amd64


Showing logs for build [32mentando-k8s-entando-k8s-operato-fthzw-1[0m stage [32mfrom-build-pack[0m and container [32mstep-build-verify-bundle[0m
time="2021-03-31T13:42:17Z" level=info msg="Unpacking image layers"
time="2021-03-31T13:42:17Z" level=info msg="running /usr/bin/docker pull docker.io/entando/entando-k8s-operator-bundle:0.0.0-SNAPSHOT-PR-6-1"
time="2021-03-31T13:42:19Z" level=info msg="running docker create"
time="2021-03-31T13:42:19Z" level=info msg="running docker cp"
time="2021-03-31T13:42:20Z" level=info msg="running docker rm"
time="2021-03-31T13:42:20Z" level=info msg="Found annotations file" bundle-dir=/tmp/bundle-924077771 container-tool=docker
time="2021-03-31T13:42:20Z" level=info msg="Could not find optional dependencies file" bundle-dir=/tmp/bundle-924077771 container-tool=docker
time="2021-03-31T13:42:20Z" level=info msg="All validation tests have completed successfully"
