
Showing logs for build [32mentando-k8s-entando-k8s-operato-vgxwf-2[0m stage [32mfrom-build-pack[0m and container [32mstep-credential-initializer-zmhm2[0m
{"level":"warn","ts":1617202740.1043165,"logger":"fallback-logger","caller":"logging/config.go:69","msg":"Fetch GitHub commit ID from kodata failed: \"ref: refs/heads/0.8.0-**-support-backwards-incompats\" is not a valid GitHub commit ID"}
{"level":"info","ts":1617202740.114947,"logger":"fallback-logger","caller":"creds-init/main.go:40","msg":"Credentials initialized."}

Showing logs for build [32mentando-k8s-entando-k8s-operato-vgxwf-2[0m stage [32mfrom-build-pack[0m and container [32mstep-working-dir-initializer-j6jh8[0m
{"level":"warn","ts":1617202743.0868626,"logger":"fallback-logger","caller":"logging/config.go:69","msg":"Fetch GitHub commit ID from kodata failed: open /var/run/ko/HEAD: no such file or directory"}
{"level":"info","ts":1617202743.4408262,"logger":"fallback-logger","caller":"bash/main.go:64","msg":"Successfully e**cuted command \"sh -c mkdir -p /workspace/source\"; output "}

Showing logs for build [32mentando-k8s-entando-k8s-operato-vgxwf-2[0m stage [32mfrom-build-pack[0m and container [32mstep-place-tools[0m

Showing logs for build [32mentando-k8s-entando-k8s-operato-vgxwf-2[0m stage [32mfrom-build-pack[0m and container [32mstep-git-source-entando-k8s-entando-k8s-operato-5hdpm[0m
{"level":"warn","ts":1617202769.7518606,"logger":"fallback-logger","caller":"logging/config.go:69","msg":"Fetch GitHub commit ID from kodata failed: \"ref: refs/heads/0.8.0-**-support-backwards-incompats\" is not a valid GitHub commit ID"}
{"level":"info","ts":1617202770.5592272,"logger":"fallback-logger","caller":"git/git.go:103","msg":"Successfully cloned https://github.com/entando-k8s/entando-k8s-operator-bundle.git @ master in path /workspace/source"}

Showing logs for build [32mentando-k8s-entando-k8s-operato-vgxwf-2[0m stage [32mfrom-build-pack[0m and container [32mstep-git-merge[0m
Using SHAs from PULL_REFS=master:8daa9ec764c2054fe7e351bea2519e337b860343,7:b6f92bbcbca30dbe9037554d0cac853a9098a12c
DEBUG: ran git fetch --unshallow origin b6f92bbcbca30dbe9037554d0cac853a9098a12c: 8daa9ec764c2054fe7e351bea2519e337b860343: in 
DEBUG: ran git checkout master in 
DEBUG: ran git reset --hard 8daa9ec764c2054fe7e351bea2519e337b860343 in 
DEBUG: ran clean --force -d . in 
DEBUG: ran git merge b6f92bbcbca30dbe9037554d0cac853a9098a12c in 
Merged SHA b6f92bbcbca30dbe9037554d0cac853a9098a12c with commit message 'Merge branch 'master' into ENG-2099_refined_pvc_logic' into base branch master
Merged SHA f96aa8e5b3922e937a29dc2077215f13a35679dd with commit message '#ENG-2099 fi**d CRDs and patched entando-k8s-database-service-controller' into base branch master

Showing logs for build [32mentando-k8s-entando-k8s-operato-vgxwf-2[0m stage [32mfrom-build-pack[0m and container [32mstep-build-set-csv-version[0m

Showing logs for build [32mentando-k8s-entando-k8s-operato-vgxwf-2[0m stage [32mfrom-build-pack[0m and container [32mstep-build-container-build[0m
This avoids unwanted kaniko command substitution
Generating tags...
 - entando/entando-k8s-operator-bundle -> docker.io/entando/entando-k8s-operator-bundle:0.0.0-SNAPSHOT-PR-7-2
Checking cache...
 - entando/entando-k8s-operator-bundle: Not found. Building
Building [entando/entando-k8s-operator-bundle]...
Sending build context to Docker daemon  143.9kB
Step 1/18 : FROM scratch
 ---> 
Step 2/18 : LABEL operators.operatorframework.io.bundle.channels.v1 alpha,beta,stable
 ---> Using cache
 ---> 1e6df440f022
Step 3/18 : LABEL operators.operatorframework.io.bundle.manifests.v1 manifests/
 ---> Using cache
 ---> a72b3d3a7acf
Step 4/18 : LABEL operators.operatorframework.io.bundle.mediatype.v1 registry+v1
 ---> Using cache
 ---> bc71fe591299
Step 5/18 : LABEL operators.operatorframework.io.bundle.metadata.v1 metadata/
 ---> Using cache
 ---> 5ea67f194590
Step 6/18 : LABEL operators.operatorframework.io.bundle.package.v1 entando-k8s-operator
 ---> Using cache
 ---> 63071b3ac151
Step 7/18 : LABEL operators.operatorframework.io.metrics.builder operator-sdk-v1.2.0
 ---> Using cache
 ---> 3d652324d90b
Step 8/18 : LABEL operators.operatorframework.io.bundle.channel.default.v1 alpha
 ---> Using cache
 ---> c51a583d4e6b
Step 9/18 : LABEL operators.operatorframework.io.metrics.mediatype.v1 metrics+v1
 ---> Using cache
 ---> 0b44808a0154
Step 10/18 : LABEL operators.operatorframework.io.metrics.project_layout helm.sdk.operatorframework.io/v1
 ---> Using cache
 ---> ea24b0a6d974
Step 11/18 : LABEL operators.operatorframework.io.test.config.v1 tests/scorecard/
 ---> Using cache
 ---> bf7c762630de
Step 12/18 : LABEL operators.operatorframework.io.test.mediatype.v1 scorecard+v1
 ---> Using cache
 ---> 775ebc5291f7
Step 13/18 : LABEL com.redhat.openshift.versions "v4.6"
 ---> Using cache
 ---> ab1dca230e12
Step 14/18 : LABEL com.redhat.delivery.operator.bundle ****
 ---> Using cache
 ---> 94f6be410142
Step 15/18 : LABEL com.redhat.delivery.backport false
 ---> Using cache
 ---> 811d4d272292
Step 16/18 : COPY manifests /manifests/
 ---> d164c629e3ca
Step 17/18 : COPY metadata /metadata/
 ---> 171274f9e134
Step 18/18 : COPY tests/scorecard /tests/scorecard/
 ---> 0441e15b7bed
Successfully built 0441e15b7bed
The push refers to a repository [docker.io/entando/entando-k8s-operator-bundle]
189cca022592: Preparing
e7b9126f65be: Preparing
59fde64705e5: Preparing
189cca022592: Pushed
e7b9126f65be: Pushed
59fde64705e5: Pushed
0.0.0-SNAPSHOT-PR-7-2: digest: sha256:c6648e24ffce28dada70af650546b8332d4c2b80cdb50831d2d42cc9eee6d358 size: 940
There is a new version (1.21.0) of Skaffold available. Download it at https://storage.googleapis.com/skaffold/releases/latest/skaffold-linux-amd64


Showing logs for build [32mentando-k8s-entando-k8s-operato-vgxwf-2[0m stage [32mfrom-build-pack[0m and container [32mstep-build-verify-bundle[0m
time="2021-03-31T14:59:47Z" level=info msg="Unpacking image layers"
time="2021-03-31T14:59:47Z" level=info msg="running /usr/bin/docker pull docker.io/entando/entando-k8s-operator-bundle:0.0.0-SNAPSHOT-PR-7-2"
time="2021-03-31T14:59:49Z" level=info msg="running docker create"
time="2021-03-31T14:59:49Z" level=info msg="running docker cp"
time="2021-03-31T14:59:49Z" level=info msg="running docker rm"
time="2021-03-31T14:59:49Z" level=info msg="Found annotations file" bundle-dir=/tmp/bundle-210149602 container-tool=docker
time="2021-03-31T14:59:49Z" level=info msg="Could not find optional dependencies file" bundle-dir=/tmp/bundle-210149602 container-tool=docker
time="2021-03-31T14:59:49Z" level=info msg="All validation tests have completed successfully"
