
Showing logs for build [32mmeta-entando-k8s-entando-k8s-cu-s95qx-3[0m stage [32mmeta-pipeline[0m and container [32mcredential-initializer[0m
{"level":"info","ts":1621502025.7083848,"caller":"creds-init/main.go:44","msg":"Credentials initialized."}

Showing logs for build [32mmeta-entando-k8s-entando-k8s-cu-s95qx-3[0m stage [32mmeta-pipeline[0m and container [32mworking-dir-initializer[0m

Showing logs for build [32mmeta-entando-k8s-entando-k8s-cu-s95qx-3[0m stage [32mmeta-pipeline[0m and container [32mplace-tools[0m

Showing logs for build [32mmeta-entando-k8s-entando-k8s-cu-s95qx-3[0m stage [32mmeta-pipeline[0m and container [32mstep-git-source-meta-entando-k8s-entando-k8s-cu-s95qx-lfzv4[0m
{"level":"info","ts":1621502039.9819708,"caller":"git/git.go:105","msg":"Successfully cloned https://github.com/entando-k8s/entando-k8s-custom-model.git @ ab9c7d95a3aa1f9aa7f0252f3de5548b42aae99c in path /workspace/source"}
{"level":"warn","ts":1621502039.9822009,"caller":"git/git.go:152","msg":"Unexpected error: creating symlink: symlink /tekton/home/.ssh /****/.ssh: file exists"}
{"level":"info","ts":1621502040.0386064,"caller":"git/git.go:133","msg":"Successfully initialized and updated submodules in path /workspace/source"}

Showing logs for build [32mmeta-entando-k8s-entando-k8s-cu-s95qx-3[0m stage [32mmeta-pipeline[0m and container [32mstep-git-merge[0m
Using SHAs from PULL_REFS=master:ab9c7d95a3aa1f9aa7f0252f3de5548b42aae99c,42:1b5d7325c4deb6d3eb9af8d8bc20e109e228eb05
DEBUG: LC_ALL=C JX_LOG_LEVEL=error git fetch origin --unshallow 1b5d7325c4deb6d3eb9af8d8bc20e109e228eb05: ab9c7d95a3aa1f9aa7f0252f3de5548b42aae99c:
DEBUG: ran git fetch --unshallow origin 1b5d7325c4deb6d3eb9af8d8bc20e109e228eb05: ab9c7d95a3aa1f9aa7f0252f3de5548b42aae99c: in 
DEBUG: LC_ALL=C JX_LOG_LEVEL=error git branch
DEBUG: LC_ALL=C JX_LOG_LEVEL=error git checkout master
DEBUG: ran git checkout master in 
DEBUG: JX_LOG_LEVEL=error LC_ALL=C git reset --hard ab9c7d95a3aa1f9aa7f0252f3de5548b42aae99c
DEBUG: ran git reset --hard ab9c7d95a3aa1f9aa7f0252f3de5548b42aae99c in 
DEBUG: LC_ALL=C JX_LOG_LEVEL=error git clean -fd .
DEBUG: ran clean --force -d . in 
DEBUG: LC_ALL=C JX_LOG_LEVEL=error git merge 1b5d7325c4deb6d3eb9af8d8bc20e109e228eb05
error: error during merge: merging 1b5d7325c4deb6d3eb9af8d8bc20e109e228eb05 into master: git output: Removing src/test/java/org/entando/kubernetes/model/interprocesstest/EntandoClusterInfrastructureIntegratedTest.java
Removing src/test/java/org/entando/kubernetes/model/AbstractEntandoClusterInfrastructureTest.java
Removing src/main/resources/crd/EntandoPluginCRD.yaml
Removing src/main/resources/crd/EntandoKeycloakServerCRD.yaml
Removing src/main/resources/crd/EntandoDeBundleCRD.yaml
Removing src/main/resources/crd/EntandoDatabaseServiceCRD.yaml
Removing src/main/resources/crd/EntandoCompositeAppCRD.yaml
Removing src/main/resources/crd/EntandoClusterInfrastructureCRD.yaml
Removing src/main/resources/crd/EntandoAppPluginLinkCRD.yaml
Removing src/main/resources/crd/EntandoAppCRD.yaml
Removing src/main/java/org/entando/kubernetes/model/plugin/EntandoPluginOperationFactory.java
Removing src/main/java/org/entando/kubernetes/model/plugin/EntandoPluginList.java
Removing src/main/java/org/entando/kubernetes/model/plugin/DoneableEntandoPlugin.java
Removing src/main/java/org/entando/kubernetes/model/link/EntandoAppPluginLinkOperationFactory.java
Removing src/main/java/org/entando/kubernetes/model/link/EntandoAppPluginLinkList.java
Removing src/main/java/org/entando/kubernetes/model/link/DoneableEntandoAppPluginLink.java
Removing src/main/java/org/entando/kubernetes/model/keycloakserver/EntandoKeycloakServerOperationFactory.java
Removing src/main/java/org/entando/kubernetes/model/keycloakserver/EntandoKeycloakServerList.java
Removing src/main/java/org/entando/kubernetes/model/keycloakserver/DoneableEntandoKeycloakServer.java
Removing src/main/java/org/entando/kubernetes/model/infrastructure/EntandoClusterInfrastructureSpecFluent.java
Removing src/main/java/org/entando/kubernetes/model/infrastructure/EntandoClusterInfrastructureSpec.java
Removing src/main/java/org/entando/kubernetes/model/infrastructure/EntandoClusterInfrastructureOperationFactory.java
Removing src/main/java/org/entando/kubernetes/model/infrastructure/EntandoClusterInfrastructureList.java
Removing src/main/java/org/entando/kubernetes/model/infrastructure/EntandoClusterInfrastructureFluent.java
Removing src/main/java/org/entando/kubernetes/model/infrastructure/EntandoClusterInfrastructure.java
Removing src/main/java/org/entando/kubernetes/model/infrastructure/DoneableEntandoClusterInfrastructure.java
Removing src/main/java/org/entando/kubernetes/model/gitspec/GitSpecFluent.java
Removing src/main/java/org/entando/kubernetes/model/gitspec/GitSpec.java
Removing src/main/java/org/entando/kubernetes/model/externaldatabase/EntandoDatabaseServiceOperationFactory.java
Removing src/main/java/org/entando/kubernetes/model/externaldatabase/EntandoDatabaseServiceList.java
Removing src/main/java/org/entando/kubernetes/model/externaldatabase/DoneableEntandoDatabaseService.java
Removing src/main/java/org/entando/kubernetes/model/debundle/EntandoDeBundleOperationFactory.java
Removing src/main/java/org/entando/kubernetes/model/debundle/EntandoDeBundleList.java
Removing src/main/java/org/entando/kubernetes/model/debundle/DoneableEntandoDeBundle.java
Removing src/main/java/org/entando/kubernetes/model/compositeapp/EntandoCompositeAppOperationFactory.java
Removing src/main/java/org/entando/kubernetes/model/compositeapp/EntandoCompositeAppList.java
Removing src/main/java/org/entando/kubernetes/model/compositeapp/DoneableEntandoCompositeApp.java
Removing src/main/java/org/entando/kubernetes/model/app/EntandoAppOperationFactory.java
Removing src/main/java/org/entando/kubernetes/model/app/EntandoAppList.java
Removing src/main/java/org/entando/kubernetes/model/app/DoneableEntandoApp.java
Removing src/main/java/org/entando/kubernetes/model/EntandoResourceOperationsRegistry.java
Removing src/main/java/org/entando/kubernetes/model/EntandoCustomResourceResolver.java
Removing src/main/java/org/entando/kubernetes/model/DoneableEntandoCustomResource.java
Removing src/main/java/org/entando/kubernetes/model/ClusterInfrastructureAwareSpecFluent.java
Removing src/main/java/org/entando/kubernetes/model/ClusterInfrastructureAwareSpec.java
Auto-merging jenkins-x.yml
CONFLICT (content): Merge conflict in jenkins-x.yml
Removing .idea/sonarlint.xml
Removing .idea/copyright/profiles_settings.xml
Removing .idea/copyright/Entando.xml
Removing .idea/codeStyles/codeStyleConfig.xml
Automatic merge failed; fix conflicts and then commit the result.: failed to run 'git merge 1b5d7325c4deb6d3eb9af8d8bc20e109e228eb05' command in directory '', output: 'Removing src/test/java/org/entando/kubernetes/model/interprocesstest/EntandoClusterInfrastructureIntegratedTest.java
Removing src/test/java/org/entando/kubernetes/model/AbstractEntandoClusterInfrastructureTest.java
Removing src/main/resources/crd/EntandoPluginCRD.yaml
Removing src/main/resources/crd/EntandoKeycloakServerCRD.yaml
Removing src/main/resources/crd/EntandoDeBundleCRD.yaml
Removing src/main/resources/crd/EntandoDatabaseServiceCRD.yaml
Removing src/main/resources/crd/EntandoCompositeAppCRD.yaml
Removing src/main/resources/crd/EntandoClusterInfrastructureCRD.yaml
Removing src/main/resources/crd/EntandoAppPluginLinkCRD.yaml
Removing src/main/resources/crd/EntandoAppCRD.yaml
Removing src/main/java/org/entando/kubernetes/model/plugin/EntandoPluginOperationFactory.java
Removing src/main/java/org/entando/kubernetes/model/plugin/EntandoPluginList.java
Removing src/main/java/org/entando/kubernetes/model/plugin/DoneableEntandoPlugin.java
Removing src/main/java/org/entando/kubernetes/model/link/EntandoAppPluginLinkOperationFactory.java
Removing src/main/java/org/entando/kubernetes/model/link/EntandoAppPluginLinkList.java
Removing src/main/java/org/entando/kubernetes/model/link/DoneableEntandoAppPluginLink.java
Removing src/main/java/org/entando/kubernetes/model/keycloakserver/EntandoKeycloakServerOperationFactory.java
Removing src/main/java/org/entando/kubernetes/model/keycloakserver/EntandoKeycloakServerList.java
Removing src/main/java/org/entando/kubernetes/model/keycloakserver/DoneableEntandoKeycloakServer.java
Removing src/main/java/org/entando/kubernetes/model/infrastructure/EntandoClusterInfrastructureSpecFluent.java
Removing src/main/java/org/entando/kubernetes/model/infrastructure/EntandoClusterInfrastructureSpec.java
Removing src/main/java/org/entando/kubernetes/model/infrastructure/EntandoClusterInfrastructureOperationFactory.java
Removing src/main/java/org/entando/kubernetes/model/infrastructure/EntandoClusterInfrastructureList.java
Removing src/main/java/org/entando/kubernetes/model/infrastructure/EntandoClusterInfrastructureFluent.java
Removing src/main/java/org/entando/kubernetes/model/infrastructure/EntandoClusterInfrastructure.java
Removing src/main/java/org/entando/kubernetes/model/infrastructure/DoneableEntandoClusterInfrastructure.java
Removing src/main/java/org/entando/kubernetes/model/gitspec/GitSpecFluent.java
Removing src/main/java/org/entando/kubernetes/model/gitspec/GitSpec.java
Removing src/main/java/org/entando/kubernetes/model/externaldatabase/EntandoDatabaseServiceOperationFactory.java
Removing src/main/java/org/entando/kubernetes/model/externaldatabase/EntandoDatabaseServiceList.java
Removing src/main/java/org/entando/kubernetes/model/externaldatabase/DoneableEntandoDatabaseService.java
Removing src/main/java/org/entando/kubernetes/model/debundle/EntandoDeBundleOperationFactory.java
Removing src/main/java/org/entando/kubernetes/model/debundle/EntandoDeBundleList.java
Removing src/main/java/org/entando/kubernetes/model/debundle/DoneableEntandoDeBundle.java
Removing src/main/java/org/entando/kubernetes/model/compositeapp/EntandoCompositeAppOperationFactory.java
Removing src/main/java/org/entando/kubernetes/model/compositeapp/EntandoCompositeAppList.java
Removing src/main/java/org/entando/kubernetes/model/compositeapp/DoneableEntandoCompositeApp.java
Removing src/main/java/org/entando/kubernetes/model/app/EntandoAppOperationFactory.java
Removing src/main/java/org/entando/kubernetes/model/app/EntandoAppList.java
Removing src/main/java/org/entando/kubernetes/model/app/DoneableEntandoApp.java
Removing src/main/java/org/entando/kubernetes/model/EntandoResourceOperationsRegistry.java
Removing src/main/java/org/entando/kubernetes/model/EntandoCustomResourceResolver.java
Removing src/main/java/org/entando/kubernetes/model/DoneableEntandoCustomResource.java
Removing src/main/java/org/entando/kubernetes/model/ClusterInfrastructureAwareSpecFluent.java
Removing src/main/java/org/entando/kubernetes/model/ClusterInfrastructureAwareSpec.java
Auto-merging jenkins-x.yml
CONFLICT (content): Merge conflict in jenkins-x.yml
Removing .idea/sonarlint.xml
Removing .idea/copyright/profiles_settings.xml
Removing .idea/copyright/Entando.xml
Removing .idea/codeStyles/codeStyleConfig.xml
Automatic merge failed; fix conflicts and then commit the result.'
[31m
Pipeline failed on stage 'meta-pipeline' : container 'step-git-merge'. The execution of the pipeline has stopped.[0m
