
Showing logs for build [32mentando-k8s-entando-k8s-operato-9gcmn-1[0m stage [32mfrom-build-pack[0m and container [32mcredential-initializer[0m
{"level":"info","ts":1621330521.2099059,"caller":"creds-init/main.go:44","msg":"Credentials initialized."}

Showing logs for build [32mentando-k8s-entando-k8s-operato-9gcmn-1[0m stage [32mfrom-build-pack[0m and container [32mworking-dir-initializer[0m

Showing logs for build [32mentando-k8s-entando-k8s-operato-9gcmn-1[0m stage [32mfrom-build-pack[0m and container [32mplace-tools[0m

Showing logs for build [32mentando-k8s-entando-k8s-operato-9gcmn-1[0m stage [32mfrom-build-pack[0m and container [32mstep-git-source-entando-k8s-entando-k8s-operato-9gcmn-svrjs[0m
{"level":"info","ts":1621330562.48168,"caller":"git/git.go:105","msg":"Successfully cloned https://github.com/entando-k8s/entando-k8s-operator-bundle.git @ v6.3.2 in path /workspace/source"}
{"level":"warn","ts":1621330562.48187,"caller":"git/git.go:152","msg":"Unexpected error: creating symlink: symlink /tekton/home/.ssh /****/.ssh: file exists"}
{"level":"info","ts":1621330562.5689983,"caller":"git/git.go:133","msg":"Successfully initialized and updated submodules in path /workspace/source"}

Showing logs for build [32mentando-k8s-entando-k8s-operato-9gcmn-1[0m stage [32mfrom-build-pack[0m and container [32mstep-setup-builder-home[0m

Showing logs for build [32mentando-k8s-entando-k8s-operato-9gcmn-1[0m stage [32mfrom-build-pack[0m and container [32mstep-git-merge[0m
Using SHAs from PULL_REFS=master:7d096dee918b658ddc332db1ea3720eb20c1d044
WARNING: no SHAs to merge, falling back to initial cloned commit

Showing logs for build [32mentando-k8s-entando-k8s-operato-9gcmn-1[0m stage [32mfrom-build-pack[0m and container [32mstep-setup-jx-git-credentials[0m
Generated Git credentials file /workspace/xdg_config/git/credentials

Showing logs for build [32mentando-k8s-entando-k8s-operato-9gcmn-1[0m stage [32mfrom-build-pack[0m and container [32mstep-build-container-build[0m
This avoids unwanted kaniko command substitution
Generating tags...
 - entando/entando-k8s-operator-bundle-internal -> *********/entando/entando-k8s-operator-bundle-internal:6.3.2
Checking cache...
 - entando/entando-k8s-operator-bundle-internal: Not found. Building
Building [entando/entando-k8s-operator-bundle-internal]...
Sending build context to Docker daemon  134.7kB
Step 1/18 : FROM scratch
 ---> 
Step 2/18 : LABEL operators.operatorframework.io.bundle.channels.v1 beta
 ---> Using cache
 ---> d91c21e57c93
Step 3/18 : LABEL operators.operatorframework.io.bundle.manifests.v1 manifests/
 ---> Using cache
 ---> 89619b4685fc
Step 4/18 : LABEL operators.operatorframework.io.bundle.mediatype.v1 registry+v1
 ---> Using cache
 ---> 2af307a39112
Step 5/18 : LABEL operators.operatorframework.io.bundle.metadata.v1 metadata/
 ---> Using cache
 ---> f62590e87b57
Step 6/18 : LABEL operators.operatorframework.io.bundle.package.v1 entando-k8s-operator
 ---> Using cache
 ---> bf43ec2bb519
Step 7/18 : LABEL operators.operatorframework.io.metrics.builder operator-sdk-v1.2.0
 ---> Using cache
 ---> 0e897b4acad3
Step 8/18 : LABEL operators.operatorframework.io.bundle.channel.default.v1 beta
 ---> Using cache
 ---> ecaca6610351
Step 9/18 : LABEL operators.operatorframework.io.metrics.mediatype.v1 metrics+v1
 ---> Using cache
 ---> 8af5a02ac519
Step 10/18 : LABEL operators.operatorframework.io.metrics.project_layout helm.sdk.operatorframework.io/v1
 ---> Using cache
 ---> f0a89905d94e
Step 11/18 : LABEL operators.operatorframework.io.test.config.v1 tests/scorecard/
 ---> Using cache
 ---> c78b01187a6a
Step 12/18 : LABEL operators.operatorframework.io.test.mediatype.v1 scorecard+v1
 ---> Using cache
 ---> cca4fc44c49a
Step 13/18 : LABEL com.redhat.openshift.versions "v4.6"
 ---> Using cache
 ---> 8d82b131e6f7
Step 14/18 : LABEL com.redhat.delivery.operator.bundle ****
 ---> Using cache
 ---> 93936b8da59a
Step 15/18 : LABEL com.redhat.delivery.backport false
 ---> Using cache
 ---> 1129be8b35b0
Step 16/18 : COPY manifests/k8s-116-and-later/cluster-resources manifests/k8s-116-and-later/olm-deployment /manifests/
 ---> 33f4f7e01a9a
Step 17/18 : COPY metadata /metadata/
 ---> 5d8be650e407
Step 18/18 : COPY tests/scorecard /tests/scorecard/
 ---> 48d8c9ef3e2b
Successfully built 48d8c9ef3e2b
The push refers to a repository [*********/entando/entando-k8s-operator-bundle-internal]
964ea692973e: Preparing
33e7df1fb6f7: Preparing
42cefb5d925b: Preparing
33e7df1fb6f7: Pushed
964ea692973e: Pushed
42cefb5d925b: Pushed
6.3.2: digest: sha256:4ab392ff6b2f8f076a963cf1221d3c0b5edc92a2cfcdd997a72a863d4de782d9 size: 940
There is a new version (1.24.1) of Skaffold available. Download it at https://storage.googleapis.com/skaffold/releases/latest/skaffold-linux-amd64


Showing logs for build [32mentando-k8s-entando-k8s-operato-9gcmn-1[0m stage [32mfrom-build-pack[0m and container [32mstep-build-verify-bundle[0m
time="2021-05-18T09:36:16Z" level=info msg="Unpacking image layers"
time="2021-05-18T09:36:16Z" level=info msg="running /usr/bin/docker pull *********/entando/entando-k8s-operator-bundle-internal:6.3.2"
time="2021-05-18T09:36:17Z" level=info msg="running docker create"
time="2021-05-18T09:36:18Z" level=info msg="running docker cp"
time="2021-05-18T09:36:18Z" level=info msg="running docker rm"
time="2021-05-18T09:36:18Z" level=info msg="Found annotations file" bundle-dir=/tmp/bundle-918995039 container-tool=docker
time="2021-05-18T09:36:18Z" level=info msg="Could not find optional dependencies file" bundle-dir=/tmp/bundle-918995039 container-tool=docker
time="2021-05-18T09:36:18Z" level=info msg="All validation tests have completed successfully"

Showing logs for build [32mentando-k8s-entando-k8s-operato-9gcmn-1[0m stage [32mfrom-build-pack[0m and container [32mstep-build-post-build[0m
no CVE provider running in the current ** namespace so skip adding image to be analysed

Showing logs for build [32mentando-k8s-entando-k8s-operato-9gcmn-1[0m stage [32mfrom-build-pack[0m and container [32mstep-promote-changelog[0m
Converted /workspace/source to an unshallow repository
Generating change log from git ref ddb3ca3b9cd5ba8a3c2268277aa5ff8adae8f19d => ca27013c31e8af491fdee3c1f3e34e675ae3f28e
Associating user ampie-barnard in users.jenkins.io with email ampie.private@gmail.com to git GitProvider user with login ampie-barnard-0 as emails match
Adding label jenkins.io/git-github-userid=ampie-barnard-0 to user ampie-barnard in users.jenkins.io
Associating user ampie-barnard in users.jenkins.io with email ampie.private@gmail.com to git GitProvider user with login ampie-barnard-0 as emails match
Adding label jenkins.io/git-github-userid=ampie-barnard-0 to user ampie-barnard in users.jenkins.io
Finding issues in commit messages using git format
Associating user ampie-barnard in users.jenkins.io with email ampie.private@gmail.com to git GitProvider user with login ampie-barnard-0 as emails match
Adding label jenkins.io/git-github-userid=ampie-barnard-0 to user ampie-barnard in users.jenkins.io
Associating user ampie-barnard in users.jenkins.io with email ampie.private@gmail.com to git GitProvider user with login ampie-barnard-0 as emails match
Adding label jenkins.io/git-github-userid=ampie-barnard-0 to user ampie-barnard in users.jenkins.io
Associating user ampie-barnard in users.jenkins.io with email ampie.private@gmail.com to git GitProvider user with login ampie-barnard-0 as emails match
Adding label jenkins.io/git-github-userid=ampie-barnard-0 to user ampie-barnard in users.jenkins.io
Associating user ampie-barnard in users.jenkins.io with email ampie.private@gmail.com to git GitProvider user with login ampie-barnard-0 as emails match
Adding label jenkins.io/git-github-userid=ampie-barnard-0 to user ampie-barnard in users.jenkins.io
Associating user ampie-barnard in users.jenkins.io with email ampie.private@gmail.com to git GitProvider user with login ampie-barnard-0 as emails match
Adding label jenkins.io/git-github-userid=ampie-barnard-0 to user ampie-barnard in users.jenkins.io
Associating user ampie-barnard in users.jenkins.io with email ampie.private@gmail.com to git GitProvider user with login ampie-barnard-0 as emails match
Adding label jenkins.io/git-github-userid=ampie-barnard-0 to user ampie-barnard in users.jenkins.io
WARNING: No release found for entando-k8s/entando-k8s-operator-bundle and tag v6.3.2 so creating a new release
Updated the release information at https://github.com/entando-k8s/entando-k8s-operator-bundle/releases/tag/v6.3.2
generated: /workspace/source/templates/release.yaml
Created Release entando-k8s-operator-bundle-6-3-2 resource in namespace **
Updating PipelineActivity entando-k8s-entando-k8s-operator-bundle-master-1 with version 6.3.2
Updated PipelineActivities entando-k8s-entando-k8s-operator-bundle-master-1 with release notes URL: https://github.com/entando-k8s/entando-k8s-operator-bundle/releases/tag/v6.3.2
