
Showing logs for build [32mmeta-entando-k8s-entando-k8s-op-f8sjb-12[0m stage [32mmeta-pipeline[0m and container [32mstep-credential-initializer-lghcx[0m
{"level":"warn","ts":1616663315.9825706,"logger":"fallback-logger","caller":"logging/config.go:69","msg":"Fetch GitHub commit ID from kodata failed: \"ref: refs/heads/0.8.0-**-support-backwards-incompats\" is not a valid GitHub commit ID"}
{"level":"info","ts":1616663315.992265,"logger":"fallback-logger","caller":"creds-init/main.go:40","msg":"Credentials initialized."}

Showing logs for build [32mmeta-entando-k8s-entando-k8s-op-f8sjb-12[0m stage [32mmeta-pipeline[0m and container [32mstep-working-dir-initializer-phrs8[0m
{"level":"warn","ts":1616663318.045236,"logger":"fallback-logger","caller":"logging/config.go:69","msg":"Fetch GitHub commit ID from kodata failed: open /var/run/ko/HEAD: no such file or directory"}
{"level":"info","ts":1616663318.074797,"logger":"fallback-logger","caller":"bash/main.go:64","msg":"Successfully e**cuted command \"sh -c mkdir -p /workspace/source\"; output "}

Showing logs for build [32mmeta-entando-k8s-entando-k8s-op-f8sjb-12[0m stage [32mmeta-pipeline[0m and container [32mstep-place-tools[0m

Showing logs for build [32mmeta-entando-k8s-entando-k8s-op-f8sjb-12[0m stage [32mmeta-pipeline[0m and container [32mstep-git-source-meta-entando-k8s-entando-k8s-op-pqs8q[0m
{"level":"warn","ts":1616663423.7711265,"logger":"fallback-logger","caller":"logging/config.go:69","msg":"Fetch GitHub commit ID from kodata failed: \"ref: refs/heads/0.8.0-**-support-backwards-incompats\" is not a valid GitHub commit ID"}
{"level":"info","ts":1616663424.4707088,"logger":"fallback-logger","caller":"git/git.go:103","msg":"Successfully cloned https://github.com/entando-k8s/entando-k8s-operator-bundle.git @ 3a2169d5afaa5e7415a9cdff0af3674ba7d56e68 in path /workspace/source"}

Showing logs for build [32mmeta-entando-k8s-entando-k8s-op-f8sjb-12[0m stage [32mmeta-pipeline[0m and container [32mstep-git-merge[0m
Using SHAs from PULL_REFS=master:3a2169d5afaa5e7415a9cdff0af3674ba7d56e68
WARNING: no SHAs to merge, falling back to initial cloned commit

Showing logs for build [32mmeta-entando-k8s-entando-k8s-op-f8sjb-12[0m stage [32mmeta-pipeline[0m and container [32mstep-merge-pull-refs[0m
SKIP merge-pull-refs: Nothing to merge

Showing logs for build [32mmeta-entando-k8s-entando-k8s-op-f8sjb-12[0m stage [32mmeta-pipeline[0m and container [32mstep-create-effective-pipeline[0m
Effective pipeline written to jenkins-x-release-effective.yml

Showing logs for build [32mmeta-entando-k8s-entando-k8s-op-f8sjb-12[0m stage [32mmeta-pipeline[0m and container [32mstep-create-tekton-crds[0m
running command: VERSION && ./set-csv-version.sh \$(**-release-version)
/bin/sh: VERSION: command not found
error: failed to set the version on release pipelines: failed to run '/bin/sh -c VERSION && ./set-csv-version.sh $(**-release-version)' command in directory '/workspace/source', output: ''
[31m
Pipeline failed on stage 'meta-pipeline' : container 'step-create-tekton-crds'. The execution of the pipeline has stopped.[0m
