
Showing logs for build [32mentando-k8s-entando-k8s-operato-rbw4x-13[0m stage [32mfrom-build-pack[0m and container [32mstep-credential-initializer-6xctn[0m
{"level":"warn","ts":1616663374.9996083,"logger":"fallback-logger","caller":"logging/config.go:69","msg":"Fetch GitHub commit ID from kodata failed: \"ref: refs/heads/0.8.0-**-support-backwards-incompats\" is not a valid GitHub commit ID"}
{"level":"info","ts":1616663375.014304,"logger":"fallback-logger","caller":"creds-init/main.go:40","msg":"Credentials initialized."}

Showing logs for build [32mentando-k8s-entando-k8s-operato-rbw4x-13[0m stage [32mfrom-build-pack[0m and container [32mstep-working-dir-initializer-h9p4l[0m
{"level":"warn","ts":1616663378.916498,"logger":"fallback-logger","caller":"logging/config.go:69","msg":"Fetch GitHub commit ID from kodata failed: open /var/run/ko/HEAD: no such file or directory"}
{"level":"info","ts":1616663379.2585926,"logger":"fallback-logger","caller":"bash/main.go:64","msg":"Successfully e**cuted command \"sh -c mkdir -p /workspace/source\"; output "}

Showing logs for build [32mentando-k8s-entando-k8s-operato-rbw4x-13[0m stage [32mfrom-build-pack[0m and container [32mstep-place-tools[0m

Showing logs for build [32mentando-k8s-entando-k8s-operato-rbw4x-13[0m stage [32mfrom-build-pack[0m and container [32mstep-git-source-entando-k8s-entando-k8s-operato-hntr9[0m
{"level":"warn","ts":1616663415.568405,"logger":"fallback-logger","caller":"logging/config.go:69","msg":"Fetch GitHub commit ID from kodata failed: \"ref: refs/heads/0.8.0-**-support-backwards-incompats\" is not a valid GitHub commit ID"}
{"level":"info","ts":1616663416.295777,"logger":"fallback-logger","caller":"git/git.go:103","msg":"Successfully cloned https://github.com/entando-k8s/entando-k8s-operator-bundle.git @ v0.3.83 in path /workspace/source"}

Showing logs for build [32mentando-k8s-entando-k8s-operato-rbw4x-13[0m stage [32mfrom-build-pack[0m and container [32mstep-git-merge[0m
Using SHAs from PULL_REFS=master:098e749327520d3c74c17eac356934c682af8f82
WARNING: no SHAs to merge, falling back to initial cloned commit

Showing logs for build [32mentando-k8s-entando-k8s-operato-rbw4x-13[0m stage [32mfrom-build-pack[0m and container [32mstep-setup-jx-git-credentials[0m
Generated Git credentials file /workspace/xdg_config/git/credentials

Showing logs for build [32mentando-k8s-entando-k8s-operato-rbw4x-13[0m stage [32mfrom-build-pack[0m and container [32mstep-build-container-build[0m
This avoids unwanted kaniko command substitution
Generating tags...
 - entando/entando-k8s-operator-bundle -> docker.io/entando/entando-k8s-operator-bundle:0.3.83
Checking cache...
 - entando/entando-k8s-operator-bundle: Not found. Building
Building [entando/entando-k8s-operator-bundle]...
Sending build context to Docker daemon  141.8kB
Step 1/18 : FROM scratch
 ---> 
Step 2/18 : LABEL operators.operatorframework.io.bundle.channels.v1 alpha,beta,stable
 ---> Using cache
 ---> 1e6df440f022
Step 3/18 : LABEL operators.operatorframework.io.bundle.manifests.v1 manifests/
 ---> Using cache
 ---> a72b3d3a7acf
Step 4/18 : LABEL operators.operatorframework.io.bundle.mediatype.v1 registry+v1
 ---> Using cache
 ---> bc71fe591299
Step 5/18 : LABEL operators.operatorframework.io.bundle.metadata.v1 metadata/
 ---> Using cache
 ---> 5ea67f194590
Step 6/18 : LABEL operators.operatorframework.io.bundle.package.v1 entando-k8s-operator
 ---> Using cache
 ---> 63071b3ac151
Step 7/18 : LABEL operators.operatorframework.io.metrics.builder operator-sdk-v1.2.0
 ---> Using cache
 ---> 3d652324d90b
Step 8/18 : LABEL operators.operatorframework.io.bundle.channel.default.v1 alpha
 ---> Using cache
 ---> c51a583d4e6b
Step 9/18 : LABEL operators.operatorframework.io.metrics.mediatype.v1 metrics+v1
 ---> Using cache
 ---> e4ae6d569a42
Step 10/18 : LABEL operators.operatorframework.io.metrics.project_layout helm.sdk.operatorframework.io/v1
 ---> Using cache
 ---> 385a67e2007a
Step 11/18 : LABEL operators.operatorframework.io.test.config.v1 tests/scorecard/
 ---> Using cache
 ---> fafc26b3cb6b
Step 12/18 : LABEL operators.operatorframework.io.test.mediatype.v1 scorecard+v1
 ---> Using cache
 ---> 044e1beae7f7
Step 13/18 : LABEL com.redhat.openshift.versions "v4.6"
 ---> Using cache
 ---> b23a1c74da6e
Step 14/18 : LABEL com.redhat.delivery.operator.bundle ****
 ---> Using cache
 ---> 669c6db6e9e9
Step 15/18 : LABEL com.redhat.delivery.backport false
 ---> Using cache
 ---> 4aa94ae1d330
Step 16/18 : COPY manifests /manifests/
 ---> Using cache
 ---> 010821f1cda6
Step 17/18 : COPY metadata /metadata/
 ---> Using cache
 ---> c2852df32cfc
Step 18/18 : COPY tests/scorecard /tests/scorecard/
 ---> Using cache
 ---> e829e8122175
Successfully built e829e8122175
The push refers to a repository [docker.io/entando/entando-k8s-operator-bundle]
f36693e9a8de: Preparing
d0033547d0e6: Preparing
1212b64ba219: Preparing
d0033547d0e6: Layer already exists
1212b64ba219: Layer already exists
f36693e9a8de: Layer already exists
0.3.83: digest: sha256:a57ae0a11419a012ae474d5ff7d8c2583fc425c68198e88da8d54d56aab4fd7c size: 940
There is a new version (1.21.0) of Skaffold available. Download it at https://storage.googleapis.com/skaffold/releases/latest/skaffold-linux-amd64


Showing logs for build [32mentando-k8s-entando-k8s-operato-rbw4x-13[0m stage [32mfrom-build-pack[0m and container [32mstep-build-verify-bundle[0m
time="2021-03-25T09:10:21Z" level=info msg="Unpacking image layers"
time="2021-03-25T09:10:21Z" level=info msg="running /usr/bin/docker pull docker.io/entando/entando-k8s-operator-bundle:0.3.83"
time="2021-03-25T09:10:23Z" level=info msg="running docker create"
time="2021-03-25T09:10:23Z" level=info msg="running docker cp"
time="2021-03-25T09:10:23Z" level=info msg="running docker rm"
time="2021-03-25T09:10:23Z" level=fatal msg="[error loading objs in directory: unable to parse CSV entando-k8s-operator.v0.3.x.clusterserviceversion.yaml: error unmarshaling JSON: while decoding JSON: strconv.ParseUint: parsing \"\": invalid syntax, no bundle csv found, unable to load bundle from directory /tmp/bundle-765347766/manifests]"
[31m
Pipeline failed on stage 'from-build-pack' : container 'step-build-verify-bundle'. The execution of the pipeline has stopped.[0m
