
Showing logs for build [32mentando-k8s-entando-k8s-operato-k982f-18[0m stage [32mfrom-build-pack[0m and container [32mstep-credential-initializer-6lm7z[0m
{"level":"warn","ts":1617198636.2399223,"logger":"fallback-logger","caller":"logging/config.go:69","msg":"Fetch GitHub commit ID from kodata failed: \"ref: refs/heads/0.8.0-**-support-backwards-incompats\" is not a valid GitHub commit ID"}
{"level":"info","ts":1617198636.2546208,"logger":"fallback-logger","caller":"creds-init/main.go:40","msg":"Credentials initialized."}

Showing logs for build [32mentando-k8s-entando-k8s-operato-k982f-18[0m stage [32mfrom-build-pack[0m and container [32mstep-working-dir-initializer-7xdw2[0m
{"level":"warn","ts":1617198639.509235,"logger":"fallback-logger","caller":"logging/config.go:69","msg":"Fetch GitHub commit ID from kodata failed: open /var/run/ko/HEAD: no such file or directory"}
{"level":"info","ts":1617198639.532837,"logger":"fallback-logger","caller":"bash/main.go:64","msg":"Successfully e**cuted command \"sh -c mkdir -p /workspace/source\"; output "}

Showing logs for build [32mentando-k8s-entando-k8s-operato-k982f-18[0m stage [32mfrom-build-pack[0m and container [32mstep-place-tools[0m

Showing logs for build [32mentando-k8s-entando-k8s-operato-k982f-18[0m stage [32mfrom-build-pack[0m and container [32mstep-git-source-entando-k8s-entando-k8s-operato-zdzjk[0m
{"level":"warn","ts":1617198658.1587515,"logger":"fallback-logger","caller":"logging/config.go:69","msg":"Fetch GitHub commit ID from kodata failed: \"ref: refs/heads/0.8.0-**-support-backwards-incompats\" is not a valid GitHub commit ID"}
{"level":"info","ts":1617198658.8833065,"logger":"fallback-logger","caller":"git/git.go:103","msg":"Successfully cloned https://github.com/entando-k8s/entando-k8s-operator-bundle.git @ v0.3.88 in path /workspace/source"}

Showing logs for build [32mentando-k8s-entando-k8s-operato-k982f-18[0m stage [32mfrom-build-pack[0m and container [32mstep-git-merge[0m
Using SHAs from PULL_REFS=master:8daa9ec764c2054fe7e351bea2519e337b860343
WARNING: no SHAs to merge, falling back to initial cloned commit

Showing logs for build [32mentando-k8s-entando-k8s-operato-k982f-18[0m stage [32mfrom-build-pack[0m and container [32mstep-setup-jx-git-credentials[0m
Generated Git credentials file /workspace/xdg_config/git/credentials

Showing logs for build [32mentando-k8s-entando-k8s-operato-k982f-18[0m stage [32mfrom-build-pack[0m and container [32mstep-build-container-build[0m
This avoids unwanted kaniko command substitution
Generating tags...
 - entando/entando-k8s-operator-bundle -> docker.io/entando/entando-k8s-operator-bundle:0.3.88
Checking cache...
 - entando/entando-k8s-operator-bundle: Not found. Building
Building [entando/entando-k8s-operator-bundle]...
Sending build context to Docker daemon  142.3kB
Step 1/18 : FROM scratch
 ---> 
Step 2/18 : LABEL operators.operatorframework.io.bundle.channels.v1 alpha,beta,stable
 ---> Using cache
 ---> 1e6df440f022
Step 3/18 : LABEL operators.operatorframework.io.bundle.manifests.v1 manifests/
 ---> Using cache
 ---> a72b3d3a7acf
Step 4/18 : LABEL operators.operatorframework.io.bundle.mediatype.v1 registry+v1
 ---> Using cache
 ---> bc71fe591299
Step 5/18 : LABEL operators.operatorframework.io.bundle.metadata.v1 metadata/
 ---> Using cache
 ---> 5ea67f194590
Step 6/18 : LABEL operators.operatorframework.io.bundle.package.v1 entando-k8s-operator
 ---> Using cache
 ---> 63071b3ac151
Step 7/18 : LABEL operators.operatorframework.io.metrics.builder operator-sdk-v1.2.0
 ---> Using cache
 ---> 3d652324d90b
Step 8/18 : LABEL operators.operatorframework.io.bundle.channel.default.v1 alpha
 ---> Using cache
 ---> c51a583d4e6b
Step 9/18 : LABEL operators.operatorframework.io.metrics.mediatype.v1 metrics+v1
 ---> Using cache
 ---> 0b44808a0154
Step 10/18 : LABEL operators.operatorframework.io.metrics.project_layout helm.sdk.operatorframework.io/v1
 ---> Using cache
 ---> ea24b0a6d974
Step 11/18 : LABEL operators.operatorframework.io.test.config.v1 tests/scorecard/
 ---> Using cache
 ---> bf7c762630de
Step 12/18 : LABEL operators.operatorframework.io.test.mediatype.v1 scorecard+v1
 ---> Using cache
 ---> 775ebc5291f7
Step 13/18 : LABEL com.redhat.openshift.versions "v4.6"
 ---> Using cache
 ---> ab1dca230e12
Step 14/18 : LABEL com.redhat.delivery.operator.bundle ****
 ---> Using cache
 ---> 94f6be410142
Step 15/18 : LABEL com.redhat.delivery.backport false
 ---> Using cache
 ---> 811d4d272292
Step 16/18 : COPY manifests /manifests/
 ---> 34b4665acc62
Step 17/18 : COPY metadata /metadata/
 ---> 448c76c84ba9
Step 18/18 : COPY tests/scorecard /tests/scorecard/
 ---> 703d6516c380
Successfully built 703d6516c380
The push refers to a repository [docker.io/entando/entando-k8s-operator-bundle]
0e25bb288a74: Preparing
e6b3a0694d4e: Preparing
7ecd78a4684f: Preparing
e6b3a0694d4e: Pushed
0e25bb288a74: Pushed
7ecd78a4684f: Pushed
0.3.88: digest: sha256:f1555282054e5880edc179a68f2f41ad58608772797cef581e94a62459985b31 size: 940
There is a new version (1.21.0) of Skaffold available. Download it at https://storage.googleapis.com/skaffold/releases/latest/skaffold-linux-amd64


Showing logs for build [32mentando-k8s-entando-k8s-operato-k982f-18[0m stage [32mfrom-build-pack[0m and container [32mstep-build-verify-bundle[0m
time="2021-03-31T13:51:14Z" level=info msg="Unpacking image layers"
time="2021-03-31T13:51:14Z" level=info msg="running /usr/bin/docker pull docker.io/entando/entando-k8s-operator-bundle:0.3.88"
time="2021-03-31T13:51:15Z" level=info msg="running docker create"
time="2021-03-31T13:51:15Z" level=info msg="running docker cp"
time="2021-03-31T13:51:16Z" level=info msg="running docker rm"
time="2021-03-31T13:51:16Z" level=info msg="Found annotations file" bundle-dir=/tmp/bundle-019600751 container-tool=docker
time="2021-03-31T13:51:16Z" level=info msg="Could not find optional dependencies file" bundle-dir=/tmp/bundle-019600751 container-tool=docker
time="2021-03-31T13:51:16Z" level=info msg="All validation tests have completed successfully"

Showing logs for build [32mentando-k8s-entando-k8s-operato-k982f-18[0m stage [32mfrom-build-pack[0m and container [32mstep-build-post-build[0m
no CVE provider running in the current ** namespace so skip adding image to be analysed

Showing logs for build [32mentando-k8s-entando-k8s-operato-k982f-18[0m stage [32mfrom-build-pack[0m and container [32mstep-promote-changelog[0m
Converted /workspace/source to an unshallow repository
Generating change log from git ref 2defbb90d8a84a100d9a27b41c15c6fdccb76edc => 5dfdcb29e40c32d36112adec59f55dcd3596e928
Associating user ampie in users.jenkins.io with email ampie.private@gmail.com to git GitProvider user with login ampie-barnard as emails match
Adding label jenkins.io/git-github-userid=ampie-barnard to user ampie in users.jenkins.io
Associating user ampie in users.jenkins.io with email ampie.private@gmail.com to git GitProvider user with login ampie-barnard as emails match
Adding label jenkins.io/git-github-userid=ampie-barnard to user ampie in users.jenkins.io
Finding issues in commit messages using git format
WARNING: No release found for entando-k8s/entando-k8s-operator-bundle and tag v0.3.88 so creating a new release
Updated the release information at https://github.com/entando-k8s/entando-k8s-operator-bundle/releases/tag/v0.3.88
generated: /workspace/source/templates/release.yaml
Created Release entando-k8s-operator-bundle-0-3-88 resource in namespace **
Updating PipelineActivity entando-k8s-entando-k8s-operator-bundle-master-18 with version 0.3.88
Updated PipelineActivities entando-k8s-entando-k8s-operator-bundle-master-18 with release notes URL: https://github.com/entando-k8s/entando-k8s-operator-bundle/releases/tag/v0.3.88
