
Showing logs for build [32mentando-k8s-entando-k8s-operato-74wps-2[0m stage [32mfrom-build-pack[0m and container [32mstep-credential-initializer-jt7vh[0m
{"level":"warn","ts":1616650049.1657054,"logger":"fallback-logger","caller":"logging/config.go:69","msg":"Fetch GitHub commit ID from kodata failed: \"ref: refs/heads/0.8.0-**-support-backwards-incompats\" is not a valid GitHub commit ID"}
{"level":"info","ts":1616650049.1773093,"logger":"fallback-logger","caller":"creds-init/main.go:40","msg":"Credentials initialized."}

Showing logs for build [32mentando-k8s-entando-k8s-operato-74wps-2[0m stage [32mfrom-build-pack[0m and container [32mstep-working-dir-initializer-xhlzg[0m
{"level":"warn","ts":1616650056.5276544,"logger":"fallback-logger","caller":"logging/config.go:69","msg":"Fetch GitHub commit ID from kodata failed: open /var/run/ko/HEAD: no such file or directory"}
{"level":"info","ts":1616650056.540394,"logger":"fallback-logger","caller":"bash/main.go:64","msg":"Successfully e**cuted command \"sh -c mkdir -p /workspace/source\"; output "}

Showing logs for build [32mentando-k8s-entando-k8s-operato-74wps-2[0m stage [32mfrom-build-pack[0m and container [32mstep-place-tools[0m

Showing logs for build [32mentando-k8s-entando-k8s-operato-74wps-2[0m stage [32mfrom-build-pack[0m and container [32mstep-git-source-entando-k8s-entando-k8s-operato-9g475[0m
{"level":"warn","ts":1616650249.079987,"logger":"fallback-logger","caller":"logging/config.go:69","msg":"Fetch GitHub commit ID from kodata failed: \"ref: refs/heads/0.8.0-**-support-backwards-incompats\" is not a valid GitHub commit ID"}
{"level":"info","ts":1616650249.8529093,"logger":"fallback-logger","caller":"git/git.go:103","msg":"Successfully cloned https://github.com/entando-k8s/entando-k8s-operator-bundle.git @ v0.0.2 in path /workspace/source"}

Showing logs for build [32mentando-k8s-entando-k8s-operato-74wps-2[0m stage [32mfrom-build-pack[0m and container [32mstep-git-merge[0m
Using SHAs from PULL_REFS=master:1f507c250e13a80912eca680efe512ae3c6d0e59
WARNING: no SHAs to merge, falling back to initial cloned commit

Showing logs for build [32mentando-k8s-entando-k8s-operato-74wps-2[0m stage [32mfrom-build-pack[0m and container [32mstep-setup-jx-git-credentials[0m
Generated Git credentials file /workspace/xdg_config/git/credentials

Showing logs for build [32mentando-k8s-entando-k8s-operato-74wps-2[0m stage [32mfrom-build-pack[0m and container [32mstep-build-container-build[0m
This avoids unwanted kaniko command substitution
Generating tags...
 - entando/entando-k8s-operator-bundle -> docker.io/entando/entando-k8s-operator-bundle:0.0.2
Checking cache...
 - entando/entando-k8s-operator-bundle: Not found. Building
Building [entando/entando-k8s-operator-bundle]...
Sending build context to Docker daemon  144.4kB
Step 1/18 : FROM scratch
 ---> 
Step 2/18 : LABEL operators.operatorframework.io.bundle.channels.v1 alpha,beta,stable
 ---> Using cache
 ---> 1e6df440f022
Step 3/18 : LABEL operators.operatorframework.io.bundle.manifests.v1 manifests/
 ---> Using cache
 ---> a72b3d3a7acf
Step 4/18 : LABEL operators.operatorframework.io.bundle.mediatype.v1 registry+v1
 ---> Using cache
 ---> bc71fe591299
Step 5/18 : LABEL operators.operatorframework.io.bundle.metadata.v1 metadata/
 ---> Using cache
 ---> 5ea67f194590
Step 6/18 : LABEL operators.operatorframework.io.bundle.package.v1 entando-k8s-operator
 ---> Using cache
 ---> 63071b3ac151
Step 7/18 : LABEL operators.operatorframework.io.metrics.builder operator-sdk-v1.2.0
 ---> Using cache
 ---> 3d652324d90b
Step 8/18 : LABEL operators.operatorframework.io.bundle.channel.default.v1 alpha
 ---> Using cache
 ---> c51a583d4e6b
Step 9/18 : LABEL operators.operatorframework.io.metrics.mediatype.v1 metrics+v1
 ---> Using cache
 ---> e4ae6d569a42
Step 10/18 : LABEL operators.operatorframework.io.metrics.project_layout helm.sdk.operatorframework.io/v1
 ---> Using cache
 ---> 385a67e2007a
Step 11/18 : LABEL operators.operatorframework.io.test.config.v1 tests/scorecard/
 ---> Using cache
 ---> fafc26b3cb6b
Step 12/18 : LABEL operators.operatorframework.io.test.mediatype.v1 scorecard+v1
 ---> Using cache
 ---> 044e1beae7f7
Step 13/18 : LABEL com.redhat.openshift.versions "v4.6"
 ---> Using cache
 ---> b23a1c74da6e
Step 14/18 : LABEL com.redhat.delivery.operator.bundle ****
 ---> Using cache
 ---> 669c6db6e9e9
Step 15/18 : LABEL com.redhat.delivery.backport false
 ---> Using cache
 ---> 4aa94ae1d330
Step 16/18 : COPY manifests /manifests/
 ---> Using cache
 ---> 77c89f610bdf
Step 17/18 : COPY metadata /metadata/
 ---> Using cache
 ---> 3e6ab2765126
Step 18/18 : COPY tests/scorecard /tests/scorecard/
 ---> Using cache
 ---> e12f15b9fcd5
Successfully built e12f15b9fcd5
The push refers to a repository [docker.io/entando/entando-k8s-operator-bundle]
1ba95a1ee0c8: Preparing
9961cd30ace5: Preparing
77b133b0e20b: Preparing
9961cd30ace5: Layer already exists
77b133b0e20b: Layer already exists
1ba95a1ee0c8: Layer already exists
0.0.2: digest: sha256:16e61dd5bc36694ba894c19319895a6adb8e0b25cff1e1b6b8f352f6d7f4f3cc size: 940
There is a new version (1.21.0) of Skaffold available. Download it at https://storage.googleapis.com/skaffold/releases/latest/skaffold-linux-amd64


Showing logs for build [32mentando-k8s-entando-k8s-operato-74wps-2[0m stage [32mfrom-build-pack[0m and container [32mstep-build-verify-bundle[0m
time="2021-03-25T05:30:56Z" level=info msg="Unpacking image layers"
time="2021-03-25T05:30:56Z" level=info msg="running /usr/bin/docker pull docker.io/entando/entando-k8s-operator-bundle:0.0.2"
time="2021-03-25T05:30:57Z" level=info msg="running docker create"
time="2021-03-25T05:30:58Z" level=info msg="running docker cp"
time="2021-03-25T05:30:58Z" level=info msg="running docker rm"
time="2021-03-25T05:30:58Z" level=info msg="Found annotations file" bundle-dir=/tmp/bundle-484786290 container-tool=docker
time="2021-03-25T05:30:58Z" level=info msg="Could not find optional dependencies file" bundle-dir=/tmp/bundle-484786290 container-tool=docker
time="2021-03-25T05:30:58Z" level=info msg="All validation tests have completed successfully"

Showing logs for build [32mentando-k8s-entando-k8s-operato-74wps-2[0m stage [32mfrom-build-pack[0m and container [32mstep-build-post-build[0m
no CVE provider running in the current ** namespace so skip adding image to be analysed

Showing logs for build [32mentando-k8s-entando-k8s-operato-74wps-2[0m stage [32mfrom-build-pack[0m and container [32mstep-promote-changelog[0m
Converted /workspace/source to an unshallow repository
Generating change log from git ref 06a75b23b0267ca3308b8d***0d1e69b567a2c96 => 345485ed69ff91944c045c0f1423ec9b55673a5e
Associating user ampie in users.jenkins.io with email ampie.private@gmail.com to git GitProvider user with login ampie-barnard as emails match
Adding label jenkins.io/git-github-userid=ampie-barnard to user ampie in users.jenkins.io
Associating user ampie in users.jenkins.io with email ampie.private@gmail.com to git GitProvider user with login ampie-barnard as emails match
Adding label jenkins.io/git-github-userid=ampie-barnard to user ampie in users.jenkins.io
Finding issues in commit messages using git format
Associating user ampie in users.jenkins.io with email ampie.private@gmail.com to git GitProvider user with login ampie-barnard as emails match
Adding label jenkins.io/git-github-userid=ampie-barnard to user ampie in users.jenkins.io
Associating user ampie in users.jenkins.io with email ampie.private@gmail.com to git GitProvider user with login ampie-barnard as emails match
Adding label jenkins.io/git-github-userid=ampie-barnard to user ampie in users.jenkins.io
Associating user ampie in users.jenkins.io with email ampie.private@gmail.com to git GitProvider user with login ampie-barnard as emails match
Adding label jenkins.io/git-github-userid=ampie-barnard to user ampie in users.jenkins.io
Associating user ampie in users.jenkins.io with email ampie.private@gmail.com to git GitProvider user with login ampie-barnard as emails match
Adding label jenkins.io/git-github-userid=ampie-barnard to user ampie in users.jenkins.io
Associating user ampie in users.jenkins.io with email ampie.private@gmail.com to git GitProvider user with login ampie-barnard as emails match
Adding label jenkins.io/git-github-userid=ampie-barnard to user ampie in users.jenkins.io
Associating user ampie in users.jenkins.io with email ampie.private@gmail.com to git GitProvider user with login ampie-barnard as emails match
Adding label jenkins.io/git-github-userid=ampie-barnard to user ampie in users.jenkins.io
Associating user ampie in users.jenkins.io with email ampie.private@gmail.com to git GitProvider user with login ampie-barnard as emails match
Adding label jenkins.io/git-github-userid=ampie-barnard to user ampie in users.jenkins.io
Associating user ampie in users.jenkins.io with email ampie.private@gmail.com to git GitProvider user with login ampie-barnard as emails match
Adding label jenkins.io/git-github-userid=ampie-barnard to user ampie in users.jenkins.io
WARNING: No release found for entando-k8s/entando-k8s-operator-bundle and tag v0.0.2 so creating a new release
Updated the release information at https://github.com/entando-k8s/entando-k8s-operator-bundle/releases/tag/v0.0.2
generated: /workspace/source/templates/release.yaml
Created Release entando-k8s-operator-bundle-0-0-2 resource in namespace **
Updating PipelineActivity entando-k8s-entando-k8s-operator-bundle-master-2 with version 0.0.2
Updated PipelineActivities entando-k8s-entando-k8s-operator-bundle-master-2 with release notes URL: https://github.com/entando-k8s/entando-k8s-operator-bundle/releases/tag/v0.0.2
