
Showing logs for build [32mentando-k8s-entando-k8s-operato-2h6bt-20[0m stage [32mfrom-build-pack[0m and container [32mstep-credential-initializer-sxh2h[0m
{"level":"warn","ts":1617278289.4745688,"logger":"fallback-logger","caller":"logging/config.go:69","msg":"Fetch GitHub commit ID from kodata failed: \"ref: refs/heads/0.8.0-**-support-backwards-incompats\" is not a valid GitHub commit ID"}
{"level":"info","ts":1617278289.4992287,"logger":"fallback-logger","caller":"creds-init/main.go:40","msg":"Credentials initialized."}

Showing logs for build [32mentando-k8s-entando-k8s-operato-2h6bt-20[0m stage [32mfrom-build-pack[0m and container [32mstep-working-dir-initializer-xlsd5[0m
{"level":"warn","ts":1617278296.68762,"logger":"fallback-logger","caller":"logging/config.go:69","msg":"Fetch GitHub commit ID from kodata failed: open /var/run/ko/HEAD: no such file or directory"}
{"level":"info","ts":1617278296.7012033,"logger":"fallback-logger","caller":"bash/main.go:64","msg":"Successfully e**cuted command \"sh -c mkdir -p /workspace/source\"; output "}

Showing logs for build [32mentando-k8s-entando-k8s-operato-2h6bt-20[0m stage [32mfrom-build-pack[0m and container [32mstep-place-tools[0m

Showing logs for build [32mentando-k8s-entando-k8s-operato-2h6bt-20[0m stage [32mfrom-build-pack[0m and container [32mstep-git-source-entando-k8s-entando-k8s-operato-7zj9h[0m
{"level":"warn","ts":1617278312.4422843,"logger":"fallback-logger","caller":"logging/config.go:69","msg":"Fetch GitHub commit ID from kodata failed: \"ref: refs/heads/0.8.0-**-support-backwards-incompats\" is not a valid GitHub commit ID"}
{"level":"info","ts":1617278313.1348674,"logger":"fallback-logger","caller":"git/git.go:103","msg":"Successfully cloned https://github.com/entando-k8s/entando-k8s-operator-bundle.git @ v0.3.90 in path /workspace/source"}

Showing logs for build [32mentando-k8s-entando-k8s-operato-2h6bt-20[0m stage [32mfrom-build-pack[0m and container [32mstep-git-merge[0m
Using SHAs from PULL_REFS=master:e8a0ba4f028c7a93dbbbd18b5f55a56d7c079cf6
WARNING: no SHAs to merge, falling back to initial cloned commit

Showing logs for build [32mentando-k8s-entando-k8s-operato-2h6bt-20[0m stage [32mfrom-build-pack[0m and container [32mstep-setup-jx-git-credentials[0m
Generated Git credentials file /workspace/xdg_config/git/credentials

Showing logs for build [32mentando-k8s-entando-k8s-operato-2h6bt-20[0m stage [32mfrom-build-pack[0m and container [32mstep-build-container-build[0m
This avoids unwanted kaniko command substitution
Generating tags...
 - entando/entando-k8s-operator-bundle -> docker.io/entando/entando-k8s-operator-bundle:0.3.90
Checking cache...
 - entando/entando-k8s-operator-bundle: Not found. Building
Building [entando/entando-k8s-operator-bundle]...
Sending build context to Docker daemon  135.2kB
Step 1/18 : FROM scratch
 ---> 
Step 2/18 : LABEL operators.operatorframework.io.bundle.channels.v1 alpha,beta,stable
 ---> Using cache
 ---> 1e6df440f022
Step 3/18 : LABEL operators.operatorframework.io.bundle.manifests.v1 manifests/
 ---> Using cache
 ---> a72b3d3a7acf
Step 4/18 : LABEL operators.operatorframework.io.bundle.mediatype.v1 registry+v1
 ---> Using cache
 ---> bc71fe591299
Step 5/18 : LABEL operators.operatorframework.io.bundle.metadata.v1 metadata/
 ---> Using cache
 ---> 5ea67f194590
Step 6/18 : LABEL operators.operatorframework.io.bundle.package.v1 entando-k8s-operator
 ---> Using cache
 ---> 63071b3ac151
Step 7/18 : LABEL operators.operatorframework.io.metrics.builder operator-sdk-v1.2.0
 ---> Using cache
 ---> 3d652324d90b
Step 8/18 : LABEL operators.operatorframework.io.bundle.channel.default.v1 alpha
 ---> Using cache
 ---> c51a583d4e6b
Step 9/18 : LABEL operators.operatorframework.io.metrics.mediatype.v1 metrics+v1
 ---> Using cache
 ---> 0b44808a0154
Step 10/18 : LABEL operators.operatorframework.io.metrics.project_layout helm.sdk.operatorframework.io/v1
 ---> Using cache
 ---> ea24b0a6d974
Step 11/18 : LABEL operators.operatorframework.io.test.config.v1 tests/scorecard/
 ---> Using cache
 ---> bf7c762630de
Step 12/18 : LABEL operators.operatorframework.io.test.mediatype.v1 scorecard+v1
 ---> Using cache
 ---> 775ebc5291f7
Step 13/18 : LABEL com.redhat.openshift.versions "v4.6"
 ---> Using cache
 ---> ab1dca230e12
Step 14/18 : LABEL com.redhat.delivery.operator.bundle ****
 ---> Using cache
 ---> 94f6be410142
Step 15/18 : LABEL com.redhat.delivery.backport false
 ---> Using cache
 ---> 811d4d272292
Step 16/18 : COPY manifests /manifests/
 ---> d9238748d734
Step 17/18 : COPY metadata /metadata/
 ---> 3b86130f9bca
Step 18/18 : COPY tests/scorecard /tests/scorecard/
 ---> 7de7bcab8bc7
Successfully built 7de7bcab8bc7
The push refers to a repository [docker.io/entando/entando-k8s-operator-bundle]
2cd1fc8f13d5: Preparing
b83dbf588b02: Preparing
5e21f730c090: Preparing
b83dbf588b02: Pushed
5e21f730c090: Pushed
2cd1fc8f13d5: Pushed
0.3.90: digest: sha256:b051bc2760aa03b2bf26a49eb6e9b2f3af796a00c84f6b8ee9de60a4696b7ea7 size: 940
There is a new version (1.21.0) of Skaffold available. Download it at https://storage.googleapis.com/skaffold/releases/latest/skaffold-linux-amd64


Showing logs for build [32mentando-k8s-entando-k8s-operato-2h6bt-20[0m stage [32mfrom-build-pack[0m and container [32mstep-build-verify-bundle[0m
time="2021-04-01T11:58:49Z" level=info msg="Unpacking image layers"
time="2021-04-01T11:58:49Z" level=info msg="running /usr/bin/docker pull docker.io/entando/entando-k8s-operator-bundle:0.3.90"
time="2021-04-01T11:58:51Z" level=info msg="running docker create"
time="2021-04-01T11:58:51Z" level=info msg="running docker cp"
time="2021-04-01T11:58:51Z" level=info msg="running docker rm"
time="2021-04-01T11:58:52Z" level=info msg="Found annotations file" bundle-dir=/tmp/bundle-492114269 container-tool=docker
time="2021-04-01T11:58:52Z" level=info msg="Could not find optional dependencies file" bundle-dir=/tmp/bundle-492114269 container-tool=docker
time="2021-04-01T11:58:52Z" level=info msg="All validation tests have completed successfully"

Showing logs for build [32mentando-k8s-entando-k8s-operato-2h6bt-20[0m stage [32mfrom-build-pack[0m and container [32mstep-build-post-build[0m
no CVE provider running in the current ** namespace so skip adding image to be analysed

Showing logs for build [32mentando-k8s-entando-k8s-operato-2h6bt-20[0m stage [32mfrom-build-pack[0m and container [32mstep-promote-changelog[0m
Converted /workspace/source to an unshallow repository
Generating change log from git ref 693642bf6330aa81618bb9221e75a35b9e2572bf => 4f04ce09b5a6844c1cce2755afe9ed0e62f80783
Associating user joewhite101 in users.jenkins.io with email j.white@entando.com to git GitProvider user with login joe-white as emails match
Adding label jenkins.io/git-github-userid=joe-white to user joewhite101 in users.jenkins.io
Associating user joewhite101 in users.jenkins.io with email j.white@entando.com to git GitProvider user with login joe-white as emails match
Adding label jenkins.io/git-github-userid=joe-white to user joewhite101 in users.jenkins.io
Finding issues in commit messages using git format
Associating user joewhite101 in users.jenkins.io with email j.white@entando.com to git GitProvider user with login joe-white as emails match
Adding label jenkins.io/git-github-userid=joe-white to user joewhite101 in users.jenkins.io
Associating user joewhite101 in users.jenkins.io with email j.white@entando.com to git GitProvider user with login joe-white as emails match
Adding label jenkins.io/git-github-userid=joe-white to user joewhite101 in users.jenkins.io
WARNING: No release found for entando-k8s/entando-k8s-operator-bundle and tag v0.3.90 so creating a new release
Updated the release information at https://github.com/entando-k8s/entando-k8s-operator-bundle/releases/tag/v0.3.90
generated: /workspace/source/templates/release.yaml
Created Release entando-k8s-operator-bundle-0-3-90 resource in namespace **
Updating PipelineActivity entando-k8s-entando-k8s-operator-bundle-master-20 with version 0.3.90
Updated PipelineActivities entando-k8s-entando-k8s-operator-bundle-master-20 with release notes URL: https://github.com/entando-k8s/entando-k8s-operator-bundle/releases/tag/v0.3.90
