
Showing logs for build [32mentando-k8s-entando-k8s-operato-kkqcs-3[0m stage [32mfrom-build-pack[0m and container [32mstep-credential-initializer-hj962[0m
{"level":"warn","ts":1616659843.8790212,"logger":"fallback-logger","caller":"logging/config.go:69","msg":"Fetch GitHub commit ID from kodata failed: \"ref: refs/heads/0.8.0-**-support-backwards-incompats\" is not a valid GitHub commit ID"}
{"level":"info","ts":1616659843.886257,"logger":"fallback-logger","caller":"creds-init/main.go:40","msg":"Credentials initialized."}

Showing logs for build [32mentando-k8s-entando-k8s-operato-kkqcs-3[0m stage [32mfrom-build-pack[0m and container [32mstep-working-dir-initializer-2lhsk[0m
{"level":"warn","ts":1616659846.5389416,"logger":"fallback-logger","caller":"logging/config.go:69","msg":"Fetch GitHub commit ID from kodata failed: open /var/run/ko/HEAD: no such file or directory"}
{"level":"info","ts":1616659846.5551863,"logger":"fallback-logger","caller":"bash/main.go:64","msg":"Successfully e**cuted command \"sh -c mkdir -p /workspace/source\"; output "}

Showing logs for build [32mentando-k8s-entando-k8s-operato-kkqcs-3[0m stage [32mfrom-build-pack[0m and container [32mstep-place-tools[0m

Showing logs for build [32mentando-k8s-entando-k8s-operato-kkqcs-3[0m stage [32mfrom-build-pack[0m and container [32mstep-git-source-entando-k8s-entando-k8s-operato-47lw6[0m
{"level":"warn","ts":1616659869.297654,"logger":"fallback-logger","caller":"logging/config.go:69","msg":"Fetch GitHub commit ID from kodata failed: \"ref: refs/heads/0.8.0-**-support-backwards-incompats\" is not a valid GitHub commit ID"}
{"level":"info","ts":1616659869.9532957,"logger":"fallback-logger","caller":"git/git.go:103","msg":"Successfully cloned https://github.com/entando-k8s/entando-k8s-operator-bundle.git @ v0.3.77 in path /workspace/source"}

Showing logs for build [32mentando-k8s-entando-k8s-operato-kkqcs-3[0m stage [32mfrom-build-pack[0m and container [32mstep-git-merge[0m
Using SHAs from PULL_REFS=master:c6ddaab3cbe5b73f6c4efb45680e0b4ed9f460b4
WARNING: no SHAs to merge, falling back to initial cloned commit

Showing logs for build [32mentando-k8s-entando-k8s-operato-kkqcs-3[0m stage [32mfrom-build-pack[0m and container [32mstep-setup-jx-git-credentials[0m
Generated Git credentials file /workspace/xdg_config/git/credentials

Showing logs for build [32mentando-k8s-entando-k8s-operato-kkqcs-3[0m stage [32mfrom-build-pack[0m and container [32mstep-build-container-build[0m
This avoids unwanted kaniko command substitution
Generating tags...
 - entando/entando-k8s-operator-bundle -> docker.io/entando/entando-k8s-operator-bundle:0.3.77
Checking cache...
 - entando/entando-k8s-operator-bundle: Not found. Building
Building [entando/entando-k8s-operator-bundle]...
Sending build context to Docker daemon  141.8kB
Step 1/18 : FROM scratch
 ---> 
Step 2/18 : LABEL operators.operatorframework.io.bundle.channels.v1 alpha,beta,stable
 ---> Using cache
 ---> 1e6df440f022
Step 3/18 : LABEL operators.operatorframework.io.bundle.manifests.v1 manifests/
 ---> Using cache
 ---> a72b3d3a7acf
Step 4/18 : LABEL operators.operatorframework.io.bundle.mediatype.v1 registry+v1
 ---> Using cache
 ---> bc71fe591299
Step 5/18 : LABEL operators.operatorframework.io.bundle.metadata.v1 metadata/
 ---> Using cache
 ---> 5ea67f194590
Step 6/18 : LABEL operators.operatorframework.io.bundle.package.v1 entando-k8s-operator
 ---> Using cache
 ---> 63071b3ac151
Step 7/18 : LABEL operators.operatorframework.io.metrics.builder operator-sdk-v1.2.0
 ---> Using cache
 ---> 3d652324d90b
Step 8/18 : LABEL operators.operatorframework.io.bundle.channel.default.v1 alpha
 ---> Using cache
 ---> c51a583d4e6b
Step 9/18 : LABEL operators.operatorframework.io.metrics.mediatype.v1 metrics+v1
 ---> Using cache
 ---> e4ae6d569a42
Step 10/18 : LABEL operators.operatorframework.io.metrics.project_layout helm.sdk.operatorframework.io/v1
 ---> Using cache
 ---> 385a67e2007a
Step 11/18 : LABEL operators.operatorframework.io.test.config.v1 tests/scorecard/
 ---> Using cache
 ---> fafc26b3cb6b
Step 12/18 : LABEL operators.operatorframework.io.test.mediatype.v1 scorecard+v1
 ---> Using cache
 ---> 044e1beae7f7
Step 13/18 : LABEL com.redhat.openshift.versions "v4.6"
 ---> Using cache
 ---> b23a1c74da6e
Step 14/18 : LABEL com.redhat.delivery.operator.bundle ****
 ---> Using cache
 ---> 669c6db6e9e9
Step 15/18 : LABEL com.redhat.delivery.backport false
 ---> Using cache
 ---> 4aa94ae1d330
Step 16/18 : COPY manifests /manifests/
 ---> b6c2e814ae5f
Step 17/18 : COPY metadata /metadata/
 ---> 3e0e9bb84f0d
Step 18/18 : COPY tests/scorecard /tests/scorecard/
 ---> f4adc62411d9
Successfully built f4adc62411d9
The push refers to a repository [docker.io/entando/entando-k8s-operator-bundle]
16d4e8bdbaec: Preparing
6f644e6b27e7: Preparing
3578c3809328: Preparing
6f644e6b27e7: Pushed
3578c3809328: Pushed
16d4e8bdbaec: Pushed
0.3.77: digest: sha256:6a82e460103335541275428e8982fb7a0aa353ff5ef1e243c0e72bcd16a39195 size: 940
There is a new version (1.21.0) of Skaffold available. Download it at https://storage.googleapis.com/skaffold/releases/latest/skaffold-linux-amd64


Showing logs for build [32mentando-k8s-entando-k8s-operato-kkqcs-3[0m stage [32mfrom-build-pack[0m and container [32mstep-build-verify-bundle[0m
time="2021-03-25T08:11:24Z" level=info msg="Unpacking image layers"
time="2021-03-25T08:11:24Z" level=info msg="running /usr/bin/docker pull docker.io/entando/entando-k8s-operator-bundle:0.3.77"
time="2021-03-25T08:11:25Z" level=info msg="running docker create"
time="2021-03-25T08:11:26Z" level=info msg="running docker cp"
time="2021-03-25T08:11:26Z" level=info msg="running docker rm"
time="2021-03-25T08:11:26Z" level=info msg="Found annotations file" bundle-dir=/tmp/bundle-737138687 container-tool=docker
time="2021-03-25T08:11:26Z" level=info msg="Could not find optional dependencies file" bundle-dir=/tmp/bundle-737138687 container-tool=docker
time="2021-03-25T08:11:26Z" level=info msg="All validation tests have completed successfully"

Showing logs for build [32mentando-k8s-entando-k8s-operato-kkqcs-3[0m stage [32mfrom-build-pack[0m and container [32mstep-build-post-build[0m
no CVE provider running in the current ** namespace so skip adding image to be analysed

Showing logs for build [32mentando-k8s-entando-k8s-operato-kkqcs-3[0m stage [32mfrom-build-pack[0m and container [32mstep-promote-changelog[0m
Converted /workspace/source to an unshallow repository
Generating change log from git ref 345485ed69ff91944c045c0f1423ec9b55673a5e => 524eff6a385ce0b7aa98e8c71680fe5b4d066b6f
Associating user ampie in users.jenkins.io with email ampie.private@gmail.com to git GitProvider user with login ampie-barnard as emails match
Adding label jenkins.io/git-github-userid=ampie-barnard to user ampie in users.jenkins.io
Associating user ampie in users.jenkins.io with email ampie.private@gmail.com to git GitProvider user with login ampie-barnard as emails match
Adding label jenkins.io/git-github-userid=ampie-barnard to user ampie in users.jenkins.io
Finding issues in commit messages using git format
WARNING: No release found for entando-k8s/entando-k8s-operator-bundle and tag v0.3.77 so creating a new release
Updated the release information at https://github.com/entando-k8s/entando-k8s-operator-bundle/releases/tag/v0.3.77
generated: /workspace/source/templates/release.yaml
Created Release entando-k8s-operator-bundle-0-3-77 resource in namespace **
Updating PipelineActivity entando-k8s-entando-k8s-operator-bundle-master-3 with version 0.3.77
Updated PipelineActivities entando-k8s-entando-k8s-operator-bundle-master-3 with release notes URL: https://github.com/entando-k8s/entando-k8s-operator-bundle/releases/tag/v0.3.77
