
Showing logs for build [32mmeta-entando-k8s-entando-k8s-op-fbx6m-5[0m stage [32mmeta-pipeline[0m and container [32mstep-credential-initializer-pp2gs[0m
{"level":"warn","ts":1616660376.7999206,"logger":"fallback-logger","caller":"logging/config.go:69","msg":"Fetch GitHub commit ID from kodata failed: \"ref: refs/heads/0.8.0-**-support-backwards-incompats\" is not a valid GitHub commit ID"}
{"level":"info","ts":1616660376.8154857,"logger":"fallback-logger","caller":"creds-init/main.go:40","msg":"Credentials initialized."}

Showing logs for build [32mmeta-entando-k8s-entando-k8s-op-fbx6m-5[0m stage [32mmeta-pipeline[0m and container [32mstep-working-dir-initializer-ccxwm[0m
{"level":"warn","ts":1616660378.659935,"logger":"fallback-logger","caller":"logging/config.go:69","msg":"Fetch GitHub commit ID from kodata failed: open /var/run/ko/HEAD: no such file or directory"}
{"level":"info","ts":1616660378.6833413,"logger":"fallback-logger","caller":"bash/main.go:64","msg":"Successfully e**cuted command \"sh -c mkdir -p /workspace/source\"; output "}

Showing logs for build [32mmeta-entando-k8s-entando-k8s-op-fbx6m-5[0m stage [32mmeta-pipeline[0m and container [32mstep-place-tools[0m

Showing logs for build [32mmeta-entando-k8s-entando-k8s-op-fbx6m-5[0m stage [32mmeta-pipeline[0m and container [32mstep-git-source-meta-entando-k8s-entando-k8s-op-4vpqq[0m
{"level":"warn","ts":1616660391.9745748,"logger":"fallback-logger","caller":"logging/config.go:69","msg":"Fetch GitHub commit ID from kodata failed: \"ref: refs/heads/0.8.0-**-support-backwards-incompats\" is not a valid GitHub commit ID"}
{"level":"info","ts":1616660392.738532,"logger":"fallback-logger","caller":"git/git.go:103","msg":"Successfully cloned https://github.com/entando-k8s/entando-k8s-operator-bundle.git @ 9bae179d7409179fbe285d76befa1cd63ee5d4ff in path /workspace/source"}

Showing logs for build [32mmeta-entando-k8s-entando-k8s-op-fbx6m-5[0m stage [32mmeta-pipeline[0m and container [32mstep-git-merge[0m
Using SHAs from PULL_REFS=master:9bae179d7409179fbe285d76befa1cd63ee5d4ff
WARNING: no SHAs to merge, falling back to initial cloned commit

Showing logs for build [32mmeta-entando-k8s-entando-k8s-op-fbx6m-5[0m stage [32mmeta-pipeline[0m and container [32mstep-merge-pull-refs[0m
SKIP merge-pull-refs: Nothing to merge

Showing logs for build [32mmeta-entando-k8s-entando-k8s-op-fbx6m-5[0m stage [32mmeta-pipeline[0m and container [32mstep-create-effective-pipeline[0m
Effective pipeline written to jenkins-x-release-effective.yml

Showing logs for build [32mmeta-entando-k8s-entando-k8s-op-fbx6m-5[0m stage [32mmeta-pipeline[0m and container [32mstep-create-tekton-crds[0m
running command: ** step next-version --use-git-tag-only && export VERSION=$(cat ./VERSION) ./set-csv-version.sh && ** step next-version --use-git-tag-only --tag
created new version: 0.3.79 and written to file: ./VERSION
/bin/sh: line 0: export: `./set-csv-version.sh': not a valid identifier
error: failed to set the version on release pipelines: failed to run '/bin/sh -c ** step next-version --use-git-tag-only && export VERSION=$(cat ./VERSION) ./set-csv-version.sh && ** step next-version --use-git-tag-only --tag' command in directory '/workspace/source', output: ''
[31m
Pipeline failed on stage 'meta-pipeline' : container 'step-create-tekton-crds'. The execution of the pipeline has stopped.[0m
