
Showing logs for build [32mmeta-entando-k8s-entando-k8s-op-l6q5w-7[0m stage [32mmeta-pipeline[0m and container [32mstep-credential-initializer-xvrwp[0m
{"level":"warn","ts":1616660655.6599836,"logger":"fallback-logger","caller":"logging/config.go:69","msg":"Fetch GitHub commit ID from kodata failed: \"ref: refs/heads/0.8.0-**-support-backwards-incompats\" is not a valid GitHub commit ID"}
{"level":"info","ts":1616660655.6711261,"logger":"fallback-logger","caller":"creds-init/main.go:40","msg":"Credentials initialized."}

Showing logs for build [32mmeta-entando-k8s-entando-k8s-op-l6q5w-7[0m stage [32mmeta-pipeline[0m and container [32mstep-working-dir-initializer-dm999[0m
{"level":"warn","ts":1616660661.4668179,"logger":"fallback-logger","caller":"logging/config.go:69","msg":"Fetch GitHub commit ID from kodata failed: open /var/run/ko/HEAD: no such file or directory"}
{"level":"info","ts":1616660661.4830616,"logger":"fallback-logger","caller":"bash/main.go:64","msg":"Successfully e**cuted command \"sh -c mkdir -p /workspace/source\"; output "}

Showing logs for build [32mmeta-entando-k8s-entando-k8s-op-l6q5w-7[0m stage [32mmeta-pipeline[0m and container [32mstep-place-tools[0m

Showing logs for build [32mmeta-entando-k8s-entando-k8s-op-l6q5w-7[0m stage [32mmeta-pipeline[0m and container [32mstep-git-source-meta-entando-k8s-entando-k8s-op-5pgss[0m
{"level":"warn","ts":1616660680.3360035,"logger":"fallback-logger","caller":"logging/config.go:69","msg":"Fetch GitHub commit ID from kodata failed: \"ref: refs/heads/0.8.0-**-support-backwards-incompats\" is not a valid GitHub commit ID"}
{"level":"info","ts":1616660681.1239355,"logger":"fallback-logger","caller":"git/git.go:103","msg":"Successfully cloned https://github.com/entando-k8s/entando-k8s-operator-bundle.git @ 1a319c0b7de541d265be9d22c9996c99a7a5e57a in path /workspace/source"}

Showing logs for build [32mmeta-entando-k8s-entando-k8s-op-l6q5w-7[0m stage [32mmeta-pipeline[0m and container [32mstep-git-merge[0m
Using SHAs from PULL_REFS=master:1a319c0b7de541d265be9d22c9996c99a7a5e57a
WARNING: no SHAs to merge, falling back to initial cloned commit

Showing logs for build [32mmeta-entando-k8s-entando-k8s-op-l6q5w-7[0m stage [32mmeta-pipeline[0m and container [32mstep-merge-pull-refs[0m
SKIP merge-pull-refs: Nothing to merge

Showing logs for build [32mmeta-entando-k8s-entando-k8s-op-l6q5w-7[0m stage [32mmeta-pipeline[0m and container [32mstep-create-effective-pipeline[0m
Effective pipeline written to jenkins-x-release-effective.yml

Showing logs for build [32mmeta-entando-k8s-entando-k8s-op-l6q5w-7[0m stage [32mmeta-pipeline[0m and container [32mstep-create-tekton-crds[0m
running command: ** step next-version --use-git-tag-only
created new version: 0.3.79 and written to file: ./VERSION

running command: export VERSION="$(cat ./VERSION)" ./set-csv-version.sh
/bin/sh: line 0: export: `./set-csv-version.sh': not a valid identifier
error: failed to set the version on release pipelines: failed to run '/bin/sh -c export VERSION="$(cat ./VERSION)" ./set-csv-version.sh' command in directory '/workspace/source', output: ''
[31m
Pipeline failed on stage 'meta-pipeline' : container 'step-create-tekton-crds'. The execution of the pipeline has stopped.[0m
