
Showing logs for build [32mmeta-entando-entando-engine-pr-kp4hj-1[0m stage [32mmeta-pipeline[0m and container [32mcredential-initializer[0m
{"level":"info","ts":1620926068.0562809,"caller":"creds-init/main.go:44","msg":"Credentials initialized."}

Showing logs for build [32mmeta-entando-entando-engine-pr-kp4hj-1[0m stage [32mmeta-pipeline[0m and container [32mworking-dir-initializer[0m

Showing logs for build [32mmeta-entando-entando-engine-pr-kp4hj-1[0m stage [32mmeta-pipeline[0m and container [32mplace-tools[0m

Showing logs for build [32mmeta-entando-entando-engine-pr-kp4hj-1[0m stage [32mmeta-pipeline[0m and container [32mstep-git-source-meta-entando-entando-engine-pr-kp4hj-pzcnx[0m
{"level":"info","ts":1620926081.5405865,"caller":"git/git.go:105","msg":"Successfully cloned https://github.com/entando/entando-engine.git @ 06262ef688e2deedb486d7237c7d73f08b7d09e2 in path /workspace/source"}
{"level":"warn","ts":1620926081.540761,"caller":"git/git.go:152","msg":"Unexpected error: creating symlink: symlink /tekton/home/.ssh /****/.ssh: file exists"}
{"level":"info","ts":1620926081.644358,"caller":"git/git.go:133","msg":"Successfully initialized and updated submodules in path /workspace/source"}

Showing logs for build [32mmeta-entando-entando-engine-pr-kp4hj-1[0m stage [32mmeta-pipeline[0m and container [32mstep-git-merge[0m
Using SHAs from PULL_REFS=master:06262ef688e2deedb486d7237c7d73f08b7d09e2,144:ef88a72ceeaa5656c3e6291df685ee50c7fddbf4
DEBUG: LC_ALL=C JX_LOG_LEVEL=error git fetch origin --unshallow ef88a72ceeaa5656c3e6291df685ee50c7fddbf4: 06262ef688e2deedb486d7237c7d73f08b7d09e2:
DEBUG: ran git fetch --unshallow origin ef88a72ceeaa5656c3e6291df685ee50c7fddbf4: 06262ef688e2deedb486d7237c7d73f08b7d09e2: in 
DEBUG: LC_ALL=C JX_LOG_LEVEL=error git branch
DEBUG: LC_ALL=C JX_LOG_LEVEL=error git checkout master
DEBUG: ran git checkout master in 
DEBUG: LC_ALL=C JX_LOG_LEVEL=error git reset --hard 06262ef688e2deedb486d7237c7d73f08b7d09e2
DEBUG: ran git reset --hard 06262ef688e2deedb486d7237c7d73f08b7d09e2 in 
DEBUG: LC_ALL=C JX_LOG_LEVEL=error git clean -fd .
DEBUG: ran clean --force -d . in 
DEBUG: JX_LOG_LEVEL=error LC_ALL=C git merge ef88a72ceeaa5656c3e6291df685ee50c7fddbf4
DEBUG: ran git merge ef88a72ceeaa5656c3e6291df685ee50c7fddbf4 in 
DEBUG: LC_ALL=C JX_LOG_LEVEL=error git log --format=%H%x1f%an%x1f%ae%x1f%cn%x1f%ce%x1f%s%n%b%x1e 06262ef688e2deedb486d7237c7d73f08b7d09e2..HEAD
Merged SHA ef88a72ceeaa5656c3e6291df685ee50c7fddbf4 with commit message 'Merge branch 'master' into ENG-2254-decoding-currentPath-url-param' into base branch master
Merged SHA c8e9f24a0ffa30b7623bfdb3639027084b28563c with commit message 'ENG-2254 Decoding url param currentPath' into base branch master

Showing logs for build [32mmeta-entando-entando-engine-pr-kp4hj-1[0m stage [32mmeta-pipeline[0m and container [32mstep-merge-pull-refs[0m
DEBUG: LC_ALL=C JX_LOG_LEVEL=error git fetch origin --unshallow ef88a72ceeaa5656c3e6291df685ee50c7fddbf4: 06262ef688e2deedb486d7237c7d73f08b7d09e2:
DEBUG: LC_ALL=C JX_LOG_LEVEL=error git fetch origin ef88a72ceeaa5656c3e6291df685ee50c7fddbf4: 06262ef688e2deedb486d7237c7d73f08b7d09e2:
DEBUG: ran git fetch origin ef88a72ceeaa5656c3e6291df685ee50c7fddbf4: 06262ef688e2deedb486d7237c7d73f08b7d09e2: in 
DEBUG: JX_LOG_LEVEL=error LC_ALL=C git rev-parse --is-shallow-repository
DEBUG: Unshallowed git repo in 
DEBUG: LC_ALL=C JX_LOG_LEVEL=error git branch
DEBUG: JX_LOG_LEVEL=error LC_ALL=C git checkout master
DEBUG: ran git checkout master in 
DEBUG: LC_ALL=C JX_LOG_LEVEL=error git reset --hard 06262ef688e2deedb486d7237c7d73f08b7d09e2
DEBUG: ran git reset --hard 06262ef688e2deedb486d7237c7d73f08b7d09e2 in 
DEBUG: LC_ALL=C JX_LOG_LEVEL=error git clean -fd .
DEBUG: ran clean --force -d . in 
DEBUG: LC_ALL=C JX_LOG_LEVEL=error git merge ef88a72ceeaa5656c3e6291df685ee50c7fddbf4
DEBUG: ran git merge ef88a72ceeaa5656c3e6291df685ee50c7fddbf4 in 
DEBUG: LC_ALL=C JX_LOG_LEVEL=error git log --format=%H%x1f%an%x1f%ae%x1f%cn%x1f%ce%x1f%s%n%b%x1e 06262ef688e2deedb486d7237c7d73f08b7d09e2..HEAD
Merged SHA ef88a72ceeaa5656c3e6291df685ee50c7fddbf4 with commit message 'Merge branch 'master' into ENG-2254-decoding-currentPath-url-param' into base branch master
Merged SHA c8e9f24a0ffa30b7623bfdb3639027084b28563c with commit message 'ENG-2254 Decoding url param currentPath' into base branch master

Showing logs for build [32mmeta-entando-entando-engine-pr-kp4hj-1[0m stage [32mmeta-pipeline[0m and container [32mstep-create-effective-pipeline[0m
error: no build pack for entando-maven-lib exists at directory /tekton/home/.**/draft/packs/github.com/jenkins-x-buildpacks/jenkins-x-kubernetes/packs/entando-maven-lib
[31m
Pipeline failed on stage 'meta-pipeline' : container 'step-create-effective-pipeline'. The execution of the pipeline has stopped.[0m
