
Showing logs for build [32mentando-k8s-entando-component-m-rvtbs-3[0m stage [32mfrom-build-pack[0m and container [32mstep-credential-initializer-gzllk[0m
{"level":"warn","ts":1616580938.7776246,"logger":"fallback-logger","caller":"logging/config.go:69","msg":"Fetch GitHub commit ID from kodata failed: \"ref: refs/heads/0.8.0-**-support-backwards-incompats\" is not a valid GitHub commit ID"}
{"level":"info","ts":1616580938.7829845,"logger":"fallback-logger","caller":"creds-init/main.go:40","msg":"Credentials initialized."}

Showing logs for build [32mentando-k8s-entando-component-m-rvtbs-3[0m stage [32mfrom-build-pack[0m and container [32mstep-working-dir-initializer-hz46b[0m
{"level":"warn","ts":1616580945.5481627,"logger":"fallback-logger","caller":"logging/config.go:69","msg":"Fetch GitHub commit ID from kodata failed: open /var/run/ko/HEAD: no such file or directory"}
{"level":"info","ts":1616580945.5544338,"logger":"fallback-logger","caller":"bash/main.go:64","msg":"Successfully e**cuted command \"sh -c mkdir -p /workspace/source\"; output "}

Showing logs for build [32mentando-k8s-entando-component-m-rvtbs-3[0m stage [32mfrom-build-pack[0m and container [32mstep-place-tools[0m

Showing logs for build [32mentando-k8s-entando-component-m-rvtbs-3[0m stage [32mfrom-build-pack[0m and container [32mstep-git-source-entando-k8s-entando-component-m-sz6pf[0m
{"level":"warn","ts":1616580973.0066214,"logger":"fallback-logger","caller":"logging/config.go:69","msg":"Fetch GitHub commit ID from kodata failed: \"ref: refs/heads/0.8.0-**-support-backwards-incompats\" is not a valid GitHub commit ID"}
{"level":"info","ts":1616580974.2187135,"logger":"fallback-logger","caller":"git/git.go:103","msg":"Successfully cloned https://github.com/entando-k8s/entando-component-manager.git @ master in path /workspace/source"}

Showing logs for build [32mentando-k8s-entando-component-m-rvtbs-3[0m stage [32mfrom-build-pack[0m and container [32mstep-git-merge[0m
Using SHAs from PULL_REFS=master:722df453edfe2900f2cc5d8ad2c621c011c0300a,110:4bca90f1f32bb25691a72b73f2862fd63c20ae5c
DEBUG: ran git fetch --unshallow origin 4bca90f1f32bb25691a72b73f2862fd63c20ae5c: 722df453edfe2900f2cc5d8ad2c621c011c0300a: in 
DEBUG: ran git checkout master in 
DEBUG: ran git reset --hard 722df453edfe2900f2cc5d8ad2c621c011c0300a in 
DEBUG: ran clean --force -d . in 
DEBUG: ran git merge 4bca90f1f32bb25691a72b73f2862fd63c20ae5c in 
Merged SHA 4bca90f1f32bb25691a72b73f2862fd63c20ae5c with commit message 'ENG-2048 - liquibase version upgrade - parent pom upgrade' into base branch master

Showing logs for build [32mentando-k8s-entando-component-m-rvtbs-3[0m stage [32mfrom-build-pack[0m and container [32mstep-build-set-version[0m
Picked up _JAVA_OPTIONS: -XX:+UnlockExperimentalVMOptions -Dsun.zip.disableMemoryMapping=**** -XX:+UseParallelGC -XX:MinHeapFreeRatio=5 -XX:MaxHeapFreeRatio=10 -XX:GCTimeRatio=4 -XX:AdaptiveSizePolicyWeight=90 -Xms1000m -Xmx12000m
[INFO] Scanning for projects...
[INFO] 
[INFO] ---------------< org.entando:entando-component-manager >----------------
[INFO] Building Entando Component Manager 6.3.0-SNAPSHOT
[INFO] --------------------------------[ jar ]---------------------------------
[INFO] 
[INFO] --- versions-maven-plugin:2.8.1:set (default-cli) @ entando-component-manager ---
[INFO] Local aggregation ****: /workspace/source
[INFO] Processing change of org.entando:entando-component-manager:6.3.0-SNAPSHOT -> 0.0.0-SNAPSHOT-PR-110-3
[INFO] Processing org.entando:entando-component-manager
[INFO]     Updating project org.entando:entando-component-manager
[INFO]         from version 6.3.0-SNAPSHOT to 0.0.0-SNAPSHOT-PR-110-3
[INFO] 
[INFO] ------------------------------------------------------------------------
[INFO] BUILD SUCCESS
[INFO] ------------------------------------------------------------------------
[INFO] Total time:  13.800 s
[INFO] Finished at: 2021-03-24T10:16:33Z
[INFO] ------------------------------------------------------------------------

Showing logs for build [32mentando-k8s-entando-component-m-rvtbs-3[0m stage [32mfrom-build-pack[0m and container [32mstep-build-fix-git-for-sonar[0m
Switched to a new branch 'PR-110'
M	pom.xml
Deleted branch master (was 4bca90f).
From https://github.com/entando-k8s/entando-component-manager
 * [new branch]      master     -> master
 * [new tag]         list       -> list
 * [new tag]         v6.0.32    -> v6.0.32
 * [new tag]         v6.0.32.1  -> v6.0.32.1

Showing logs for build [32mentando-k8s-entando-component-m-rvtbs-3[0m stage [32mfrom-build-pack[0m and container [32mstep-build-mvn-verify-pr[0m
Picked up _JAVA_OPTIONS: -XX:+UnlockExperimentalVMOptions -Dsun.zip.disableMemoryMapping=**** -XX:+UseParallelGC -XX:MinHeapFreeRatio=5 -XX:MaxHeapFreeRatio=10 -XX:GCTimeRatio=4 -XX:AdaptiveSizePolicyWeight=90 -Xms1000m -Xmx12000m
[INFO] Scanning for projects...
[INFO] 
[INFO] ---------------< org.entando:entando-component-manager >----------------
[INFO] Building Entando Component Manager 0.0.0-SNAPSHOT-PR-110-3
[INFO] --------------------------------[ jar ]---------------------------------
[INFO] 
[INFO] --- maven-checkstyle-plugin:3.1.1:check (validate) @ entando-component-manager ---
[INFO] Starting audit...
Audit done.
[INFO] You have 0 Checkstyle violations.
[INFO] 
[INFO] --- maven-checkstyle-plugin:3.1.1:checkstyle (validate) @ entando-component-manager ---
[INFO] Starting audit...
Audit done.
[INFO] 
[INFO] --- jacoco-maven-plugin:0.8.5:prepare-agent (prepare-agent) @ entando-component-manager ---
[INFO] argLine set to -javaagent:/home/jenkins/.mvnrepository/org/jacoco/org.jacoco.agent/0.8.5/org.jacoco.agent-0.8.5-runtime.jar=destfile=/workspace/source/target/jacoco.e**c
[INFO] 
[INFO] --- maven-resources-plugin:2.6:resources (default-resources) @ entando-component-manager ---
[INFO] Using 'UTF-8' encoding to copy filtered resources.
[INFO] Copying 10 resources
[INFO] 
[INFO] --- maven-compiler-plugin:3.8.1:compile (default-compile) @ entando-component-manager ---
[INFO] Changes detected - recompiling the module!
[INFO] Compiling 222 source files to /workspace/source/target/classes
[INFO] -------------------------------------------------------------
[ERROR] COMPILATION ERROR : 
[INFO] -------------------------------------------------------------
[ERROR] /workspace/source/src/main/java/org/entando/kubernetes/client/k8ssvc/DefaultK8SServiceClient.java:[5,50] package io.fabric8.kubernetes.api.model.extensions does not exist
[ERROR] /workspace/source/src/main/java/org/entando/kubernetes/client/k8ssvc/DefaultK8SServiceClient.java:[6,50] package io.fabric8.kubernetes.api.model.extensions does not exist
[ERROR] /workspace/source/src/main/java/org/entando/kubernetes/client/k8ssvc/DefaultK8SServiceClient.java:[7,36] package io.fabric8.kubernetes.client does not exist
[ERROR] /workspace/source/src/main/java/org/entando/kubernetes/client/k8ssvc/DefaultK8SServiceClient.java:[348,13] cannot find symbol
  symbol:   class Ingress
  location: class org.entando.kubernetes.client.k8ssvc.DefaultK8SServiceClient
[ERROR] /workspace/source/src/main/java/org/entando/kubernetes/service/digitalexchange/BundleUtilities.java:[3,44] package io.fabric8.zjsonpatch.internal.guava does not exist
[ERROR] /workspace/source/src/main/java/org/entando/kubernetes/config/KubernetesConfiguration.java:[5,36] package io.fabric8.kubernetes.client does not exist
[ERROR] /workspace/source/src/main/java/org/entando/kubernetes/config/KubernetesConfiguration.java:[6,36] package io.fabric8.kubernetes.client does not exist
[ERROR] /workspace/source/src/main/java/org/entando/kubernetes/config/KubernetesConfiguration.java:[7,36] package io.fabric8.kubernetes.client does not exist
[ERROR] /workspace/source/src/main/java/org/entando/kubernetes/config/KubernetesConfiguration.java:[8,36] package io.fabric8.kubernetes.client does not exist
[ERROR] /workspace/source/src/main/java/org/entando/kubernetes/config/KubernetesConfiguration.java:[34,12] cannot find symbol
  symbol:   class KubernetesClient
  location: class org.entando.kubernetes.config.KubernetesConfiguration
[INFO] 10 errors 
[INFO] -------------------------------------------------------------
[INFO] 
[INFO] ------------------------------------------------------------------------
[INFO] Skipping Entando Component Manager
[INFO] This project has been banned from the build due to previous failures.
[INFO] ------------------------------------------------------------------------
[INFO] ------------------------------------------------------------------------
[INFO] BUILD FAILURE
[INFO] ------------------------------------------------------------------------
[INFO] Total time:  37.243 s
[INFO] Finished at: 2021-03-24T10:17:17Z
[INFO] ------------------------------------------------------------------------
[ERROR] Failed to e**cute goal org.apache.maven.plugins:maven-compiler-plugin:3.8.1:compile (default-compile) on project entando-component-manager: Compilation failure: Compilation failure: 
[ERROR] /workspace/source/src/main/java/org/entando/kubernetes/client/k8ssvc/DefaultK8SServiceClient.java:[5,50] package io.fabric8.kubernetes.api.model.extensions does not exist
[ERROR] /workspace/source/src/main/java/org/entando/kubernetes/client/k8ssvc/DefaultK8SServiceClient.java:[6,50] package io.fabric8.kubernetes.api.model.extensions does not exist
[ERROR] /workspace/source/src/main/java/org/entando/kubernetes/client/k8ssvc/DefaultK8SServiceClient.java:[7,36] package io.fabric8.kubernetes.client does not exist
[ERROR] /workspace/source/src/main/java/org/entando/kubernetes/client/k8ssvc/DefaultK8SServiceClient.java:[348,13] cannot find symbol
[ERROR]   symbol:   class Ingress
[ERROR]   location: class org.entando.kubernetes.client.k8ssvc.DefaultK8SServiceClient
[ERROR] /workspace/source/src/main/java/org/entando/kubernetes/service/digitalexchange/BundleUtilities.java:[3,44] package io.fabric8.zjsonpatch.internal.guava does not exist
[ERROR] /workspace/source/src/main/java/org/entando/kubernetes/config/KubernetesConfiguration.java:[5,36] package io.fabric8.kubernetes.client does not exist
[ERROR] /workspace/source/src/main/java/org/entando/kubernetes/config/KubernetesConfiguration.java:[6,36] package io.fabric8.kubernetes.client does not exist
[ERROR] /workspace/source/src/main/java/org/entando/kubernetes/config/KubernetesConfiguration.java:[7,36] package io.fabric8.kubernetes.client does not exist
[ERROR] /workspace/source/src/main/java/org/entando/kubernetes/config/KubernetesConfiguration.java:[8,36] package io.fabric8.kubernetes.client does not exist
[ERROR] /workspace/source/src/main/java/org/entando/kubernetes/config/KubernetesConfiguration.java:[34,12] cannot find symbol
[ERROR]   symbol:   class KubernetesClient
[ERROR]   location: class org.entando.kubernetes.config.KubernetesConfiguration
[ERROR] -> [Help 1]
[ERROR] 
[ERROR] To see the full stack trace of the errors, re-run Maven with the -e switch.
[ERROR] Re-run Maven using the -X switch to enable full debug logging.
[ERROR] 
[ERROR] For more information about the errors and possible solutions, please read the following articles:
[ERROR] [Help 1] http://cwiki.apache.org/confluence/display/MAVEN/MojoFailureException
Picked up _JAVA_OPTIONS: -XX:+UnlockExperimentalVMOptions -Dsun.zip.disableMemoryMapping=**** -XX:+UseParallelGC -XX:MinHeapFreeRatio=5 -XX:MaxHeapFreeRatio=10 -XX:GCTimeRatio=4 -XX:AdaptiveSizePolicyWeight=90 -Xms1000m -Xmx12000m
[INFO] Scanning for projects...
[INFO] 
[INFO] ---------------< org.entando:entando-component-manager >----------------
[INFO] Building Entando Component Manager 0.0.0-SNAPSHOT-PR-110-3
[INFO] --------------------------------[ jar ]---------------------------------
[INFO] 
[INFO] --- maven-site-plugin:3.9.0:site (default-site) @ entando-component-manager ---
[INFO] configuring report plugin org.apache.maven.plugins:maven-project-info-reports-plugin:3.0.0
[WARNING] dependency-info report is declared twice in default reportSet
[WARNING] distribution-management report is declared twice in default reportSet
[WARNING] index report is declared twice in default reportSet
[WARNING] ci-management report is declared twice in default reportSet
[WARNING] issue-management report is declared twice in default reportSet
[WARNING] licenses report is declared twice in default reportSet
[WARNING] plugins report is declared twice in default reportSet
[WARNING] scm report is declared twice in default reportSet
[WARNING] summary report is declared twice in default reportSet
[INFO] 9 reports configured for maven-project-info-reports-plugin:3.0.0: dependency-info, distribution-management, index, ci-management, issue-management, licenses, plugins, scm, summary
[INFO] Rendering site with default locale English (en)
[WARNING] Unable to find a URL to the parent project. The parent menu will NOT be added.
[INFO] Relativizing decoration links with respect to localized project URL: http://www.entando.com/
[INFO] Rendering content with org.apache.maven.skins:maven-default-skin:jar:1.3 skin.
[INFO] Generating "Dependency Information" report --- maven-project-info-reports-plugin:3.0.0:dependency-info
[INFO] Generating "About" report         --- maven-project-info-reports-plugin:3.0.0:index
[INFO] Generating "Issue Management" report --- maven-project-info-reports-plugin:3.0.0:issue-management
[INFO] Generating "Licenses" report      --- maven-project-info-reports-plugin:3.0.0:licenses
[INFO] Generating "Plugins" report       --- maven-project-info-reports-plugin:3.0.0:plugins
[INFO] Generating "Source Code Management" report --- maven-project-info-reports-plugin:3.0.0:scm
[INFO] Generating "Summary" report       --- maven-project-info-reports-plugin:3.0.0:summary
[INFO] ------------------------------------------------------------------------
[INFO] BUILD SUCCESS
[INFO] ------------------------------------------------------------------------
[INFO] Total time:  16.111 s
[INFO] Finished at: 2021-03-24T10:17:36Z
[INFO] ------------------------------------------------------------------------
error: etcdserver: request is too large
No pre-deployment test results found for entando-component-manager-PR-110.
No OWASP dependency check found for entando-component-manager-PR-110.
The following checks failed for entando-component-manager-PR-110:
No pre-deployment test results produced by build
No OWASP dependency check results produced by build
[31m
Pipeline failed on stage 'from-build-pack' : container 'step-build-mvn-verify-pr'. The execution of the pipeline has stopped.[0m
