
Showing logs for build [32mentando-k8s-entando-k8s-composi-x2jtl-1[0m stage [32mfrom-build-pack[0m and container [32mstep-credential-initializer-k6vbf[0m
{"level":"warn","ts":1616777700.346484,"logger":"fallback-logger","caller":"logging/config.go:69","msg":"Fetch GitHub commit ID from kodata failed: \"ref: refs/heads/0.8.0-**-support-backwards-incompats\" is not a valid GitHub commit ID"}
{"level":"info","ts":1616777700.3576877,"logger":"fallback-logger","caller":"creds-init/main.go:40","msg":"Credentials initialized."}

Showing logs for build [32mentando-k8s-entando-k8s-composi-x2jtl-1[0m stage [32mfrom-build-pack[0m and container [32mstep-working-dir-initializer-mcrmb[0m
{"level":"warn","ts":1616777701.7130291,"logger":"fallback-logger","caller":"logging/config.go:69","msg":"Fetch GitHub commit ID from kodata failed: open /var/run/ko/HEAD: no such file or directory"}
{"level":"info","ts":1616777701.7365148,"logger":"fallback-logger","caller":"bash/main.go:64","msg":"Successfully e**cuted command \"sh -c mkdir -p /workspace/source\"; output "}

Showing logs for build [32mentando-k8s-entando-k8s-composi-x2jtl-1[0m stage [32mfrom-build-pack[0m and container [32mstep-place-tools[0m

Showing logs for build [32mentando-k8s-entando-k8s-composi-x2jtl-1[0m stage [32mfrom-build-pack[0m and container [32mstep-git-source-entando-k8s-entando-k8s-composi-cllsv[0m
{"level":"warn","ts":1616777737.2019954,"logger":"fallback-logger","caller":"logging/config.go:69","msg":"Fetch GitHub commit ID from kodata failed: \"ref: refs/heads/0.8.0-**-support-backwards-incompats\" is not a valid GitHub commit ID"}
{"level":"info","ts":1616777738.0218124,"logger":"fallback-logger","caller":"git/git.go:103","msg":"Successfully cloned https://github.com/entando-k8s/entando-k8s-composite-app-controller.git @ master in path /workspace/source"}

Showing logs for build [32mentando-k8s-entando-k8s-composi-x2jtl-1[0m stage [32mfrom-build-pack[0m and container [32mstep-git-merge[0m
Using SHAs from PULL_REFS=master:62e7310154b41168106f9ce3384439ad8fe0de73,17:2793d15d858eae4a1c2647bc6935b6b660f98d3f
DEBUG: ran git fetch --unshallow origin 2793d15d858eae4a1c2647bc6935b6b660f98d3f: 62e7310154b41168106f9ce3384439ad8fe0de73: in 
DEBUG: ran git checkout master in 
DEBUG: ran git reset --hard 62e7310154b41168106f9ce3384439ad8fe0de73 in 
DEBUG: ran clean --force -d . in 
DEBUG: ran git merge 2793d15d858eae4a1c2647bc6935b6b660f98d3f in 
Merged SHA b36c6d9da09fe905ab04c67ecfff74e595d62199 with commit message 'Merge commit '2793d15d858eae4a1c2647bc6935b6b660f98d3f'' into base branch master
Merged SHA 2793d15d858eae4a1c2647bc6935b6b660f98d3f with commit message '#ENG-2068 bumped parent' into base branch master

Showing logs for build [32mentando-k8s-entando-k8s-composi-x2jtl-1[0m stage [32mfrom-build-pack[0m and container [32mstep-build-set-version[0m
Picked up _JAVA_OPTIONS: -XX:+UnlockExperimentalVMOptions -Dsun.zip.disableMemoryMapping=**** -XX:+UseParallelGC -XX:MinHeapFreeRatio=5 -XX:MaxHeapFreeRatio=10 -XX:GCTimeRatio=4 -XX:AdaptiveSizePolicyWeight=90 -Xms1000m -Xmx12000m
[INFO] Scanning for projects...
[INFO] 
[INFO] ----------< org.entando:entando-k8s-composite-app-controller >----------
[INFO] Building Entando K8S Composite App Controller 6.3.0-SNAPSHOT
[INFO] --------------------------------[ jar ]---------------------------------
[INFO] 
[INFO] --- versions-maven-plugin:2.8.1:set (default-cli) @ entando-k8s-composite-app-controller ---
[INFO] Local aggregation ****: /workspace/source
[INFO] Processing change of org.entando:entando-k8s-composite-app-controller:6.3.0-SNAPSHOT -> 0.0.0-SNAPSHOT-PR-17-1
[INFO] Processing org.entando:entando-k8s-composite-app-controller
[INFO]     Updating project org.entando:entando-k8s-composite-app-controller
[INFO]         from version 6.3.0-SNAPSHOT to 0.0.0-SNAPSHOT-PR-17-1
[INFO] 
[INFO] ------------------------------------------------------------------------
[INFO] BUILD SUCCESS
[INFO] ------------------------------------------------------------------------
[INFO] Total time:  8.220 s
[INFO] Finished at: 2021-03-26T16:55:50Z
[INFO] ------------------------------------------------------------------------

Showing logs for build [32mentando-k8s-entando-k8s-composi-x2jtl-1[0m stage [32mfrom-build-pack[0m and container [32mstep-build-fix-git-for-sonar[0m
error: Your local changes to the following files would be overwritten by checkout:
	pom.xml
Please commit your changes or stash them before you switch branches.
Aborting
error: Cannot delete branch 'master' checked out at '/workspace/source'
fatal: Refusing to fetch into current branch refs/heads/master of non-bare repository
[31m
Pipeline failed on stage 'from-build-pack' : container 'step-build-fix-git-for-sonar'. The execution of the pipeline has stopped.[0m
