
Showing logs for build [32mentando-entando-admin-console-p-dhxxs-3[0m stage [32mfrom-build-pack[0m and container [32mcredential-initializer[0m
{"level":"info","ts":1625155651.7373333,"caller":"creds-init/main.go:44","msg":"Credentials initialized."}

Showing logs for build [32mentando-entando-admin-console-p-dhxxs-3[0m stage [32mfrom-build-pack[0m and container [32mworking-dir-initializer[0m

Showing logs for build [32mentando-entando-admin-console-p-dhxxs-3[0m stage [32mfrom-build-pack[0m and container [32mplace-tools[0m

Showing logs for build [32mentando-entando-admin-console-p-dhxxs-3[0m stage [32mfrom-build-pack[0m and container [32mstep-git-source-entando-entando-admin-console-p-dhxxs-wd5fx[0m
{"level":"info","ts":1625155755.7666574,"caller":"git/git.go:105","msg":"Successfully cloned https://github.com/entando/entando-*****-console.git @ master in path /workspace/source"}
{"level":"warn","ts":1625155755.7671776,"caller":"git/git.go:152","msg":"Unexpected error: creating symlink: symlink /tekton/home/.ssh /****/.ssh: file exists"}
{"level":"info","ts":1625155755.8440783,"caller":"git/git.go:133","msg":"Successfully initialized and updated submodules in path /workspace/source"}

Showing logs for build [32mentando-entando-admin-console-p-dhxxs-3[0m stage [32mfrom-build-pack[0m and container [32mstep-setup-builder-home[0m

Showing logs for build [32mentando-entando-admin-console-p-dhxxs-3[0m stage [32mfrom-build-pack[0m and container [32mstep-git-merge[0m
Using SHAs from PULL_REFS=master:3958638aa2f231dc31469afc1ca176ca6f4e1879,76:47e70aa2a4bdbc1acbe51d64f5ae597026e99c30
DEBUG: LC_ALL=C JX_LOG_LEVEL=error git fetch origin --unshallow 47e70aa2a4bdbc1acbe51d64f5ae597026e99c30: 3958638aa2f231dc31469afc1ca176ca6f4e1879:
DEBUG: ran git fetch --unshallow origin 47e70aa2a4bdbc1acbe51d64f5ae597026e99c30: 3958638aa2f231dc31469afc1ca176ca6f4e1879: in 
DEBUG: LC_ALL=C JX_LOG_LEVEL=error git branch
DEBUG: LC_ALL=C JX_LOG_LEVEL=error git checkout master
DEBUG: ran git checkout master in 
DEBUG: LC_ALL=C JX_LOG_LEVEL=error git reset --hard 3958638aa2f231dc31469afc1ca176ca6f4e1879
DEBUG: ran git reset --hard 3958638aa2f231dc31469afc1ca176ca6f4e1879 in 
DEBUG: LC_ALL=C JX_LOG_LEVEL=error git clean -fd .
DEBUG: ran clean --force -d . in 
DEBUG: LC_ALL=C JX_LOG_LEVEL=error git merge 47e70aa2a4bdbc1acbe51d64f5ae597026e99c30
DEBUG: ran git merge 47e70aa2a4bdbc1acbe51d64f5ae597026e99c30 in 
DEBUG: LC_ALL=C JX_LOG_LEVEL=error git log --format=%H%x1f%an%x1f%ae%x1f%cn%x1f%ce%x1f%s%n%b%x1e 3958638aa2f231dc31469afc1ca176ca6f4e1879..HEAD
Merged SHA 47e70aa2a4bdbc1acbe51d64f5ae597026e99c30 with commit message 'ENG-2178: upgraded bom version' into base branch master
Merged SHA b7213f966dc39305650650ac8aa853b2b91b6fc3 with commit message 'Merge branch 'master' into ENG-2178_removeDataType' into base branch master
Merged SHA 0e402c4b305d34c03ff0429df32404ac25d6f134 with commit message 'ENG-2178: Merging master into ENG-2178_removeDataType' into base branch master
Merged SHA 1eb461f9da7945713d625d95c5ae2018a54170f6 with commit message 'ENG-2178: Junit test upgrade' into base branch master
Merged SHA 843968dba3a6dcaa3650ff14288e38d47d09250c with commit message 'ENG-2178: Fix wrong method' into base branch master
Merged SHA 39b33fc431124d98eb67cf4fab7342903b9516b2 with commit message 'ENG-2178: Removed datatype actions' into base branch master
Merged SHA 78b210f9f6333a3ce3be9e7cb0357d0446d698e4 with commit message 'ENG-2178: Removed DataType functionality' into base branch master

Showing logs for build [32mentando-entando-admin-console-p-dhxxs-3[0m stage [32mfrom-build-pack[0m and container [32mstep-build-set-version[0m
Picked up _JAVA_OPTIONS: -XX:+UnlockExperimentalVMOptions -Dsun.zip.disableMemoryMapping=**** -XX:+UseParallelGC -XX:MinHeapFreeRatio=5 -XX:MaxHeapFreeRatio=10 -XX:GCTimeRatio=4 -XX:AdaptiveSizePolicyWeight=90 -Xms10m -Xmx8000m
[INFO] Scanning for projects...
[WARNING] 
[WARNING] Some problems were encountered while building the effective model for org.entando.entando:entando-*****-console:war:6.4.0-SNAPSHOT
[WARNING] 'dependencyManagement.dependencies.dependency.(groupId:artifactId:type:classifier)' must be unique: org.springframework:spring-tx:jar -> version (?) vs ${spring.version} @ org.entando:entando-core-parent:6.4.2, /home/jenkins/.mvnrepository/org/entando/entando-core-parent/6.4.2/entando-core-parent-6.4.2.pom, line 625, column 25
[WARNING] 
[WARNING] It is highly recommended to fix these problems because they threaten the stability of your build.
[WARNING] 
[WARNING] For this reason, future Maven versions might no longer support building such malformed projects.
[WARNING] 
[WARNING] The POM for org.eclipse.m2e:lifecycle-mapping:jar:1.0.0 is missing, no dependency information available
[WARNING] Failed to retrieve plugin descriptor for org.eclipse.m2e:lifecycle-mapping:1.0.0: Plugin org.eclipse.m2e:lifecycle-mapping:1.0.0 or one of its dependencies could not be resolved: Could not find artifact org.eclipse.m2e:lifecycle-mapping:jar:1.0.0 in nexus (http://nexus/repository/maven-group/)
[INFO] 
[INFO] -------------< org.entando.entando:entando-*****-console >--------------
[INFO] Building Entando Core: Administration Console 6.4.0-SNAPSHOT
[INFO] --------------------------------[ war ]---------------------------------
[WARNING] The POM for org.eclipse.m2e:lifecycle-mapping:jar:1.0.0 is missing, no dependency information available
[WARNING] Failed to retrieve plugin descriptor for org.eclipse.m2e:lifecycle-mapping:1.0.0: Plugin org.eclipse.m2e:lifecycle-mapping:1.0.0 or one of its dependencies could not be resolved: Failure to find org.eclipse.m2e:lifecycle-mapping:jar:1.0.0 in http://nexus/repository/maven-group/ was cached in the local repository, resolution will not be reattempted until the update interval of nexus has elapsed or updates are forced
[INFO] 
[INFO] --- versions-maven-plugin:2.8.1:set (default-cli) @ entando-*****-console ---
[INFO] Local aggregation ****: /workspace/source
[INFO] Processing change of org.entando.entando:entando-*****-console:6.4.0-SNAPSHOT -> 0.0.0-SNAPSHOT-PR-76-3
[INFO] Processing org.entando.entando:entando-*****-console
[INFO]     Updating project org.entando.entando:entando-*****-console
[INFO]         from version 6.4.0-SNAPSHOT to 0.0.0-SNAPSHOT-PR-76-3
[INFO] 
[INFO] ------------------------------------------------------------------------
[INFO] BUILD SUCCESS
[INFO] ------------------------------------------------------------------------
[INFO] Total time:  9.371 s
[INFO] Finished at: 2021-07-01T16:09:30Z
[INFO] ------------------------------------------------------------------------

Showing logs for build [32mentando-entando-admin-console-p-dhxxs-3[0m stage [32mfrom-build-pack[0m and container [32mstep-build-fix-git-for-sonar[0m
Switched to a new branch 'PR-76'
M	pom.xml
Deleted branch master (was 47e70aa).
From https://github.com/entando/entando-*****-console
 * [new branch]      master            -> master
 * [new tag]         pia-crs4          -> pia-crs4
 * [new tag]         v4.2.0            -> v4.2.0
 * [new tag]         v4.3.2-RC1        -> v4.3.2-RC1
 * [new tag]         v5.0.0-pre        -> v5.0.0-pre
 * [new tag]         v6.2.0-sprint1-rc -> v6.2.0-sprint1-rc
 * [new tag]         v6.2.0-sprint2-rc -> v6.2.0-sprint2-rc
 * [new tag]         v6.2.0-sprint3-rc -> v6.2.0-sprint3-rc
 * [new tag]         v6.2.0-sprint4-rc -> v6.2.0-sprint4-rc
 * [new tag]         v6.2.0-sprint5-rc -> v6.2.0-sprint5-rc

Showing logs for build [32mentando-entando-admin-console-p-dhxxs-3[0m stage [32mfrom-build-pack[0m and container [32mstep-build-mvn-verify-pr[0m
Picked up _JAVA_OPTIONS: -XX:+UnlockExperimentalVMOptions -Dsun.zip.disableMemoryMapping=**** -XX:+UseParallelGC -XX:MinHeapFreeRatio=5 -XX:MaxHeapFreeRatio=10 -XX:GCTimeRatio=4 -XX:AdaptiveSizePolicyWeight=90 -Xms10m -Xmx8000m
[INFO] Scanning for projects...
[WARNING] 
[WARNING] Some problems were encountered while building the effective model for org.entando.entando:entando-*****-console:war:0.0.0-SNAPSHOT-PR-76-3
[WARNING] 'dependencyManagement.dependencies.dependency.(groupId:artifactId:type:classifier)' must be unique: org.springframework:spring-tx:jar -> version (?) vs ${spring.version} @ org.entando:entando-core-parent:6.4.2, /home/jenkins/.mvnrepository/org/entando/entando-core-parent/6.4.2/entando-core-parent-6.4.2.pom, line 625, column 25
[WARNING] 
[WARNING] It is highly recommended to fix these problems because they threaten the stability of your build.
[WARNING] 
[WARNING] For this reason, future Maven versions might no longer support building such malformed projects.
[WARNING] 
[WARNING] The POM for org.eclipse.m2e:lifecycle-mapping:jar:1.0.0 is missing, no dependency information available
[WARNING] Failed to retrieve plugin descriptor for org.eclipse.m2e:lifecycle-mapping:1.0.0: Plugin org.eclipse.m2e:lifecycle-mapping:1.0.0 or one of its dependencies could not be resolved: Failure to find org.eclipse.m2e:lifecycle-mapping:jar:1.0.0 in http://nexus/repository/maven-group/ was cached in the local repository, resolution will not be reattempted until the update interval of nexus has elapsed or updates are forced
[INFO] 
[INFO] -------------< org.entando.entando:entando-*****-console >--------------
[INFO] Building Entando Core: Administration Console 0.0.0-SNAPSHOT-PR-76-3
[INFO] --------------------------------[ war ]---------------------------------
[WARNING] The POM for com.sun.xml.bind:jaxb-impl:jar:2.2.11 is invalid, transitive dependencies (if any) will not be available, enable debug logging for more details
[INFO] 
[INFO] --- maven-checkstyle-plugin:3.1.1:check (validate) @ entando-*****-console ---
[INFO] 
[INFO] --- maven-checkstyle-plugin:3.1.1:checkstyle (validate) @ entando-*****-console ---
[INFO] 
[INFO] --- jacoco-maven-plugin:0.8.6:prepare-agent (prepare-agent) @ entando-*****-console ---
[INFO] argLine set to -javaagent:/home/jenkins/.mvnrepository/org/jacoco/org.jacoco.agent/0.8.6/org.jacoco.agent-0.8.6-runtime.jar=destfile=/workspace/source/target/jacoco.e**c
[INFO] 
[INFO] --- maven-resources-plugin:2.5:resources (default-resources) @ entando-*****-console ---
[debug] e**cute contextualize
[INFO] Using 'UTF-8' encoding to copy filtered resources.
[INFO] Copying 24 resources
[INFO] Copying 1 resource
[INFO] Copying 89 resources
[INFO] Copying 2 resources to META-INF
[INFO] 
[INFO] --- maven-compiler-plugin:3.8.1:compile (default-compile) @ entando-*****-console ---
[INFO] Changes detected - recompiling the module!
[INFO] Compiling 233 source files to /workspace/source/target/classes
[WARNING] /workspace/source/src/main/java/com/agiletec/aps*****/******/BaseAction.java:[123,33] unchecked method invocation: method sort in class java.util.Collections is applied to given types
  required: java.util.List<T>,java.util.Comparator<? super T>
  found: java.util.List<com.agiletec.aps.******.services.group.Group>,org.apache.commons.beanutils.BeanComparator
[WARNING] /workspace/source/src/main/java/com/agiletec/aps*****/******/BaseAction.java:[123,61] unchecked conversion
  required: java.util.Comparator<? super T>
  found:    org.apache.commons.beanutils.BeanComparator
[WARNING] /workspace/source/src/main/java/org/entando/entando/aps*****/api/AbstractApiFinderAction.java:[61,29] unchecked method invocation: method sort in class java.util.Collections is applied to given types
  required: java.util.List<T>,java.util.Comparator<? super T>
  found: java.util.List<org.entando.entando.aps.******.services.api.model.ApiResource>,org.apache.commons.beanutils.BeanComparator
[WARNING] /workspace/source/src/main/java/org/entando/entando/aps*****/api/AbstractApiFinderAction.java:[61,43] unchecked conversion
  required: java.util.Comparator<? super T>
  found:    org.apache.commons.beanutils.BeanComparator
[WARNING] /workspace/source/src/main/java/com/agiletec/aps*****/******/entity/AbstractApsEntityFinderAction.java:[58,66] unchecked call to EntitySearchFilter(java.lang.String,boolean,T,boolean) as a member of the raw type com.agiletec.aps.******.common.entity.model.EntitySearchFilter
[WARNING] /workspace/source/src/main/java/com/agiletec/aps*****/******/entity/AbstractApsEntityFinderAction.java:[150,41] unchecked method invocation: method sort in class java.util.Collections is applied to given types
  required: java.util.List<T>,java.util.Comparator<? super T>
  found: java.util.List<com.agiletec.aps.******.common.entity.model.IApsEntity>,org.apache.commons.beanutils.BeanComparator
[WARNING] /workspace/source/src/main/java/com/agiletec/aps*****/******/entity/AbstractApsEntityFinderAction.java:[150,60] unchecked conversion
  required: java.util.Comparator<? super T>
  found:    org.apache.commons.beanutils.BeanComparator
[WARNING] /workspace/source/src/main/java/org/entando/entando/aps*****/user/UserProfileFinderAction.java:[50,26] unchecked call to EntitySearchFilter(java.lang.String,boolean,T,boolean) as a member of the raw type com.agiletec.aps.******.common.entity.model.EntitySearchFilter
[WARNING] /workspace/source/src/main/java/org/entando/entando/aps*****/*****/DatabaseAction.java:[202,89] unchecked call to <A>getAnnotation(java.lang.Class<A>) as a member of the raw type java.lang.Class
[WARNING] /workspace/source/src/main/java/com/agiletec/aps*****/******/entity/type/EntityTypeConfigAction.java:[229,41] unchecked method invocation: method sort in class java.util.Collections is applied to given types
  required: java.util.List<T>,java.util.Comparator<? super T>
  found: java.util.List<com.agiletec.aps.******.common.entity.model.attribute.AttributeInterface>,org.apache.commons.beanutils.BeanComparator
[WARNING] /workspace/source/src/main/java/com/agiletec/aps*****/******/entity/type/EntityTypeConfigAction.java:[229,54] unchecked conversion
  required: java.util.Comparator<? super T>
  found:    org.apache.commons.beanutils.BeanComparator
[WARNING] /workspace/source/src/main/java/org/entando/entando/aps*****/tags/PageTreeTag.java:[88,57] unchecked method invocation: method getAllowedTreeRoot in interface com.agiletec.aps*****.******.ITreeNodeBaseActionHelper is applied to given types
  required: java.util.Collection<java.lang.String>
  found: java.util.Collection
[WARNING] /workspace/source/src/main/java/org/entando/entando/aps*****/tags/PageTreeTag.java:[88,79] unchecked conversion
  required: java.util.Collection<java.lang.String>
  found:    java.util.Collection
[WARNING] /workspace/source/src/main/java/com/agiletec/aps*****/portal/AbstractPortalAction.java:[125,41] unchecked method invocation: method sort in class java.util.Collections is applied to given types
  required: java.util.List<T>,java.util.Comparator<? super T>
  found: java.util.List<com.agiletec.aps.util.SelectItem>,org.apache.commons.beanutils.BeanComparator
[WARNING] /workspace/source/src/main/java/com/agiletec/aps*****/portal/AbstractPortalAction.java:[125,55] unchecked conversion
  required: java.util.Comparator<? super T>
  found:    org.apache.commons.beanutils.BeanComparator
[WARNING] /workspace/source/src/main/java/org/entando/entando/aps*****/portal/guifragment/GuiFragmentFinderAction.java:[47,65] unchecked call to FieldSearchFilter(java.lang.String,T,boolean) as a member of the raw type com.agiletec.aps.******.common.FieldSearchFilter
[WARNING] /workspace/source/src/main/java/org/entando/entando/aps*****/portal/guifragment/GuiFragmentFinderAction.java:[51,65] unchecked call to FieldSearchFilter(java.lang.String,T,boolean) as a member of the raw type com.agiletec.aps.******.common.FieldSearchFilter
[WARNING] /workspace/source/src/main/java/org/entando/entando/aps*****/portal/guifragment/GuiFragmentFinderAction.java:[55,65] unchecked call to FieldSearchFilter(java.lang.String,T,boolean) as a member of the raw type com.agiletec.aps.******.common.FieldSearchFilter
[WARNING] /workspace/source/src/main/java/org/entando/entando/aps*****/portal/guifragment/GuiFragmentFinderAction.java:[101,49] unchecked method invocation: method sort in class java.util.Collections is applied to given types
  required: java.util.List<T>,java.util.Comparator<? super T>
  found: java.util.List<com.agiletec.aps.util.SelectItem>,org.apache.commons.beanutils.BeanComparator
[WARNING] /workspace/source/src/main/java/org/entando/entando/aps*****/portal/guifragment/GuiFragmentFinderAction.java:[101,57] unchecked conversion
  required: java.util.Comparator<? super T>
  found:    org.apache.commons.beanutils.BeanComparator
[WARNING] /workspace/source/src/main/java/com/agiletec/aps*****/user/role/RoleFinderAction.java:[34,33] unchecked method invocation: method sort in class java.util.Collections is applied to given types
  required: java.util.List<T>,java.util.Comparator<? super T>
  found: java.util.List<com.agiletec.aps.******.services.role.Role>,org.apache.commons.beanutils.BeanComparator
[WARNING] /workspace/source/src/main/java/com/agiletec/aps*****/user/role/RoleFinderAction.java:[34,41] unchecked conversion
  required: java.util.Comparator<? super T>
  found:    org.apache.commons.beanutils.BeanComparator
[WARNING] /workspace/source/src/main/java/com/agiletec/aps*****/******/entity/type/CompositeAttributeConfigAction.java:[157,41] unchecked method invocation: method sort in class java.util.Collections is applied to given types
  required: java.util.List<T>,java.util.Comparator<? super T>
  found: java.util.List<com.agiletec.aps.******.common.entity.model.attribute.AttributeInterface>,org.apache.commons.beanutils.BeanComparator
[WARNING] /workspace/source/src/main/java/com/agiletec/aps*****/******/entity/type/CompositeAttributeConfigAction.java:[157,54] unchecked conversion
  required: java.util.Comparator<? super T>
  found:    org.apache.commons.beanutils.BeanComparator
[WARNING] /workspace/source/src/main/java/org/entando/entando/aps*****/api/helper/SchemaGeneratorActionHelper.java:[72,57] unchecked call to getDeclaredMethod(java.lang.String,java.lang.Class<?>...) as a member of the raw type java.lang.Class
[WARNING] /workspace/source/src/main/java/org/entando/entando/aps*****/api/helper/SchemaGeneratorActionHelper.java:[81,61] unchecked call to getDeclaredMethod(java.lang.String,java.lang.Class<?>...) as a member of the raw type java.lang.Class
[WARNING] /workspace/source/src/main/java/org/entando/entando/aps*****/api/helper/SchemaGeneratorActionHelper.java:[87,61] unchecked call to getDeclaredMethod(java.lang.String,java.lang.Class<?>...) as a member of the raw type java.lang.Class
[WARNING] /workspace/source/src/main/java/org/entando/entando/aps*****/******/services/shortcut/UserShortcutConfigDOM.java:[67,82] unchecked conversion
  required: java.util.List<org.jdom.Element>
  found:    java.util.List
[WARNING] /workspace/source/src/main/java/org/entando/entando/aps*****/api/AbstractApiAction.java:[53,29] unchecked method invocation: method sort in class java.util.Collections is applied to given types
  required: java.util.List<T>,java.util.Comparator<? super T>
  found: java.util.List<com.agiletec.aps.******.services.role.Permission>,org.apache.commons.beanutils.BeanComparator
[WARNING] /workspace/source/src/main/java/org/entando/entando/aps*****/api/AbstractApiAction.java:[53,43] unchecked conversion
  required: java.util.Comparator<? super T>
  found:    org.apache.commons.beanutils.BeanComparator
[WARNING] /workspace/source/src/main/java/org/entando/entando/aps*****/******/services/shortcut/ShortcutDefDOM.java:[92,78] unchecked conversion
  required: java.util.List<org.jdom.Element>
  found:    java.util.List
[WARNING] /workspace/source/src/main/java/org/entando/entando/aps*****/******/services/shortcut/ShortcutDefDOM.java:[103,85] unchecked conversion
  required: java.util.List<org.jdom.Element>
  found:    java.util.List
[WARNING] /workspace/source/src/main/java/org/entando/entando/aps*****/******/services/shortcut/ShortcutDefDOM.java:[131,84] unchecked conversion
  required: java.util.List<org.jdom.Element>
  found:    java.util.List
[WARNING] /workspace/source/src/main/java/com/agiletec/aps*****/******/entity/EntityActionHelper.java:[202,82] unchecked call to EntitySearchFilter(java.lang.String,boolean,T,boolean) as a member of the raw type com.agiletec.aps.******.common.entity.model.EntitySearchFilter
[WARNING] /workspace/source/src/main/java/com/agiletec/aps*****/******/entity/EntityActionHelper.java:[209,82] unchecked call to EntitySearchFilter(java.lang.String,boolean,T,T) as a member of the raw type com.agiletec.aps.******.common.entity.model.EntitySearchFilter
[WARNING] /workspace/source/src/main/java/com/agiletec/aps*****/******/entity/EntityActionHelper.java:[215,82] unchecked call to EntitySearchFilter(java.lang.String,boolean,T,boolean) as a member of the raw type com.agiletec.aps.******.common.entity.model.EntitySearchFilter
[WARNING] /workspace/source/src/main/java/com/agiletec/aps*****/******/entity/EntityActionHelper.java:[222,82] unchecked call to EntitySearchFilter(java.lang.String,boolean,T,T) as a member of the raw type com.agiletec.aps.******.common.entity.model.EntitySearchFilter
[WARNING] /workspace/source/src/main/java/org/entando/entando/aps*****/tags/EntityTypesInfoTag.java:[51,57] unchecked method invocation: method sort in class java.util.Collections is applied to given types
  required: java.util.List<T>,java.util.Comparator<? super T>
  found: java.util.List<com.agiletec.aps.******.common.entity.model.IApsEntity>,org.apache.commons.beanutils.BeanComparator
[WARNING] /workspace/source/src/main/java/org/entando/entando/aps*****/tags/EntityTypesInfoTag.java:[51,71] unchecked conversion
  required: java.util.Comparator<? super T>
  found:    org.apache.commons.beanutils.BeanComparator
[WARNING] /workspace/source/src/main/java/com/agiletec/aps*****/******/conversion/ApsTimestampTypeConverter.java:[48,72] unchecked call to getConstructor(java.lang.Class<?>...) as a member of the raw type java.lang.Class
[WARNING] /workspace/source/src/main/java/com/agiletec/aps*****/******/conversion/ApsDateTypeConverter.java:[54,72] unchecked call to getConstructor(java.lang.Class<?>...) as a member of the raw type java.lang.Class
[WARNING] /workspace/source/src/main/java/org/entando/entando/aps*****/portal/guifragment/GuiFragmentAction.java:[205,59] unchecked method invocation: method setReferences in class org.entando.entando.aps*****.portal.guifragment.GuiFragmentAction is applied to given types
  required: java.util.Map<java.lang.String,java.util.List<java.lang.Object>>
  found: java.util.Map
[WARNING] /workspace/source/src/main/java/org/entando/entando/aps*****/portal/guifragment/GuiFragmentAction.java:[205,60] unchecked conversion
  required: java.util.Map<java.lang.String,java.util.List<java.lang.Object>>
  found:    java.util.Map
[WARNING] /workspace/source/src/main/java/com/agiletec/aps*****/tags/HookPointTag.java:[66,33] unchecked method invocation: method sort in class java.util.Collections is applied to given types
  required: java.util.List<T>,java.util.Comparator<? super T>
  found: java.util.List<com.agiletec.aps*****.******.plugin.HookPointElementContainer>,org.apache.commons.beanutils.BeanComparator
[WARNING] /workspace/source/src/main/java/com/agiletec/aps*****/tags/HookPointTag.java:[66,46] unchecked conversion
  required: java.util.Comparator<? super T>
  found:    org.apache.commons.beanutils.BeanComparator
[WARNING] /workspace/source/src/main/java/com/agiletec/aps*****/user/group/GroupAction.java:[184,59] unchecked method invocation: method setReferences in class com.agiletec.aps*****.user.group.GroupAction is applied to given types
  required: java.util.Map<java.lang.String,java.util.List<java.lang.Object>>
  found: java.util.Map
[WARNING] /workspace/source/src/main/java/com/agiletec/aps*****/user/group/GroupAction.java:[184,60] unchecked conversion
  required: java.util.Map<java.lang.String,java.util.List<java.lang.Object>>
  found:    java.util.Map
[WARNING] /workspace/source/src/main/java/org/entando/entando/aps*****/api/ConsumerFinderAction.java:[49,37] unchecked call to FieldSearchFilter(java.lang.String,T,boolean) as a member of the raw type com.agiletec.aps.******.common.FieldSearchFilter
[WARNING] /workspace/source/src/main/java/org/entando/entando/aps*****/api/ConsumerFinderAction.java:[57,43] unchecked call to FieldSearchFilter(java.lang.String,T,boolean) as a member of the raw type com.agiletec.aps.******.common.FieldSearchFilter
[WARNING] /workspace/source/src/main/java/org/entando/entando/aps*****/tags/ShortcutListTag.java:[119,49] unchecked method invocation: method sort in class java.util.Collections is applied to given types
  required: java.util.List<T>,java.util.Comparator<? super T>
  found: java.util.List<com.agiletec.aps.util.SelectItem>,org.apache.commons.beanutils.BeanComparator
[WARNING] /workspace/source/src/main/java/org/entando/entando/aps*****/tags/ShortcutListTag.java:[119,64] unchecked conversion
  required: java.util.Comparator<? super T>
  found:    org.apache.commons.beanutils.BeanComparator
[WARNING] /workspace/source/src/main/java/org/entando/entando/aps*****/******/services/shortcut/ShortcutManager.java:[191,33] unchecked method invocation: method sort in class java.util.Collections is applied to given types
  required: java.util.List<T>,java.util.Comparator<? super T>
  found: java.util.List<org.entando.entando.aps*****.******.services.shortcut.model.Shortcut>,org.apache.commons.beanutils.BeanComparator
[WARNING] /workspace/source/src/main/java/org/entando/entando/aps*****/******/services/shortcut/ShortcutManager.java:[191,52] unchecked conversion
  required: java.util.Comparator<? super T>
  found:    org.apache.commons.beanutils.BeanComparator
[WARNING] /workspace/source/src/main/java/com/agiletec/aps*****/portal/PageAction.java:[770,25] unchecked method invocation: method sort in class java.util.Collections is applied to given types
  required: java.util.List<T>,java.util.Comparator<? super T>
  found: java.util.List<com.agiletec.aps.******.services.group.Group>,org.apache.commons.beanutils.BeanComparator
[WARNING] /workspace/source/src/main/java/com/agiletec/aps*****/portal/PageAction.java:[770,34] unchecked conversion
  required: java.util.Comparator<? super T>
  found:    org.apache.commons.beanutils.BeanComparator
[WARNING] /workspace/source/src/main/java/com/agiletec/aps*****/user/group/helper/GroupActionHelper.java:[57,77] unchecked conversion
  required: java.util.List<java.lang.Object>
  found:    java.util.List
[WARNING] /workspace/source/src/main/java/org/entando/entando/aps*****/api/ApiServiceFinderAction.java:[79,49] unchecked method invocation: method sort in class java.util.Collections is applied to given types
  required: java.util.List<T>,java.util.Comparator<? super T>
  found: java.util.List<org.entando.entando.aps*****.api.model.ApiSelectItem>,org.apache.commons.beanutils.BeanComparator
[WARNING] /workspace/source/src/main/java/org/entando/entando/aps*****/api/ApiServiceFinderAction.java:[79,57] unchecked conversion
  required: java.util.Comparator<? super T>
  found:    org.apache.commons.beanutils.BeanComparator
[WARNING] /workspace/source/src/main/java/org/entando/entando/aps*****/portal/model/PageModelAction.java:[342,59] unchecked method invocation: method setReferences in class org.entando.entando.aps*****.portal.model.PageModelAction is applied to given types
  required: java.util.Map<java.lang.String,java.util.List<java.lang.Object>>
  found: java.util.Map
[WARNING] /workspace/source/src/main/java/org/entando/entando/aps*****/portal/model/PageModelAction.java:[342,60] unchecked conversion
  required: java.util.Map<java.lang.String,java.util.List<java.lang.Object>>
  found:    java.util.Map
[WARNING] /workspace/source/src/main/java/com/agiletec/aps*****/******/entity/type/EntityAttributeConfigAction.java:[280,29] unchecked method invocation: method sort in class java.util.Collections is applied to given types
  required: java.util.List<T>,java.util.Comparator<? super T>
  found: java.util.List<com.agiletec.aps.******.common.entity.model.attribute.AttributeInterface>,org.apache.commons.beanutils.BeanComparator
[WARNING] /workspace/source/src/main/java/com/agiletec/aps*****/******/entity/type/EntityAttributeConfigAction.java:[280,42] unchecked conversion
  required: java.util.Comparator<? super T>
  found:    org.apache.commons.beanutils.BeanComparator
[WARNING] /workspace/source/src/main/java/com/agiletec/aps*****/category/CategoryAction.java:[87,41] unchecked method invocation: method sort in class java.util.Collections is applied to given types
  required: java.util.List<T>,java.util.Comparator<? super T>
  found: java.util.List<com.agiletec.aps*****.******.TreeNodeWrapper>,org.apache.commons.beanutils.BeanComparator
[WARNING] /workspace/source/src/main/java/com/agiletec/aps*****/category/CategoryAction.java:[87,50] unchecked conversion
  required: java.util.Comparator<? super T>
  found:    org.apache.commons.beanutils.BeanComparator
[WARNING] /workspace/source/src/main/java/com/agiletec/aps*****/user/group/GroupFinderAction.java:[34,33] unchecked method invocation: method sort in class java.util.Collections is applied to given types
  required: java.util.List<T>,java.util.Comparator<? super T>
  found: java.util.List<com.agiletec.aps.******.services.group.Group>,org.apache.commons.beanutils.BeanComparator
[WARNING] /workspace/source/src/main/java/com/agiletec/aps*****/user/group/GroupFinderAction.java:[34,42] unchecked conversion
  required: java.util.Comparator<? super T>
  found:    org.apache.commons.beanutils.BeanComparator
[WARNING] /workspace/source/src/main/java/com/agiletec/aps*****/portal/PageTreeMenuAction.java:[157,29] unchecked method invocation: method sort in class java.util.Collections is applied to given types
  required: java.util.List<T>,java.util.Comparator<? super T>
  found: java.util.List<com.agiletec.aps.util.SelectItem>,org.apache.commons.beanutils.BeanComparator
[WARNING] /workspace/source/src/main/java/com/agiletec/aps*****/portal/PageTreeMenuAction.java:[157,43] unchecked conversion
  required: java.util.Comparator<? super T>
  found:    org.apache.commons.beanutils.BeanComparator
[WARNING] /workspace/source/src/main/java/org/entando/entando/aps*****/******/RedirectMessageInterceptor.java:[93,59] unchecked conversion
  required: java.util.Collection<java.lang.String>
  found:    java.util.Collection
[WARNING] /workspace/source/src/main/java/org/entando/entando/aps*****/******/RedirectMessageInterceptor.java:[99,61] unchecked conversion
  required: java.util.Collection<java.lang.String>
  found:    java.util.Collection
[WARNING] /workspace/source/src/main/java/org/entando/entando/aps*****/******/RedirectMessageInterceptor.java:[105,65] unchecked conversion
  required: java.util.Map<java.lang.String,java.util.List<java.lang.String>>
  found:    java.util.Map
[WARNING] /workspace/source/src/main/java/org/entando/entando/aps*****/portal/model/PageModelFinderAction.java:[33,33] unchecked method invocation: method sort in class java.util.Collections is applied to given types
  required: java.util.List<T>,java.util.Comparator<? super T>
  found: java.util.List<com.agiletec.aps.******.services.pagemodel.PageModel>,org.apache.commons.beanutils.BeanComparator
[WARNING] /workspace/source/src/main/java/org/entando/entando/aps*****/portal/model/PageModelFinderAction.java:[33,42] unchecked conversion
  required: java.util.Comparator<? super T>
  found:    org.apache.commons.beanutils.BeanComparator
[WARNING] /workspace/source/src/main/java/com/agiletec/aps*****/******/entity/type/EntityTypesAction.java:[76,41] unchecked method invocation: method sort in class java.util.Collections is applied to given types
  required: java.util.List<T>,java.util.Comparator<? super T>
  found: java.util.List<com.agiletec.aps.******.common.entity.model.IApsEntity>,org.apache.commons.beanutils.BeanComparator
[WARNING] /workspace/source/src/main/java/com/agiletec/aps*****/******/entity/type/EntityTypesAction.java:[76,60] unchecked conversion
  required: java.util.Comparator<? super T>
  found:    org.apache.commons.beanutils.BeanComparator
[WARNING] /workspace/source/src/main/java/com/agiletec/aps*****/******/entity/type/EntityTypesAction.java:[146,53] unchecked call to EntitySearchFilter(java.lang.String,boolean,T,boolean) as a member of the raw type com.agiletec.aps.******.common.entity.model.EntitySearchFilter
[WARNING] /workspace/source/src/main/java/org/entando/entando/aps*****/portal/model/helper/PageModelActionHelper.java:[55,105] unchecked conversion
  required: java.util.List<java.lang.Object>
  found:    java.util.List
[INFO] /workspace/source/src/main/java/com/agiletec/aps*****/******/BaseAction.java: Some input files use or override a deprecated API.
[INFO] /workspace/source/src/main/java/com/agiletec/aps*****/******/BaseAction.java: Recompile with -Xlint:deprecation for details.
[INFO] 
[INFO] --- maven-resources-plugin:2.5:copy-resources (copy-resources-test) @ entando-*****-console ---
[debug] e**cute contextualize
[INFO] Using 'UTF-8' encoding to copy filtered resources.
[INFO] Copying 4 resources
[INFO] 
[INFO] --- maven-resources-plugin:2.5:copy-resources (copy-resources-file-test-) @ entando-*****-console ---
[debug] e**cute contextualize
[INFO] Using 'UTF-8' encoding to copy filtered resources.
[INFO] Copying 4 resources
[INFO] 
[INFO] --- maven-resources-plugin:2.5:testResources (default-testResources) @ entando-*****-console ---
[debug] e**cute contextualize
[INFO] Using 'UTF-8' encoding to copy filtered resources.
[INFO] Copying 3 resources
[INFO] 
[INFO] --- maven-compiler-plugin:3.8.1:testCompile (default-testCompile) @ entando-*****-console ---
[INFO] Changes detected - recompiling the module!
[INFO] Compiling 47 source files to /workspace/source/target/test-classes
[WARNING] /workspace/source/src/test/java/com/agiletec/aps*****/ApsAdminBaseTestCase.java:[112,22] unchecked call to HashMap(java.util.Map<? extends K,? extends V>) as a member of the raw type java.util.HashMap
[WARNING] /workspace/source/src/test/java/com/agiletec/aps*****/ApsAdminBaseTestCase.java:[113,22] unchecked method invocation: constructor <init> in class org.apache.struts2.dispatcher.Dispatcher is applied to given types
  required: javax.servlet.ServletContext,java.util.Map<java.lang.String,java.lang.String>
  found: org.springframework.mock.web.MockServletContext,java.util.Map
[WARNING] /workspace/source/src/test/java/com/agiletec/aps*****/ApsAdminBaseTestCase.java:[113,53] unchecked conversion
  required: java.util.Map<java.lang.String,java.lang.String>
  found:    java.util.Map
[WARNING] /workspace/source/src/test/java/com/agiletec/aps*****/category/TestCategoryAction.java:[251,95] unchecked conversion
  required: java.util.Map<java.lang.String,java.lang.Object>
  found:    java.util.Map
[WARNING] /workspace/source/src/test/java/com/agiletec/aps*****/category/TestCategoryAction.java:[260,75] unchecked conversion
  required: java.util.Map<java.lang.String,java.lang.Object>
  found:    java.util.Map
[WARNING] /workspace/source/src/test/java/com/agiletec/aps*****/portal/TestWidgetTypeAction.java:[608,46] unchecked call to FieldSearchFilter(java.lang.String,T,boolean) as a member of the raw type com.agiletec.aps.******.common.FieldSearchFilter
[INFO] /workspace/source/src/test/java/com/agiletec/aps*****/common/TestShortcutConfigAction.java: Some input files use or override a deprecated API.
[INFO] /workspace/source/src/test/java/com/agiletec/aps*****/common/TestShortcutConfigAction.java: Recompile with -Xlint:deprecation for details.
[INFO] 
[INFO] --- maven-surefire-plugin:3.0.0-M1:test (default-test) @ entando-*****-console ---
[INFO] 
[INFO] -------------------------------------------------------
[INFO]  T E S T S
[INFO] -------------------------------------------------------
[INFO] Running org.entando.entando.aps*****.******.TestCustomTokenInterceptor
16:10:00,135 |-INFO in ch.qos.logback.classic.LoggerContext[default] - Could NOT find resource [logback-test.xml]
16:10:00,136 |-INFO in ch.qos.logback.classic.LoggerContext[default] - Could NOT find resource [logback.groovy]
16:10:00,136 |-INFO in ch.qos.logback.classic.LoggerContext[default] - Found resource [logback.xml] at [jar:file:/home/jenkins/.mvnrepository/org/entando/entando/entando-engine/6.4.4/entando-engine-6.4.4.jar!/logback.xml]
16:10:00,174 |-INFO in ch.qos.logback.core.joran.spi.ConfigurationWatchList@2a9fd482 - URL [jar:file:/home/jenkins/.mvnrepository/org/entando/entando/entando-engine/6.4.4/entando-engine-6.4.4.jar!/logback.xml] is not of type file
16:10:00,331 |-INFO in ch.qos.logback.classic.joran.action.ConfigurationAction - debug attribute not set
16:10:00,347 |-INFO in ch.qos.logback.core.joran.action.AppenderAction - About to instantiate appender of type [org.entando.entando.ent.logger.EntRollingFileAppender]
16:10:00,357 |-INFO in ch.qos.logback.core.joran.action.AppenderAction - Naming appender as [FILE]
16:10:00,372 |-INFO in ch.qos.logback.core.joran.action.NestedComplexPropertyIA - Assuming default type [ch.qos.logback.classic.encoder.PatternLayoutEncoder] for [encoder] property
16:10:00,415 |-INFO in c.q.l.core.rolling.SizeAndTimeBasedRollingPolicy@2091004319 - setting totalSizeCap to 2 GB
16:10:00,419 |-INFO in c.q.l.core.rolling.SizeAndTimeBasedRollingPolicy@2091004319 - Archive files will be limited to [100 MB] each.
16:10:00,458 |-INFO in c.q.l.core.rolling.SizeAndTimeBasedRollingPolicy@2091004319 - No compression will be used
16:10:00,462 |-INFO in c.q.l.core.rolling.SizeAndTimeBasedRollingPolicy@2091004319 - Will use the pattern target/log/entando-engine.%d{yyyy-MM-dd}.%i.log for the active file
16:10:00,466 |-INFO in ch.qos.logback.core.rolling.SizeAndTimeBasedFNATP@653a5a - The date pattern is 'yyyy-MM-dd' from file name pattern 'target/log/entando-engine.%d{yyyy-MM-dd}.%i.log'.
16:10:00,466 |-INFO in ch.qos.logback.core.rolling.SizeAndTimeBasedFNATP@653a5a - Roll-over at midnight.
16:10:00,476 |-INFO in ch.qos.logback.core.rolling.SizeAndTimeBasedFNATP@653a5a - Setting initial period to Thu Jul 01 16:10:00 UTC 2021
16:10:00,484 |-INFO in org.entando.entando.ent.logger.EntRollingFileAppender[FILE] - Active log file name: target/log/entando-engine.log
16:10:00,484 |-INFO in org.entando.entando.ent.logger.EntRollingFileAppender[FILE] - File property is set to [target/log/entando-engine.log]
16:10:00,484 |-INFO in org.entando.entando.ent.logger.EntRollingFileAppender[FILE] - Log Level OFF - disabled file creation
16:10:00,485 |-ERROR in org.entando.entando.ent.logger.EntRollingFileAppender[FILE] - No output stream set for the appender named "FILE".
16:10:00,485 |-INFO in ch.qos.logback.core.joran.action.AppenderAction - About to instantiate appender of type [org.entando.entando.ent.logger.EntRollingFileAppender]
16:10:00,485 |-INFO in ch.qos.logback.core.joran.action.AppenderAction - Naming appender as [JSONFILE]
16:10:01,010 |-WARN in org.entando.entando.ent.logger.EntRollingFileAppender[JSONFILE] - This appender no longer admits a layout as a sub-component, set an encoder instead.
16:10:01,010 |-WARN in org.entando.entando.ent.logger.EntRollingFileAppender[JSONFILE] - To ensure compatibility, wrapping your layout in LayoutWrappingEncoder.
16:10:01,010 |-WARN in org.entando.entando.ent.logger.EntRollingFileAppender[JSONFILE] - See also http://logback.qos.ch/codes.html#layoutInsteadOfEncoder for details
16:10:01,011 |-INFO in c.q.l.core.rolling.SizeAndTimeBasedRollingPolicy@432953722 - setting totalSizeCap to 2 GB
16:10:01,012 |-INFO in c.q.l.core.rolling.SizeAndTimeBasedRollingPolicy@432953722 - Archive files will be limited to [100 MB] each.
16:10:01,012 |-INFO in c.q.l.core.rolling.SizeAndTimeBasedRollingPolicy@432953722 - No compression will be used
16:10:01,012 |-INFO in c.q.l.core.rolling.SizeAndTimeBasedRollingPolicy@432953722 - Will use the pattern target/log/entando-engine-json.%d{yyyy-MM-dd}.%i.log for the active file
16:10:01,013 |-INFO in ch.qos.logback.core.rolling.SizeAndTimeBasedFNATP@4d21b505 - The date pattern is 'yyyy-MM-dd' from file name pattern 'target/log/entando-engine-json.%d{yyyy-MM-dd}.%i.log'.
16:10:01,013 |-INFO in ch.qos.logback.core.rolling.SizeAndTimeBasedFNATP@4d21b505 - Roll-over at midnight.
16:10:01,013 |-INFO in ch.qos.logback.core.rolling.SizeAndTimeBasedFNATP@4d21b505 - Setting initial period to Thu Jul 01 16:10:01 UTC 2021
16:10:01,014 |-INFO in org.entando.entando.ent.logger.EntRollingFileAppender[JSONFILE] - Active log file name: target/log/entando-engine-json.log
16:10:01,014 |-INFO in org.entando.entando.ent.logger.EntRollingFileAppender[JSONFILE] - File property is set to [target/log/entando-engine-json.log]
16:10:01,014 |-INFO in org.entando.entando.ent.logger.EntRollingFileAppender[JSONFILE] - Log Level OFF - disabled file creation
16:10:01,014 |-ERROR in org.entando.entando.ent.logger.EntRollingFileAppender[JSONFILE] - No output stream set for the appender named "JSONFILE".
16:10:01,014 |-INFO in ch.qos.logback.core.joran.action.AppenderAction - About to instantiate appender of type [ch.qos.logback.core.ConsoleAppender]
16:10:01,016 |-INFO in ch.qos.logback.core.joran.action.AppenderAction - Naming appender as [JSONSTDOUT]
16:10:01,017 |-WARN in ch.qos.logback.core.ConsoleAppender[JSONSTDOUT] - This appender no longer admits a layout as a sub-component, set an encoder instead.
16:10:01,017 |-WARN in ch.qos.logback.core.ConsoleAppender[JSONSTDOUT] - To ensure compatibility, wrapping your layout in LayoutWrappingEncoder.
16:10:01,017 |-WARN in ch.qos.logback.core.ConsoleAppender[JSONSTDOUT] - See also http://logback.qos.ch/codes.html#layoutInsteadOfEncoder for details
16:10:01,019 |-INFO in ch.qos.logback.core.joran.action.AppenderAction - About to instantiate appender of type [ch.qos.logback.core.ConsoleAppender]
16:10:01,019 |-INFO in ch.qos.logback.core.joran.action.AppenderAction - Naming appender as [STDOUT]
16:10:01,019 |-INFO in ch.qos.logback.core.joran.action.NestedComplexPropertyIA - Assuming default type [ch.qos.logback.classic.encoder.PatternLayoutEncoder] for [encoder] property
16:10:01,020 |-INFO in ch.qos.logback.classic.joran.action.RootLoggerAction - Setting level of ROOT logger to DEBUG
16:10:01,020 |-INFO in ch.qos.logback.core.joran.action.AppenderRefAction - Attaching appender named [STDOUT] to Logger[ROOT]
16:10:01,021 |-INFO in ch.qos.logback.core.joran.action.AppenderRefAction - Attaching appender named [JSONSTDOUT] to Logger[ROOT]
16:10:01,021 |-INFO in ch.qos.logback.core.joran.action.AppenderRefAction - Attaching appender named [JSONFILE] to Logger[ROOT]
16:10:01,021 |-INFO in ch.qos.logback.core.joran.action.AppenderRefAction - Attaching appender named [FILE] to Logger[ROOT]
16:10:01,021 |-INFO in ch.qos.logback.classic.joran.action.ConfigurationAction - End of configuration.
16:10:01,023 |-INFO in ch.qos.logback.classic.joran.JoranConfigurator@20e25bf7 - Registering current configuration as safe fallback point

[INFO ] 2021-07-01 16:10:27.159 [main] SpringObjectFactory - Setting autowire strategy to name
[INFO ] 2021-07-01 16:10:27.743 [main] SpringObjectFactory - Setting autowire strategy to name
[WARN ] 2021-07-01 16:10:29.831 [main] TokenHelper - Form token GJ7MVCEPHG88EOC8HX4VP49NDHP1FV3K does not match the session token null.
[WARN ] 2021-07-01 16:10:30.000 [main] TokenHelper - Form token 28RA5ERXYNX0EBGWDP0CLVU4I31GIQE7 does not match the session token null.
[WARN ] 2021-07-01 16:10:30.120 [main] TokenHelper - Form token BQ71G5CKEQ0SSYC1OAVIR94NOGMQ3Y8D does not match the session token null.
[INFO] Tests run: 3, Failures: 0, Errors: 0, Skipped: 0, Time elapsed: 30.091 s - in org.entando.entando.aps*****.******.TestCustomTokenInterceptor
[INFO] Running org.entando.entando.aps*****.******.resource.TestCustomLocalizedTextProvider
[INFO ] 2021-07-01 16:10:30.252 [main] SpringObjectFactory - Setting autowire strategy to name
[INFO] Tests run: 2, Failures: 0, Errors: 0, Skipped: 0, Time elapsed: 0.416 s - in org.entando.entando.aps*****.******.resource.TestCustomLocalizedTextProvider
[INFO] Running org.entando.entando.aps*****.******.services.activitystream.TestSocialActivityStreamDAO
2021-07-01 16:10:40.601 [main] WARN  c.a.a.s.common.AbstractSearcherDAO - no filters
2021-07-01 16:10:40.664 [main] WARN  c.a.a.s.common.AbstractSearcherDAO - no filters
2021-07-01 16:10:40.672 [main] WARN  c.a.a.s.common.AbstractSearcherDAO - no filters
[INFO] Tests run: 4, Failures: 0, Errors: 0, Skipped: 0, Time elapsed: 11.203 s - in org.entando.entando.aps*****.******.services.activitystream.TestSocialActivityStreamDAO
[INFO] Running org.entando.entando.aps*****.portal.model.TestPageModelAction
[INFO ] 2021-07-01 16:10:41.873 [main] SpringObjectFactory - Setting autowire strategy to name
[INFO] Tests run: 8, Failures: 0, Errors: 0, Skipped: 0, Time elapsed: 1.873 s - in org.entando.entando.aps*****.portal.model.TestPageModelAction
[INFO] Running org.entando.entando.aps*****.portal.model.TestPageModelFinderAction
[INFO ] 2021-07-01 16:10:43.752 [main] SpringObjectFactory - Setting autowire strategy to name
[INFO] Tests run: 2, Failures: 0, Errors: 0, Skipped: 0, Time elapsed: 0.328 s - in org.entando.entando.aps*****.portal.model.TestPageModelFinderAction
[INFO] Running org.entando.entando.aps*****.portal.guifragment.TestGuiFragmentAction
[INFO ] 2021-07-01 16:10:44.078 [main] SpringObjectFactory - Setting autowire strategy to name
[INFO] Tests run: 2, Failures: 0, Errors: 0, Skipped: 0, Time elapsed: 0.409 s - in org.entando.entando.aps*****.portal.guifragment.TestGuiFragmentAction
[INFO] Running org.entando.entando.aps*****.api.TestApiServiceFinderAction
[INFO ] 2021-07-01 16:10:44.513 [main] SpringObjectFactory - Setting autowire strategy to name
[INFO] Tests run: 1, Failures: 0, Errors: 0, Skipped: 0, Time elapsed: 0.19 s - in org.entando.entando.aps*****.api.TestApiServiceFinderAction
[INFO] Running org.entando.entando.aps*****.api.TestConsumerAction
[INFO ] 2021-07-01 16:10:44.717 [main] SpringObjectFactory - Setting autowire strategy to name
[WARN ] 2021-07-01 16:10:46.867 [main] FieldExpressionValidator - Got result of null when trying to get Boolean.
[INFO] Tests run: 6, Failures: 0, Errors: 0, Skipped: 0, Time elapsed: 2.784 s - in org.entando.entando.aps*****.api.TestConsumerAction
[INFO] Running org.entando.entando.aps*****.common.currentuser.TestCurrentUserProfileAction
[INFO ] 2021-07-01 16:10:47.520 [main] SpringObjectFactory - Setting autowire strategy to name
[INFO] Tests run: 3, Failures: 0, Errors: 0, Skipped: 0, Time elapsed: 0.82 s - in org.entando.entando.aps*****.common.currentuser.TestCurrentUserProfileAction
[INFO] Running org.entando.entando.aps*****.common.TestActivityStreamAction
[INFO ] 2021-07-01 16:10:48.345 [main] SpringObjectFactory - Setting autowire strategy to name
[INFO] Tests run: 1, Failures: 0, Errors: 0, Skipped: 0, Time elapsed: 0.205 s - in org.entando.entando.aps*****.common.TestActivityStreamAction
[INFO] Running org.entando.entando.aps*****.common.TestActivityStream
[INFO ] 2021-07-01 16:10:48.564 [main] SpringObjectFactory - Setting autowire strategy to name
[INFO] Tests run: 1, Failures: 0, Errors: 0, Skipped: 0, Time elapsed: 1.385 s - in org.entando.entando.aps*****.common.TestActivityStream
[INFO] Running org.entando.entando.aps*****.user.TestUserAuthorizationAction
[INFO ] 2021-07-01 16:10:49.978 [main] SpringObjectFactory - Setting autowire strategy to name
[INFO] Tests run: 8, Failures: 0, Errors: 0, Skipped: 0, Time elapsed: 4.799 s - in org.entando.entando.aps*****.user.TestUserAuthorizationAction
[INFO] Running org.entando.entando.aps*****.user.TestUserProfileFinderAction
[INFO ] 2021-07-01 16:10:54.750 [main] SpringObjectFactory - Setting autowire strategy to name
[INFO] Tests run: 19, Failures: 0, Errors: 0, Skipped: 0, Time elapsed: 2.42 s - in org.entando.entando.aps*****.user.TestUserProfileFinderAction
[INFO] Running org.entando.entando.aps*****.user.TestUserFinderAction
[INFO ] 2021-07-01 16:10:57.197 [main] SpringObjectFactory - Setting autowire strategy to name
[INFO] Tests run: 3, Failures: 0, Errors: 0, Skipped: 0, Time elapsed: 0.678 s - in org.entando.entando.aps*****.user.TestUserFinderAction
[INFO] Running org.entando.entando.aps*****.user.TestUserAction
[INFO ] 2021-07-01 16:10:57.881 [main] SpringObjectFactory - Setting autowire strategy to name
[INFO] Tests run: 14, Failures: 0, Errors: 0, Skipped: 0, Time elapsed: 4.881 s - in org.entando.entando.aps*****.user.TestUserAction
[INFO] Running org.entando.entando.aps*****.user.TestUserProfileAction
[INFO ] 2021-07-01 16:11:02.766 [main] SpringObjectFactory - Setting autowire strategy to name
[INFO] Tests run: 8, Failures: 0, Errors: 0, Skipped: 0, Time elapsed: 2.816 s - in org.entando.entando.aps*****.user.TestUserProfileAction
[INFO] Running org.entando.entando.aps*****.filebrowser.TestFileBrowserAction
[INFO ] 2021-07-01 16:11:05.588 [main] SpringObjectFactory - Setting autowire strategy to name
[INFO] Tests run: 10, Failures: 0, Errors: 0, Skipped: 0, Time elapsed: 1.74 s - in org.entando.entando.aps*****.filebrowser.TestFileBrowserAction
[INFO] Running org.entando.entando.aps.internalservlet.******.dispatcher.FrontServletActionRedirectResultIntegrationTest
[INFO ] 2021-07-01 16:11:07.319 [main] SpringObjectFactory - Setting autowire strategy to name
internalServletActionPath : /ExtStr2/do/Api/Service/details
internalServletFrameDest : 0
internalServletActionPath : /ExtStr2/do/Api/Service/details
internalServletFrameDest : 0
internalServletActionPath : /ExtStr2/do/Api/Service/details
internalServletFrameDest : 0
[INFO] Tests run: 3, Failures: 0, Errors: 0, Skipped: 0, Time elapsed: 0.096 s - in org.entando.entando.aps.internalservlet.******.dispatcher.FrontServletActionRedirectResultIntegrationTest
[INFO] Running com.agiletec.aps*****.*****.localestring.TestLocaleStringFinderAction
[INFO ] 2021-07-01 16:11:07.426 [main] SpringObjectFactory - Setting autowire strategy to name
[INFO] Tests run: 2, Failures: 0, Errors: 0, Skipped: 0, Time elapsed: 0.722 s - in com.agiletec.aps*****.*****.localestring.TestLocaleStringFinderAction
[INFO] Running com.agiletec.aps*****.*****.localestring.TestLocaleStringAction
[INFO ] 2021-07-01 16:11:08.146 [main] SpringObjectFactory - Setting autowire strategy to name
[INFO] Tests run: 9, Failures: 0, Errors: 0, Skipped: 0, Time elapsed: 1.436 s - in com.agiletec.aps*****.*****.localestring.TestLocaleStringAction
[INFO] Running com.agiletec.aps*****.*****.TestSystemParamsUtils
[INFO ] 2021-07-01 16:11:09.607 [main] SpringObjectFactory - Setting autowire strategy to name
[INFO] Tests run: 1, Failures: 0, Errors: 0, Skipped: 0, Time elapsed: 0.079 s - in com.agiletec.aps*****.*****.TestSystemParamsUtils
[INFO] Running com.agiletec.aps*****.*****.lang.TestLangFinderAction
[INFO ] 2021-07-01 16:11:09.682 [main] SpringObjectFactory - Setting autowire strategy to name
[INFO] Tests run: 1, Failures: 0, Errors: 0, Skipped: 0, Time elapsed: 0.182 s - in com.agiletec.aps*****.*****.lang.TestLangFinderAction
[INFO] Running com.agiletec.aps*****.*****.TestBaseAdminAction
[INFO ] 2021-07-01 16:11:09.889 [main] SpringObjectFactory - Setting autowire strategy to name
[INFO] Tests run: 5, Failures: 0, Errors: 0, Skipped: 0, Time elapsed: 7.098 s - in com.agiletec.aps*****.*****.TestBaseAdminAction
[INFO] Running com.agiletec.aps*****.category.TestCategoryAction
[INFO ] 2021-07-01 16:11:16.977 [main] SpringObjectFactory - Setting autowire strategy to name
[INFO] Tests run: 13, Failures: 0, Errors: 0, Skipped: 0, Time elapsed: 2.222 s - in com.agiletec.aps*****.category.TestCategoryAction
[INFO] Running com.agiletec.aps*****.******.entity.TestEntityManagersAction
[INFO ] 2021-07-01 16:11:19.201 [main] SpringObjectFactory - Setting autowire strategy to name
[INFO] Tests run: 7, Failures: 0, Errors: 0, Skipped: 0, Time elapsed: 4.826 s - in com.agiletec.aps*****.******.entity.TestEntityManagersAction
[INFO] Running com.agiletec.aps*****.******.services.TestShortcutManager
[INFO] Tests run: 5, Failures: 0, Errors: 0, Skipped: 0, Time elapsed: 11.036 s - in com.agiletec.aps*****.******.services.TestShortcutManager
[INFO] Running com.agiletec.aps*****.TestAdminConsoleLabelsProperties
[INFO] Tests run: 16, Failures: 0, Errors: 0, Skipped: 0, Time elapsed: 0.022 s - in com.agiletec.aps*****.TestAdminConsoleLabelsProperties
[INFO] Running com.agiletec.aps*****.portal.TestPageConfigAction
[INFO ] 2021-07-01 16:11:35.116 [main] SpringObjectFactory - Setting autowire strategy to name
[INFO] Tests run: 7, Failures: 0, Errors: 0, Skipped: 0, Time elapsed: 4.074 s - in com.agiletec.aps*****.portal.TestPageConfigAction
[INFO] Running com.agiletec.aps*****.portal.TestPageTreeAction
[INFO ] 2021-07-01 16:11:39.198 [main] SpringObjectFactory - Setting autowire strategy to name
2021-07-01 16:11:41.281 [main] WARN  c.a.a.s.TreeNodeBaseActionHelper - No selected nodes
2021-07-01 16:11:41.402 [main] WARN  c.a.a.s.TreeNodeBaseActionHelper - No selected nodes
CODES -> [pagina_11, pagina_12]
2021-07-01 16:11:42.275 [main] WARN  c.a.aps*****.portal.PageTreeAction - Missing parentPageCode parameter
[INFO] Tests run: 26, Failures: 0, Errors: 0, Skipped: 0, Time elapsed: 3.247 s - in com.agiletec.aps*****.portal.TestPageTreeAction
[INFO] Running com.agiletec.aps*****.portal.TestWidgetTypeAction
[INFO ] 2021-07-01 16:11:42.454 [main] SpringObjectFactory - Setting autowire strategy to name
[INFO] Tests run: 17, Failures: 0, Errors: 0, Skipped: 0, Time elapsed: 5.736 s - in com.agiletec.aps*****.portal.TestWidgetTypeAction
[INFO] Running com.agiletec.aps*****.portal.specialwidget.TestSimpleWidgetConfigAction
[INFO ] 2021-07-01 16:11:48.196 [main] SpringObjectFactory - Setting autowire strategy to name
2021-07-01 16:11:48.671 [main] ERROR c.a.a.p.s.SimpleWidgetConfigAction - Widget Code missin or invalid : null
[INFO] Tests run: 4, Failures: 0, Errors: 0, Skipped: 0, Time elapsed: 0.523 s - in com.agiletec.aps*****.portal.specialwidget.TestSimpleWidgetConfigAction
[INFO] Running com.agiletec.aps*****.portal.specialwidget.navigator.TestNavigatorWidgetConfigAction
[INFO ] 2021-07-01 16:11:48.731 [main] SpringObjectFactory - Setting autowire strategy to name
[INFO] Tests run: 15, Failures: 0, Errors: 0, Skipped: 0, Time elapsed: 1.864 s - in com.agiletec.aps*****.portal.specialwidget.navigator.TestNavigatorWidgetConfigAction
[INFO] Running com.agiletec.aps*****.portal.TestPageAction
[INFO ] 2021-07-01 16:11:50.604 [main] SpringObjectFactory - Setting autowire strategy to name
2021-07-01 16:11:50.607 [main] ERROR c.a.aps.******.services.page.PageDAO - Widget Type null when adding widget on frame '0' of page 'temp'
2021-07-01 16:11:57.925 [main] ERROR c.a.aps.******.services.page.PageDAO - Widget Type null when adding widget on frame '0' of page 'temp'
[INFO] Tests run: 26, Failures: 0, Errors: 0, Skipped: 0, Time elapsed: 8.265 s - in com.agiletec.aps*****.portal.TestPageAction
[INFO] Running com.agiletec.aps*****.portal.TestWidgetsViewerAction
[INFO ] 2021-07-01 16:11:58.880 [main] SpringObjectFactory - Setting autowire strategy to name
[INFO] Tests run: 4, Failures: 0, Errors: 0, Skipped: 0, Time elapsed: 1.133 s - in com.agiletec.aps*****.portal.TestWidgetsViewerAction
[INFO] Running com.agiletec.aps*****.common.TestDispatchForward
[INFO ] 2021-07-01 16:12:00.015 [main] SpringObjectFactory - Setting autowire strategy to name
[INFO] Tests run: 3, Failures: 0, Errors: 0, Skipped: 0, Time elapsed: 0.178 s - in com.agiletec.aps*****.common.TestDispatchForward
[INFO] Running com.agiletec.aps*****.common.TestLoginAction
[INFO ] 2021-07-01 16:12:00.383 [main] SpringObjectFactory - Setting autowire strategy to name
[INFO] Tests run: 5, Failures: 0, Errors: 0, Skipped: 0, Time elapsed: 0.505 s - in com.agiletec.aps*****.common.TestLoginAction
[INFO] Running com.agiletec.aps*****.common.TestShortcutConfigAction
[INFO ] 2021-07-01 16:12:00.700 [main] SpringObjectFactory - Setting autowire strategy to name
[INFO] Tests run: 10, Failures: 0, Errors: 0, Skipped: 0, Time elapsed: 3.145 s - in com.agiletec.aps*****.common.TestShortcutConfigAction
[INFO] Running com.agiletec.aps*****.common.TestBaseCommonAction
[INFO ] 2021-07-01 16:12:03.865 [main] SpringObjectFactory - Setting autowire strategy to name
[INFO] Tests run: 3, Failures: 0, Errors: 0, Skipped: 0, Time elapsed: 1.032 s - in com.agiletec.aps*****.common.TestBaseCommonAction
[INFO] Running com.agiletec.aps*****.user.group.TestGroupFinderAction
[INFO ] 2021-07-01 16:12:04.903 [main] SpringObjectFactory - Setting autowire strategy to name
[INFO] Tests run: 2, Failures: 0, Errors: 0, Skipped: 0, Time elapsed: 0.151 s - in com.agiletec.aps*****.user.group.TestGroupFinderAction
[INFO] Running com.agiletec.aps*****.user.group.TestGroupAction
[INFO ] 2021-07-01 16:12:05.083 [main] SpringObjectFactory - Setting autowire strategy to name
[INFO] Tests run: 11, Failures: 0, Errors: 0, Skipped: 0, Time elapsed: 2.492 s - in com.agiletec.aps*****.user.group.TestGroupAction
[INFO] Running com.agiletec.aps*****.user.role.TestRoleFinderAction
[INFO ] 2021-07-01 16:12:07.572 [main] SpringObjectFactory - Setting autowire strategy to name
[INFO] Tests run: 2, Failures: 0, Errors: 0, Skipped: 0, Time elapsed: 0.18 s - in com.agiletec.aps*****.user.role.TestRoleFinderAction
[INFO] Running com.agiletec.aps*****.user.role.TestRoleAction
[INFO ] 2021-07-01 16:12:07.755 [main] SpringObjectFactory - Setting autowire strategy to name
[INFO] Tests run: 8, Failures: 0, Errors: 0, Skipped: 0, Time elapsed: 1.689 s - in com.agiletec.aps*****.user.role.TestRoleAction
[INFO] 
[INFO] Results:
[INFO] 
[INFO] Tests run: 300, Failures: 0, Errors: 0, Skipped: 0
[INFO] 
[INFO] 
[INFO] --- maven-war-plugin:2.1.1:war (default-war) @ entando-*****-console ---
WARNING: An illegal reflective access operation has occurred
WARNING: Illegal reflective access by com.thoughtworks.xstream.core.util.Fields (file:/home/jenkins/.mvnrepository/com/thoughtworks/xstream/xstream/1.3.1/xstream-1.3.1.jar) to field java.util.Properties.defaults
WARNING: Please consider reporting this to the maintainers of com.thoughtworks.xstream.core.util.Fields
WARNING: Use --illegal-access=warn to enable warnings of further illegal reflective access operations
WARNING: All illegal access operations will be denied in a future release
[INFO] Packaging webapp
[INFO] Assembling webapp [entando-*****-console] in [/workspace/source/target/entando-*****-console-0.0.0-SNAPSHOT-PR-76-3]
[INFO] Processing war project
[INFO] Copying webapp resources [/workspace/source/src/main/webapp]
[INFO] Building jar: /workspace/source/target/entando-*****-console-0.0.0-SNAPSHOT-PR-76-3/WEB-INF/lib/entando-*****-console-0.0.0-SNAPSHOT-PR-76-3.jar
[INFO] Webapp assembled in [997 msecs]
[INFO] Building war: /workspace/source/target/entando-*****-console-0.0.0-SNAPSHOT-PR-76-3.war
[INFO] 
[INFO] --- maven-jar-plugin:3.2.0:test-jar (build-test-jar) @ entando-*****-console ---
[INFO] Building jar: /workspace/source/target/entando-*****-console-0.0.0-SNAPSHOT-PR-76-3-tests.jar
[INFO] 
[INFO] --- maven-javadoc-plugin:3.2.0:jar (attach-javadocs) @ entando-*****-console ---
[INFO] No previous run data found, generating javadoc.
[INFO] 
4 warnings
[WARNING] Javadoc Warnings
[WARNING] /workspace/source/src/main/java/org/entando/entando/aps*****/******/tiles/EntandoStrutsTilesListener.java:29: warning - invalid usage of tag <
[WARNING] /workspace/source/src/main/java/org/entando/entando/aps*****/******/tiles/EntandoStrutsTilesListener.java:29: warning - invalid usage of tag >
[WARNING] /workspace/source/src/main/java/org/entando/entando/aps*****/******/tiles/EntandoStrutsTilesListener.java:29: warning - invalid usage of tag <
[WARNING] /workspace/source/src/main/java/org/entando/entando/aps*****/******/tiles/EntandoStrutsTilesListener.java:29: warning - invalid usage of tag >
[INFO] Building jar: /workspace/source/target/entando-*****-console-0.0.0-SNAPSHOT-PR-76-3-javadoc.jar
[INFO] 
[INFO] --- maven-assembly-plugin:2.2.1:single (package-classes) @ entando-*****-console ---
[INFO] Reading assembly descriptor: /workspace/source/src/main/assembly/classes.xml
[INFO] Building jar: /workspace/source/target/entando-*****-console-0.0.0-SNAPSHOT-PR-76-3-classes.jar
[INFO] 
[INFO] --- maven-surefire-report-plugin:3.0.0-M4:failsafe-report-only (integration-tests) @ entando-*****-console ---
[INFO] 
[INFO] --- dependency-check-maven:6.1.5:aggregate (default) @ entando-*****-console ---
[INFO] Checking for updates
[INFO] Skipping NVD check since last check was within 4 hours.
[INFO] Check for updates complete (64 ms)
[INFO] 

Dependency-Check is an open source tool performing a best effort analysis of 3rd party dependencies; false positives and false negatives may exist in the analysis performed by the tool. Use of the tool and the reporting provided constitutes acceptance for use in an AS IS condition, and there are NO warranties, implied or otherwise, with regard to the analysis or its use. Any use of the tool and the reporting provided is at the user’s risk. In no event shall the copyright holder or OWASP be held liable for any damages whatsoever arising out of or in connection with the use of this tool, the analysis performed, or the resulting report.


   About ODC: https://jeremylong.github.io/DependencyCheck/general/internals.html
   False Positives: https://jeremylong.github.io/DependencyCheck/general/suppression.html

💖 Sponsor: https://github.com/sponsors/jeremylong


[INFO] Analysis Started
[INFO] Finished Archive Analyzer (1 seconds)
[INFO] Finished File Name Analyzer (0 seconds)
[INFO] Finished Jar Analyzer (2 seconds)
[ERROR] ----------------------------------------------------
[ERROR] .NET Assembly Analyzer could not be initialized and at least one 'e**' or 'dll' was scanned. The 'dotnet' e**cutable could not be found on the path; either disable the Assembly Analyzer or add the path to dotnet core in the configuration.
[ERROR] ----------------------------------------------------
[INFO] Finished Dependency Merging Analyzer (0 seconds)
[INFO] Finished Version Filter Analyzer (0 seconds)
[INFO] Finished Hint Analyzer (0 seconds)
[INFO] Created CPE Index (4 seconds)
[INFO] Finished CPE Analyzer (10 seconds)
[INFO] Finished False Positive Analyzer (0 seconds)
[INFO] Finished NVD CVE Analyzer (0 seconds)
[INFO] Finished Sonatype OSS Index Analyzer (2 seconds)
[INFO] Finished Vulnerability Suppression Analyzer (0 seconds)
[INFO] Finished Dependency Bundling Analyzer (0 seconds)
[INFO] Analysis Complete (18 seconds)
[INFO] Writing report to: /workspace/source/target/site/dependency-check-junit.xml
[INFO] Writing report to: /workspace/source/target/site/dependency-check-report.xml
[INFO] Writing report to: /workspace/source/target/site/dependency-check-report.html
[INFO] 
[INFO] --- jacoco-maven-plugin:0.8.6:report (report) @ entando-*****-console ---
[INFO] Loading e**cution data file /workspace/source/target/jacoco.e**c
[INFO] Analyzed bundle 'Entando Core: Administration Console' with 205 classes
[INFO] 
[INFO] --- maven-surefire-report-plugin:3.0.0-M4:report-only (unit-tests) @ entando-*****-console ---
[WARNING] Unable to locate Test Source XRef to link to - DISABLED
[INFO] 
[INFO] --- maven-install-plugin:2.4:install (default-install) @ entando-*****-console ---
[INFO] Installing /workspace/source/target/entando-*****-console-0.0.0-SNAPSHOT-PR-76-3.war to /home/jenkins/.mvnrepository/org/entando/entando/entando-*****-console/0.0.0-SNAPSHOT-PR-76-3/entando-*****-console-0.0.0-SNAPSHOT-PR-76-3.war
[INFO] Installing /workspace/source/pom.xml to /home/jenkins/.mvnrepository/org/entando/entando/entando-*****-console/0.0.0-SNAPSHOT-PR-76-3/entando-*****-console-0.0.0-SNAPSHOT-PR-76-3.pom
[INFO] Installing /workspace/source/target/entando-*****-console-0.0.0-SNAPSHOT-PR-76-3-tests.jar to /home/jenkins/.mvnrepository/org/entando/entando/entando-*****-console/0.0.0-SNAPSHOT-PR-76-3/entando-*****-console-0.0.0-SNAPSHOT-PR-76-3-tests.jar
[INFO] Installing /workspace/source/target/entando-*****-console-0.0.0-SNAPSHOT-PR-76-3-javadoc.jar to /home/jenkins/.mvnrepository/org/entando/entando/entando-*****-console/0.0.0-SNAPSHOT-PR-76-3/entando-*****-console-0.0.0-SNAPSHOT-PR-76-3-javadoc.jar
[INFO] Installing /workspace/source/target/entando-*****-console-0.0.0-SNAPSHOT-PR-76-3-classes.jar to /home/jenkins/.mvnrepository/org/entando/entando/entando-*****-console/0.0.0-SNAPSHOT-PR-76-3/entando-*****-console-0.0.0-SNAPSHOT-PR-76-3-classes.jar
[INFO] 
[INFO] --- maven-deploy-plugin:2.8.2:deploy (default-deploy) @ entando-*****-console ---
[INFO] Using alternate deployment repository local-nexus::default::http://nexus/repository/maven-releases/
[INFO] 
[INFO] -------------< org.entando.entando:entando-*****-console >--------------
[INFO] Building Entando Core: Administration Console 0.0.0-SNAPSHOT-PR-76-3
[INFO] --------------------------------[ war ]---------------------------------
[WARNING] The POM for org.eclipse.m2e:lifecycle-mapping:jar:1.0.0 is missing, no dependency information available
[WARNING] Failed to retrieve plugin descriptor for org.eclipse.m2e:lifecycle-mapping:1.0.0: Plugin org.eclipse.m2e:lifecycle-mapping:1.0.0 or one of its dependencies could not be resolved: Failure to find org.eclipse.m2e:lifecycle-mapping:jar:1.0.0 in http://nexus/repository/maven-group/ was cached in the local repository, resolution will not be reattempted until the update interval of nexus has elapsed or updates are forced
[INFO] 
[INFO] --- sonar-maven-plugin:3.9.0.2155:sonar (default-cli) @ entando-*****-console ---
[INFO] User cache: /****/.sonar/cache
[INFO] SonarQube version: 8.8.0
[INFO] Default locale: "en_US", source code encoding: "UTF-8"
[INFO] Load global settings
[INFO] Load global settings (done) | time=205ms
[INFO] Server id: 1BD809FA-AWHW8ct9-T_TB3XqouNu
[INFO] User cache: /****/.sonar/cache
[INFO] Load/download plugins
[INFO] Load plugins index
[INFO] Load plugins index (done) | time=76ms
[INFO] Load/download plugins (done) | time=26258ms
[INFO] Loaded core extensions: developer-scanner
[INFO] JavaScript/TypeScript frontend is enabled
[INFO] Load project settings for component key: 'entando_entando-*****-console'
[INFO] Load project settings for component key: 'entando_entando-*****-console' (done) | time=34ms
[INFO] Process project properties
[INFO] E**cute project builders
[INFO] E**cute project builders (done) | time=1ms
[INFO] Project key: entando_entando-*****-console
[INFO] Base dir: /workspace/source
[INFO] Working dir: /workspace/source/target/sonar
[INFO] Load project branches
[INFO] Load project branches (done) | time=24ms
[INFO] Check ALM binding of project 'entando_entando-*****-console'
[INFO] Detected project binding: NOT_BOUND
[INFO] Check ALM binding of project 'entando_entando-*****-console' (done) | time=23ms
[INFO] Load project pull requests
[INFO] Load project pull requests (done) | time=47ms
[INFO] Load branch configuration
[INFO] Load branch configuration (done) | time=4ms
[INFO] Load quality profiles
[INFO] Load quality profiles (done) | time=81ms
[INFO] Load active rules
[INFO] Load active rules (done) | time=1635ms
[INFO] Organization key: entando
[INFO] Pull request 76 for merge into master from PR-76
[INFO] SCM collecting changed files in the branch
[WARNING] Exception caught during e**cution of command '[/usr/local/git/bin/git, config, --******, --edit]' in '/usr/local/git/bin', return code '128', error message 'fatal: Invalid path '/usr/local/git/etc': No such file or directory
'
[INFO] SCM collecting changed files in the branch (done) | time=324ms
[INFO] Indexing files...
[INFO] Project configuration:
[INFO] 941 files inde**d
[INFO] 0 files ignored because of scm ignore settings
[INFO] Quality profile for css: Sonar way
[INFO] Quality profile for java: Sonar way
[INFO] Quality profile for js: Sonar way
[INFO] Quality profile for jsp: Sonar way
[INFO] Quality profile for web: Sonar way
[INFO] Quality profile for xml: Sonar way
[INFO] ------------- Run sensors on module Entando Core: Administration Console
[INFO] JavaScript/TypeScript frontend is enabled
[INFO] Load metrics repository
[INFO] Load metrics repository (done) | time=29ms
[INFO] Sensor JavaSensor [java]
[INFO] Configured Java source version (sonar.java.source): 8
[INFO] JavaClasspath initialization
[INFO] JavaClasspath initialization (done) | time=8ms
[INFO] JavaTestClasspath initialization
[INFO] JavaTestClasspath initialization (done) | time=2ms
Jul 01, 2021 4:13:36 PM org.apache.jasper.servlet.TldScanner scanJars
INFO: At least one JAR was scanned for TLDs yet contained no TLDs. Enable debug logging for this logger for a complete list of JARs that were scanned but no TLDs were found in them. Skipping unneeded JARs during scanning can improve startup time and JSP compilation time.
[WARNING] Some JSP pages failed to transpile. Enable debug log for details.
[INFO] Java "Main" source files AST scan
[INFO] 233 source files to be analyzed
[INFO] 21/233 files analyzed, current file: src/main/java/com/agiletec/aps*****/portal/WidgetTypeAction.java
[INFO] 67/233 files analyzed, current file: src/main/java/org/entando/entando/aps*****/******/services/shortcut/ShortcutLoader.java
[INFO] 130/233 files analyzed, current file: src/main/java/com/agiletec/aps*****/category/helper/CategoryActionHelper.java
[INFO] 205/233 files analyzed, current file: src/main/java/com/agiletec/aps*****/******/entity/AbstractApsEntityFinderAction.java
[INFO] 233/233 source files have been analyzed
[INFO] Slowest analyzed files:
    src/main/java/com/agiletec/aps*****/******/entity/IEntityActionHelper.java (1901ms, 2753B)
    src/main/java/com/agiletec/aps*****/portal/WidgetTypeAction.java (1542ms, 30467B)
    src/main/java/com/agiletec/aps*****/******/entity/type/AbstractBaseEntityAttributeConfigAction.java (1448ms, ***71B)
    src/main/java/com/agiletec/aps*****/******/TreeNodeBaseActionHelper.java (1403ms, 9269B)
    src/main/java/com/agiletec/aps*****/******/entity/EntityActionHelper.java (1205ms, 16177B)
[INFO] Java "Main" source files AST scan (done) | time=44157ms
[INFO] Java "Test" source files AST scan
[INFO] 47 source files to be analyzed
[INFO] 47/47 source files have been analyzed
[INFO] Java "Test" source files AST scan (done) | time=3721ms
[INFO] Java "Generated" source files AST scan
[INFO] 239 source files to be analyzed
[INFO] 73/239 files analyzed, current file: /workspace/source/target/sonar/jsp/org/apache/jsp/WEB_002dINF/aps*****/jsp/portal/guifragment/guiFragment_002dentry_jsp.java
[INFO] 161/239 files analyzed, current file: /workspace/source/target/sonar/jsp/org/apache/jsp/WEB_002dINF/aps*****/jsp/*****/configSystemParams_jsp.java
[INFO] 236/239 files analyzed, current file: /workspace/source/target/sonar/jsp/org/apache/jsp/WEB_002dINF/aps*****/jsp/portal/include/entryPage_005ftreeBuilderPages_jsp.java
[INFO] 239/239 source files have been analyzed
[INFO] Java "Generated" source files AST scan (done) | time=30418ms
[INFO] Sensor JavaSensor [java] (done) | time=83578ms
[INFO] Sensor CSS Metrics [cssfamily]
[INFO] Sensor CSS Metrics [cssfamily] (done) | time=399ms
[INFO] Sensor CSS Rules [cssfamily]
[INFO] 25 source files to be analyzed
[INFO] 2/25 files analyzed, current file: src/main/webapp/resources/*****istration/patternfly/css/patternfly.css
[INFO] 2/25 files analyzed, current file: src/main/webapp/resources/*****istration/patternfly/css/patternfly.css
[INFO] 2/25 files analyzed, current file: src/main/webapp/resources/*****istration/patternfly/css/patternfly.css
[INFO] 11/25 files analyzed, current file: src/main/webapp/resources/*****istration/css/entando-*****-console-default-theme.css
[ERROR] Failed to parse file:///workspace/source/src/main/webapp/resources/*****istration/css/jqueryui-editable.css, line 182, Unknown word
[INFO] 20/25 files analyzed, current file: src/main/webapp/resources/*****istration/patternfly/css/patternfly-additions.css
[INFO] 25/25 source files have been analyzed
[INFO] Sensor CSS Rules [cssfamily] (done) | time=64641ms
[INFO] Sensor C# Project Type Information [csharp]
[INFO] Sensor C# Project Type Information [csharp] (done) | time=4ms
[INFO] Sensor C# Properties [csharp]
[INFO] Sensor C# Properties [csharp] (done) | time=2ms
[INFO] Sensor Import of Checkstyle issues [java]
[WARNING] Checkstyle report not found: /workspace/source/target/checkstyle-result.xml
[INFO] Sensor Import of Checkstyle issues [java] (done) | time=3ms
[INFO] Sensor SurefireSensor [java]
[INFO] parsing [/workspace/source/target/surefire-reports]
[INFO] Sensor SurefireSensor [java] (done) | time=231ms
[INFO] Sensor JavaXmlSensor [java]
[INFO] 48 source files to be analyzed
[INFO] 48/48 source files have been analyzed
[INFO] Sensor JavaXmlSensor [java] (done) | time=627ms
[INFO] Sensor HTML [web]
[INFO] Sensor HTML [web] (done) | time=2476ms
[INFO] Sensor XML Sensor [xml]
[INFO] 49 source files to be analyzed
[INFO] 49/49 source files have been analyzed
[INFO] Sensor XML Sensor [xml] (done) | time=798ms
[INFO] Sensor VB.NET Project Type Information [vbnet]
[INFO] Sensor VB.NET Project Type Information [vbnet] (done) | time=2ms
[INFO] Sensor VB.NET Properties [vbnet]
[INFO] Sensor VB.NET Properties [vbnet] (done) | time=1ms
[INFO] Sensor JaCoCo XML Report Importer [jacoco]
[INFO] Importing 1 report(s). Turn your logs in debug mode in order to see the exhaustive list.
[INFO] Sensor JaCoCo XML Report Importer [jacoco] (done) | time=141ms
[INFO] Sensor JavaScript analysis [javascript]
[INFO] Deploying custom rules bundle jar:file:/****/.sonar/cache/e90252615509e3e607c20e3fc2775448/sonar-securityjsfrontend-plugin.jar!/js-vulnerabilities-rules-1.0.0.tgz to /workspace/source/target/sonar/.sonartmp/eslint-bridge-bundle/package/custom-rules10938664335704911245
[INFO] 86 source files to be analyzed
[INFO] 0/86 files analyzed, current file: src/main/webapp/resources/*****istration/js/generate-code-from-title.js
[INFO] 0/86 files analyzed, current file: src/main/webapp/resources/*****istration/js/generate-code-from-title.js
[INFO] 0/86 files analyzed, current file: src/main/webapp/resources/*****istration/js/generate-code-from-title.js
[INFO] 0/86 files analyzed, current file: src/main/webapp/resources/*****istration/js/generate-code-from-title.js
[INFO] 0/86 files analyzed, current file: src/main/webapp/resources/*****istration/js/generate-code-from-title.js
[INFO] 0/86 files analyzed, current file: src/main/webapp/resources/*****istration/js/generate-code-from-title.js
[INFO] 1/86 file analyzed, current file: src/main/webapp/resources/*****istration/js/entando-stream.js
[INFO] 1/86 file analyzed, current file: src/main/webapp/resources/*****istration/js/entando-stream.js
[INFO] 1/86 file analyzed, current file: src/main/webapp/resources/*****istration/js/entando-stream.js
[INFO] 1/86 file analyzed, current file: src/main/webapp/resources/*****istration/js/entando-stream.js
[INFO] 2/86 files analyzed, current file: src/main/webapp/resources/*****istration/js/first-time-messages.js
[INFO] 4/86 files analyzed, current file: src/main/webapp/resources/*****istration/js/codemirror/addon/hint/entando-hint.js
[INFO] 9/86 files analyzed, current file: src/main/webapp/resources/*****istration/js/bootstrap-datepicker/locales/bootstrap-datepicker.ms.js
[INFO] 11/86 files analyzed, current file: src/main/webapp/resources/*****istration/js/pages/pageTreeMenu.js
[INFO] 11/86 files analyzed, current file: src/main/webapp/resources/*****istration/js/pages/pageTreeMenu.js
[INFO] 11/86 files analyzed, current file: src/main/webapp/resources/*****istration/js/pages/pageTreeMenu.js
[INFO] 12/86 files analyzed, current file: src/main/webapp/resources/*****istration/js/entando.grid-generator.js
[INFO] 12/86 files analyzed, current file: src/main/webapp/resources/*****istration/js/entando.grid-generator.js
[INFO] 14/86 files analyzed, current file: src/main/webapp/resources/*****istration/patternfly/js/patternfly.dataTables.pfPagination.js
[INFO] 14/86 files analyzed, current file: src/main/webapp/resources/*****istration/patternfly/js/patternfly.dataTables.pfPagination.js
[INFO] 16/86 files analyzed, current file: src/main/webapp/resources/*****istration/js/entando.alert.js
[INFO] 19/86 files analyzed, current file: src/main/webapp/resources/*****istration/patternfly/js/patternfly-functions.js
[INFO] 19/86 files analyzed, current file: src/main/webapp/resources/*****istration/patternfly/js/patternfly-functions.js
[INFO] 19/86 files analyzed, current file: src/main/webapp/resources/*****istration/patternfly/js/patternfly-functions.js
[INFO] 19/86 files analyzed, current file: src/main/webapp/resources/*****istration/patternfly/js/patternfly-functions.js
[INFO] 19/86 files analyzed, current file: src/main/webapp/resources/*****istration/patternfly/js/patternfly-functions.js
[INFO] 20/86 files analyzed, current file: src/main/webapp/resources/*****istration/js/ckeditor/plugins/entandolink/plugin.js
[INFO] 20/86 files analyzed, current file: src/main/webapp/resources/*****istration/js/ckeditor/plugins/entandolink/plugin.js
[INFO] 25/86 files analyzed, current file: src/main/webapp/resources/*****istration/patternfly/js/patternfly-settings.js
[INFO] 26/86 files analyzed, current file: src/main/webapp/resources/*****istration/patternfly/js/patternfly.dataTables.pfResize.js
[INFO] 29/86 files analyzed, current file: src/main/webapp/resources/*****istration/patternfly/js/patternfly.dataTables.pfEmpty.js
[INFO] 32/86 files analyzed, current file: src/main/webapp/resources/*****istration/js/bootstrap-datepicker/locales/bootstrap-datepicker.is.js
[INFO] 34/86 files analyzed, current file: src/main/webapp/resources/*****istration/patternfly/js/patternfly.js
[INFO] 34/86 files analyzed, current file: src/main/webapp/resources/*****istration/patternfly/js/patternfly.js
[INFO] 34/86 files analyzed, current file: src/main/webapp/resources/*****istration/patternfly/js/patternfly.js
[INFO] 34/86 files analyzed, current file: src/main/webapp/resources/*****istration/patternfly/js/patternfly.js
[INFO] 34/86 files analyzed, current file: src/main/webapp/resources/*****istration/patternfly/js/patternfly.js
[INFO] 40/86 files analyzed, current file: src/main/webapp/resources/*****istration/js/pages/configPage.js
[INFO] 42/86 files analyzed, current file: src/main/webapp/resources/*****istration/js/jquery.entando.js
[INFO] 43/86 files analyzed, current file: src/main/webapp/resources/*****istration/js/jquery.sticky.js
[INFO] 48/86 files analyzed, current file: src/main/webapp/resources/*****istration/js/entando-typeahead-tree.js
[INFO] 50/86 files analyzed, current file: src/main/webapp/resources/*****istration/patternfly/js/patternfly.dataTables.pfFilter.js
[INFO] 58/86 files analyzed, current file: src/main/webapp/resources/*****istration/js/ckeditor/entando-ckeditor_config_nolink.js
[INFO] 68/86 files analyzed, current file: src/main/webapp/resources/*****istration/js/shortcuts.js
[INFO] 69/86 files analyzed, current file: src/main/webapp/resources/*****istration/js/bootstrap-datepicker/bootstrap-datepicker.js
[INFO] 69/86 files analyzed, current file: src/main/webapp/resources/*****istration/js/bootstrap-datepicker/bootstrap-datepicker.js
[INFO] 69/86 files analyzed, current file: src/main/webapp/resources/*****istration/js/bootstrap-datepicker/bootstrap-datepicker.js
[INFO] 69/86 files analyzed, current file: src/main/webapp/resources/*****istration/js/bootstrap-datepicker/bootstrap-datepicker.js
[INFO] 69/86 files analyzed, current file: src/main/webapp/resources/*****istration/js/bootstrap-datepicker/bootstrap-datepicker.js
[INFO] 69/86 files analyzed, current file: src/main/webapp/resources/*****istration/js/bootstrap-datepicker/bootstrap-datepicker.js
[INFO] 76/86 files analyzed, current file: src/main/webapp/resources/*****istration/js/bootstrap-datepicker/locales/bootstrap-datepicker.hr.js
[INFO] 79/86 files analyzed, current file: src/main/webapp/resources/*****istration/js/bootstrap-datepicker/locales/bootstrap-datepicker.it.js
[INFO] 86/86 source files have been analyzed
[INFO] Sensor JavaScript analysis [javascript] (done) | time=547442ms
[INFO] Sensor TypeScript analysis [javascript]
[INFO] No input files found for analysis
[INFO] Sensor TypeScript analysis [javascript] (done) | time=3ms
[INFO] Sensor ThymeLeaf template sensor [securityjavafrontend]
[INFO] Sensor ThymeLeaf template sensor [securityjavafrontend] (done) | time=8ms
[INFO] Sensor JavaSecuritySensor [security]
[INFO] Reading type hierarchy from: /workspace/source/target/sonar/ucfg2/java
[INFO] Read 938 type definitions
[INFO] Reading UCFGs from: /workspace/source/target/sonar/ucfg2/java
[INFO] 16:25:23.499344 Building Runtime Type propagation graph
[INFO] 16:25:24.13492 Running Tarjan on 76247 nodes
[INFO] 16:25:24.293425 Tarjan found 76230 components
[INFO] 16:25:24.56822 Variable type analysis: done
[INFO] 16:25:24.576137 Building Runtime Type propagation graph
[INFO] 16:25:25.074939 Running Tarjan on 76226 nodes
[INFO] 16:25:25.201203 Tarjan found 76209 components
[INFO] 16:25:25.375878 Variable type analysis: done
[INFO] Analyzing 10829 ucfgs to detect vulnerabilities.
[INFO] All rules entrypoints : 16 Retained UCFGs : 997
[INFO] rule: S5131, entrypoints: 2
[INFO] Running symbolic analysis
[INFO] rule: S5131 done
[INFO] rule: S3649, entrypoints: 0
[INFO] rule: S3649 done
[INFO] rule: S2076, entrypoints: 0
[INFO] rule: S2076 done
[INFO] rule: S2091, entrypoints: 0
[INFO] rule: S2091 done
[INFO] rule: S2078, entrypoints: 0
[INFO] rule: S2078 done
[INFO] rule: S2631, entrypoints: 14
[INFO] Running symbolic analysis
[INFO] rule: S2631 done
[INFO] rule: S5135, entrypoints: 0
[INFO] rule: S5135 done
[INFO] rule: S2083, entrypoints: 0
[INFO] rule: S2083 done
[INFO] rule: S5167, entrypoints: 0
[INFO] rule: S5167 done
[INFO] rule: S5144, entrypoints: 0
[INFO] rule: S5144 done
[INFO] rule: S5145, entrypoints: 0
[INFO] rule: S5145 done
[INFO] rule: S5146, entrypoints: 0
[INFO] rule: S5146 done
[INFO] rule: S5334, entrypoints: 0
[INFO] rule: S5334 done
[INFO] rule: S6096, entrypoints: 0
[INFO] rule: S6096 done
[INFO] Sensor JavaSecuritySensor [security] (done) | time=55778ms
[INFO] Sensor CSharpSecuritySensor [security]
[INFO] Reading type hierarchy from: /workspace/source/target/ucfg_cs2
[INFO] Read 0 type definitions
[INFO] Reading UCFGs from: /workspace/source/target/ucfg_cs2
[INFO] No UCFGs have been included for analysis.
[INFO] Sensor CSharpSecuritySensor [security] (done) | time=1ms
[INFO] Sensor PhpSecuritySensor [security]
[INFO] Reading type hierarchy from: /workspace/source/target/sonar/ucfg2/php
[INFO] Read 0 type definitions
[INFO] Reading UCFGs from: /workspace/source/target/sonar/ucfg2/php
[INFO] No UCFGs have been included for analysis.
[INFO] Sensor PhpSecuritySensor [security] (done) | time=1ms
[INFO] Sensor PythonSecuritySensor [security]
[INFO] Reading type hierarchy from: /workspace/source/target/sonar/ucfg2/python
[INFO] Read 0 type definitions
[INFO] Reading UCFGs from: /workspace/source/target/sonar/ucfg2/python
[INFO] No UCFGs have been included for analysis.
[INFO] Sensor PythonSecuritySensor [security] (done) | time=1ms
[INFO] Sensor JsSecuritySensor [security]
[INFO] Reading type hierarchy from: /workspace/source/target/sonar/ucfg2/js
[INFO] Read 0 type definitions
[INFO] Reading UCFGs from: /workspace/source/target/sonar/ucfg2/js
[INFO] 16:26:11.56751 Building Runtime Type propagation graph
[INFO] 16:26:11.625744 Running Tarjan on 6838 nodes
[INFO] 16:26:11.633396 Tarjan found 6838 components
[INFO] 16:26:11.640997 Variable type analysis: done
[INFO] 16:26:11.641511 Building Runtime Type propagation graph
[INFO] 16:26:11.677565 Running Tarjan on 6838 nodes
[INFO] 16:26:11.685193 Tarjan found 6838 components
[INFO] 16:26:11.691835 Variable type analysis: done
[INFO] Analyzing 1001 ucfgs to detect vulnerabilities.
[INFO] rule: S2076, entrypoints: 87
[INFO] Running symbolic analysis
[INFO] rule: S2076 done
[INFO] rule: S3649, entrypoints: 87
[INFO] Running symbolic analysis
[INFO] rule: S3649 done
[INFO] rule: S6096, entrypoints: 87
[INFO] Running symbolic analysis
[INFO] rule: S6096 done
[INFO] rule: S5147, entrypoints: 87
[INFO] Running symbolic analysis
[INFO] rule: S5147 done
[INFO] rule: S5131, entrypoints: 87
[INFO] Running symbolic analysis
[INFO] rule: S5131 done
[INFO] rule: S5144, entrypoints: 87
[INFO] Running symbolic analysis
[INFO] rule: S5144 done
[INFO] rule: S2083, entrypoints: 87
[INFO] Running symbolic analysis
[INFO] rule: S2083 done
[INFO] rule: S6105, entrypoints: 87
[INFO] Running symbolic analysis
[INFO] rule: S6105 done
[INFO] rule: S5146, entrypoints: 87
[INFO] Running symbolic analysis
[INFO] rule: S5146 done
[INFO] rule: S5334, entrypoints: 87
[INFO] Running symbolic analysis
[INFO] rule: S5334 done
[INFO] rule: S2631, entrypoints: 87
[INFO] Running symbolic analysis
[INFO] rule: S2631 done
[INFO] rule: S5696, entrypoints: 87
[INFO] Running symbolic analysis
[INFO] rule: S5696 done
[INFO] rule: S5883, entrypoints: 87
[INFO] Running symbolic analysis
[INFO] rule: S5883 done
[INFO] Sensor JsSecuritySensor [security] (done) | time=5243ms
[INFO] ------------- Run sensors on project
[INFO] Sensor Zero Coverage Sensor
[INFO] Sensor Zero Coverage Sensor (done) | time=30ms
[INFO] Sensor Java CPD Block Inde**r
[INFO] Sensor Java CPD Block Inde**r (done) | time=343ms
[INFO] SCM Publisher SCM provider for this project is: git
[INFO] SCM Publisher 8 source files to be analyzed
[INFO] SCM Publisher 7/8 source files have been analyzed (done) | time=446ms
[WARNING] Missing blame information for the following files:
[WARNING]   * pom.xml
[WARNING] This may lead to missing/broken features in SonarCloud
[INFO] CPD E**cutor 105 files had no CPD blocks
[INFO] CPD E**cutor Calculating CPD for 466 files
[INFO] CPD E**cutor CPD calculation finished (done) | time=331ms
[INFO] SCM writing changed lines
[WARNING] File '/workspace/source/src/main/webapp/WEB-INF/aps*****/tiles.xml' was detected as changed but without having changed lines
[WARNING] File '/workspace/source/src/test/java/com/agiletec/aps*****/TestAdminConsoleLabelsProperties.java' was detected as changed but without having changed lines
[INFO] SCM writing changed lines (done) | time=136ms
[INFO] Analysis report generated in 340ms, dir size=1 MB
[INFO] Analysis report compressed in 636ms, zip size=691 KB
[INFO] Analysis report uploaded in 390ms
[INFO] ANALYSIS SUCCESSFUL, you can find the results at: https://sonarcloud.io/dashboard?id=entando_entando-*****-console&pullRequest=76
[INFO] Note that you will be able to access the updated dashboard once the server has processed the submitted analysis report
[INFO] More about the report processing at https://sonarcloud.io/api/ce/task?id=AXpi5HvdFw55s3dwX3dB
[INFO] Analysis total time: 13:03.619 s
[INFO] ------------------------------------------------------------------------
[INFO] BUILD SUCCESS
[INFO] ------------------------------------------------------------------------
[INFO] Total time:  16:54 min
[INFO] Finished at: 2021-07-01T16:26:30Z
[INFO] ------------------------------------------------------------------------
Picked up _JAVA_OPTIONS: -XX:+UnlockExperimentalVMOptions -Dsun.zip.disableMemoryMapping=**** -XX:+UseParallelGC -XX:MinHeapFreeRatio=5 -XX:MaxHeapFreeRatio=10 -XX:GCTimeRatio=4 -XX:AdaptiveSizePolicyWeight=90 -Xms10m -Xmx8000m
[INFO] Scanning for projects...
[WARNING] 
[WARNING] Some problems were encountered while building the effective model for org.entando.entando:entando-*****-console:war:0.0.0-SNAPSHOT-PR-76-3
[WARNING] 'dependencyManagement.dependencies.dependency.(groupId:artifactId:type:classifier)' must be unique: org.springframework:spring-tx:jar -> version (?) vs ${spring.version} @ org.entando:entando-core-parent:6.4.2, /home/jenkins/.mvnrepository/org/entando/entando-core-parent/6.4.2/entando-core-parent-6.4.2.pom, line 625, column 25
[WARNING] 
[WARNING] It is highly recommended to fix these problems because they threaten the stability of your build.
[WARNING] 
[WARNING] For this reason, future Maven versions might no longer support building such malformed projects.
[WARNING] 
[INFO] 
[INFO] -------------< org.entando.entando:entando-*****-console >--------------
[INFO] Building Entando Core: Administration Console 0.0.0-SNAPSHOT-PR-76-3
[INFO] --------------------------------[ war ]---------------------------------
[WARNING] The POM for com.sun.xml.bind:jaxb-impl:jar:2.2.11 is invalid, transitive dependencies (if any) will not be available, enable debug logging for more details
[INFO] 
[INFO] --- maven-site-plugin:3.9.0:site (default-site) @ entando-*****-console ---
[INFO] configuring report plugin org.apache.maven.plugins:maven-project-info-reports-plugin:3.0.0
[INFO] 9 reports configured for maven-project-info-reports-plugin:3.0.0: dependency-info, distribution-management, index, ci-management, issue-management, licenses, plugins, scm, summary
[INFO] Rendering site with default locale English (en)
[WARNING] Unable to find a URL to the parent project. The parent menu will NOT be added.
[INFO] Relativizing decoration links with respect to localized project URL: http://www.entando.com/
[INFO] Rendering content with org.apache.maven.skins:maven-default-skin:jar:1.3 skin.
[INFO] Generating "Dependency Information" report --- maven-project-info-reports-plugin:3.0.0:dependency-info
[INFO] Generating "About" report         --- maven-project-info-reports-plugin:3.0.0:index
[INFO] Generating "Issue Management" report --- maven-project-info-reports-plugin:3.0.0:issue-management
[INFO] Generating "Licenses" report      --- maven-project-info-reports-plugin:3.0.0:licenses
[INFO] Generating "Plugins" report       --- maven-project-info-reports-plugin:3.0.0:plugins
[INFO] Generating "Source Code Management" report --- maven-project-info-reports-plugin:3.0.0:scm
[INFO] Generating "Summary" report       --- maven-project-info-reports-plugin:3.0.0:summary
[INFO] ------------------------------------------------------------------------
[INFO] BUILD SUCCESS
[INFO] ------------------------------------------------------------------------
[INFO] Total time:  13.737 s
[INFO] Finished at: 2021-07-01T16:26:46Z
[INFO] ------------------------------------------------------------------------
error: etcdserver: request is too large
Congratulations! No build failures found for entando-*****-console-PR-76.
