
Showing logs for build [32mentando-k8s-entando-k8s-cluster-grcxd-1[0m stage [32mfrom-build-pack[0m and container [32mstep-credential-initializer-b7b2v[0m
{"level":"warn","ts":1616746646.0133686,"logger":"fallback-logger","caller":"logging/config.go:69","msg":"Fetch GitHub commit ID from kodata failed: \"ref: refs/heads/0.8.0-**-support-backwards-incompats\" is not a valid GitHub commit ID"}
{"level":"info","ts":1616746646.0169923,"logger":"fallback-logger","caller":"creds-init/main.go:40","msg":"Credentials initialized."}

Showing logs for build [32mentando-k8s-entando-k8s-cluster-grcxd-1[0m stage [32mfrom-build-pack[0m and container [32mstep-working-dir-initializer-rsksg[0m
{"level":"warn","ts":1616746650.1896586,"logger":"fallback-logger","caller":"logging/config.go:69","msg":"Fetch GitHub commit ID from kodata failed: open /var/run/ko/HEAD: no such file or directory"}
{"level":"info","ts":1616746650.1942685,"logger":"fallback-logger","caller":"bash/main.go:64","msg":"Successfully e**cuted command \"sh -c mkdir -p /workspace/source\"; output "}

Showing logs for build [32mentando-k8s-entando-k8s-cluster-grcxd-1[0m stage [32mfrom-build-pack[0m and container [32mstep-place-tools[0m

Showing logs for build [32mentando-k8s-entando-k8s-cluster-grcxd-1[0m stage [32mfrom-build-pack[0m and container [32mstep-git-source-entando-k8s-entando-k8s-cluster-4qls6[0m
{"level":"warn","ts":1616746695.8059402,"logger":"fallback-logger","caller":"logging/config.go:69","msg":"Fetch GitHub commit ID from kodata failed: \"ref: refs/heads/0.8.0-**-support-backwards-incompats\" is not a valid GitHub commit ID"}
{"level":"info","ts":1616746696.5871646,"logger":"fallback-logger","caller":"git/git.go:103","msg":"Successfully cloned https://github.com/entando-k8s/entando-k8s-cluster-infrastructure-controller.git @ master in path /workspace/source"}

Showing logs for build [32mentando-k8s-entando-k8s-cluster-grcxd-1[0m stage [32mfrom-build-pack[0m and container [32mstep-git-merge[0m
Using SHAs from PULL_REFS=master:bad36ca782324a3779344f63a1344f98ca7c96d4,21:682aa33bd780c928bc821cb62720cdc95a45164f
DEBUG: ran git fetch --unshallow origin 682aa33bd780c928bc821cb62720cdc95a45164f: bad36ca782324a3779344f63a1344f98ca7c96d4: in 
DEBUG: ran git checkout master in 
DEBUG: ran git reset --hard bad36ca782324a3779344f63a1344f98ca7c96d4 in 
DEBUG: ran clean --force -d . in 
DEBUG: ran git merge 682aa33bd780c928bc821cb62720cdc95a45164f in 
Merged SHA 682aa33bd780c928bc821cb62720cdc95a45164f with commit message 'ENG-2068 update common base image for ubi change' into base branch master

Showing logs for build [32mentando-k8s-entando-k8s-cluster-grcxd-1[0m stage [32mfrom-build-pack[0m and container [32mstep-build-set-version[0m
Picked up _JAVA_OPTIONS: -XX:+UnlockExperimentalVMOptions -Dsun.zip.disableMemoryMapping=**** -XX:+UseParallelGC -XX:MinHeapFreeRatio=5 -XX:MaxHeapFreeRatio=10 -XX:GCTimeRatio=4 -XX:AdaptiveSizePolicyWeight=90 -Xms1000m -Xmx12000m
[INFO] Scanning for projects...
[INFO] 
[INFO] -----< org.entando:entando-k8s-cluster-infrastructure-controller >------
[INFO] Building Entando K8S Controller for Entando Cluster Infrastructure Deployments 6.3.0-SNAPSHOT
[INFO] --------------------------------[ jar ]---------------------------------
[INFO] 
[INFO] --- versions-maven-plugin:2.8.1:set (default-cli) @ entando-k8s-cluster-infrastructure-controller ---
[INFO] Local aggregation ****: /workspace/source
[INFO] Processing change of org.entando:entando-k8s-cluster-infrastructure-controller:6.3.0-SNAPSHOT -> 0.0.0-SNAPSHOT-PR-21-1
[INFO] Processing org.entando:entando-k8s-cluster-infrastructure-controller
[INFO]     Updating project org.entando:entando-k8s-cluster-infrastructure-controller
[INFO]         from version 6.3.0-SNAPSHOT to 0.0.0-SNAPSHOT-PR-21-1
[INFO] 
[INFO] ------------------------------------------------------------------------
[INFO] BUILD SUCCESS
[INFO] ------------------------------------------------------------------------
[INFO] Total time:  8.206 s
[INFO] Finished at: 2021-03-26T08:18:28Z
[INFO] ------------------------------------------------------------------------

Showing logs for build [32mentando-k8s-entando-k8s-cluster-grcxd-1[0m stage [32mfrom-build-pack[0m and container [32mstep-build-fix-git-for-sonar[0m
M	pom.xml
Switched to a new branch 'PR-21'
Deleted branch master (was 682aa33).
From https://github.com/entando-k8s/entando-k8s-cluster-infrastructure-controller
 * [new branch]      master     -> master

Showing logs for build [32mentando-k8s-entando-k8s-cluster-grcxd-1[0m stage [32mfrom-build-pack[0m and container [32mstep-build-mvn-verify-pr[0m
Picked up _JAVA_OPTIONS: -XX:+UnlockExperimentalVMOptions -Dsun.zip.disableMemoryMapping=**** -XX:+UseParallelGC -XX:MinHeapFreeRatio=5 -XX:MaxHeapFreeRatio=10 -XX:GCTimeRatio=4 -XX:AdaptiveSizePolicyWeight=90 -Xms1000m -Xmx12000m
[INFO] Scanning for projects...
[INFO] 
[INFO] -----< org.entando:entando-k8s-cluster-infrastructure-controller >------
[INFO] Building Entando K8S Controller for Entando Cluster Infrastructure Deployments 0.0.0-SNAPSHOT-PR-21-1
[INFO] --------------------------------[ jar ]---------------------------------
[WARNING] The POM for org.entando:entando-k8s-operator-common:jar:6.3.13 is missing, no dependency information available
[WARNING] The POM for org.entando:entando-k8s-operator-common:jar:tests:6.3.13 is missing, no dependency information available
[INFO] 
[INFO] ------------------------------------------------------------------------
[INFO] Skipping Entando K8S Controller for Entando Cluster Infrastructure Deployments
[INFO] This project has been banned from the build due to previous failures.
[INFO] ------------------------------------------------------------------------
[INFO] ------------------------------------------------------------------------
[INFO] BUILD FAILURE
[INFO] ------------------------------------------------------------------------
[INFO] Total time:  6.244 s
[INFO] Finished at: 2021-03-26T08:18:40Z
[INFO] ------------------------------------------------------------------------
[ERROR] Failed to e**cute goal on project entando-k8s-cluster-infrastructure-controller: Could not resolve dependencies for project org.entando:entando-k8s-cluster-infrastructure-controller:jar:0.0.0-SNAPSHOT-PR-21-1: The following artifacts could not be resolved: org.entando:entando-k8s-operator-common:jar:6.3.13, org.entando:entando-k8s-operator-common:jar:tests:6.3.13: Could not find artifact org.entando:entando-k8s-operator-common:jar:6.3.13 in nexus (http://nexus/repository/maven-group/) -> [Help 1]
[ERROR] 
[ERROR] To see the full stack trace of the errors, re-run Maven with the -e switch.
[ERROR] Re-run Maven using the -X switch to enable full debug logging.
[ERROR] 
[ERROR] For more information about the errors and possible solutions, please read the following articles:
[ERROR] [Help 1] http://cwiki.apache.org/confluence/display/MAVEN/DependencyResolutionException
Picked up _JAVA_OPTIONS: -XX:+UnlockExperimentalVMOptions -Dsun.zip.disableMemoryMapping=**** -XX:+UseParallelGC -XX:MinHeapFreeRatio=5 -XX:MaxHeapFreeRatio=10 -XX:GCTimeRatio=4 -XX:AdaptiveSizePolicyWeight=90 -Xms1000m -Xmx12000m
[INFO] Scanning for projects...
[INFO] 
[INFO] -----< org.entando:entando-k8s-cluster-infrastructure-controller >------
[INFO] Building Entando K8S Controller for Entando Cluster Infrastructure Deployments 0.0.0-SNAPSHOT-PR-21-1
[INFO] --------------------------------[ jar ]---------------------------------
[WARNING] The POM for org.entando:entando-k8s-operator-common:jar:6.3.13 is missing, no dependency information available
[WARNING] The POM for org.entando:entando-k8s-operator-common:jar:tests:6.3.13 is missing, no dependency information available
[INFO] ------------------------------------------------------------------------
[INFO] BUILD FAILURE
[INFO] ------------------------------------------------------------------------
[INFO] Total time:  1.526 s
[INFO] Finished at: 2021-03-26T08:18:43Z
[INFO] ------------------------------------------------------------------------
[ERROR] Failed to e**cute goal on project entando-k8s-cluster-infrastructure-controller: Could not resolve dependencies for project org.entando:entando-k8s-cluster-infrastructure-controller:jar:0.0.0-SNAPSHOT-PR-21-1: The following artifacts could not be resolved: org.entando:entando-k8s-operator-common:jar:6.3.13, org.entando:entando-k8s-operator-common:jar:tests:6.3.13: Failure to find org.entando:entando-k8s-operator-common:jar:6.3.13 in http://nexus/repository/maven-group/ was cached in the local repository, resolution will not be reattempted until the update interval of nexus has elapsed or updates are forced -> [Help 1]
[ERROR] 
[ERROR] To see the full stack trace of the errors, re-run Maven with the -e switch.
[ERROR] Re-run Maven using the -X switch to enable full debug logging.
[ERROR] 
[ERROR] For more information about the errors and possible solutions, please read the following articles:
[ERROR] [Help 1] http://cwiki.apache.org/confluence/display/MAVEN/DependencyResolutionException
No pre-deployment test results found for entando-k8s-cluster-infrastructure-controller-PR-21.
No checkstyle results found for entando-k8s-cluster-infrastructure-controller-PR-21.
No OWASP dependency check found for entando-k8s-cluster-infrastructure-controller-PR-21.
The following checks failed for entando-k8s-cluster-infrastructure-controller-PR-21:
No pre-deployment test results produced by build
No checkstyle results produced by build
No OWASP dependency check results produced by build
[31m
Pipeline failed on stage 'from-build-pack' : container 'step-build-mvn-verify-pr'. The execution of the pipeline has stopped.[0m
