
Showing logs for build [32mentando-entando-plugin-jacms-pr-p7plc-1[0m stage [32mfrom-build-pack[0m and container [32mcredential-initializer[0m
{"level":"info","ts":1621239758.2062352,"caller":"creds-init/main.go:44","msg":"Credentials initialized."}

Showing logs for build [32mentando-entando-plugin-jacms-pr-p7plc-1[0m stage [32mfrom-build-pack[0m and container [32mworking-dir-initializer[0m

Showing logs for build [32mentando-entando-plugin-jacms-pr-p7plc-1[0m stage [32mfrom-build-pack[0m and container [32mplace-tools[0m

Showing logs for build [32mentando-entando-plugin-jacms-pr-p7plc-1[0m stage [32mfrom-build-pack[0m and container [32mstep-git-source-entando-entando-plugin-jacms-pr-p7plc-sd92h[0m
{"level":"info","ts":1621239796.580153,"caller":"git/git.go:105","msg":"Successfully cloned https://github.com/entando/entando-plugin-jacms.git @ master in path /workspace/source"}
{"level":"warn","ts":1621239796.580331,"caller":"git/git.go:152","msg":"Unexpected error: creating symlink: symlink /tekton/home/.ssh /****/.ssh: file exists"}
{"level":"info","ts":1621239796.6566606,"caller":"git/git.go:133","msg":"Successfully initialized and updated submodules in path /workspace/source"}

Showing logs for build [32mentando-entando-plugin-jacms-pr-p7plc-1[0m stage [32mfrom-build-pack[0m and container [32mstep-setup-builder-home[0m

Showing logs for build [32mentando-entando-plugin-jacms-pr-p7plc-1[0m stage [32mfrom-build-pack[0m and container [32mstep-git-merge[0m
Using SHAs from PULL_REFS=master:17e68821c4999ca86af0fdc51ad3aa4d14c13907,87:51816386a11b6e74c48bcff2e79e6dfb974338b4
DEBUG: LC_ALL=C JX_LOG_LEVEL=error git fetch origin --unshallow 51816386a11b6e74c48bcff2e79e6dfb974338b4: 17e68821c4999ca86af0fdc51ad3aa4d14c13907:
DEBUG: ran git fetch --unshallow origin 51816386a11b6e74c48bcff2e79e6dfb974338b4: 17e68821c4999ca86af0fdc51ad3aa4d14c13907: in 
DEBUG: LC_ALL=C JX_LOG_LEVEL=error git branch
DEBUG: LC_ALL=C JX_LOG_LEVEL=error git checkout master
DEBUG: ran git checkout master in 
DEBUG: JX_LOG_LEVEL=error LC_ALL=C git reset --hard 17e68821c4999ca86af0fdc51ad3aa4d14c13907
DEBUG: ran git reset --hard 17e68821c4999ca86af0fdc51ad3aa4d14c13907 in 
DEBUG: LC_ALL=C JX_LOG_LEVEL=error git clean -fd .
DEBUG: ran clean --force -d . in 
DEBUG: JX_LOG_LEVEL=error LC_ALL=C git merge 51816386a11b6e74c48bcff2e79e6dfb974338b4
DEBUG: ran git merge 51816386a11b6e74c48bcff2e79e6dfb974338b4 in 
DEBUG: LC_ALL=C JX_LOG_LEVEL=error git log --format=%H%x1f%an%x1f%ae%x1f%cn%x1f%ce%x1f%s%n%b%x1e 17e68821c4999ca86af0fdc51ad3aa4d14c13907..HEAD
Merged SHA 83149e74ac24571166ce22555f58de712b77158c with commit message 'Merge commit '51816386a11b6e74c48bcff2e79e6dfb974338b4'' into base branch master
Merged SHA 51816386a11b6e74c48bcff2e79e6dfb974338b4 with commit message 'ENG-2238 adds link Additional Attributes to the API and tests' into base branch master
Merged SHA 079305a4b37fc96faec5ab3bc6f065ed3f12fa3f with commit message 'ENG-2238 adds additional attributes' into base branch master

Showing logs for build [32mentando-entando-plugin-jacms-pr-p7plc-1[0m stage [32mfrom-build-pack[0m and container [32mstep-build-set-version[0m
Picked up _JAVA_OPTIONS: -XX:+UnlockExperimentalVMOptions -Dsun.zip.disableMemoryMapping=**** -XX:+UseParallelGC -XX:MinHeapFreeRatio=5 -XX:MaxHeapFreeRatio=10 -XX:GCTimeRatio=4 -XX:AdaptiveSizePolicyWeight=90 -Xms10m -Xmx8000m
[INFO] Scanning for projects...
[WARNING] 
[WARNING] Some problems were encountered while building the effective model for org.entando.entando.plugins:entando-plugin-jacms:war:6.3.0-SNAPSHOT
[WARNING] 'dependencyManagement.dependencies.dependency.(groupId:artifactId:type:classifier)' must be unique: org.springframework:spring-tx:jar -> version (?) vs ${spring.version} @ org.entando:entando-core-parent:6.3.13, /home/jenkins/.mvnrepository/org/entando/entando-core-parent/6.3.13/entando-core-parent-6.3.13.pom, line 624, column 25
[WARNING] 
[WARNING] It is highly recommended to fix these problems because they threaten the stability of your build.
[WARNING] 
[WARNING] For this reason, future Maven versions might no longer support building such malformed projects.
[WARNING] 
[INFO] 
[INFO] ----------< org.entando.entando.plugins:entando-plugin-jacms >----------
[INFO] Building Entando Plugin: CMS 6.3.0-SNAPSHOT
[INFO] --------------------------------[ war ]---------------------------------
[INFO] 
[INFO] --- versions-maven-plugin:2.8.1:set (default-cli) @ entando-plugin-jacms ---
[INFO] Local aggregation ****: /workspace/source
[INFO] Processing change of org.entando.entando.plugins:entando-plugin-jacms:6.3.0-SNAPSHOT -> 0.0.0-SNAPSHOT-PR-87-1
[INFO] Processing org.entando.entando.plugins:entando-plugin-jacms
[INFO]     Updating project org.entando.entando.plugins:entando-plugin-jacms
[INFO]         from version 6.3.0-SNAPSHOT to 0.0.0-SNAPSHOT-PR-87-1
[INFO] 
[INFO] ------------------------------------------------------------------------
[INFO] BUILD SUCCESS
[INFO] ------------------------------------------------------------------------
[INFO] Total time:  15.985 s
[INFO] Finished at: 2021-05-17T08:23:38Z
[INFO] ------------------------------------------------------------------------

Showing logs for build [32mentando-entando-plugin-jacms-pr-p7plc-1[0m stage [32mfrom-build-pack[0m and container [32mstep-build-fix-git-for-sonar[0m
error: Your local changes to the following files would be overwritten by checkout:
	pom.xml
Please commit your changes or stash them before you switch branches.
Aborting
error: Cannot delete branch 'master' checked out at '/workspace/source'
fatal: Refusing to fetch into current branch refs/heads/master of non-bare repository
[31m
Pipeline failed on stage 'from-build-pack' : container 'step-build-fix-git-for-sonar'. The execution of the pipeline has stopped.[0m
