
Showing logs for build [32mmeta-entando-app-builder-pr-103-tj4f8-1[0m stage [32mmeta-pipeline[0m and container [32mstep-credential-initializer-tqdq6[0m
{"level":"warn","ts":1616765379.7101452,"logger":"fallback-logger","caller":"logging/config.go:69","msg":"Fetch GitHub commit ID from kodata failed: \"ref: refs/heads/0.8.0-**-support-backwards-incompats\" is not a valid GitHub commit ID"}
{"level":"info","ts":1616765379.722111,"logger":"fallback-logger","caller":"creds-init/main.go:40","msg":"Credentials initialized."}

Showing logs for build [32mmeta-entando-app-builder-pr-103-tj4f8-1[0m stage [32mmeta-pipeline[0m and container [32mstep-working-dir-initializer-slsv9[0m
{"level":"warn","ts":1616765383.4293904,"logger":"fallback-logger","caller":"logging/config.go:69","msg":"Fetch GitHub commit ID from kodata failed: open /var/run/ko/HEAD: no such file or directory"}
{"level":"info","ts":1616765383.4497106,"logger":"fallback-logger","caller":"bash/main.go:64","msg":"Successfully e**cuted command \"sh -c mkdir -p /workspace/source\"; output "}

Showing logs for build [32mmeta-entando-app-builder-pr-103-tj4f8-1[0m stage [32mmeta-pipeline[0m and container [32mstep-place-tools[0m

Showing logs for build [32mmeta-entando-app-builder-pr-103-tj4f8-1[0m stage [32mmeta-pipeline[0m and container [32mstep-git-source-meta-entando-app-builder-pr-103-tz776[0m
{"level":"warn","ts":1616765486.2657464,"logger":"fallback-logger","caller":"logging/config.go:69","msg":"Fetch GitHub commit ID from kodata failed: \"ref: refs/heads/0.8.0-**-support-backwards-incompats\" is not a valid GitHub commit ID"}
{"level":"info","ts":1616765487.836686,"logger":"fallback-logger","caller":"git/git.go:103","msg":"Successfully cloned https://github.com/entando/app-builder.git @ 49c7d984a89494c0266fecd59c8e667e656c4a5b in path /workspace/source"}

Showing logs for build [32mmeta-entando-app-builder-pr-103-tj4f8-1[0m stage [32mmeta-pipeline[0m and container [32mstep-git-merge[0m
Using SHAs from PULL_REFS=master:49c7d984a89494c0266fecd59c8e667e656c4a5b,1035:aa4a730d52a0d9d98f567fde0404a869db565c1c
DEBUG: ran git fetch --unshallow origin aa4a730d52a0d9d98f567fde0404a869db565c1c: 49c7d984a89494c0266fecd59c8e667e656c4a5b: in 
DEBUG: ran git checkout master in 
DEBUG: ran git reset --hard 49c7d984a89494c0266fecd59c8e667e656c4a5b in 
DEBUG: ran clean --force -d . in 
error: error during merge: merging aa4a730d52a0d9d98f567fde0404a869db565c1c into master: git output: Auto-merging src/ui/app/App.js
CONFLICT (content): Merge conflict in src/ui/app/App.js
Auto-merging src/state/****Reducer.js
CONFLICT (content): Merge conflict in src/state/****Reducer.js
Auto-merging src/locales/en.js
Auto-merging src/app-init/router.js
Auto-merging sass/index.scss
Auto-merging package.json
CONFLICT (content): Merge conflict in package.json
Auto-merging package-lock.json
Automatic merge failed; fix conflicts and then commit the result.: failed to run 'git merge aa4a730d52a0d9d98f567fde0404a869db565c1c' command in directory '', output: 'Auto-merging src/ui/app/App.js
CONFLICT (content): Merge conflict in src/ui/app/App.js
Auto-merging src/state/****Reducer.js
CONFLICT (content): Merge conflict in src/state/****Reducer.js
Auto-merging src/locales/en.js
Auto-merging src/app-init/router.js
Auto-merging sass/index.scss
Auto-merging package.json
CONFLICT (content): Merge conflict in package.json
Auto-merging package-lock.json
Automatic merge failed; fix conflicts and then commit the result.'
[31m
Pipeline failed on stage 'meta-pipeline' : container 'step-git-merge'. The execution of the pipeline has stopped.[0m
