
Showing logs for build [32mentando-k8s-entando-k8s-cluster-wmjft-44[0m stage [32mfrom-build-pack[0m and container [32mstep-credential-initializer-7vzdm[0m
Unable to retrieve container logs for docker://71ca5d13df0127603d1e16542c7b862916eabede49b2ba10d770b7a8fe6b054e

Showing logs for build [32mentando-k8s-entando-k8s-cluster-wmjft-44[0m stage [32mfrom-build-pack[0m and container [32mstep-working-dir-initializer-mpsq4[0m
Unable to retrieve container logs for docker://ba83f0029def1a05928058e71cb40460567210476c68106fd05dd1d27117be56

Showing logs for build [32mentando-k8s-entando-k8s-cluster-wmjft-44[0m stage [32mfrom-build-pack[0m and container [32mstep-place-tools[0m
Unable to retrieve container logs for docker://73c5b6eba1903d31f6d2ce4de64f5475ddcb2a7a05c1fc0a1feba6d57508ce65

Showing logs for build [32mentando-k8s-entando-k8s-cluster-wmjft-44[0m stage [32mfrom-build-pack[0m and container [32mstep-git-source-entando-k8s-entando-k8s-cluster-vrl9c[0m
Unable to retrieve container logs for docker://6058968ec74d2b02700a9d214b7e4d37e9e545551daba05e978ecdf521c46230

Showing logs for build [32mentando-k8s-entando-k8s-cluster-wmjft-44[0m stage [32mfrom-build-pack[0m and container [32mstep-git-merge[0m
Unable to retrieve container logs for docker://9b3eafd32c761c24a2a4c388d04f035a28c98eb29782114f1c718db598d5105b

Showing logs for build [32mentando-k8s-entando-k8s-cluster-wmjft-44[0m stage [32mfrom-build-pack[0m and container [32mstep-setup-jx-git-credentials[0m
Unable to retrieve container logs for docker://d88d38d960bcae141d61a7ed5b9e9c3b15e566751fea51251f72d0a47850ae5c

Showing logs for build [32mentando-k8s-entando-k8s-cluster-wmjft-44[0m stage [32mfrom-build-pack[0m and container [32mstep-build-fetch-history-for-sonar[0m
Unable to retrieve container logs for docker://553c94a31f9ab3064c3ee7cd5857ed51dda0a55ecbbc48034b0d2ccb707b1124

Showing logs for build [32mentando-k8s-entando-k8s-cluster-wmjft-44[0m stage [32mfrom-build-pack[0m and container [32mstep-build-mvn-deploy-release[0m
Unable to retrieve container logs for docker://dfed360cf5b58e0c1406733ccfa1580437e7191f34aa804eb7938decb4305c1a

Showing logs for build [32mentando-k8s-entando-k8s-cluster-wmjft-44[0m stage [32mfrom-build-pack[0m and container [32mstep-build-container-build[0m
Unable to retrieve container logs for docker://15b7d5d71a349603366c8dda117a1b029252ab12ad8ea963712da0a3f0905268

Showing logs for build [32mentando-k8s-entando-k8s-cluster-wmjft-44[0m stage [32mfrom-build-pack[0m and container [32mstep-postbuild-post-build[0m
Unable to retrieve container logs for docker://454208b1ae9e602e38a63664cccfa1296da0e6db96928a44e37f9c96a1ce1e20

Showing logs for build [32mentando-k8s-entando-k8s-cluster-wmjft-44[0m stage [32mfrom-build-pack[0m and container [32mstep-promote-changelog[0m
Unable to retrieve container logs for docker://09c7ab3a638b610ccdeef734dac592352be10bd54de2fb7274fecc9d467f7478

Showing logs for build [32mentando-k8s-entando-k8s-cluster-wmjft-44[0m stage [32mfrom-build-pack[0m and container [32mstep-promote-update-image-map[0m
Unable to retrieve container logs for docker://249d67ea3a06dd61fe616e3a78de***f9e0dd1f75d4af854d8101f682ad7f833
