
Showing logs for build [32mentando-k8s-environment-entando-nv7cb-1[0m stage [32mfrom-build-pack[0m and container [32mstep-credential-initializer-wfql7[0m
{"level":"warn","ts":1615201251.3942113,"logger":"fallback-logger","caller":"logging/config.go:69","msg":"Fetch GitHub commit ID from kodata failed: \"ref: refs/heads/0.8.0-**-support-backwards-incompats\" is not a valid GitHub commit ID"}
{"level":"info","ts":1615201251.4056609,"logger":"fallback-logger","caller":"creds-init/main.go:40","msg":"Credentials initialized."}

Showing logs for build [32mentando-k8s-environment-entando-nv7cb-1[0m stage [32mfrom-build-pack[0m and container [32mstep-working-dir-initializer-w6vmp[0m
{"level":"warn","ts":1615201253.729634,"logger":"fallback-logger","caller":"logging/config.go:69","msg":"Fetch GitHub commit ID from kodata failed: open /var/run/ko/HEAD: no such file or directory"}
{"level":"info","ts":1615201253.765188,"logger":"fallback-logger","caller":"bash/main.go:64","msg":"Successfully e**cuted command \"sh -c mkdir -p /workspace/source\"; output "}

Showing logs for build [32mentando-k8s-environment-entando-nv7cb-1[0m stage [32mfrom-build-pack[0m and container [32mstep-place-tools[0m

Showing logs for build [32mentando-k8s-environment-entando-nv7cb-1[0m stage [32mfrom-build-pack[0m and container [32mstep-git-source-entando-k8s-environment-entando-xrmnk[0m
{"level":"warn","ts":1615201287.9998121,"logger":"fallback-logger","caller":"logging/config.go:69","msg":"Fetch GitHub commit ID from kodata failed: \"ref: refs/heads/0.8.0-**-support-backwards-incompats\" is not a valid GitHub commit ID"}
{"level":"info","ts":1615201288.6642148,"logger":"fallback-logger","caller":"git/git.go:103","msg":"Successfully cloned https://github.com/entando-k8s/environment-**********-staging.git @ master in path /workspace/source"}

Showing logs for build [32mentando-k8s-environment-entando-nv7cb-1[0m stage [32mfrom-build-pack[0m and container [32mstep-git-merge[0m
Using SHAs from PULL_REFS=master:f045dd3098e0286590c7d2af69c80b014d00ae37,139:b3af4f3a11caaa9136700d08bc2dcf7b813352c3
DEBUG: ran git fetch --unshallow origin b3af4f3a11caaa9136700d08bc2dcf7b813352c3: f045dd3098e0286590c7d2af69c80b014d00ae37: in 
DEBUG: ran git checkout master in 
DEBUG: ran git reset --hard f045dd3098e0286590c7d2af69c80b014d00ae37 in 
DEBUG: ran clean --force -d . in 
DEBUG: ran git merge b3af4f3a11caaa9136700d08bc2dcf7b813352c3 in 
Merged SHA b3af4f3a11caaa9136700d08bc2dcf7b813352c3 with commit message 'chore: Promote entando-k8s-controller-coordinator to version 6.3.4' into base branch master

Showing logs for build [32mentando-k8s-environment-entando-nv7cb-1[0m stage [32mfrom-build-pack[0m and container [32mstep-build-helm-build[0m
WARNING: No $CHART_REPOSITORY defined so using the default value of: http://jenkins-x-chartmuseum:8080
Adding missing Helm repo: storage.googleapis.com https://storage.googleapis.com/chartmuseum.jenkins-x.io
error: failed to add chart repositories: failed to add the Helm repository with URL 'https://storage.googleapis.com/chartmuseum.jenkins-x.io': failed to add the repository 'storage.googleapis.com' with URL 'https://storage.googleapis.com/chartmuseum.jenkins-x.io': failed to run 'helm repo add storage.googleapis.com https://storage.googleapis.com/chartmuseum.jenkins-x.io' command in directory '.', output: 'Error: Couldn't load repositories file (/builder/home/.helm/repository/repositories.yaml).
You might need to run `helm init` (or `helm init --client-only` if tiller is already installed)'
[31m
Pipeline failed on stage 'from-build-pack' : container 'step-build-helm-build'. The execution of the pipeline has stopped.[0m
