
Showing logs for build [32mentando-entando-keycloak-master-j2k8w-20[0m stage [32mfrom-build-pack[0m and container [32mstep-credential-initializer-4sw2f[0m
{"level":"warn","ts":1617693164.096344,"logger":"fallback-logger","caller":"logging/config.go:69","msg":"Fetch GitHub commit ID from kodata failed: \"ref: refs/heads/0.8.0-**-support-backwards-incompats\" is not a valid GitHub commit ID"}
{"level":"info","ts":1617693164.1207588,"logger":"fallback-logger","caller":"creds-init/main.go:40","msg":"Credentials initialized."}

Showing logs for build [32mentando-entando-keycloak-master-j2k8w-20[0m stage [32mfrom-build-pack[0m and container [32mstep-working-dir-initializer-z2wz7[0m
{"level":"warn","ts":1617693168.0924633,"logger":"fallback-logger","caller":"logging/config.go:69","msg":"Fetch GitHub commit ID from kodata failed: open /var/run/ko/HEAD: no such file or directory"}
{"level":"info","ts":1617693168.1366668,"logger":"fallback-logger","caller":"bash/main.go:64","msg":"Successfully e**cuted command \"sh -c mkdir -p /workspace/source\"; output "}

Showing logs for build [32mentando-entando-keycloak-master-j2k8w-20[0m stage [32mfrom-build-pack[0m and container [32mstep-place-tools[0m

Showing logs for build [32mentando-entando-keycloak-master-j2k8w-20[0m stage [32mfrom-build-pack[0m and container [32mstep-git-source-entando-entando-keycloak-master-9pp7x[0m
{"level":"warn","ts":1617693202.6636903,"logger":"fallback-logger","caller":"logging/config.go:69","msg":"Fetch GitHub commit ID from kodata failed: \"ref: refs/heads/0.8.0-**-support-backwards-incompats\" is not a valid GitHub commit ID"}
{"level":"info","ts":1617693205.463963,"logger":"fallback-logger","caller":"git/git.go:103","msg":"Successfully cloned https://github.com/entando/entando-keycloak.git @ v6.3.7 in path /workspace/source"}

Showing logs for build [32mentando-entando-keycloak-master-j2k8w-20[0m stage [32mfrom-build-pack[0m and container [32mstep-git-merge[0m
Using SHAs from PULL_REFS=master:3987daaf074399cb4478244fdf0f91de080e4a05
WARNING: no SHAs to merge, falling back to initial cloned commit

Showing logs for build [32mentando-entando-keycloak-master-j2k8w-20[0m stage [32mfrom-build-pack[0m and container [32mstep-setup-jx-git-credentials[0m
Generated Git credentials file /workspace/xdg_config/git/credentials

Showing logs for build [32mentando-entando-keycloak-master-j2k8w-20[0m stage [32mfrom-build-pack[0m and container [32mstep-container-build1[0m
This avoids unwanted kaniko command substitution
Generating tags...
 - entando/entando-keycloak -> docker.io/entando/entando-keycloak:6.3.7
Checking cache...
 - entando/entando-keycloak: Not found. Building
Building [entando/entando-keycloak]...
Sending build context to Docker daemon  546.3kBSending build context to Docker daemon   8.15MBSending build context to Docker daemon  8.743MB
Step 1/11 : FROM jboss/keycloak:12.0.2
 ---> 7699b20daf8e
Step 2/11 : LABEL MAINTAINER "Entando <dev@entando.com>"
 ---> Running in 62fb2d733d87
 ---> 4cc1923010b8
Step 3/11 : ARG VERSION
 ---> Running in be87184bf6f1
 ---> bb542d85aa9e
Step 4/11 : LABEL name "Entando Keycloak" vendor "Entando" version "v${VERSION}" release "6" summary "Keycloak with Entando's themes and extensions." description "This is container hosts Keycloak along with themes created for Entando."
 ---> Running in fbb645ac6d47
 ---> 98e165b690fe
Step 5/11 : COPY LICENSE /licences/entando-lgpl.txt
 ---> 97bf46966ba7
Step 6/11 : COPY themes /opt/jboss/keycloak/themes
 ---> 115ad273012a
Step 7/11 : COPY cli /opt/jboss/tools/cli
 ---> 7f6060966825
Step 8/11 : RUN export KEYCLOAK_HTTP_PORT=8080 &&       cd  /opt/jboss/keycloak/modules/******/layers/base/com/******/jdbc/main/ &&       mkdir driver &&       curl https://repo1.maven.org/maven2/com/******/ojdbc/ojdbc8/19.3.0.0/ojdbc8-19.3.0.0.jar -o driver/ojdbc.jar
 ---> Running in 17c8094bfb68

[91m[0m[91m  % Total    % Received % Xferd  Average Speed   Time    Time     Time  Current
                                 Dload  Upload   Total   Sp[0m[91ment    Left  Speed
  0     0    0     0    0     0      0      0 --:--:-- --:--:-- --:--:--  [0m[91m   0[0m[91m 91 4111k   91 3747k    0     0  6517k      0 --:--:-- --:--:-- --:--:-- 6517k[0m[91m100 4111k  100 4111k    0     0  6807k      0 --:--:-- --:--:-- --:--:-- 6796k
[0m ---> 48d5e0bd4ed8
Step 9/11 : ENV KEYCLOAK_DEFAULT_THEME "entando" KEYCLOAK_HOME "/opt/jboss/keycloak"
 ---> Running in e19e04b2cd24
 ---> 995826fd6f2c
Step 10/11 : EXPOSE 8080
 ---> Running in 0f751e9d792d
 ---> 2a79d9bd8853
Step 11/11 : CMD -b 0.0.0.0
 ---> Running in 71465c758c56
 ---> 9f632b74d687
Successfully built 9f632b74d687
The push refers to a repository [docker.io/entando/entando-keycloak]
873e13241be7: Preparing
627043d9562d: Preparing
c4cc823b6921: Preparing
af2ae8d67643: Preparing
43876f2097d1: Preparing
79fccfadc333: Preparing
a655ed183a77: Preparing
00af10937683: Preparing
3aa55ff7bca1: Preparing
79fccfadc333: Waiting
a655ed183a77: Waiting
00af10937683: Waiting
3aa55ff7bca1: Waiting
43876f2097d1: Layer already exists
79fccfadc333: Layer already exists
a655ed183a77: Layer already exists
00af10937683: Layer already exists
3aa55ff7bca1: Layer already exists
af2ae8d67643: Pushed
627043d9562d: Pushed
873e13241be7: Pushed
c4cc823b6921: Pushed
6.3.7: digest: sha256:5c23a9517b2554a8d90a221c63e0a2d9ffab106647d3b0700f0d61f601d6822a size: 2209
There is a new version (1.21.0) of Skaffold available. Download it at https://storage.googleapis.com/skaffold/releases/latest/skaffold-linux-amd64


Showing logs for build [32mentando-entando-keycloak-master-j2k8w-20[0m stage [32mfrom-build-pack[0m and container [32mstep-post-build1[0m
cat: VERSION: No such file or directory
no CVE provider running in the current ** namespace so skip adding image to be analysed

Showing logs for build [32mentando-entando-keycloak-master-j2k8w-20[0m stage [32mfrom-build-pack[0m and container [32mstep-update-image-map1[0m
configmap/entando-docker-image-info-v6.3 patched

Showing logs for build [32mentando-entando-keycloak-master-j2k8w-20[0m stage [32mfrom-build-pack[0m and container [32mstep-container-build2[0m
This avoids unwanted kaniko command substitution
Generating tags...
 - entando/entando-redhat-sso -> docker.io/entando/entando-redhat-sso:6.3.7
Checking cache...
 - entando/entando-redhat-sso: Not found. Building
Building [entando/entando-redhat-sso]...
Sending build context to Docker daemon    554kBSending build context to Docker daemon  7.204MBSending build context to Docker daemon  12.08MBSending build context to Docker daemon   15.4MB
Step 1/11 : FROM registry.redhat.io/rh-sso-7/sso74-openshift-rhel8:7.4-25
Trying to pull repository registry.redhat.io/rh-sso-7/sso74-openshift-rhel8 ... 
7.4-25: Pulling from registry.redhat.io/rh-sso-7/sso74-openshift-rhel8
a591faa84ab0: Already exists
76b9354adec6: Already exists
752e5a8bdfb6: Pulling fs layer
752e5a8bdfb6: Verifying Checksum
752e5a8bdfb6: Download complete
752e5a8bdfb6: Pull complete
Digest: sha256:321efa0446608531ff4dcaa6f3351078539eda14dc00c899140ad68dee7868c2
Status: Downloaded newer image for registry.redhat.io/rh-sso-7/sso74-openshift-rhel8:7.4-25
 ---> 2fa201c70f65
Step 2/11 : LABEL MAINTAINER "Entando <dev@entando.com>"
 ---> Running in 7f6f633dd60e
 ---> 318fd6e18393
Step 3/11 : ARG VERSION
 ---> Running in 46c6cef1c441
 ---> cd36b13b00c5
Step 4/11 : LABEL name "Entando Red Hat SSO" vendor "Entando" version "v${VERSION}" release "6" summary "Red Hat SSO with Entando's themes and extensions." description "This is container hosts Red Hat SSO along with themes created for Entando."
 ---> Running in 70e65bb7c0e6
 ---> b8acd07ecafc
Step 5/11 : COPY LICENSE /licences/entando-lgpl.txt
 ---> 787cb28096c8
Step 6/11 : COPY themes /opt/eap/themes
 ---> 79f8200a391b
Step 7/11 : COPY redhat-sso/modules/ /opt/eap/modules/******/layers/openshift/
 ---> 92f9829f01c3
Step 8/11 : COPY redhat-sso/standalone-openshift.xml /opt/eap/standalone/configuration/standalone-openshift.xml
 ---> 1746dffe04e1
Step 9/11 : COPY redhat-sso/datasource-common.sh /opt/eap/bin/launch/datasource-common.sh
 ---> 036eadb1387d
Step 10/11 : COPY LICENSE /licenses/entando-lgpl.txt
 ---> 7ad14efc86be
Step 11/11 : ENV KEYCLOAK_DEFAULT_THEME "entando" KEYCLOAK_HOME "/opt/eap"
 ---> Running in 707ec6f91a30
 ---> 288dba612320
Successfully built 288dba612320
The push refers to a repository [docker.io/entando/entando-redhat-sso]
c2e327ac3656: Preparing
c51f080f02a8: Preparing
d927e181c42d: Preparing
a84b433a2cc9: Preparing
88e1fdea5d86: Preparing
033d1b1c047d: Preparing
0ad0ac7aecbe: Preparing
04a05557bbad: Preparing
821b0c400fe6: Preparing
821b0c400fe6: Waiting
033d1b1c047d: Waiting
04a05557bbad: Waiting
0ad0ac7aecbe: Waiting
c2e327ac3656: Pushed
c51f080f02a8: Pushed
d927e181c42d: Pushed
88e1fdea5d86: Pushed
a84b433a2cc9: Pushed
821b0c400fe6: Mounted from entando/entando-k8s-controller-coordinator
04a05557bbad: Mounted from entando/entando-k8s-controller-coordinator
033d1b1c047d: Pushed
0ad0ac7aecbe: Pushed
6.3.7: digest: sha256:9c0e7f5c3dde154a637b29e628fe3e2ec767a266c0966053c27ce4aa55a0d7db size: 2205
There is a new version (1.21.0) of Skaffold available. Download it at https://storage.googleapis.com/skaffold/releases/latest/skaffold-linux-amd64


Showing logs for build [32mentando-entando-keycloak-master-j2k8w-20[0m stage [32mfrom-build-pack[0m and container [32mstep-post-build2[0m
cat: VERSION: No such file or directory
no CVE provider running in the current ** namespace so skip adding image to be analysed

Showing logs for build [32mentando-entando-keycloak-master-j2k8w-20[0m stage [32mfrom-build-pack[0m and container [32mstep-update-image-map2[0m
configmap/entando-docker-image-info-v6.3 patched

Showing logs for build [32mentando-entando-keycloak-master-j2k8w-20[0m stage [32mfrom-build-pack[0m and container [32mstep-promote-changelog[0m
Converted /workspace/source to an unshallow repository
Generating change log from git ref 9e59548afb1a001bb83c6bddca5bcf1138491d2d => fe308521343e3c6d5b750cb3f2328b3b6a28c7fb
Associating user ampie in users.jenkins.io with email ampie.private@gmail.com to git GitProvider user with login ampie-barnard as emails match
Adding label jenkins.io/git-github-userid=ampie-barnard to user ampie in users.jenkins.io
Associating user ampie in users.jenkins.io with email ampie.private@gmail.com to git GitProvider user with login ampie-barnard as emails match
Adding label jenkins.io/git-github-userid=ampie-barnard to user ampie in users.jenkins.io
Finding issues in commit messages using git format
WARNING: No release found for entando/entando-keycloak and tag v6.3.7 so creating a new release
Updated the release information at https://github.com/entando/entando-keycloak/releases/tag/v6.3.7
generated: /workspace/source/templates/release.yaml
Created Release entando-keycloak-6-3-7 resource in namespace **
Updating PipelineActivity entando-entando-keycloak-master-20 with version 6.3.7
Updated PipelineActivities entando-entando-keycloak-master-20 with release notes URL: https://github.com/entando/entando-keycloak/releases/tag/v6.3.7
