
Showing logs for build [32mentando-entando-plugin-jacms-pr-rk48f-1[0m stage [32mfrom-build-pack[0m and container [32mcredential-initializer[0m
{"level":"info","ts":1625230356.3450506,"caller":"creds-init/main.go:44","msg":"Credentials initialized."}

Showing logs for build [32mentando-entando-plugin-jacms-pr-rk48f-1[0m stage [32mfrom-build-pack[0m and container [32mworking-dir-initializer[0m

Showing logs for build [32mentando-entando-plugin-jacms-pr-rk48f-1[0m stage [32mfrom-build-pack[0m and container [32mplace-tools[0m

Showing logs for build [32mentando-entando-plugin-jacms-pr-rk48f-1[0m stage [32mfrom-build-pack[0m and container [32mstep-git-source-entando-entando-plugin-jacms-pr-rk48f-gf6mn[0m
{"level":"info","ts":1625230376.8506176,"caller":"git/git.go:105","msg":"Successfully cloned https://github.com/entando/entando-plugin-jacms.git @ master in path /workspace/source"}
{"level":"warn","ts":1625230376.8508***,"caller":"git/git.go:152","msg":"Unexpected error: creating symlink: symlink /tekton/home/.ssh /****/.ssh: file exists"}
{"level":"info","ts":1625230376.9255707,"caller":"git/git.go:133","msg":"Successfully initialized and updated submodules in path /workspace/source"}

Showing logs for build [32mentando-entando-plugin-jacms-pr-rk48f-1[0m stage [32mfrom-build-pack[0m and container [32mstep-setup-builder-home[0m

Showing logs for build [32mentando-entando-plugin-jacms-pr-rk48f-1[0m stage [32mfrom-build-pack[0m and container [32mstep-git-merge[0m
Using SHAs from PULL_REFS=master:c8156ba37eca9438ba030c9b6811fd9c6de37d36,99:24d343cba8dfab1c5523dac479bbab7c5fd2fef2
DEBUG: LC_ALL=C JX_LOG_LEVEL=error git fetch origin --unshallow 24d343cba8dfab1c5523dac479bbab7c5fd2fef2: c8156ba37eca9438ba030c9b6811fd9c6de37d36:
DEBUG: ran git fetch --unshallow origin 24d343cba8dfab1c5523dac479bbab7c5fd2fef2: c8156ba37eca9438ba030c9b6811fd9c6de37d36: in 
DEBUG: LC_ALL=C JX_LOG_LEVEL=error git branch
DEBUG: JX_LOG_LEVEL=error LC_ALL=C git checkout master
DEBUG: ran git checkout master in 
DEBUG: LC_ALL=C JX_LOG_LEVEL=error git reset --hard c8156ba37eca9438ba030c9b6811fd9c6de37d36
DEBUG: ran git reset --hard c8156ba37eca9438ba030c9b6811fd9c6de37d36 in 
DEBUG: LC_ALL=C JX_LOG_LEVEL=error git clean -fd .
DEBUG: ran clean --force -d . in 
DEBUG: LC_ALL=C JX_LOG_LEVEL=error git merge 24d343cba8dfab1c5523dac479bbab7c5fd2fef2
DEBUG: ran git merge 24d343cba8dfab1c5523dac479bbab7c5fd2fef2 in 
DEBUG: LC_ALL=C JX_LOG_LEVEL=error git log --format=%H%x1f%an%x1f%ae%x1f%cn%x1f%ce%x1f%s%n%b%x1e c8156ba37eca9438ba030c9b6811fd9c6de37d36..HEAD
Merged SHA 24d343cba8dfab1c5523dac479bbab7c5fd2fef2 with commit message 'ENG-2400 Bumping version, updating entando-core-bom and entando-core-parent' into base branch master

Showing logs for build [32mentando-entando-plugin-jacms-pr-rk48f-1[0m stage [32mfrom-build-pack[0m and container [32mstep-build-set-version[0m
Picked up _JAVA_OPTIONS: -XX:+UnlockExperimentalVMOptions -Dsun.zip.disableMemoryMapping=**** -XX:+UseParallelGC -XX:MinHeapFreeRatio=5 -XX:MaxHeapFreeRatio=10 -XX:GCTimeRatio=4 -XX:AdaptiveSizePolicyWeight=90 -Xms10m -Xmx8000m
[INFO] Scanning for projects...
[WARNING] 
[WARNING] Some problems were encountered while building the effective model for org.entando.entando.plugins:entando-plugin-jacms:war:6.4.0-SNAPSHOT
[WARNING] 'dependencyManagement.dependencies.dependency.(groupId:artifactId:type:classifier)' must be unique: org.springframework:spring-tx:jar -> version (?) vs ${spring.version} @ org.entando:entando-core-parent:6.4.2, /home/jenkins/.mvnrepository/org/entando/entando-core-parent/6.4.2/entando-core-parent-6.4.2.pom, line 625, column 25
[WARNING] 
[WARNING] It is highly recommended to fix these problems because they threaten the stability of your build.
[WARNING] 
[WARNING] For this reason, future Maven versions might no longer support building such malformed projects.
[WARNING] 
[INFO] 
[INFO] ----------< org.entando.entando.plugins:entando-plugin-jacms >----------
[INFO] Building Entando Plugin: CMS 6.4.0-SNAPSHOT
[INFO] --------------------------------[ war ]---------------------------------
[INFO] 
[INFO] --- versions-maven-plugin:2.8.1:set (default-cli) @ entando-plugin-jacms ---
[INFO] Local aggregation ****: /workspace/source
[INFO] Processing change of org.entando.entando.plugins:entando-plugin-jacms:6.4.0-SNAPSHOT -> 0.0.0-SNAPSHOT-PR-99-1
[INFO] Processing org.entando.entando.plugins:entando-plugin-jacms
[INFO]     Updating project org.entando.entando.plugins:entando-plugin-jacms
[INFO]         from version 6.4.0-SNAPSHOT to 0.0.0-SNAPSHOT-PR-99-1
[INFO] 
[INFO] ------------------------------------------------------------------------
[INFO] BUILD SUCCESS
[INFO] ------------------------------------------------------------------------
[INFO] Total time:  10.626 s
[INFO] Finished at: 2021-07-02T12:53:12Z
[INFO] ------------------------------------------------------------------------

Showing logs for build [32mentando-entando-plugin-jacms-pr-rk48f-1[0m stage [32mfrom-build-pack[0m and container [32mstep-build-fix-git-for-sonar[0m
Switched to a new branch 'PR-99'
M	pom.xml
Deleted branch master (was 24d343c).
From https://github.com/entando/entando-plugin-jacms
 * [new branch]      master            -> master
 * [new tag]         5.0.0.initial     -> 5.0.0.initial
 * [new tag]         pia-crs4          -> pia-crs4
 * [new tag]         v5.0.0-pre        -> v5.0.0-pre
 * [new tag]         v6.2.0-sprint1-rc -> v6.2.0-sprint1-rc
 * [new tag]         v6.2.0-sprint2-rc -> v6.2.0-sprint2-rc
 * [new tag]         v6.2.0-sprint3-rc -> v6.2.0-sprint3-rc
 * [new tag]         v6.2.0-sprint4-rc -> v6.2.0-sprint4-rc
 * [new tag]         v6.2.0-sprint5-rc -> v6.2.0-sprint5-rc

Showing logs for build [32mentando-entando-plugin-jacms-pr-rk48f-1[0m stage [32mfrom-build-pack[0m and container [32mstep-build-mvn-verify-pr[0m
Picked up _JAVA_OPTIONS: -XX:+UnlockExperimentalVMOptions -Dsun.zip.disableMemoryMapping=**** -XX:+UseParallelGC -XX:MinHeapFreeRatio=5 -XX:MaxHeapFreeRatio=10 -XX:GCTimeRatio=4 -XX:AdaptiveSizePolicyWeight=90 -Xms10m -Xmx8000m
[INFO] Scanning for projects...
[WARNING] 
[WARNING] Some problems were encountered while building the effective model for org.entando.entando.plugins:entando-plugin-jacms:war:0.0.0-SNAPSHOT-PR-99-1
[WARNING] 'dependencyManagement.dependencies.dependency.(groupId:artifactId:type:classifier)' must be unique: org.springframework:spring-tx:jar -> version (?) vs ${spring.version} @ org.entando:entando-core-parent:6.4.2, /home/jenkins/.mvnrepository/org/entando/entando-core-parent/6.4.2/entando-core-parent-6.4.2.pom, line 625, column 25
[WARNING] 
[WARNING] It is highly recommended to fix these problems because they threaten the stability of your build.
[WARNING] 
[WARNING] For this reason, future Maven versions might no longer support building such malformed projects.
[WARNING] 
[INFO] 
[INFO] ----------< org.entando.entando.plugins:entando-plugin-jacms >----------
[INFO] Building Entando Plugin: CMS 0.0.0-SNAPSHOT-PR-99-1
[INFO] --------------------------------[ war ]---------------------------------
[WARNING] The POM for com.sun.xml.bind:jaxb-impl:jar:2.2.11 is invalid, transitive dependencies (if any) will not be available, enable debug logging for more details
[WARNING] The POM for com.sun.xml.bind:jaxb-core:jar:2.2.11 is invalid, transitive dependencies (if any) will not be available, enable debug logging for more details
[INFO] 
[INFO] --- maven-checkstyle-plugin:3.1.1:check (validate) @ entando-plugin-jacms ---
[INFO] 
[INFO] --- maven-checkstyle-plugin:3.1.1:checkstyle (validate) @ entando-plugin-jacms ---
[INFO] 
[INFO] --- jacoco-maven-plugin:0.8.6:prepare-agent (prepare-agent) @ entando-plugin-jacms ---
[INFO] argLine set to -javaagent:/home/jenkins/.mvnrepository/org/jacoco/org.jacoco.agent/0.8.6/org.jacoco.agent-0.8.6-runtime.jar=destfile=/workspace/source/target/jacoco.e**c
[INFO] 
[INFO] --- maven-resources-plugin:2.5:resources (default-resources) @ entando-plugin-jacms ---
[debug] e**cute contextualize
[INFO] Using 'UTF-8' encoding to copy filtered resources.
[INFO] Copying 19 resources
[INFO] Copying 1 resource
[INFO] Copying 52 resources
[INFO] Copying 106 resources
[INFO] Copying 3 resources to META-INF
[INFO] 
[INFO] --- maven-compiler-plugin:3.8.1:compile (default-compile) @ entando-plugin-jacms ---
[INFO] Changes detected - recompiling the module!
[INFO] Compiling 331 source files to /workspace/source/target/classes
[INFO] /workspace/source/src/main/java/com/agiletec/plugins/jacms/aps/******/services/content/IContentManager.java: Some input files use or override a deprecated API.
[INFO] /workspace/source/src/main/java/com/agiletec/plugins/jacms/aps/******/services/content/IContentManager.java: Recompile with -Xlint:deprecation for details.
[INFO] -------------------------------------------------------------
[ERROR] COMPILATION ERROR : 
[INFO] -------------------------------------------------------------
[ERROR] /workspace/source/src/main/java/com/agiletec/plugins/jacms/aps/******/services/contentmodel/dictionary/ContentModelDictionaryProvider.java:[7,69] package org.entando.entando.aps.******.services.dataobjectmodel.model does not exist
[ERROR] /workspace/source/src/main/java/com/agiletec/plugins/jacms/aps/******/services/contentmodel/dictionary/ContentModelDictionaryProvider.java:[59,12] cannot find symbol
  symbol:   class IEntityModelDictionary
  location: class com.agiletec.plugins.jacms.aps.******.services.contentmodel.dictionary.ContentModelDictionaryProvider
[ERROR] /workspace/source/src/main/java/com/agiletec/plugins/jacms/aps/******/services/contentmodel/dictionary/ContentModelDictionaryProvider.java:[63,12] cannot find symbol
  symbol:   class IEntityModelDictionary
  location: class com.agiletec.plugins.jacms.aps.******.services.contentmodel.dictionary.ContentModelDictionaryProvider
[ERROR] /workspace/source/src/main/java/org/entando/entando/plugins/jacms/web/contentmodel/ContentModelResourceController.java:[21,69] package org.entando.entando.aps.******.services.dataobjectmodel.model does not exist
[ERROR] /workspace/source/src/main/java/org/entando/entando/plugins/jacms/web/contentmodel/ContentModelResource.java:[23,69] package org.entando.entando.aps.******.services.dataobjectmodel.model does not exist
[ERROR] /workspace/source/src/main/java/org/entando/entando/plugins/jacms/aps/******/services/ContentModelService.java:[19,69] package org.entando.entando.aps.******.services.dataobjectmodel.model does not exist
[ERROR] /workspace/source/src/main/java/org/entando/entando/plugins/jacms/web/contentmodel/ContentModelResourceController.java:[168,46] cannot find symbol
  symbol:   class IEntityModelDictionary
  location: class org.entando.entando.plugins.jacms.web.contentmodel.ContentModelResourceController
[ERROR] /workspace/source/src/main/java/org/entando/entando/plugins/jacms/aps/******/services/ContentModelService.java:[34,5] cannot find symbol
  symbol:   class IEntityModelDictionary
  location: interface org.entando.entando.plugins.jacms.aps.******.services.ContentModelService
[ERROR] /workspace/source/src/main/java/org/entando/entando/plugins/jacms/web/contentmodel/ContentModelResource.java:[99,39] cannot find symbol
  symbol:   class IEntityModelDictionary
  location: interface org.entando.entando.plugins.jacms.web.contentmodel.ContentModelResource
[ERROR] /workspace/source/src/main/java/com/agiletec/plugins/jacms/aps/******/services/contentmodel/dictionary/ContentModelDictionary.java:[7,74] package org.entando.entando.aps.******.services.dataobjectmodel.dictionary does not exist
[ERROR] /workspace/source/src/main/java/com/agiletec/plugins/jacms/aps/******/services/contentmodel/dictionary/ContentModelDictionary.java:[12,45] cannot find symbol
  symbol: class DataModelDictionary
[ERROR] /workspace/source/src/main/java/org/entando/entando/plugins/jacms/aps/******/services/ContentModelServiceImpl.java:[36,69] package org.entando.entando.aps.******.services.dataobjectmodel.model does not exist
[ERROR] /workspace/source/src/main/java/org/entando/entando/plugins/jacms/aps/******/services/ContentModelServiceImpl.java:[323,12] cannot find symbol
  symbol:   class IEntityModelDictionary
  location: class org.entando.entando.plugins.jacms.aps.******.services.ContentModelServiceImpl
[INFO] 13 errors 
[INFO] -------------------------------------------------------------
[INFO] 
[INFO] ------------------------------------------------------------------------
[INFO] Skipping Entando Plugin: CMS
[INFO] This project has been banned from the build due to previous failures.
[INFO] ------------------------------------------------------------------------
[INFO] ------------------------------------------------------------------------
[INFO] BUILD FAILURE
[INFO] ------------------------------------------------------------------------
[INFO] Total time:  24.284 s
[INFO] Finished at: 2021-07-02T12:53:42Z
[INFO] ------------------------------------------------------------------------
[ERROR] Failed to e**cute goal org.apache.maven.plugins:maven-compiler-plugin:3.8.1:compile (default-compile) on project entando-plugin-jacms: Compilation failure: Compilation failure: 
[ERROR] /workspace/source/src/main/java/com/agiletec/plugins/jacms/aps/******/services/contentmodel/dictionary/ContentModelDictionaryProvider.java:[7,69] package org.entando.entando.aps.******.services.dataobjectmodel.model does not exist
[ERROR] /workspace/source/src/main/java/com/agiletec/plugins/jacms/aps/******/services/contentmodel/dictionary/ContentModelDictionaryProvider.java:[59,12] cannot find symbol
[ERROR]   symbol:   class IEntityModelDictionary
[ERROR]   location: class com.agiletec.plugins.jacms.aps.******.services.contentmodel.dictionary.ContentModelDictionaryProvider
[ERROR] /workspace/source/src/main/java/com/agiletec/plugins/jacms/aps/******/services/contentmodel/dictionary/ContentModelDictionaryProvider.java:[63,12] cannot find symbol
[ERROR]   symbol:   class IEntityModelDictionary
[ERROR]   location: class com.agiletec.plugins.jacms.aps.******.services.contentmodel.dictionary.ContentModelDictionaryProvider
[ERROR] /workspace/source/src/main/java/org/entando/entando/plugins/jacms/web/contentmodel/ContentModelResourceController.java:[21,69] package org.entando.entando.aps.******.services.dataobjectmodel.model does not exist
[ERROR] /workspace/source/src/main/java/org/entando/entando/plugins/jacms/web/contentmodel/ContentModelResource.java:[23,69] package org.entando.entando.aps.******.services.dataobjectmodel.model does not exist
[ERROR] /workspace/source/src/main/java/org/entando/entando/plugins/jacms/aps/******/services/ContentModelService.java:[19,69] package org.entando.entando.aps.******.services.dataobjectmodel.model does not exist
[ERROR] /workspace/source/src/main/java/org/entando/entando/plugins/jacms/web/contentmodel/ContentModelResourceController.java:[168,46] cannot find symbol
[ERROR]   symbol:   class IEntityModelDictionary
[ERROR]   location: class org.entando.entando.plugins.jacms.web.contentmodel.ContentModelResourceController
[ERROR] /workspace/source/src/main/java/org/entando/entando/plugins/jacms/aps/******/services/ContentModelService.java:[34,5] cannot find symbol
[ERROR]   symbol:   class IEntityModelDictionary
[ERROR]   location: interface org.entando.entando.plugins.jacms.aps.******.services.ContentModelService
[ERROR] /workspace/source/src/main/java/org/entando/entando/plugins/jacms/web/contentmodel/ContentModelResource.java:[99,39] cannot find symbol
[ERROR]   symbol:   class IEntityModelDictionary
[ERROR]   location: interface org.entando.entando.plugins.jacms.web.contentmodel.ContentModelResource
[ERROR] /workspace/source/src/main/java/com/agiletec/plugins/jacms/aps/******/services/contentmodel/dictionary/ContentModelDictionary.java:[7,74] package org.entando.entando.aps.******.services.dataobjectmodel.dictionary does not exist
[ERROR] /workspace/source/src/main/java/com/agiletec/plugins/jacms/aps/******/services/contentmodel/dictionary/ContentModelDictionary.java:[12,45] cannot find symbol
[ERROR]   symbol: class DataModelDictionary
[ERROR] /workspace/source/src/main/java/org/entando/entando/plugins/jacms/aps/******/services/ContentModelServiceImpl.java:[36,69] package org.entando.entando.aps.******.services.dataobjectmodel.model does not exist
[ERROR] /workspace/source/src/main/java/org/entando/entando/plugins/jacms/aps/******/services/ContentModelServiceImpl.java:[323,12] cannot find symbol
[ERROR]   symbol:   class IEntityModelDictionary
[ERROR]   location: class org.entando.entando.plugins.jacms.aps.******.services.ContentModelServiceImpl
[ERROR] -> [Help 1]
[ERROR] 
[ERROR] To see the full stack trace of the errors, re-run Maven with the -e switch.
[ERROR] Re-run Maven using the -X switch to enable full debug logging.
[ERROR] 
[ERROR] For more information about the errors and possible solutions, please read the following articles:
[ERROR] [Help 1] http://cwiki.apache.org/confluence/display/MAVEN/MojoFailureException
Picked up _JAVA_OPTIONS: -XX:+UnlockExperimentalVMOptions -Dsun.zip.disableMemoryMapping=**** -XX:+UseParallelGC -XX:MinHeapFreeRatio=5 -XX:MaxHeapFreeRatio=10 -XX:GCTimeRatio=4 -XX:AdaptiveSizePolicyWeight=90 -Xms10m -Xmx8000m
[INFO] Scanning for projects...
[WARNING] 
[WARNING] Some problems were encountered while building the effective model for org.entando.entando.plugins:entando-plugin-jacms:war:0.0.0-SNAPSHOT-PR-99-1
[WARNING] 'dependencyManagement.dependencies.dependency.(groupId:artifactId:type:classifier)' must be unique: org.springframework:spring-tx:jar -> version (?) vs ${spring.version} @ org.entando:entando-core-parent:6.4.2, /home/jenkins/.mvnrepository/org/entando/entando-core-parent/6.4.2/entando-core-parent-6.4.2.pom, line 625, column 25
[WARNING] 
[WARNING] It is highly recommended to fix these problems because they threaten the stability of your build.
[WARNING] 
[WARNING] For this reason, future Maven versions might no longer support building such malformed projects.
[WARNING] 
[INFO] 
[INFO] ----------< org.entando.entando.plugins:entando-plugin-jacms >----------
[INFO] Building Entando Plugin: CMS 0.0.0-SNAPSHOT-PR-99-1
[INFO] --------------------------------[ war ]---------------------------------
[WARNING] The POM for com.sun.xml.bind:jaxb-impl:jar:2.2.11 is invalid, transitive dependencies (if any) will not be available, enable debug logging for more details
[WARNING] The POM for com.sun.xml.bind:jaxb-core:jar:2.2.11 is invalid, transitive dependencies (if any) will not be available, enable debug logging for more details
[INFO] 
[INFO] --- maven-site-plugin:3.9.0:site (default-site) @ entando-plugin-jacms ---
[INFO] configuring report plugin org.apache.maven.plugins:maven-project-info-reports-plugin:3.0.0
[INFO] 9 reports configured for maven-project-info-reports-plugin:3.0.0: dependency-info, distribution-management, index, ci-management, issue-management, licenses, plugins, scm, summary
[INFO] Rendering site with default locale English (en)
[WARNING] Unable to find a URL to the parent project. The parent menu will NOT be added.
[INFO] Relativizing decoration links with respect to localized project URL: http://www.entando.com/
[INFO] Rendering content with org.apache.maven.skins:maven-default-skin:jar:1.3 skin.
[INFO] Generating "Dependency Information" report --- maven-project-info-reports-plugin:3.0.0:dependency-info
[INFO] Generating "About" report         --- maven-project-info-reports-plugin:3.0.0:index
[INFO] Generating "Issue Management" report --- maven-project-info-reports-plugin:3.0.0:issue-management
[INFO] Generating "Licenses" report      --- maven-project-info-reports-plugin:3.0.0:licenses
[INFO] Generating "Plugins" report       --- maven-project-info-reports-plugin:3.0.0:plugins
[INFO] Generating "Source Code Management" report --- maven-project-info-reports-plugin:3.0.0:scm
[INFO] Generating "Summary" report       --- maven-project-info-reports-plugin:3.0.0:summary
[INFO] ------------------------------------------------------------------------
[INFO] BUILD SUCCESS
[INFO] ------------------------------------------------------------------------
[INFO] Total time:  12.784 s
[INFO] Finished at: 2021-07-02T12:53:57Z
[INFO] ------------------------------------------------------------------------
error: etcdserver: request is too large
No pre-deployment test results found for entando-plugin-jacms-PR-99.
No OWASP dependency check found for entando-plugin-jacms-PR-99.
The following checks failed for entando-plugin-jacms-PR-99:
No pre-deployment test results produced by build
No OWASP dependency check results produced by build
[31m
Pipeline failed on stage 'from-build-pack' : container 'step-build-mvn-verify-pr'. The execution of the pipeline has stopped.[0m
