
Showing logs for build [32mentando-k8s-entando-k8s-operato-bb2r5-1[0m stage [32mfrom-build-pack[0m and container [32mstep-credential-initializer-twslh[0m
{"level":"warn","ts":1617272883.0855324,"logger":"fallback-logger","caller":"logging/config.go:69","msg":"Fetch GitHub commit ID from kodata failed: \"ref: refs/heads/0.8.0-**-support-backwards-incompats\" is not a valid GitHub commit ID"}
{"level":"info","ts":1617272883.3172982,"logger":"fallback-logger","caller":"creds-init/main.go:40","msg":"Credentials initialized."}

Showing logs for build [32mentando-k8s-entando-k8s-operato-bb2r5-1[0m stage [32mfrom-build-pack[0m and container [32mstep-working-dir-initializer-z9dkj[0m
{"level":"warn","ts":1617272892.353513,"logger":"fallback-logger","caller":"logging/config.go:69","msg":"Fetch GitHub commit ID from kodata failed: open /var/run/ko/HEAD: no such file or directory"}
{"level":"info","ts":1617272892.3872166,"logger":"fallback-logger","caller":"bash/main.go:64","msg":"Successfully e**cuted command \"sh -c mkdir -p /workspace/source\"; output "}

Showing logs for build [32mentando-k8s-entando-k8s-operato-bb2r5-1[0m stage [32mfrom-build-pack[0m and container [32mstep-place-tools[0m

Showing logs for build [32mentando-k8s-entando-k8s-operato-bb2r5-1[0m stage [32mfrom-build-pack[0m and container [32mstep-git-source-entando-k8s-entando-k8s-operato-lcwpk[0m
{"level":"warn","ts":1617272906.2071586,"logger":"fallback-logger","caller":"logging/config.go:69","msg":"Fetch GitHub commit ID from kodata failed: \"ref: refs/heads/0.8.0-**-support-backwards-incompats\" is not a valid GitHub commit ID"}
{"level":"info","ts":1617272907.008378,"logger":"fallback-logger","caller":"git/git.go:103","msg":"Successfully cloned https://github.com/entando-k8s/entando-k8s-operator-bundle.git @ master in path /workspace/source"}

Showing logs for build [32mentando-k8s-entando-k8s-operato-bb2r5-1[0m stage [32mfrom-build-pack[0m and container [32mstep-git-merge[0m
Using SHAs from PULL_REFS=master:59c7e9f83da316e390fb0847403fb19fc90e8dcf,8:fcfe4b76e7f1219345d1d90712acbf7e93949379
DEBUG: ran git fetch --unshallow origin fcfe4b76e7f1219345d1d90712acbf7e93949379: 59c7e9f83da316e390fb0847403fb19fc90e8dcf: in 
DEBUG: ran git checkout master in 
DEBUG: ran git reset --hard 59c7e9f83da316e390fb0847403fb19fc90e8dcf in 
DEBUG: ran clean --force -d . in 
DEBUG: ran git merge fcfe4b76e7f1219345d1d90712acbf7e93949379 in 
Merged SHA fcfe4b76e7f1219345d1d90712acbf7e93949379 with commit message 'ENDOC-311 fix some formatting' into base branch master
Merged SHA 30fa043d695ce19c371e08280278291f03d377ff with commit message 'ENDOC-311 update individual CRD descriptions' into base branch master

Showing logs for build [32mentando-k8s-entando-k8s-operato-bb2r5-1[0m stage [32mfrom-build-pack[0m and container [32mstep-build-set-csv-version[0m

Showing logs for build [32mentando-k8s-entando-k8s-operato-bb2r5-1[0m stage [32mfrom-build-pack[0m and container [32mstep-build-container-build[0m
This avoids unwanted kaniko command substitution
Generating tags...
 - entando/entando-k8s-operator-bundle -> docker.io/entando/entando-k8s-operator-bundle:0.0.0-SNAPSHOT-PR-8-1
Checking cache...
 - entando/entando-k8s-operator-bundle: Not found. Building
Building [entando/entando-k8s-operator-bundle]...
Sending build context to Docker daemon  135.2kB
Step 1/18 : FROM scratch
 ---> 
Step 2/18 : LABEL operators.operatorframework.io.bundle.channels.v1 alpha,beta,stable
 ---> Using cache
 ---> 1e6df440f022
Step 3/18 : LABEL operators.operatorframework.io.bundle.manifests.v1 manifests/
 ---> Using cache
 ---> a72b3d3a7acf
Step 4/18 : LABEL operators.operatorframework.io.bundle.mediatype.v1 registry+v1
 ---> Using cache
 ---> bc71fe591299
Step 5/18 : LABEL operators.operatorframework.io.bundle.metadata.v1 metadata/
 ---> Using cache
 ---> 5ea67f194590
Step 6/18 : LABEL operators.operatorframework.io.bundle.package.v1 entando-k8s-operator
 ---> Using cache
 ---> 63071b3ac151
Step 7/18 : LABEL operators.operatorframework.io.metrics.builder operator-sdk-v1.2.0
 ---> Using cache
 ---> 3d652324d90b
Step 8/18 : LABEL operators.operatorframework.io.bundle.channel.default.v1 alpha
 ---> Using cache
 ---> c51a583d4e6b
Step 9/18 : LABEL operators.operatorframework.io.metrics.mediatype.v1 metrics+v1
 ---> Using cache
 ---> 0b44808a0154
Step 10/18 : LABEL operators.operatorframework.io.metrics.project_layout helm.sdk.operatorframework.io/v1
 ---> Using cache
 ---> ea24b0a6d974
Step 11/18 : LABEL operators.operatorframework.io.test.config.v1 tests/scorecard/
 ---> Using cache
 ---> bf7c762630de
Step 12/18 : LABEL operators.operatorframework.io.test.mediatype.v1 scorecard+v1
 ---> Using cache
 ---> 775ebc5291f7
Step 13/18 : LABEL com.redhat.openshift.versions "v4.6"
 ---> Using cache
 ---> ab1dca230e12
Step 14/18 : LABEL com.redhat.delivery.operator.bundle ****
 ---> Using cache
 ---> 94f6be410142
Step 15/18 : LABEL com.redhat.delivery.backport false
 ---> Using cache
 ---> 811d4d272292
Step 16/18 : COPY manifests /manifests/
 ---> 2a1272b91ed3
Step 17/18 : COPY metadata /metadata/
 ---> 7a3643151be8
Step 18/18 : COPY tests/scorecard /tests/scorecard/
 ---> c4b038f424d5
Successfully built c4b038f424d5
The push refers to a repository [docker.io/entando/entando-k8s-operator-bundle]
558f494e722c: Preparing
69a676a995b8: Preparing
dde98f6324e3: Preparing
69a676a995b8: Pushed
dde98f6324e3: Pushed
558f494e722c: Pushed
0.0.0-SNAPSHOT-PR-8-1: digest: sha256:ddc2ae18530cb342d9f76d29afec7aba34ce73560d47ccf9f41db1f6f2adf908 size: 940
There is a new version (1.21.0) of Skaffold available. Download it at https://storage.googleapis.com/skaffold/releases/latest/skaffold-linux-amd64


Showing logs for build [32mentando-k8s-entando-k8s-operato-bb2r5-1[0m stage [32mfrom-build-pack[0m and container [32mstep-build-verify-bundle[0m
time="2021-04-01T10:28:41Z" level=info msg="Unpacking image layers"
time="2021-04-01T10:28:41Z" level=info msg="running /usr/bin/docker pull docker.io/entando/entando-k8s-operator-bundle:0.0.0-SNAPSHOT-PR-8-1"
time="2021-04-01T10:28:43Z" level=info msg="running docker create"
time="2021-04-01T10:28:43Z" level=info msg="running docker cp"
time="2021-04-01T10:28:43Z" level=info msg="running docker rm"
time="2021-04-01T10:28:43Z" level=info msg="Found annotations file" bundle-dir=/tmp/bundle-054697099 container-tool=docker
time="2021-04-01T10:28:43Z" level=info msg="Could not find optional dependencies file" bundle-dir=/tmp/bundle-054697099 container-tool=docker
time="2021-04-01T10:28:43Z" level=info msg="All validation tests have completed successfully"
