
Showing logs for build [32mentando-k8s-entando-k8s-operato-6nnzx-1[0m stage [32mfrom-build-pack[0m and container [32mcredential-initializer[0m
{"level":"info","ts":1621351982.4286654,"caller":"creds-init/main.go:44","msg":"Credentials initialized."}

Showing logs for build [32mentando-k8s-entando-k8s-operato-6nnzx-1[0m stage [32mfrom-build-pack[0m and container [32mworking-dir-initializer[0m

Showing logs for build [32mentando-k8s-entando-k8s-operato-6nnzx-1[0m stage [32mfrom-build-pack[0m and container [32mplace-tools[0m

Showing logs for build [32mentando-k8s-entando-k8s-operato-6nnzx-1[0m stage [32mfrom-build-pack[0m and container [32mstep-git-source-entando-k8s-entando-k8s-operato-6nnzx-7zg8p[0m
{"level":"info","ts":1621352007.1688836,"caller":"git/git.go:105","msg":"Successfully cloned https://github.com/entando-k8s/entando-k8s-operator-common.git @ master in path /workspace/source"}
{"level":"warn","ts":1621352007.1691127,"caller":"git/git.go:152","msg":"Unexpected error: creating symlink: symlink /tekton/home/.ssh /****/.ssh: file exists"}
{"level":"info","ts":1621352007.2686393,"caller":"git/git.go:133","msg":"Successfully initialized and updated submodules in path /workspace/source"}

Showing logs for build [32mentando-k8s-entando-k8s-operato-6nnzx-1[0m stage [32mfrom-build-pack[0m and container [32mstep-setup-builder-home[0m

Showing logs for build [32mentando-k8s-entando-k8s-operato-6nnzx-1[0m stage [32mfrom-build-pack[0m and container [32mstep-git-merge[0m
Using SHAs from PULL_REFS=master:b1c77ebbac670e2c9c2103abec58bbaf89856465,60:ebb74cea50b3612875a4244ba89feea8ddca6297
DEBUG: LC_ALL=C JX_LOG_LEVEL=error git fetch origin --unshallow ebb74cea50b3612875a4244ba89feea8ddca6297: b1c77ebbac670e2c9c2103abec58bbaf89856465:
DEBUG: ran git fetch --unshallow origin ebb74cea50b3612875a4244ba89feea8ddca6297: b1c77ebbac670e2c9c2103abec58bbaf89856465: in 
DEBUG: LC_ALL=C JX_LOG_LEVEL=error git branch
DEBUG: LC_ALL=C JX_LOG_LEVEL=error git checkout master
DEBUG: ran git checkout master in 
DEBUG: LC_ALL=C JX_LOG_LEVEL=error git reset --hard b1c77ebbac670e2c9c2103abec58bbaf89856465
DEBUG: ran git reset --hard b1c77ebbac670e2c9c2103abec58bbaf89856465 in 
DEBUG: LC_ALL=C JX_LOG_LEVEL=error git clean -fd .
DEBUG: ran clean --force -d . in 
DEBUG: JX_LOG_LEVEL=error LC_ALL=C git merge ebb74cea50b3612875a4244ba89feea8ddca6297
DEBUG: ran git merge ebb74cea50b3612875a4244ba89feea8ddca6297 in 
DEBUG: LC_ALL=C JX_LOG_LEVEL=error git log --format=%H%x1f%an%x1f%ae%x1f%cn%x1f%ce%x1f%s%n%b%x1e b1c77ebbac670e2c9c2103abec58bbaf89856465..HEAD
Merged SHA ebb74cea50b3612875a4244ba89feea8ddca6297 with commit message '#ENG-2284 got keycloak-controller to work' into base branch master
Merged SHA b57324b9c49c611bd5c422958fe47629ad5f3efd with commit message '#ENG-2094 extended the Capability functionality' into base branch master
Merged SHA fd3310ac31a6d17748f559afe3635854c2a9c383 with commit message '#ENG-2094 extended the Capability functionality' into base branch master
Merged SHA 29c5f9aba7b2eee2dc1ca6b0a40c7e8896669204 with commit message '#ENG-2284 using CRDNAmeMap to resolve customResourceDefinitions' into base branch master
Merged SHA 169f7ee76345f953dfdc0a75a7d12ae54c3cef43 with commit message '#ENG-2284 initial Capability implementation code' into base branch master
Merged SHA 6c48381b14706d63a6ea76859ed4251a7f3fb7f1 with commit message '#ENG-2284 fixing E2E tests with correct configmap' into base branch master
Merged SHA 7a901a2eedf32cd980f0272236da85fc586ceaaa with commit message '#ENG-2284 fixing E2E tests' into base branch master
Merged SHA 078c20b7b0bef6525e20aebb274041b5918c9486 with commit message '#ENG-2284 checkstyle fi**s' into base branch master
Merged SHA a640c7bb9d4b221ab90cf39888dbdf92ca87500b with commit message '#ENG-2284 sonar fi**s' into base branch master
Merged SHA e65f620d2335bca013cb39de2cc6065ad0caac45 with commit message '#ENG-2284 removed EntandoClusterInfrastructure related logic' into base branch master

Showing logs for build [32mentando-k8s-entando-k8s-operato-6nnzx-1[0m stage [32mfrom-build-pack[0m and container [32mstep-build-set-version[0m
Picked up _JAVA_OPTIONS: -XX:+UnlockExperimentalVMOptions -Dsun.zip.disableMemoryMapping=**** -XX:+UseParallelGC -XX:MinHeapFreeRatio=5 -XX:MaxHeapFreeRatio=10 -XX:GCTimeRatio=4 -XX:AdaptiveSizePolicyWeight=90 -Xms10m -Xmx8000m
[INFO] Scanning for projects...
[WARNING] 
[WARNING] Some problems were encountered while building the effective model for org.entando:entando-k8s-operator-common:jar:6.3.0-SNAPSHOT
[WARNING] 'dependencies.dependency.(groupId:artifactId:type:classifier)' must be unique: org.junit.jupiter:junit-jupiter-params:jar -> version ${junit.version} vs (?) @ line 164, column 21
[WARNING] 
[WARNING] It is highly recommended to fix these problems because they threaten the stability of your build.
[WARNING] 
[WARNING] For this reason, future Maven versions might no longer support building such malformed projects.
[WARNING] 
[INFO] 
[INFO] --------------< org.entando:entando-k8s-operator-common >---------------
[INFO] Building Entando K8S Operator Common Library 6.3.0-SNAPSHOT
[INFO] --------------------------------[ jar ]---------------------------------
[INFO] 
[INFO] --- versions-maven-plugin:2.8.1:set (default-cli) @ entando-k8s-operator-common ---
[INFO] Local aggregation ****: /workspace/source
[INFO] Processing change of org.entando:entando-k8s-operator-common:6.3.0-SNAPSHOT -> 0.0.0-SNAPSHOT-PR-60-1
[INFO] Processing org.entando:entando-k8s-operator-common
[INFO]     Updating project org.entando:entando-k8s-operator-common
[INFO]         from version 6.3.0-SNAPSHOT to 0.0.0-SNAPSHOT-PR-60-1
[INFO] 
[INFO] ------------------------------------------------------------------------
[INFO] BUILD SUCCESS
[INFO] ------------------------------------------------------------------------
[INFO] Total time:  9.882 s
[INFO] Finished at: 2021-05-18T15:33:42Z
[INFO] ------------------------------------------------------------------------

Showing logs for build [32mentando-k8s-entando-k8s-operato-6nnzx-1[0m stage [32mfrom-build-pack[0m and container [32mstep-build-fix-git-for-sonar[0m
Switched to a new branch 'PR-60'
M	pom.xml
Deleted branch master (was ebb74ce).
From https://github.com/entando-k8s/entando-k8s-operator-common
 * [new branch]      master      -> master
 * [new tag]         finalizers  -> finalizers
 * [new tag]         spock-spike -> spock-spike

Showing logs for build [32mentando-k8s-entando-k8s-operato-6nnzx-1[0m stage [32mfrom-build-pack[0m and container [32mstep-build-mvn-verify-pr[0m
Picked up _JAVA_OPTIONS: -XX:+UnlockExperimentalVMOptions -Dsun.zip.disableMemoryMapping=**** -XX:+UseParallelGC -XX:MinHeapFreeRatio=5 -XX:MaxHeapFreeRatio=10 -XX:GCTimeRatio=4 -XX:AdaptiveSizePolicyWeight=90 -Xms10m -Xmx8000m
[INFO] Scanning for projects...
[WARNING] 
[WARNING] Some problems were encountered while building the effective model for org.entando:entando-k8s-operator-common:jar:0.0.0-SNAPSHOT-PR-60-1
[WARNING] 'dependencies.dependency.(groupId:artifactId:type:classifier)' must be unique: org.junit.jupiter:junit-jupiter-params:jar -> version ${junit.version} vs (?) @ line 164, column 21
[WARNING] 
[WARNING] It is highly recommended to fix these problems because they threaten the stability of your build.
[WARNING] 
[WARNING] For this reason, future Maven versions might no longer support building such malformed projects.
[WARNING] 
[INFO] 
[INFO] --------------< org.entando:entando-k8s-operator-common >---------------
[INFO] Building Entando K8S Operator Common Library 0.0.0-SNAPSHOT-PR-60-1
[INFO] --------------------------------[ jar ]---------------------------------
[WARNING] The POM for org.entando:entando-k8s-custom-model:jar:6.3.0-SNAPSHOT is missing, no dependency information available
[INFO] 
[INFO] ------------------------------------------------------------------------
[INFO] Skipping Entando K8S Operator Common Library
[INFO] This project has been banned from the build due to previous failures.
[INFO] ------------------------------------------------------------------------
[INFO] ------------------------------------------------------------------------
[INFO] BUILD FAILURE
[INFO] ------------------------------------------------------------------------
[INFO] Total time:  24.451 s
[INFO] Finished at: 2021-05-18T15:34:13Z
[INFO] ------------------------------------------------------------------------
[ERROR] Failed to e**cute goal on project entando-k8s-operator-common: Could not resolve dependencies for project org.entando:entando-k8s-operator-common:jar:0.0.0-SNAPSHOT-PR-60-1: Could not find artifact org.entando:entando-k8s-custom-model:jar:6.3.0-SNAPSHOT in nexus (http://nexus/repository/maven-group/) -> [Help 1]
[ERROR] 
[ERROR] To see the full stack trace of the errors, re-run Maven with the -e switch.
[ERROR] Re-run Maven using the -X switch to enable full debug logging.
[ERROR] 
[ERROR] For more information about the errors and possible solutions, please read the following articles:
[ERROR] [Help 1] http://cwiki.apache.org/confluence/display/MAVEN/DependencyResolutionException
Picked up _JAVA_OPTIONS: -XX:+UnlockExperimentalVMOptions -Dsun.zip.disableMemoryMapping=**** -XX:+UseParallelGC -XX:MinHeapFreeRatio=5 -XX:MaxHeapFreeRatio=10 -XX:GCTimeRatio=4 -XX:AdaptiveSizePolicyWeight=90 -Xms10m -Xmx8000m
[INFO] Scanning for projects...
[WARNING] 
[WARNING] Some problems were encountered while building the effective model for org.entando:entando-k8s-operator-common:jar:0.0.0-SNAPSHOT-PR-60-1
[WARNING] 'dependencies.dependency.(groupId:artifactId:type:classifier)' must be unique: org.junit.jupiter:junit-jupiter-params:jar -> version ${junit.version} vs (?) @ line 164, column 21
[WARNING] 
[WARNING] It is highly recommended to fix these problems because they threaten the stability of your build.
[WARNING] 
[WARNING] For this reason, future Maven versions might no longer support building such malformed projects.
[WARNING] 
[INFO] 
[INFO] --------------< org.entando:entando-k8s-operator-common >---------------
[INFO] Building Entando K8S Operator Common Library 0.0.0-SNAPSHOT-PR-60-1
[INFO] --------------------------------[ jar ]---------------------------------
[WARNING] The POM for org.entando:entando-k8s-custom-model:jar:6.3.0-SNAPSHOT is missing, no dependency information available
[INFO] ------------------------------------------------------------------------
[INFO] BUILD FAILURE
[INFO] ------------------------------------------------------------------------
[INFO] Total time:  2.702 s
[INFO] Finished at: 2021-05-18T15:34:17Z
[INFO] ------------------------------------------------------------------------
[ERROR] Failed to e**cute goal on project entando-k8s-operator-common: Could not resolve dependencies for project org.entando:entando-k8s-operator-common:jar:0.0.0-SNAPSHOT-PR-60-1: Failure to find org.entando:entando-k8s-custom-model:jar:6.3.0-SNAPSHOT in http://nexus/repository/maven-group/ was cached in the local repository, resolution will not be reattempted until the update interval of nexus has elapsed or updates are forced -> [Help 1]
[ERROR] 
[ERROR] To see the full stack trace of the errors, re-run Maven with the -e switch.
[ERROR] Re-run Maven using the -X switch to enable full debug logging.
[ERROR] 
[ERROR] For more information about the errors and possible solutions, please read the following articles:
[ERROR] [Help 1] http://cwiki.apache.org/confluence/display/MAVEN/DependencyResolutionException
No pre-deployment test results found for entando-k8s-operator-common-PR-60.
No checkstyle results found for entando-k8s-operator-common-PR-60.
The following checks failed for entando-k8s-operator-common-PR-60:
No pre-deployment test results produced by build
No checkstyle results produced by build
[31m
Pipeline failed on stage 'from-build-pack' : container 'step-build-mvn-verify-pr'. The execution of the pipeline has stopped.[0m
