
Showing logs for build [32mentando-k8s-entando-k8s-operato-hzbdk-10[0m stage [32mfrom-build-pack[0m and container [32mcredential-initializer[0m
{"level":"info","ts":1621929218.4449685,"caller":"creds-init/main.go:44","msg":"Credentials initialized."}

Showing logs for build [32mentando-k8s-entando-k8s-operato-hzbdk-10[0m stage [32mfrom-build-pack[0m and container [32mworking-dir-initializer[0m

Showing logs for build [32mentando-k8s-entando-k8s-operato-hzbdk-10[0m stage [32mfrom-build-pack[0m and container [32mplace-tools[0m

Showing logs for build [32mentando-k8s-entando-k8s-operato-hzbdk-10[0m stage [32mfrom-build-pack[0m and container [32mstep-git-source-entando-k8s-entando-k8s-operato-hzbdk-9xlbc[0m
{"level":"info","ts":1621929258.***661,"caller":"git/git.go:105","msg":"Successfully cloned https://github.com/entando-k8s/entando-k8s-operator-common.git @ master in path /workspace/source"}
{"level":"warn","ts":1621929258.***7927,"caller":"git/git.go:152","msg":"Unexpected error: creating symlink: symlink /tekton/home/.ssh /****/.ssh: file exists"}
{"level":"info","ts":1621929258.2899566,"caller":"git/git.go:133","msg":"Successfully initialized and updated submodules in path /workspace/source"}

Showing logs for build [32mentando-k8s-entando-k8s-operato-hzbdk-10[0m stage [32mfrom-build-pack[0m and container [32mstep-setup-builder-home[0m

Showing logs for build [32mentando-k8s-entando-k8s-operato-hzbdk-10[0m stage [32mfrom-build-pack[0m and container [32mstep-git-merge[0m
Using SHAs from PULL_REFS=master:b1c77ebbac670e2c9c2103abec58bbaf89856465,60:8a758905270ee9249a0bbaeaec5accc0ccef6baf
DEBUG: LC_ALL=C JX_LOG_LEVEL=error git fetch origin --unshallow 8a758905270ee9249a0bbaeaec5accc0ccef6baf: b1c77ebbac670e2c9c2103abec58bbaf89856465:
DEBUG: ran git fetch --unshallow origin 8a758905270ee9249a0bbaeaec5accc0ccef6baf: b1c77ebbac670e2c9c2103abec58bbaf89856465: in 
DEBUG: LC_ALL=C JX_LOG_LEVEL=error git branch
DEBUG: LC_ALL=C JX_LOG_LEVEL=error git checkout master
DEBUG: ran git checkout master in 
DEBUG: LC_ALL=C JX_LOG_LEVEL=error git reset --hard b1c77ebbac670e2c9c2103abec58bbaf89856465
DEBUG: ran git reset --hard b1c77ebbac670e2c9c2103abec58bbaf89856465 in 
DEBUG: JX_LOG_LEVEL=error LC_ALL=C git clean -fd .
DEBUG: ran clean --force -d . in 
DEBUG: LC_ALL=C JX_LOG_LEVEL=error git merge 8a758905270ee9249a0bbaeaec5accc0ccef6baf
DEBUG: ran git merge 8a758905270ee9249a0bbaeaec5accc0ccef6baf in 
DEBUG: LC_ALL=C JX_LOG_LEVEL=error git log --format=%H%x1f%an%x1f%ae%x1f%cn%x1f%ce%x1f%s%n%b%x1e b1c77ebbac670e2c9c2103abec58bbaf89856465..HEAD
Merged SHA 8a758905270ee9249a0bbaeaec5accc0ccef6baf with commit message '#ENG-2284 refined the test reports and fi**d the dockerfile' into base branch master
Merged SHA 5fafaba3d9085c8ae205ef2e9dc3fbea3ff87d7d with commit message '#ENG-2284 checkstyle' into base branch master
Merged SHA 17775e5d71612edbe2d4339a89d7394b2f22b2ed with commit message '#ENG-2284 trying new allure test reporting' into base branch master
Merged SHA 4e7113ae72b510843e87f19a0e904161bec19bac with commit message '#ENG-2284 migrated CapabilityProvider semantically to the support level' into base branch master
Merged SHA 9b6d5c202065d177a92e15c115313e7761c34e17 with commit message '#ENG-2284 removed some logic only used in controller-coordinator' into base branch master
Merged SHA a39723cced16737fa39eca07ec43b2cb552198f1 with commit message '#ENG-2284 migrated some common code from keycloak-controller to operator-common' into base branch master
Merged SHA ebb74cea50b3612875a4244ba89feea8ddca6297 with commit message '#ENG-2284 got keycloak-controller to work' into base branch master
Merged SHA b57324b9c49c611bd5c422958fe47629ad5f3efd with commit message '#ENG-2094 extended the Capability functionality' into base branch master
Merged SHA fd3310ac31a6d17748f559afe3635854c2a9c383 with commit message '#ENG-2094 extended the Capability functionality' into base branch master
Merged SHA 29c5f9aba7b2eee2dc1ca6b0a40c7e8896669204 with commit message '#ENG-2284 using CRDNAmeMap to resolve customResourceDefinitions' into base branch master
Merged SHA 169f7ee76345f953dfdc0a75a7d12ae54c3cef43 with commit message '#ENG-2284 initial Capability implementation code' into base branch master
Merged SHA 6c48381b14706d63a6ea76859ed4251a7f3fb7f1 with commit message '#ENG-2284 fixing E2E tests with correct configmap' into base branch master
Merged SHA 7a901a2eedf32cd980f0272236da85fc586ceaaa with commit message '#ENG-2284 fixing E2E tests' into base branch master
Merged SHA 078c20b7b0bef6525e20aebb274041b5918c9486 with commit message '#ENG-2284 checkstyle fi**s' into base branch master
Merged SHA a640c7bb9d4b221ab90cf39888dbdf92ca87500b with commit message '#ENG-2284 sonar fi**s' into base branch master
Merged SHA e65f620d2335bca013cb39de2cc6065ad0caac45 with commit message '#ENG-2284 removed EntandoClusterInfrastructure related logic' into base branch master

Showing logs for build [32mentando-k8s-entando-k8s-operato-hzbdk-10[0m stage [32mfrom-build-pack[0m and container [32mstep-build-set-version[0m
Picked up _JAVA_OPTIONS: -XX:+UnlockExperimentalVMOptions -Dsun.zip.disableMemoryMapping=**** -XX:+UseParallelGC -XX:MinHeapFreeRatio=5 -XX:MaxHeapFreeRatio=10 -XX:GCTimeRatio=4 -XX:AdaptiveSizePolicyWeight=90 -Xms10m -Xmx8000m
[INFO] Scanning for projects...
[WARNING] 
[WARNING] Some problems were encountered while building the effective model for org.entando:entando-k8s-operator-common:jar:6.3.0-SNAPSHOT
[WARNING] 'dependencies.dependency.(groupId:artifactId:type:classifier)' must be unique: org.junit.jupiter:junit-jupiter-params:jar -> version ${junit.version} vs (?) @ line 173, column 21
[WARNING] 
[WARNING] It is highly recommended to fix these problems because they threaten the stability of your build.
[WARNING] 
[WARNING] For this reason, future Maven versions might no longer support building such malformed projects.
[WARNING] 
[INFO] 
[INFO] --------------< org.entando:entando-k8s-operator-common >---------------
[INFO] Building Entando K8S Operator Common Library 6.3.0-SNAPSHOT
[INFO] --------------------------------[ jar ]---------------------------------
[INFO] 
[INFO] --- versions-maven-plugin:2.8.1:set (default-cli) @ entando-k8s-operator-common ---
[INFO] Local aggregation ****: /workspace/source
[INFO] Processing change of org.entando:entando-k8s-operator-common:6.3.0-SNAPSHOT -> 0.0.0-SNAPSHOT-PR-60-10
[INFO] Processing org.entando:entando-k8s-operator-common
[INFO]     Updating project org.entando:entando-k8s-operator-common
[INFO]         from version 6.3.0-SNAPSHOT to 0.0.0-SNAPSHOT-PR-60-10
[INFO] 
[INFO] ------------------------------------------------------------------------
[INFO] BUILD SUCCESS
[INFO] ------------------------------------------------------------------------
[INFO] Total time:  11.424 s
[INFO] Finished at: 2021-05-25T07:54:34Z
[INFO] ------------------------------------------------------------------------

Showing logs for build [32mentando-k8s-entando-k8s-operato-hzbdk-10[0m stage [32mfrom-build-pack[0m and container [32mstep-build-fix-git-for-sonar[0m
Switched to a new branch 'PR-60'
M	pom.xml
Deleted branch master (was 8a75890).
From https://github.com/entando-k8s/entando-k8s-operator-common
 * [new branch]      master      -> master
 * [new tag]         finalizers  -> finalizers
 * [new tag]         spock-spike -> spock-spike

Showing logs for build [32mentando-k8s-entando-k8s-operato-hzbdk-10[0m stage [32mfrom-build-pack[0m and container [32mstep-build-mvn-verify-pr[0m
Picked up _JAVA_OPTIONS: -XX:+UnlockExperimentalVMOptions -Dsun.zip.disableMemoryMapping=**** -XX:+UseParallelGC -XX:MinHeapFreeRatio=5 -XX:MaxHeapFreeRatio=10 -XX:GCTimeRatio=4 -XX:AdaptiveSizePolicyWeight=90 -Xms10m -Xmx8000m
[INFO] Scanning for projects...
[WARNING] 
[WARNING] Some problems were encountered while building the effective model for org.entando:entando-k8s-operator-common:jar:0.0.0-SNAPSHOT-PR-60-10
[WARNING] 'dependencies.dependency.(groupId:artifactId:type:classifier)' must be unique: org.junit.jupiter:junit-jupiter-params:jar -> version ${junit.version} vs (?) @ line 173, column 21
[WARNING] 
[WARNING] It is highly recommended to fix these problems because they threaten the stability of your build.
[WARNING] 
[WARNING] For this reason, future Maven versions might no longer support building such malformed projects.
[WARNING] 
[INFO] 
[INFO] --------------< org.entando:entando-k8s-operator-common >---------------
[INFO] Building Entando K8S Operator Common Library 0.0.0-SNAPSHOT-PR-60-10
[INFO] --------------------------------[ jar ]---------------------------------
[INFO] 
[INFO] --- maven-checkstyle-plugin:3.1.1:check (validate) @ entando-k8s-operator-common ---
[INFO] Starting audit...
[WARN] /workspace/source/src/test/java/org/entando/kubernetes/controller/ProcessBasicDeployableTest.java:120: 'block' child has incorrect indentation level 12, expected level should be one of the following: 16, 20, 24. [Indentation]
[WARN] /workspace/source/src/test/java/org/entando/kubernetes/controller/ProcessBasicDeployableTest.java:122: 'block' child has incorrect indentation level 12, expected level should be one of the following: 16, 20, 24. [Indentation]
[WARN] /workspace/source/src/test/java/org/entando/kubernetes/controller/ProcessBasicDeployableTest.java:123: 'block' child has incorrect indentation level 12, expected level should be one of the following: 16, 20, 24. [Indentation]
[WARN] /workspace/source/src/test/java/org/entando/kubernetes/controller/ProcessBasicDeployableTest.java:124: 'block' child has incorrect indentation level 12, expected level should be one of the following: 16, 20, 24. [Indentation]
[WARN] /workspace/source/src/test/java/org/entando/kubernetes/controller/ProcessBasicDeployableTest.java:128: 'block' child has incorrect indentation level 12, expected level should be one of the following: 16, 20, 24. [Indentation]
[WARN] /workspace/source/src/test/java/org/entando/kubernetes/controller/ProcessBasicDeployableTest.java:130: 'block' child has incorrect indentation level 12, expected level should be one of the following: 16, 20, 24. [Indentation]
[WARN] /workspace/source/src/test/java/org/entando/kubernetes/controller/ProcessBasicDeployableTest.java:134: 'block' child has incorrect indentation level 12, expected level should be one of the following: 16, 20, 24. [Indentation]
[WARN] /workspace/source/src/test/java/org/entando/kubernetes/controller/ProcessBasicDeployableTest.java:138: 'block' child has incorrect indentation level 12, expected level should be one of the following: 16, 20, 24. [Indentation]
[WARN] /workspace/source/src/test/java/org/entando/kubernetes/controller/ProcessBasicDeployableTest.java:143: 'block' child has incorrect indentation level 12, expected level should be one of the following: 16, 20, 24. [Indentation]
[WARN] /workspace/source/src/test/java/org/entando/kubernetes/controller/ProcessBasicDeployableTest.java:149: 'block rcurly' has incorrect indentation level 8, expected level should be one of the following: 12, 16. [Indentation]
[WARN] /workspace/source/src/test/java/org/entando/kubernetes/controller/ProcessBasicDeployableTest.java:176: 'block' child has incorrect indentation level 12, expected level should be one of the following: 16, 20, 24. [Indentation]
[WARN] /workspace/source/src/test/java/org/entando/kubernetes/controller/ProcessBasicDeployableTest.java:177: 'block' child has incorrect indentation level 12, expected level should be one of the following: 16, 20, 24. [Indentation]
[WARN] /workspace/source/src/test/java/org/entando/kubernetes/controller/ProcessBasicDeployableTest.java:178: 'block rcurly' has incorrect indentation level 8, expected level should be one of the following: 12, 16. [Indentation]
[WARN] /workspace/source/src/test/java/org/entando/kubernetes/BasicController.java:20: Wrong lexicographical order for 'org.entando.kubernetes.controller.spi.client.KubernetesClientForControllers' import. Should be before 'org.entando.kubernetes.fluentspi.ControllerFluent'. [CustomImportOrder]
[WARN] /workspace/source/src/test/java/org/entando/kubernetes/BasicController.java:21: Wrong lexicographical order for 'org.entando.kubernetes.controller.spi.command.DeploymentProcessor' import. Should be before 'org.entando.kubernetes.fluentspi.ControllerFluent'. [CustomImportOrder]
[WARN] /workspace/source/src/test/java/org/entando/kubernetes/fluentspi/DeployableFluent.java:35:123: GenericWhitespace '>' should followed by whitespace. [GenericWhitespace]
[WARN] /workspace/source/src/test/java/org/entando/kubernetes/fluentspi/DeployableFluent.java:35:124: WhitespaceAround: '{' is not preceded with whitespace. [WhitespaceAround]
Audit done.
[WARNING] src/test/java/org/entando/kubernetes/controller/ProcessBasicDeployableTest.java:[120] (indentation) Indentation: 'block' child has incorrect indentation level 12, expected level should be one of the following: 16, 20, 24.
[WARNING] src/test/java/org/entando/kubernetes/controller/ProcessBasicDeployableTest.java:[122] (indentation) Indentation: 'block' child has incorrect indentation level 12, expected level should be one of the following: 16, 20, 24.
[WARNING] src/test/java/org/entando/kubernetes/controller/ProcessBasicDeployableTest.java:[123] (indentation) Indentation: 'block' child has incorrect indentation level 12, expected level should be one of the following: 16, 20, 24.
[WARNING] src/test/java/org/entando/kubernetes/controller/ProcessBasicDeployableTest.java:[124] (indentation) Indentation: 'block' child has incorrect indentation level 12, expected level should be one of the following: 16, 20, 24.
[WARNING] src/test/java/org/entando/kubernetes/controller/ProcessBasicDeployableTest.java:[128] (indentation) Indentation: 'block' child has incorrect indentation level 12, expected level should be one of the following: 16, 20, 24.
[WARNING] src/test/java/org/entando/kubernetes/controller/ProcessBasicDeployableTest.java:[130] (indentation) Indentation: 'block' child has incorrect indentation level 12, expected level should be one of the following: 16, 20, 24.
[WARNING] src/test/java/org/entando/kubernetes/controller/ProcessBasicDeployableTest.java:[134] (indentation) Indentation: 'block' child has incorrect indentation level 12, expected level should be one of the following: 16, 20, 24.
[WARNING] src/test/java/org/entando/kubernetes/controller/ProcessBasicDeployableTest.java:[138] (indentation) Indentation: 'block' child has incorrect indentation level 12, expected level should be one of the following: 16, 20, 24.
[WARNING] src/test/java/org/entando/kubernetes/controller/ProcessBasicDeployableTest.java:[143] (indentation) Indentation: 'block' child has incorrect indentation level 12, expected level should be one of the following: 16, 20, 24.
[WARNING] src/test/java/org/entando/kubernetes/controller/ProcessBasicDeployableTest.java:[149] (indentation) Indentation: 'block rcurly' has incorrect indentation level 8, expected level should be one of the following: 12, 16.
[WARNING] src/test/java/org/entando/kubernetes/controller/ProcessBasicDeployableTest.java:[176] (indentation) Indentation: 'block' child has incorrect indentation level 12, expected level should be one of the following: 16, 20, 24.
[WARNING] src/test/java/org/entando/kubernetes/controller/ProcessBasicDeployableTest.java:[177] (indentation) Indentation: 'block' child has incorrect indentation level 12, expected level should be one of the following: 16, 20, 24.
[WARNING] src/test/java/org/entando/kubernetes/controller/ProcessBasicDeployableTest.java:[178] (indentation) Indentation: 'block rcurly' has incorrect indentation level 8, expected level should be one of the following: 12, 16.
[WARNING] src/test/java/org/entando/kubernetes/BasicController.java:[20] (imports) CustomImportOrder: Wrong lexicographical order for 'org.entando.kubernetes.controller.spi.client.KubernetesClientForControllers' import. Should be before 'org.entando.kubernetes.fluentspi.ControllerFluent'.
[WARNING] src/test/java/org/entando/kubernetes/BasicController.java:[21] (imports) CustomImportOrder: Wrong lexicographical order for 'org.entando.kubernetes.controller.spi.command.DeploymentProcessor' import. Should be before 'org.entando.kubernetes.fluentspi.ControllerFluent'.
[WARNING] src/test/java/org/entando/kubernetes/fluentspi/DeployableFluent.java:[35,123] (whitespace) GenericWhitespace: GenericWhitespace '>' should followed by whitespace.
[WARNING] src/test/java/org/entando/kubernetes/fluentspi/DeployableFluent.java:[35,124] (whitespace) WhitespaceAround: WhitespaceAround: '{' is not preceded with whitespace.
[WARNING] checkstyle:check violations detected but failOnViolation set to false
[INFO] You have 17 Checkstyle violations.
[INFO] 
[INFO] --- maven-checkstyle-plugin:3.1.1:checkstyle (validate) @ entando-k8s-operator-common ---
[INFO] Starting audit...
[WARN] /workspace/source/src/test/java/org/entando/kubernetes/controller/ProcessBasicDeployableTest.java:120: 'block' child has incorrect indentation level 12, expected level should be one of the following: 16, 20, 24. [Indentation]
[WARN] /workspace/source/src/test/java/org/entando/kubernetes/controller/ProcessBasicDeployableTest.java:122: 'block' child has incorrect indentation level 12, expected level should be one of the following: 16, 20, 24. [Indentation]
[WARN] /workspace/source/src/test/java/org/entando/kubernetes/controller/ProcessBasicDeployableTest.java:123: 'block' child has incorrect indentation level 12, expected level should be one of the following: 16, 20, 24. [Indentation]
[WARN] /workspace/source/src/test/java/org/entando/kubernetes/controller/ProcessBasicDeployableTest.java:124: 'block' child has incorrect indentation level 12, expected level should be one of the following: 16, 20, 24. [Indentation]
[WARN] /workspace/source/src/test/java/org/entando/kubernetes/controller/ProcessBasicDeployableTest.java:128: 'block' child has incorrect indentation level 12, expected level should be one of the following: 16, 20, 24. [Indentation]
[WARN] /workspace/source/src/test/java/org/entando/kubernetes/controller/ProcessBasicDeployableTest.java:130: 'block' child has incorrect indentation level 12, expected level should be one of the following: 16, 20, 24. [Indentation]
[WARN] /workspace/source/src/test/java/org/entando/kubernetes/controller/ProcessBasicDeployableTest.java:134: 'block' child has incorrect indentation level 12, expected level should be one of the following: 16, 20, 24. [Indentation]
[WARN] /workspace/source/src/test/java/org/entando/kubernetes/controller/ProcessBasicDeployableTest.java:138: 'block' child has incorrect indentation level 12, expected level should be one of the following: 16, 20, 24. [Indentation]
[WARN] /workspace/source/src/test/java/org/entando/kubernetes/controller/ProcessBasicDeployableTest.java:143: 'block' child has incorrect indentation level 12, expected level should be one of the following: 16, 20, 24. [Indentation]
[WARN] /workspace/source/src/test/java/org/entando/kubernetes/controller/ProcessBasicDeployableTest.java:149: 'block rcurly' has incorrect indentation level 8, expected level should be one of the following: 12, 16. [Indentation]
[WARN] /workspace/source/src/test/java/org/entando/kubernetes/controller/ProcessBasicDeployableTest.java:176: 'block' child has incorrect indentation level 12, expected level should be one of the following: 16, 20, 24. [Indentation]
[WARN] /workspace/source/src/test/java/org/entando/kubernetes/controller/ProcessBasicDeployableTest.java:177: 'block' child has incorrect indentation level 12, expected level should be one of the following: 16, 20, 24. [Indentation]
[WARN] /workspace/source/src/test/java/org/entando/kubernetes/controller/ProcessBasicDeployableTest.java:178: 'block rcurly' has incorrect indentation level 8, expected level should be one of the following: 12, 16. [Indentation]
[WARN] /workspace/source/src/test/java/org/entando/kubernetes/BasicController.java:20: Wrong lexicographical order for 'org.entando.kubernetes.controller.spi.client.KubernetesClientForControllers' import. Should be before 'org.entando.kubernetes.fluentspi.ControllerFluent'. [CustomImportOrder]
[WARN] /workspace/source/src/test/java/org/entando/kubernetes/BasicController.java:21: Wrong lexicographical order for 'org.entando.kubernetes.controller.spi.command.DeploymentProcessor' import. Should be before 'org.entando.kubernetes.fluentspi.ControllerFluent'. [CustomImportOrder]
[WARN] /workspace/source/src/test/java/org/entando/kubernetes/fluentspi/DeployableFluent.java:35:123: GenericWhitespace '>' should followed by whitespace. [GenericWhitespace]
[WARN] /workspace/source/src/test/java/org/entando/kubernetes/fluentspi/DeployableFluent.java:35:124: WhitespaceAround: '{' is not preceded with whitespace. [WhitespaceAround]
Audit done.
[INFO] 
[INFO] --- jacoco-maven-plugin:0.8.6:prepare-agent (prepare-agent) @ entando-k8s-operator-common ---
[INFO] argLine set to -javaagent:/home/jenkins/.mvnrepository/org/jacoco/org.jacoco.agent/0.8.6/org.jacoco.agent-0.8.6-runtime.jar=destfile=/workspace/source/target/jacoco.e**c
[INFO] 
[INFO] --- maven-resources-plugin:2.6:resources (default-resources) @ entando-k8s-operator-common ---
[INFO] Using 'UTF-8' encoding to copy filtered resources.
[INFO] Copying 14 resources
[INFO] 
[INFO] --- maven-compiler-plugin:3.8.1:compile (default-compile) @ entando-k8s-operator-common ---
[INFO] Changes detected - recompiling the module!
[INFO] Compiling 143 source files to /workspace/source/target/classes
[INFO] /workspace/source/src/main/java/org/entando/kubernetes/controller/support/client/impl/DefaultSecretClient.java: /workspace/source/src/main/java/org/entando/kubernetes/controller/support/client/impl/DefaultSecretClient.java uses or overrides a deprecated API that is marked for removal.
[INFO] /workspace/source/src/main/java/org/entando/kubernetes/controller/support/client/impl/DefaultSecretClient.java: Recompile with -Xlint:removal for details.
[INFO] 
[INFO] --- maven-resources-plugin:2.6:testResources (default-testResources) @ entando-k8s-operator-common ---
[INFO] Using 'UTF-8' encoding to copy filtered resources.
[INFO] Copying 9 resources
[INFO] 
[INFO] --- maven-compiler-plugin:3.8.1:testCompile (default-testCompile) @ entando-k8s-operator-common ---
[INFO] Changes detected - recompiling the module!
[INFO] Compiling 114 source files to /workspace/source/target/test-classes
[WARNING] /workspace/source/src/test/java/org/entando/kubernetes/controller/support/client/doubles/NamespaceDouble.java:[157,48] unchecked cast
  required: T
  found:    org.entando.kubernetes.model.common.EntandoCustomResource
[WARNING] /workspace/source/src/test/java/org/entando/kubernetes/test/e2etest/AddExampleWithContainerizedDatabaseTest.java:[81,105] unchecked cast
  required: org.entando.kubernetes.model.common.EntandoBaseCustomResource<org.entando.kubernetes.model.plugin.EntandoPluginSpec,org.entando.kubernetes.model.common.EntandoCustomResourceStatus>
  found:    org.entando.kubernetes.model.common.EntandoCustomResource
[INFO] /workspace/source/src/test/java/org/entando/kubernetes/controller/support/client/impl/DefaultSecretClientTest.java: Some input files use or override a deprecated API that is marked for removal.
[INFO] /workspace/source/src/test/java/org/entando/kubernetes/controller/support/client/impl/DefaultSecretClientTest.java: Recompile with -Xlint:removal for details.
[INFO] 
[INFO] --- maven-surefire-plugin:3.0.0-M1:test (default-test) @ entando-k8s-operator-common ---
[INFO] 
[INFO] -------------------------------------------------------
[INFO]  T E S T S
[INFO] -------------------------------------------------------
[INFO] Running org.entando.kubernetes.controller.ProcessBasicDeployableTest
[INFO] Tests run: 3, Failures: 0, Errors: 0, Skipped: 0, Time elapsed: 7.743 s - in org.entando.kubernetes.controller.ProcessBasicDeployableTest
[INFO] 
[INFO] Results:
[INFO] 
[INFO] Tests run: 3, Failures: 0, Errors: 0, Skipped: 0
[INFO] 
[INFO] 
[INFO] --- maven-jar-plugin:3.2.0:jar (default-jar) @ entando-k8s-operator-common ---
[INFO] Building jar: /workspace/source/target/entando-k8s-operator-common-0.0.0-SNAPSHOT-PR-60-10.jar
[INFO] 
[INFO] --- maven-jar-plugin:3.2.0:test-jar (build-test-jar) @ entando-k8s-operator-common ---
[INFO] Building jar: /workspace/source/target/entando-k8s-operator-common-0.0.0-SNAPSHOT-PR-60-10-tests.jar
[INFO] 
[INFO] --- maven-javadoc-plugin:3.2.0:jar (attach-javadocs) @ entando-k8s-operator-common ---
[INFO] Skipping javadoc generation
[INFO] 
[INFO] --- license-maven-plugin:2.0.0:aggregate-download-licenses (download-licenses) @ entando-k8s-operator-common ---
[WARNING] No license information available for: com.sun.org.apache:jaxp-ri:1.4
[WARNING] No license information available for: javax.xml.parsers:jaxp-api:1.4
[WARNING] Unable to retrieve license from URL 'https://glassfish.dev.java.net/nonav/public/CDDL+GPL.html' for dependency 'javax.servlet:javax.servlet-api:3.0.1': Certificate for <glassfish.dev.java.net> doesn't match any of the subject alternative names: [*.java.net]
May 25, 2021 7:55:34 AM org.apache.http.impl.e**cchain.RetryE**c e**cute
INFO: I/O exception (org.apache.http.NoHttpResponseException) caught when processing request to {}->http://www.eclipse.org:80: The target server failed to respond
May 25, 2021 7:55:34 AM org.apache.http.impl.e**cchain.RetryE**c e**cute
INFO: Retrying request to {}->http://www.eclipse.org:80
[WARNING] Unable to retrieve license from URL 'LICENSE.txt' for dependency 'org.awaitility:awaitility:4.0.1': null
May 25, 2021 7:55:40 AM org.apache.http.client.protocol.ResponseProcessCookies processCookies
WARNING: Invalid cookie header: "Set-Cookie: _octo=GH1.1.1523127610.1621929340; Path=/; Domain=github.com; Expires=Wed, 25 May 2022 07:55:40 GMT; Secure; SameSite=Lax". Invalid 'expires' attribute: Wed, 25 May 2022 07:55:40 GMT
May 25, 2021 7:55:40 AM org.apache.http.client.protocol.ResponseProcessCookies processCookies
WARNING: Invalid cookie header: "Set-Cookie: logged_in=no; Path=/; Domain=github.com; Expires=Wed, 25 May 2022 07:55:40 GMT; HttpOnly; Secure; SameSite=Lax". Invalid 'expires' attribute: Wed, 25 May 2022 07:55:40 GMT
May 25, 2021 7:55:40 AM org.apache.http.client.protocol.ResponseProcessCookies processCookies
WARNING: Invalid cookie header: "Set-Cookie: _octo=GH1.1.1961941453.1621929340; Path=/; Domain=github.com; Expires=Wed, 25 May 2022 07:55:40 GMT; Secure; SameSite=Lax". Invalid 'expires' attribute: Wed, 25 May 2022 07:55:40 GMT
May 25, 2021 7:55:40 AM org.apache.http.client.protocol.ResponseProcessCookies processCookies
WARNING: Invalid cookie header: "Set-Cookie: logged_in=no; Path=/; Domain=github.com; Expires=Wed, 25 May 2022 07:55:40 GMT; HttpOnly; Secure; SameSite=Lax". Invalid 'expires' attribute: Wed, 25 May 2022 07:55:40 GMT
May 25, 2021 7:55:40 AM org.apache.http.client.protocol.ResponseProcessCookies processCookies
WARNING: Invalid cookie header: "Set-Cookie: _octo=GH1.1.571606591.1621929340; Path=/; Domain=github.com; Expires=Wed, 25 May 2022 07:55:40 GMT; Secure; SameSite=Lax". Invalid 'expires' attribute: Wed, 25 May 2022 07:55:40 GMT
May 25, 2021 7:55:40 AM org.apache.http.client.protocol.ResponseProcessCookies processCookies
WARNING: Invalid cookie header: "Set-Cookie: logged_in=no; Path=/; Domain=github.com; Expires=Wed, 25 May 2022 07:55:40 GMT; HttpOnly; Secure; SameSite=Lax". Invalid 'expires' attribute: Wed, 25 May 2022 07:55:40 GMT
[WARNING] There were 4 download errors - check the warnings above
[INFO] 
[INFO] --- quarkus-maven-plugin:1.13.2.Final:build (default) @ entando-k8s-operator-common ---
[INFO] [org.jboss.threads] JBoss Threads version 3.2.0.Final
[WARNING] [io.quarkus.deployment.steps.ReflectiveHierarchyStep] Unable to properly register the hierarchy of the following classes for reflection as they are not in the Jandex index:
	- org.entando.kubernetes.model.common.EntandoCustomResourceStatus (source: JacksonProcessor > org.entando.kubernetes.controller.spi.client.SerializedEntandoResource)
Consider adding them to the index either by creating a Jandex index for your dependency via the Maven plugin, an empty META-INF/beans.xml or quarkus.index-dependency properties.
[INFO] [io.quarkus.deployment.QuarkusAugmentor] Quarkus augmentation completed in 2579ms
[INFO] 
[INFO] --- maven-surefire-report-plugin:3.0.0-M4:failsafe-report-only (integration-tests) @ entando-k8s-operator-common ---
[INFO] 
[INFO] --- dependency-check-maven:6.1.5:aggregate (default) @ entando-k8s-operator-common ---
[INFO] Skipping National Vulnerability Database Report
[INFO] 
[INFO] --- jacoco-maven-plugin:0.8.6:report (report) @ entando-k8s-operator-common ---
[INFO] Loading e**cution data file /workspace/source/target/jacoco.e**c
[INFO] Analyzed bundle 'Entando K8S Operator Common Library' with 128 classes
[INFO] 
[INFO] --- maven-surefire-report-plugin:3.0.0-M4:report-only (unit-tests) @ entando-k8s-operator-common ---
[WARNING] Unable to locate Test Source XRef to link to - DISABLED
[INFO] 
[INFO] --- maven-install-plugin:2.4:install (default-install) @ entando-k8s-operator-common ---
[INFO] Installing /workspace/source/target/entando-k8s-operator-common-0.0.0-SNAPSHOT-PR-60-10.jar to /home/jenkins/.mvnrepository/org/entando/entando-k8s-operator-common/0.0.0-SNAPSHOT-PR-60-10/entando-k8s-operator-common-0.0.0-SNAPSHOT-PR-60-10.jar
[INFO] Installing /workspace/source/pom.xml to /home/jenkins/.mvnrepository/org/entando/entando-k8s-operator-common/0.0.0-SNAPSHOT-PR-60-10/entando-k8s-operator-common-0.0.0-SNAPSHOT-PR-60-10.pom
[INFO] Installing /workspace/source/target/entando-k8s-operator-common-0.0.0-SNAPSHOT-PR-60-10-tests.jar to /home/jenkins/.mvnrepository/org/entando/entando-k8s-operator-common/0.0.0-SNAPSHOT-PR-60-10/entando-k8s-operator-common-0.0.0-SNAPSHOT-PR-60-10-tests.jar
[INFO] 
[INFO] --- maven-deploy-plugin:2.8.2:deploy (default-deploy) @ entando-k8s-operator-common ---
[INFO] Using alternate deployment repository local-nexus::default::http://nexus/repository/maven-releases/
[INFO] 
[INFO] --------------< org.entando:entando-k8s-operator-common >---------------
[INFO] Building Entando K8S Operator Common Library 0.0.0-SNAPSHOT-PR-60-10
[INFO] --------------------------------[ jar ]---------------------------------
[INFO] 
[INFO] --- sonar-maven-plugin:3.9.0.2155:sonar (default-cli) @ entando-k8s-operator-common ---
[INFO] User cache: /****/.sonar/cache
[INFO] SonarQube version: 8.8.0
[INFO] Default locale: "en_US", source code encoding: "UTF-8"
[INFO] Load global settings
[INFO] Load global settings (done) | time=192ms
[INFO] Server id: 1BD809FA-AWHW8ct9-T_TB3XqouNu
[INFO] User cache: /****/.sonar/cache
[INFO] Load/download plugins
[INFO] Load plugins index
[INFO] Load plugins index (done) | time=79ms
[INFO] Load/download plugins (done) | time=24021ms
[INFO] Loaded core extensions: developer-scanner
[INFO] JavaScript/TypeScript frontend is enabled
[INFO] Load project settings for component key: 'entando-k8s_entando-k8s-operator-common'
[INFO] Load project settings for component key: 'entando-k8s_entando-k8s-operator-common' (done) | time=27ms
[INFO] Process project properties
[INFO] E**cute project builders
[INFO] E**cute project builders (done) | time=2ms
[INFO] Project key: entando-k8s_entando-k8s-operator-common
[INFO] Base dir: /workspace/source
[INFO] Working dir: /workspace/source/target/sonar
[INFO] Load project branches
[INFO] Load project branches (done) | time=29ms
[INFO] Check ALM binding of project 'entando-k8s_entando-k8s-operator-common'
[INFO] Detected project binding: BOUND
[INFO] Check ALM binding of project 'entando-k8s_entando-k8s-operator-common' (done) | time=22ms
[INFO] Load project pull requests
[INFO] Load project pull requests (done) | time=27ms
[INFO] Load branch configuration
[INFO] Load branch configuration (done) | time=607ms
[INFO] Load quality profiles
[INFO] Load quality profiles (done) | time=74ms
[INFO] Load active rules
[INFO] Load active rules (done) | time=1133ms
[INFO] Organization key: entando-k8s
[INFO] Pull request 60 for merge into master from ENG-2284_removing_cluster_infrastructure
[INFO] SCM collecting changed files in the branch
[WARNING] Exception caught during e**cution of command '[/usr/local/git/bin/git, config, --******, --edit]' in '/usr/local/git/bin', return code '128', error message 'fatal: Invalid path '/usr/local/git/etc': No such file or directory
'
[INFO] SCM collecting changed files in the branch (done) | time=561ms
[INFO] Indexing files...
[INFO] Project configuration:
[INFO] 258 files inde**d
[INFO] 0 files ignored because of scm ignore settings
[INFO] Quality profile for java: Entando Sonar Way Java
[INFO] Quality profile for xml: Sonar way
[INFO] ------------- Run sensors on module Entando K8S Operator Common Library
[INFO] JavaScript/TypeScript frontend is enabled
[INFO] Load metrics repository
[INFO] Load metrics repository (done) | time=25ms
[INFO] Sensor JavaSquidSensor [java]
[INFO] Configured Java source version (sonar.java.source): 11
[INFO] JavaClasspath initialization
[INFO] JavaClasspath initialization (done) | time=10ms
[INFO] JavaTestClasspath initialization
[INFO] JavaTestClasspath initialization (done) | time=2ms
[INFO] Java Main Files AST scan
[INFO] 143 source files to be analyzed
[INFO] 33/143 files analyzed, current file: src/main/java/org/entando/kubernetes/controller/support/client/impl/SupportProducer.java
[INFO] 116/143 files analyzed, current file: src/main/java/org/entando/kubernetes/controller/spi/container/DatabaseSchemaConnectionInfo.java
[INFO] 143/143 source files have been analyzed
[INFO] Slowest analyzed files:
    src/main/java/org/entando/kubernetes/controller/spi/client/SerializedEntandoResource.java (2377ms, 3721B)
[INFO] Java Main Files AST scan (done) | time=22147ms
[INFO] Java Test Files AST scan
[INFO] 114 source files to be analyzed
[INFO] 114/114 source files have been analyzed
[INFO] Java Test Files AST scan (done) | time=8930ms
[INFO] Java Generated Files AST scan
[INFO] 0 source files to be analyzed
[INFO] 0/0 source files have been analyzed
[INFO] Java Generated Files AST scan (done) | time=1ms
[INFO] Sensor JavaSquidSensor [java] (done) | time=31886ms
[INFO] Sensor CSS Rules [cssfamily]
[INFO] No CSS, PHP, HTML or VueJS files are found in the project. CSS analysis is skipped.
[INFO] Sensor CSS Rules [cssfamily] (done) | time=3ms
[INFO] Sensor C# Project Type Information [csharp]
[INFO] Sensor C# Project Type Information [csharp] (done) | time=1ms
[INFO] Sensor C# Properties [csharp]
[INFO] Sensor C# Properties [csharp] (done) | time=1ms
[INFO] Sensor Import of Checkstyle issues [java]
[INFO] Importing /workspace/source/target/checkstyle-result.xml
[INFO] Sensor Import of Checkstyle issues [java] (done) | time=208ms
[INFO] Sensor SurefireSensor [java]
[INFO] parsing [/workspace/source/target/surefire-reports]
[INFO] Sensor SurefireSensor [java] (done) | time=41ms
[INFO] Sensor JavaXmlSensor [java]
[INFO] 1 source file to be analyzed
[INFO] 1/1 source file has been analyzed
[INFO] Sensor JavaXmlSensor [java] (done) | time=224ms
[INFO] Sensor HTML [web]
[INFO] Sensor HTML [web] (done) | time=5ms
[INFO] Sensor XML Sensor [xml]
[INFO] 1 source file to be analyzed
[INFO] 1/1 source file has been analyzed
[INFO] Sensor XML Sensor [xml] (done) | time=167ms
[INFO] Sensor VB.NET Project Type Information [vbnet]
[INFO] Sensor VB.NET Project Type Information [vbnet] (done) | time=2ms
[INFO] Sensor VB.NET Properties [vbnet]
[INFO] Sensor VB.NET Properties [vbnet] (done) | time=1ms
[INFO] Sensor JaCoCo XML Report Importer [jacoco]
[INFO] Importing 1 report(s). Turn your logs in debug mode in order to see the exhaustive list.
[INFO] Sensor JaCoCo XML Report Importer [jacoco] (done) | time=93ms
[INFO] Sensor ThymeLeaf template sensor [securityjavafrontend]
[INFO] Sensor ThymeLeaf template sensor [securityjavafrontend] (done) | time=3ms
[INFO] Sensor JavaSecuritySensor [security]
[INFO] Reading type hierarchy from: /workspace/source/target/sonar/ucfg2/java
[INFO] Read 631 type definitions
[INFO] Reading UCFGs from: /workspace/source/target/sonar/ucfg2/java
[INFO] 07:57:05.290395 Building Runtime Type propagation graph
[INFO] 07:57:05.354129 Running Tarjan on 3641 nodes
[INFO] 07:57:05.368403 Tarjan found 3615 components
[INFO] 07:57:05.382882 Variable type analysis: done
[INFO] 07:57:05.388243 Building Runtime Type propagation graph
[INFO] 07:57:05.418097 Running Tarjan on 3641 nodes
[INFO] 07:57:05.422233 Tarjan found 3615 components
[INFO] 07:57:05.430187 Variable type analysis: done
[INFO] Analyzing 693 ucfgs to detect vulnerabilities.
[INFO] All rules entrypoints : 0 Retained UCFGs : 0
[INFO] rule: S5131, entrypoints: 0
[INFO] rule: S5131 done
[INFO] rule: S3649, entrypoints: 0
[INFO] rule: S3649 done
[INFO] rule: S2076, entrypoints: 0
[INFO] rule: S2076 done
[INFO] rule: S2091, entrypoints: 0
[INFO] rule: S2091 done
[INFO] rule: S2078, entrypoints: 0
[INFO] rule: S2078 done
[INFO] rule: S2631, entrypoints: 0
[INFO] rule: S2631 done
[INFO] rule: S5135, entrypoints: 0
[INFO] rule: S5135 done
[INFO] rule: S2083, entrypoints: 0
[INFO] rule: S2083 done
[INFO] rule: S5167, entrypoints: 0
[INFO] rule: S5167 done
[INFO] rule: S5144, entrypoints: 0
[INFO] rule: S5144 done
[INFO] rule: S5145, entrypoints: 0
[INFO] rule: S5145 done
[INFO] rule: S5146, entrypoints: 0
[INFO] rule: S5146 done
[INFO] rule: S5334, entrypoints: 0
[INFO] rule: S5334 done
[INFO] rule: S6096, entrypoints: 0
[INFO] rule: S6096 done
[INFO] Sensor JavaSecuritySensor [security] (done) | time=2654ms
[INFO] Sensor CSharpSecuritySensor [security]
[INFO] Reading type hierarchy from: /workspace/source/target/ucfg_cs2
[INFO] Read 0 type definitions
[INFO] Reading UCFGs from: /workspace/source/target/ucfg_cs2
[INFO] No UCFGs have been included for analysis.
[INFO] Sensor CSharpSecuritySensor [security] (done) | time=1ms
[INFO] Sensor PhpSecuritySensor [security]
[INFO] Reading type hierarchy from: /workspace/source/target/sonar/ucfg2/php
[INFO] Read 0 type definitions
[INFO] Reading UCFGs from: /workspace/source/target/sonar/ucfg2/php
[INFO] No UCFGs have been included for analysis.
[INFO] Sensor PhpSecuritySensor [security] (done) | time=1ms
[INFO] Sensor PythonSecuritySensor [security]
[INFO] Reading type hierarchy from: /workspace/source/target/sonar/ucfg2/python
[INFO] Read 0 type definitions
[INFO] Reading UCFGs from: /workspace/source/target/sonar/ucfg2/python
[INFO] No UCFGs have been included for analysis.
[INFO] Sensor PythonSecuritySensor [security] (done) | time=1ms
[INFO] Sensor JsSecuritySensor [security]
[INFO] Reading type hierarchy from: /workspace/source/target/sonar/ucfg2/js
[INFO] Read 0 type definitions
[INFO] Reading UCFGs from: /workspace/source/target/sonar/ucfg2/js
[INFO] No UCFGs have been included for analysis.
[INFO] Sensor JsSecuritySensor [security] (done) | time=1ms
[INFO] ------------- Run sensors on project
[INFO] Sensor Zero Coverage Sensor
[INFO] Sensor Zero Coverage Sensor (done) | time=2ms
[INFO] Sensor Java CPD Block Inde**r
[INFO] Sensor Java CPD Block Inde**r (done) | time=186ms
[INFO] SCM Publisher SCM provider for this project is: git
[INFO] SCM Publisher 213 source files to be analyzed
[INFO] SCM Publisher 212/213 source files have been analyzed (done) | time=5779ms
[WARNING] Missing blame information for the following files:
[WARNING]   * pom.xml
[WARNING] This may lead to missing/broken features in SonarCloud
[INFO] CPD E**cutor 55 files had no CPD blocks
[INFO] CPD E**cutor Calculating CPD for 88 files
[INFO] CPD E**cutor CPD calculation finished (done) | time=33ms
[INFO] SCM writing changed lines
[INFO] SCM writing changed lines (done) | time=639ms
[INFO] Analysis report generated in 870ms, dir size=1 MB
[INFO] Analysis report compressed in 473ms, zip size=857 KB
[INFO] Analysis report uploaded in 125ms
[INFO] ANALYSIS SUCCESSFUL, you can find the results at: https://sonarcloud.io/dashboard?id=entando-k8s_entando-k8s-operator-common&pullRequest=60
[INFO] Note that you will be able to access the updated dashboard once the server has processed the submitted analysis report
[INFO] More about the report processing at https://sonarcloud.io/api/ce/task?id=AXmihx9BRLiuqB26qY27
[INFO] Analysis total time: 51.003 s
[INFO] ------------------------------------------------------------------------
[INFO] BUILD SUCCESS
[INFO] ------------------------------------------------------------------------
[INFO] Total time:  02:36 min
[INFO] Finished at: 2021-05-25T07:57:15Z
[INFO] ------------------------------------------------------------------------
Picked up _JAVA_OPTIONS: -XX:+UnlockExperimentalVMOptions -Dsun.zip.disableMemoryMapping=**** -XX:+UseParallelGC -XX:MinHeapFreeRatio=5 -XX:MaxHeapFreeRatio=10 -XX:GCTimeRatio=4 -XX:AdaptiveSizePolicyWeight=90 -Xms10m -Xmx8000m
[INFO] Scanning for projects...
[WARNING] 
[WARNING] Some problems were encountered while building the effective model for org.entando:entando-k8s-operator-common:jar:0.0.0-SNAPSHOT-PR-60-10
[WARNING] 'dependencies.dependency.(groupId:artifactId:type:classifier)' must be unique: org.junit.jupiter:junit-jupiter-params:jar -> version ${junit.version} vs (?) @ line 173, column 21
[WARNING] 
[WARNING] It is highly recommended to fix these problems because they threaten the stability of your build.
[WARNING] 
[WARNING] For this reason, future Maven versions might no longer support building such malformed projects.
[WARNING] 
[INFO] 
[INFO] --------------< org.entando:entando-k8s-operator-common >---------------
[INFO] Building Entando K8S Operator Common Library 0.0.0-SNAPSHOT-PR-60-10
[INFO] --------------------------------[ jar ]---------------------------------
[INFO] 
[INFO] --- maven-site-plugin:3.9.0:site (default-site) @ entando-k8s-operator-common ---
[INFO] configuring report plugin org.apache.maven.plugins:maven-project-info-reports-plugin:3.0.0
[INFO] 9 reports configured for maven-project-info-reports-plugin:3.0.0: dependency-info, distribution-management, index, ci-management, issue-management, licenses, plugins, scm, summary
[INFO] Rendering site with default locale English (en)
[WARNING] Unable to find a URL to the parent project. The parent menu will NOT be added.
[INFO] Relativizing decoration links with respect to localized project URL: https://central.entando.com
[INFO] Rendering content with org.apache.maven.skins:maven-default-skin:jar:1.3 skin.
[INFO] Generating "Dependency Information" report --- maven-project-info-reports-plugin:3.0.0:dependency-info
[INFO] Generating "About" report         --- maven-project-info-reports-plugin:3.0.0:index
[INFO] Generating "Issue Management" report --- maven-project-info-reports-plugin:3.0.0:issue-management
[INFO] Generating "Licenses" report      --- maven-project-info-reports-plugin:3.0.0:licenses
[INFO] Generating "Plugins" report       --- maven-project-info-reports-plugin:3.0.0:plugins
[INFO] Generating "Source Code Management" report --- maven-project-info-reports-plugin:3.0.0:scm
[INFO] Generating "Summary" report       --- maven-project-info-reports-plugin:3.0.0:summary
[INFO] 
[INFO] --- allure-maven:2.10.0:report (default) @ entando-k8s-operator-common ---
[INFO] Allure installation directory /workspace/source/.allure
[INFO] Try to finding out allure 2.13.9
[INFO] Downloading allure commandline...
[INFO] Proxy is not specified.
[INFO] Downloading allure commandline complete
[INFO] Generate Allure report (report) with version 2.13.9
[INFO] Generate Allure report to /workspace/source/target/site/allure-maven-plugin
[INFO] Found results directory /workspace/source/target/allure-results
[INFO] Can't find information about categories.
[INFO] Generate report to /workspace/source/target/site/allure-maven-plugin
Picked up _JAVA_OPTIONS: -XX:+UnlockExperimentalVMOptions -Dsun.zip.disableMemoryMapping=**** -XX:+UseParallelGC -XX:MinHeapFreeRatio=5 -XX:MaxHeapFreeRatio=10 -XX:GCTimeRatio=4 -XX:AdaptiveSizePolicyWeight=90 -Xms10m -Xmx8000m
Report successfully generated to /workspace/source/target/site/allure-maven-plugin
[INFO] Report generated successfully.
[INFO] ------------------------------------------------------------------------
[INFO] BUILD SUCCESS
[INFO] ------------------------------------------------------------------------
[INFO] Total time:  19.390 s
[INFO] Finished at: 2021-05-25T07:57:36Z
[INFO] ------------------------------------------------------------------------
Checkstyle rules were violated for entando-k8s-operator-common-PR-60.
The following checks failed for entando-k8s-operator-common-PR-60:
Checkstyle
[31m
Pipeline failed on stage 'from-build-pack' : container 'step-build-mvn-verify-pr'. The execution of the pipeline has stopped.[0m
