
Showing logs for build [32mentando-k8s-entando-k8s-operato-54c4b-6[0m stage [32mfrom-build-pack[0m and container [32mcredential-initializer[0m
{"level":"info","ts":1621870605.885245,"caller":"creds-init/main.go:44","msg":"Credentials initialized."}

Showing logs for build [32mentando-k8s-entando-k8s-operato-54c4b-6[0m stage [32mfrom-build-pack[0m and container [32mworking-dir-initializer[0m

Showing logs for build [32mentando-k8s-entando-k8s-operato-54c4b-6[0m stage [32mfrom-build-pack[0m and container [32mplace-tools[0m

Showing logs for build [32mentando-k8s-entando-k8s-operato-54c4b-6[0m stage [32mfrom-build-pack[0m and container [32mstep-git-source-entando-k8s-entando-k8s-operato-54c4b-wdvk2[0m
{"level":"info","ts":1621870630.6228,"caller":"git/git.go:105","msg":"Successfully cloned https://github.com/entando-k8s/entando-k8s-operator-common.git @ master in path /workspace/source"}
{"level":"warn","ts":1621870630.622917,"caller":"git/git.go:152","msg":"Unexpected error: creating symlink: symlink /tekton/home/.ssh /****/.ssh: file exists"}
{"level":"info","ts":1621870630.6704092,"caller":"git/git.go:133","msg":"Successfully initialized and updated submodules in path /workspace/source"}

Showing logs for build [32mentando-k8s-entando-k8s-operato-54c4b-6[0m stage [32mfrom-build-pack[0m and container [32mstep-setup-builder-home[0m

Showing logs for build [32mentando-k8s-entando-k8s-operato-54c4b-6[0m stage [32mfrom-build-pack[0m and container [32mstep-git-merge[0m
Using SHAs from PULL_REFS=master:b1c77ebbac670e2c9c2103abec58bbaf89856465,60:17775e5d71612edbe2d4339a89d7394b2f22b2ed
DEBUG: LC_ALL=C JX_LOG_LEVEL=error git fetch origin --unshallow 17775e5d71612edbe2d4339a89d7394b2f22b2ed: b1c77ebbac670e2c9c2103abec58bbaf89856465:
DEBUG: ran git fetch --unshallow origin 17775e5d71612edbe2d4339a89d7394b2f22b2ed: b1c77ebbac670e2c9c2103abec58bbaf89856465: in 
DEBUG: LC_ALL=C JX_LOG_LEVEL=error git branch
DEBUG: LC_ALL=C JX_LOG_LEVEL=error git checkout master
DEBUG: ran git checkout master in 
DEBUG: LC_ALL=C JX_LOG_LEVEL=error git reset --hard b1c77ebbac670e2c9c2103abec58bbaf89856465
DEBUG: ran git reset --hard b1c77ebbac670e2c9c2103abec58bbaf89856465 in 
DEBUG: LC_ALL=C JX_LOG_LEVEL=error git clean -fd .
DEBUG: ran clean --force -d . in 
DEBUG: LC_ALL=C JX_LOG_LEVEL=error git merge 17775e5d71612edbe2d4339a89d7394b2f22b2ed
DEBUG: ran git merge 17775e5d71612edbe2d4339a89d7394b2f22b2ed in 
DEBUG: LC_ALL=C JX_LOG_LEVEL=error git log --format=%H%x1f%an%x1f%ae%x1f%cn%x1f%ce%x1f%s%n%b%x1e b1c77ebbac670e2c9c2103abec58bbaf89856465..HEAD
Merged SHA 17775e5d71612edbe2d4339a89d7394b2f22b2ed with commit message '#ENG-2284 trying new allure test reporting' into base branch master
Merged SHA 4e7113ae72b510843e87f19a0e904161bec19bac with commit message '#ENG-2284 migrated CapabilityProvider semantically to the support level' into base branch master
Merged SHA 9b6d5c202065d177a92e15c115313e7761c34e17 with commit message '#ENG-2284 removed some logic only used in controller-coordinator' into base branch master
Merged SHA a39723cced16737fa39eca07ec43b2cb552198f1 with commit message '#ENG-2284 migrated some common code from keycloak-controller to operator-common' into base branch master
Merged SHA ebb74cea50b3612875a4244ba89feea8ddca6297 with commit message '#ENG-2284 got keycloak-controller to work' into base branch master
Merged SHA b57324b9c49c611bd5c422958fe47629ad5f3efd with commit message '#ENG-2094 extended the Capability functionality' into base branch master
Merged SHA fd3310ac31a6d17748f559afe3635854c2a9c383 with commit message '#ENG-2094 extended the Capability functionality' into base branch master
Merged SHA 29c5f9aba7b2eee2dc1ca6b0a40c7e8896669204 with commit message '#ENG-2284 using CRDNAmeMap to resolve customResourceDefinitions' into base branch master
Merged SHA 169f7ee76345f953dfdc0a75a7d12ae54c3cef43 with commit message '#ENG-2284 initial Capability implementation code' into base branch master
Merged SHA 6c48381b14706d63a6ea76859ed4251a7f3fb7f1 with commit message '#ENG-2284 fixing E2E tests with correct configmap' into base branch master
Merged SHA 7a901a2eedf32cd980f0272236da85fc586ceaaa with commit message '#ENG-2284 fixing E2E tests' into base branch master
Merged SHA 078c20b7b0bef6525e20aebb274041b5918c9486 with commit message '#ENG-2284 checkstyle fi**s' into base branch master
Merged SHA a640c7bb9d4b221ab90cf39888dbdf92ca87500b with commit message '#ENG-2284 sonar fi**s' into base branch master
Merged SHA e65f620d2335bca013cb39de2cc6065ad0caac45 with commit message '#ENG-2284 removed EntandoClusterInfrastructure related logic' into base branch master

Showing logs for build [32mentando-k8s-entando-k8s-operato-54c4b-6[0m stage [32mfrom-build-pack[0m and container [32mstep-build-set-version[0m
Picked up _JAVA_OPTIONS: -XX:+UnlockExperimentalVMOptions -Dsun.zip.disableMemoryMapping=**** -XX:+UseParallelGC -XX:MinHeapFreeRatio=5 -XX:MaxHeapFreeRatio=10 -XX:GCTimeRatio=4 -XX:AdaptiveSizePolicyWeight=90 -Xms10m -Xmx8000m
[INFO] Scanning for projects...
[WARNING] 
[WARNING] Some problems were encountered while building the effective model for org.entando:entando-k8s-operator-common:jar:6.3.0-SNAPSHOT
[WARNING] 'dependencies.dependency.(groupId:artifactId:type:classifier)' must be unique: org.junit.jupiter:junit-jupiter-params:jar -> version ${junit.version} vs (?) @ line 173, column 21
[WARNING] 
[WARNING] It is highly recommended to fix these problems because they threaten the stability of your build.
[WARNING] 
[WARNING] For this reason, future Maven versions might no longer support building such malformed projects.
[WARNING] 
[INFO] 
[INFO] --------------< org.entando:entando-k8s-operator-common >---------------
[INFO] Building Entando K8S Operator Common Library 6.3.0-SNAPSHOT
[INFO] --------------------------------[ jar ]---------------------------------
[INFO] 
[INFO] --- versions-maven-plugin:2.8.1:set (default-cli) @ entando-k8s-operator-common ---
[INFO] Local aggregation ****: /workspace/source
[INFO] Processing change of org.entando:entando-k8s-operator-common:6.3.0-SNAPSHOT -> 0.0.0-SNAPSHOT-PR-60-6
[INFO] Processing org.entando:entando-k8s-operator-common
[INFO]     Updating project org.entando:entando-k8s-operator-common
[INFO]         from version 6.3.0-SNAPSHOT to 0.0.0-SNAPSHOT-PR-60-6
[INFO] 
[INFO] ------------------------------------------------------------------------
[INFO] BUILD SUCCESS
[INFO] ------------------------------------------------------------------------
[INFO] Total time:  8.007 s
[INFO] Finished at: 2021-05-24T15:37:22Z
[INFO] ------------------------------------------------------------------------

Showing logs for build [32mentando-k8s-entando-k8s-operato-54c4b-6[0m stage [32mfrom-build-pack[0m and container [32mstep-build-fix-git-for-sonar[0m
Switched to a new branch 'PR-60'
M	pom.xml
Deleted branch master (was 17775e5).
From https://github.com/entando-k8s/entando-k8s-operator-common
 * [new branch]      master      -> master
 * [new tag]         finalizers  -> finalizers
 * [new tag]         spock-spike -> spock-spike

Showing logs for build [32mentando-k8s-entando-k8s-operato-54c4b-6[0m stage [32mfrom-build-pack[0m and container [32mstep-build-mvn-verify-pr[0m
Picked up _JAVA_OPTIONS: -XX:+UnlockExperimentalVMOptions -Dsun.zip.disableMemoryMapping=**** -XX:+UseParallelGC -XX:MinHeapFreeRatio=5 -XX:MaxHeapFreeRatio=10 -XX:GCTimeRatio=4 -XX:AdaptiveSizePolicyWeight=90 -Xms10m -Xmx8000m
[INFO] Scanning for projects...
[WARNING] 
[WARNING] Some problems were encountered while building the effective model for org.entando:entando-k8s-operator-common:jar:0.0.0-SNAPSHOT-PR-60-6
[WARNING] 'dependencies.dependency.(groupId:artifactId:type:classifier)' must be unique: org.junit.jupiter:junit-jupiter-params:jar -> version ${junit.version} vs (?) @ line 173, column 21
[WARNING] 
[WARNING] It is highly recommended to fix these problems because they threaten the stability of your build.
[WARNING] 
[WARNING] For this reason, future Maven versions might no longer support building such malformed projects.
[WARNING] 
[INFO] 
[INFO] --------------< org.entando:entando-k8s-operator-common >---------------
[INFO] Building Entando K8S Operator Common Library 0.0.0-SNAPSHOT-PR-60-6
[INFO] --------------------------------[ jar ]---------------------------------
[INFO] 
[INFO] --- maven-checkstyle-plugin:3.1.1:check (validate) @ entando-k8s-operator-common ---
[INFO] 
[INFO] ------------------------------------------------------------------------
[INFO] Skipping Entando K8S Operator Common Library
[INFO] This project has been banned from the build due to previous failures.
[INFO] ------------------------------------------------------------------------
[INFO] ------------------------------------------------------------------------
[INFO] BUILD FAILURE
[INFO] ------------------------------------------------------------------------
[INFO] Total time:  16.343 s
[INFO] Finished at: 2021-05-24T15:37:44Z
[INFO] ------------------------------------------------------------------------
[ERROR] Failed to e**cute goal org.apache.maven.plugins:maven-checkstyle-plugin:3.1.1:check (validate) on project entando-k8s-operator-common: Failed during checkstyle e**cution: Unable to find configuration file at location: https://raw.githubusercontent.com/entando-k8s/entando-quarkus-parent/v0.0.0-SNAPSHOT-PR-3-7/checkstyle.xml: Could not find resource 'https://raw.githubusercontent.com/entando-k8s/entando-quarkus-parent/v0.0.0-SNAPSHOT-PR-3-7/checkstyle.xml'. -> [Help 1]
[ERROR] 
[ERROR] To see the full stack trace of the errors, re-run Maven with the -e switch.
[ERROR] Re-run Maven using the -X switch to enable full debug logging.
[ERROR] 
[ERROR] For more information about the errors and possible solutions, please read the following articles:
[ERROR] [Help 1] http://cwiki.apache.org/confluence/display/MAVEN/MojoE**cutionException
Picked up _JAVA_OPTIONS: -XX:+UnlockExperimentalVMOptions -Dsun.zip.disableMemoryMapping=**** -XX:+UseParallelGC -XX:MinHeapFreeRatio=5 -XX:MaxHeapFreeRatio=10 -XX:GCTimeRatio=4 -XX:AdaptiveSizePolicyWeight=90 -Xms10m -Xmx8000m
[INFO] Scanning for projects...
[WARNING] 
[WARNING] Some problems were encountered while building the effective model for org.entando:entando-k8s-operator-common:jar:0.0.0-SNAPSHOT-PR-60-6
[WARNING] 'dependencies.dependency.(groupId:artifactId:type:classifier)' must be unique: org.junit.jupiter:junit-jupiter-params:jar -> version ${junit.version} vs (?) @ line 173, column 21
[WARNING] 
[WARNING] It is highly recommended to fix these problems because they threaten the stability of your build.
[WARNING] 
[WARNING] For this reason, future Maven versions might no longer support building such malformed projects.
[WARNING] 
[INFO] 
[INFO] --------------< org.entando:entando-k8s-operator-common >---------------
[INFO] Building Entando K8S Operator Common Library 0.0.0-SNAPSHOT-PR-60-6
[INFO] --------------------------------[ jar ]---------------------------------
[INFO] 
[INFO] --- maven-site-plugin:3.9.0:site (default-site) @ entando-k8s-operator-common ---
[INFO] configuring report plugin org.apache.maven.plugins:maven-project-info-reports-plugin:3.0.0
[INFO] 9 reports configured for maven-project-info-reports-plugin:3.0.0: dependency-info, distribution-management, index, ci-management, issue-management, licenses, plugins, scm, summary
[INFO] Rendering site with default locale English (en)
[WARNING] Unable to find a URL to the parent project. The parent menu will NOT be added.
[INFO] Relativizing decoration links with respect to localized project URL: https://central.entando.com
[INFO] Rendering content with org.apache.maven.skins:maven-default-skin:jar:1.3 skin.
[INFO] Generating "Dependency Information" report --- maven-project-info-reports-plugin:3.0.0:dependency-info
[INFO] Generating "About" report         --- maven-project-info-reports-plugin:3.0.0:index
[INFO] Generating "Issue Management" report --- maven-project-info-reports-plugin:3.0.0:issue-management
[INFO] Generating "Licenses" report      --- maven-project-info-reports-plugin:3.0.0:licenses
[INFO] Generating "Plugins" report       --- maven-project-info-reports-plugin:3.0.0:plugins
[INFO] Generating "Source Code Management" report --- maven-project-info-reports-plugin:3.0.0:scm
[INFO] Generating "Summary" report       --- maven-project-info-reports-plugin:3.0.0:summary
[INFO] 
[INFO] --- allure-maven:2.10.0:report (default) @ entando-k8s-operator-common ---
[INFO] Allure installation directory /workspace/source/.allure
[INFO] Try to finding out allure 2.13.9
[INFO] Downloading allure commandline...
[INFO] Proxy is not specified.
[INFO] Downloading allure commandline complete
[INFO] Generate Allure report (report) with version 2.13.9
[INFO] Generate Allure report to /workspace/source/target/site/allure-maven-plugin
[ERROR] Directory /workspace/source/target/allure-results not found.
[WARNING] Allure report was skipped because there is no results directories found.
[INFO] ------------------------------------------------------------------------
[INFO] BUILD SUCCESS
[INFO] ------------------------------------------------------------------------
[INFO] Total time:  29.324 s
[INFO] Finished at: 2021-05-24T15:38:15Z
[INFO] ------------------------------------------------------------------------
No pre-deployment test results found for entando-k8s-operator-common-PR-60.
The following checks failed for entando-k8s-operator-common-PR-60:
No pre-deployment test results produced by build
[31m
Pipeline failed on stage 'from-build-pack' : container 'step-build-mvn-verify-pr'. The execution of the pipeline has stopped.[0m
