
Showing logs for build [32mentando-k8s-entando-k8s-operato-pms5c-9[0m stage [32mfrom-build-pack[0m and container [32mcredential-initializer[0m
{"level":"info","ts":1621872225.8547137,"caller":"creds-init/main.go:44","msg":"Credentials initialized."}

Showing logs for build [32mentando-k8s-entando-k8s-operato-pms5c-9[0m stage [32mfrom-build-pack[0m and container [32mworking-dir-initializer[0m

Showing logs for build [32mentando-k8s-entando-k8s-operato-pms5c-9[0m stage [32mfrom-build-pack[0m and container [32mplace-tools[0m

Showing logs for build [32mentando-k8s-entando-k8s-operato-pms5c-9[0m stage [32mfrom-build-pack[0m and container [32mstep-git-source-entando-k8s-entando-k8s-operato-pms5c-tdbgz[0m
{"level":"info","ts":1621872249.6940398,"caller":"git/git.go:105","msg":"Successfully cloned https://github.com/entando-k8s/entando-k8s-operator-common.git @ master in path /workspace/source"}
{"level":"warn","ts":1621872249.6942115,"caller":"git/git.go:152","msg":"Unexpected error: creating symlink: symlink /tekton/home/.ssh /****/.ssh: file exists"}
{"level":"info","ts":1621872249.738192,"caller":"git/git.go:133","msg":"Successfully initialized and updated submodules in path /workspace/source"}

Showing logs for build [32mentando-k8s-entando-k8s-operato-pms5c-9[0m stage [32mfrom-build-pack[0m and container [32mstep-setup-builder-home[0m

Showing logs for build [32mentando-k8s-entando-k8s-operato-pms5c-9[0m stage [32mfrom-build-pack[0m and container [32mstep-git-merge[0m
Using SHAs from PULL_REFS=master:b1c77ebbac670e2c9c2103abec58bbaf89856465,60:5fafaba3d9085c8ae205ef2e9dc3fbea3ff87d7d
DEBUG: LC_ALL=C JX_LOG_LEVEL=error git fetch origin --unshallow 5fafaba3d9085c8ae205ef2e9dc3fbea3ff87d7d: b1c77ebbac670e2c9c2103abec58bbaf89856465:
DEBUG: ran git fetch --unshallow origin 5fafaba3d9085c8ae205ef2e9dc3fbea3ff87d7d: b1c77ebbac670e2c9c2103abec58bbaf89856465: in 
DEBUG: LC_ALL=C JX_LOG_LEVEL=error git branch
DEBUG: LC_ALL=C JX_LOG_LEVEL=error git checkout master
DEBUG: ran git checkout master in 
DEBUG: LC_ALL=C JX_LOG_LEVEL=error git reset --hard b1c77ebbac670e2c9c2103abec58bbaf89856465
DEBUG: ran git reset --hard b1c77ebbac670e2c9c2103abec58bbaf89856465 in 
DEBUG: JX_LOG_LEVEL=error LC_ALL=C git clean -fd .
DEBUG: ran clean --force -d . in 
DEBUG: LC_ALL=C JX_LOG_LEVEL=error git merge 5fafaba3d9085c8ae205ef2e9dc3fbea3ff87d7d
DEBUG: ran git merge 5fafaba3d9085c8ae205ef2e9dc3fbea3ff87d7d in 
DEBUG: LC_ALL=C JX_LOG_LEVEL=error git log --format=%H%x1f%an%x1f%ae%x1f%cn%x1f%ce%x1f%s%n%b%x1e b1c77ebbac670e2c9c2103abec58bbaf89856465..HEAD
Merged SHA 5fafaba3d9085c8ae205ef2e9dc3fbea3ff87d7d with commit message '#ENG-2284 checkstyle' into base branch master
Merged SHA 17775e5d71612edbe2d4339a89d7394b2f22b2ed with commit message '#ENG-2284 trying new allure test reporting' into base branch master
Merged SHA 4e7113ae72b510843e87f19a0e904161bec19bac with commit message '#ENG-2284 migrated CapabilityProvider semantically to the support level' into base branch master
Merged SHA 9b6d5c202065d177a92e15c115313e7761c34e17 with commit message '#ENG-2284 removed some logic only used in controller-coordinator' into base branch master
Merged SHA a39723cced16737fa39eca07ec43b2cb552198f1 with commit message '#ENG-2284 migrated some common code from keycloak-controller to operator-common' into base branch master
Merged SHA ebb74cea50b3612875a4244ba89feea8ddca6297 with commit message '#ENG-2284 got keycloak-controller to work' into base branch master
Merged SHA b57324b9c49c611bd5c422958fe47629ad5f3efd with commit message '#ENG-2094 extended the Capability functionality' into base branch master
Merged SHA fd3310ac31a6d17748f559afe3635854c2a9c383 with commit message '#ENG-2094 extended the Capability functionality' into base branch master
Merged SHA 29c5f9aba7b2eee2dc1ca6b0a40c7e8896669204 with commit message '#ENG-2284 using CRDNAmeMap to resolve customResourceDefinitions' into base branch master
Merged SHA 169f7ee76345f953dfdc0a75a7d12ae54c3cef43 with commit message '#ENG-2284 initial Capability implementation code' into base branch master
Merged SHA 6c48381b14706d63a6ea76859ed4251a7f3fb7f1 with commit message '#ENG-2284 fixing E2E tests with correct configmap' into base branch master
Merged SHA 7a901a2eedf32cd980f0272236da85fc586ceaaa with commit message '#ENG-2284 fixing E2E tests' into base branch master
Merged SHA 078c20b7b0bef6525e20aebb274041b5918c9486 with commit message '#ENG-2284 checkstyle fi**s' into base branch master
Merged SHA a640c7bb9d4b221ab90cf39888dbdf92ca87500b with commit message '#ENG-2284 sonar fi**s' into base branch master
Merged SHA e65f620d2335bca013cb39de2cc6065ad0caac45 with commit message '#ENG-2284 removed EntandoClusterInfrastructure related logic' into base branch master

Showing logs for build [32mentando-k8s-entando-k8s-operato-pms5c-9[0m stage [32mfrom-build-pack[0m and container [32mstep-build-set-version[0m
Picked up _JAVA_OPTIONS: -XX:+UnlockExperimentalVMOptions -Dsun.zip.disableMemoryMapping=**** -XX:+UseParallelGC -XX:MinHeapFreeRatio=5 -XX:MaxHeapFreeRatio=10 -XX:GCTimeRatio=4 -XX:AdaptiveSizePolicyWeight=90 -Xms10m -Xmx8000m
[INFO] Scanning for projects...
[WARNING] 
[WARNING] Some problems were encountered while building the effective model for org.entando:entando-k8s-operator-common:jar:6.3.0-SNAPSHOT
[WARNING] 'dependencies.dependency.(groupId:artifactId:type:classifier)' must be unique: org.junit.jupiter:junit-jupiter-params:jar -> version ${junit.version} vs (?) @ line 173, column 21
[WARNING] 
[WARNING] It is highly recommended to fix these problems because they threaten the stability of your build.
[WARNING] 
[WARNING] For this reason, future Maven versions might no longer support building such malformed projects.
[WARNING] 
[INFO] 
[INFO] --------------< org.entando:entando-k8s-operator-common >---------------
[INFO] Building Entando K8S Operator Common Library 6.3.0-SNAPSHOT
[INFO] --------------------------------[ jar ]---------------------------------
[INFO] 
[INFO] --- versions-maven-plugin:2.8.1:set (default-cli) @ entando-k8s-operator-common ---
[INFO] Local aggregation ****: /workspace/source
[INFO] Processing change of org.entando:entando-k8s-operator-common:6.3.0-SNAPSHOT -> 0.0.0-SNAPSHOT-PR-60-9
[INFO] Processing org.entando:entando-k8s-operator-common
[INFO]     Updating project org.entando:entando-k8s-operator-common
[INFO]         from version 6.3.0-SNAPSHOT to 0.0.0-SNAPSHOT-PR-60-9
[INFO] 
[INFO] ------------------------------------------------------------------------
[INFO] BUILD SUCCESS
[INFO] ------------------------------------------------------------------------
[INFO] Total time:  7.944 s
[INFO] Finished at: 2021-05-24T16:04:22Z
[INFO] ------------------------------------------------------------------------

Showing logs for build [32mentando-k8s-entando-k8s-operato-pms5c-9[0m stage [32mfrom-build-pack[0m and container [32mstep-build-fix-git-for-sonar[0m
Switched to a new branch 'PR-60'
M	pom.xml
Deleted branch master (was 5fafaba).
From https://github.com/entando-k8s/entando-k8s-operator-common
 * [new branch]      master      -> master
 * [new tag]         finalizers  -> finalizers
 * [new tag]         spock-spike -> spock-spike

Showing logs for build [32mentando-k8s-entando-k8s-operato-pms5c-9[0m stage [32mfrom-build-pack[0m and container [32mstep-build-mvn-verify-pr[0m
Picked up _JAVA_OPTIONS: -XX:+UnlockExperimentalVMOptions -Dsun.zip.disableMemoryMapping=**** -XX:+UseParallelGC -XX:MinHeapFreeRatio=5 -XX:MaxHeapFreeRatio=10 -XX:GCTimeRatio=4 -XX:AdaptiveSizePolicyWeight=90 -Xms10m -Xmx8000m
[INFO] Scanning for projects...
[WARNING] 
[WARNING] Some problems were encountered while building the effective model for org.entando:entando-k8s-operator-common:jar:0.0.0-SNAPSHOT-PR-60-9
[WARNING] 'dependencies.dependency.(groupId:artifactId:type:classifier)' must be unique: org.junit.jupiter:junit-jupiter-params:jar -> version ${junit.version} vs (?) @ line 173, column 21
[WARNING] 
[WARNING] It is highly recommended to fix these problems because they threaten the stability of your build.
[WARNING] 
[WARNING] For this reason, future Maven versions might no longer support building such malformed projects.
[WARNING] 
[INFO] 
[INFO] --------------< org.entando:entando-k8s-operator-common >---------------
[INFO] Building Entando K8S Operator Common Library 0.0.0-SNAPSHOT-PR-60-9
[INFO] --------------------------------[ jar ]---------------------------------
[INFO] 
[INFO] --- maven-checkstyle-plugin:3.1.1:check (validate) @ entando-k8s-operator-common ---
[INFO] Starting audit...
Audit done.
[INFO] You have 0 Checkstyle violations.
[INFO] 
[INFO] --- maven-checkstyle-plugin:3.1.1:checkstyle (validate) @ entando-k8s-operator-common ---
[INFO] Starting audit...
Audit done.
[INFO] 
[INFO] --- jacoco-maven-plugin:0.8.6:prepare-agent (prepare-agent) @ entando-k8s-operator-common ---
[INFO] argLine set to -javaagent:/home/jenkins/.mvnrepository/org/jacoco/org.jacoco.agent/0.8.6/org.jacoco.agent-0.8.6-runtime.jar=destfile=/workspace/source/target/jacoco.e**c
[INFO] 
[INFO] --- maven-resources-plugin:2.6:resources (default-resources) @ entando-k8s-operator-common ---
[INFO] Using 'UTF-8' encoding to copy filtered resources.
[INFO] Copying 14 resources
[INFO] 
[INFO] --- maven-compiler-plugin:3.8.1:compile (default-compile) @ entando-k8s-operator-common ---
[INFO] Changes detected - recompiling the module!
[INFO] Compiling 143 source files to /workspace/source/target/classes
[INFO] /workspace/source/src/main/java/org/entando/kubernetes/controller/support/client/impl/DefaultSecretClient.java: /workspace/source/src/main/java/org/entando/kubernetes/controller/support/client/impl/DefaultSecretClient.java uses or overrides a deprecated API that is marked for removal.
[INFO] /workspace/source/src/main/java/org/entando/kubernetes/controller/support/client/impl/DefaultSecretClient.java: Recompile with -Xlint:removal for details.
[INFO] 
[INFO] --- maven-resources-plugin:2.6:testResources (default-testResources) @ entando-k8s-operator-common ---
[INFO] Using 'UTF-8' encoding to copy filtered resources.
[INFO] Copying 9 resources
[INFO] 
[INFO] --- maven-compiler-plugin:3.8.1:testCompile (default-testCompile) @ entando-k8s-operator-common ---
[INFO] Changes detected - recompiling the module!
[INFO] Compiling 114 source files to /workspace/source/target/test-classes
[WARNING] /workspace/source/src/test/java/org/entando/kubernetes/controller/support/client/doubles/NamespaceDouble.java:[157,48] unchecked cast
  required: T
  found:    org.entando.kubernetes.model.common.EntandoCustomResource
[WARNING] /workspace/source/src/test/java/org/entando/kubernetes/test/e2etest/AddExampleWithContainerizedDatabaseTest.java:[81,105] unchecked cast
  required: org.entando.kubernetes.model.common.EntandoBaseCustomResource<org.entando.kubernetes.model.plugin.EntandoPluginSpec,org.entando.kubernetes.model.common.EntandoCustomResourceStatus>
  found:    org.entando.kubernetes.model.common.EntandoCustomResource
[INFO] /workspace/source/src/test/java/org/entando/kubernetes/controller/support/client/impl/DefaultSecretClientTest.java: Some input files use or override a deprecated API that is marked for removal.
[INFO] /workspace/source/src/test/java/org/entando/kubernetes/controller/support/client/impl/DefaultSecretClientTest.java: Recompile with -Xlint:removal for details.
[INFO] 
[INFO] --- maven-surefire-plugin:3.0.0-M1:test (default-test) @ entando-k8s-operator-common ---
[INFO] 
[INFO] -------------------------------------------------------
[INFO]  T E S T S
[INFO] -------------------------------------------------------
[INFO] Running org.entando.kubernetes.controller.ProcessBasicDeployableTest
[INFO] Tests run: 2, Failures: 0, Errors: 0, Skipped: 0, Time elapsed: 6.384 s - in org.entando.kubernetes.controller.ProcessBasicDeployableTest
[INFO] 
[INFO] Results:
[INFO] 
[INFO] Tests run: 2, Failures: 0, Errors: 0, Skipped: 0
[INFO] 
[INFO] 
[INFO] --- maven-jar-plugin:3.2.0:jar (default-jar) @ entando-k8s-operator-common ---
[INFO] Building jar: /workspace/source/target/entando-k8s-operator-common-0.0.0-SNAPSHOT-PR-60-9.jar
[INFO] 
[INFO] --- maven-jar-plugin:3.2.0:test-jar (build-test-jar) @ entando-k8s-operator-common ---
[INFO] Building jar: /workspace/source/target/entando-k8s-operator-common-0.0.0-SNAPSHOT-PR-60-9-tests.jar
[INFO] 
[INFO] --- maven-javadoc-plugin:3.2.0:jar (attach-javadocs) @ entando-k8s-operator-common ---
[INFO] Skipping javadoc generation
[INFO] 
[INFO] --- license-maven-plugin:2.0.0:aggregate-download-licenses (download-licenses) @ entando-k8s-operator-common ---
[WARNING] No license information available for: com.sun.org.apache:jaxp-ri:1.4
[WARNING] No license information available for: javax.xml.parsers:jaxp-api:1.4
[WARNING] Unable to retrieve license from URL 'https://glassfish.dev.java.net/nonav/public/CDDL+GPL.html' for dependency 'javax.servlet:javax.servlet-api:3.0.1': Certificate for <glassfish.dev.java.net> doesn't match any of the subject alternative names: [*.java.net]
[WARNING] Unable to retrieve license from URL 'LICENSE.txt' for dependency 'org.awaitility:awaitility:4.0.1': null
May 24, 2021 4:05:16 PM org.apache.http.client.protocol.ResponseProcessCookies processCookies
WARNING: Invalid cookie header: "Set-Cookie: _octo=GH1.1.1622922115.1621872315; Path=/; Domain=github.com; Expires=Tue, 24 May 2022 16:05:15 GMT; Secure; SameSite=Lax". Invalid 'expires' attribute: Tue, 24 May 2022 16:05:15 GMT
May 24, 2021 4:05:16 PM org.apache.http.client.protocol.ResponseProcessCookies processCookies
WARNING: Invalid cookie header: "Set-Cookie: logged_in=no; Path=/; Domain=github.com; Expires=Tue, 24 May 2022 16:05:15 GMT; HttpOnly; Secure; SameSite=Lax". Invalid 'expires' attribute: Tue, 24 May 2022 16:05:15 GMT
May 24, 2021 4:05:16 PM org.apache.http.client.protocol.ResponseProcessCookies processCookies
WARNING: Invalid cookie header: "Set-Cookie: _octo=GH1.1.131336647.1621872316; Path=/; Domain=github.com; Expires=Tue, 24 May 2022 16:05:16 GMT; Secure; SameSite=Lax". Invalid 'expires' attribute: Tue, 24 May 2022 16:05:16 GMT
May 24, 2021 4:05:16 PM org.apache.http.client.protocol.ResponseProcessCookies processCookies
WARNING: Invalid cookie header: "Set-Cookie: logged_in=no; Path=/; Domain=github.com; Expires=Tue, 24 May 2022 16:05:16 GMT; HttpOnly; Secure; SameSite=Lax". Invalid 'expires' attribute: Tue, 24 May 2022 16:05:16 GMT
May 24, 2021 4:05:16 PM org.apache.http.client.protocol.ResponseProcessCookies processCookies
WARNING: Invalid cookie header: "Set-Cookie: _octo=GH1.1.1512068554.1621872316; Path=/; Domain=github.com; Expires=Tue, 24 May 2022 16:05:16 GMT; Secure; SameSite=Lax". Invalid 'expires' attribute: Tue, 24 May 2022 16:05:16 GMT
May 24, 2021 4:05:16 PM org.apache.http.client.protocol.ResponseProcessCookies processCookies
WARNING: Invalid cookie header: "Set-Cookie: logged_in=no; Path=/; Domain=github.com; Expires=Tue, 24 May 2022 16:05:16 GMT; HttpOnly; Secure; SameSite=Lax". Invalid 'expires' attribute: Tue, 24 May 2022 16:05:16 GMT
[WARNING] There were 4 download errors - check the warnings above
[INFO] 
[INFO] --- quarkus-maven-plugin:1.13.2.Final:build (default) @ entando-k8s-operator-common ---
[INFO] [org.jboss.threads] JBoss Threads version 3.2.0.Final
[WARNING] [io.quarkus.deployment.steps.ReflectiveHierarchyStep] Unable to properly register the hierarchy of the following classes for reflection as they are not in the Jandex index:
	- org.entando.kubernetes.model.common.EntandoCustomResourceStatus (source: JacksonProcessor > org.entando.kubernetes.controller.spi.client.SerializedEntandoResource)
Consider adding them to the index either by creating a Jandex index for your dependency via the Maven plugin, an empty META-INF/beans.xml or quarkus.index-dependency properties.
[INFO] [io.quarkus.deployment.QuarkusAugmentor] Quarkus augmentation completed in 1995ms
[INFO] 
[INFO] --- maven-surefire-report-plugin:3.0.0-M4:failsafe-report-only (integration-tests) @ entando-k8s-operator-common ---
[INFO] 
[INFO] --- dependency-check-maven:6.1.5:aggregate (default) @ entando-k8s-operator-common ---
[INFO] Skipping National Vulnerability Database Report
[INFO] 
[INFO] --- jacoco-maven-plugin:0.8.6:report (report) @ entando-k8s-operator-common ---
[INFO] Loading e**cution data file /workspace/source/target/jacoco.e**c
[INFO] Analyzed bundle 'Entando K8S Operator Common Library' with 128 classes
[INFO] 
[INFO] --- maven-surefire-report-plugin:3.0.0-M4:report-only (unit-tests) @ entando-k8s-operator-common ---
[WARNING] Unable to locate Test Source XRef to link to - DISABLED
[INFO] 
[INFO] --- maven-install-plugin:2.4:install (default-install) @ entando-k8s-operator-common ---
[INFO] Installing /workspace/source/target/entando-k8s-operator-common-0.0.0-SNAPSHOT-PR-60-9.jar to /home/jenkins/.mvnrepository/org/entando/entando-k8s-operator-common/0.0.0-SNAPSHOT-PR-60-9/entando-k8s-operator-common-0.0.0-SNAPSHOT-PR-60-9.jar
[INFO] Installing /workspace/source/pom.xml to /home/jenkins/.mvnrepository/org/entando/entando-k8s-operator-common/0.0.0-SNAPSHOT-PR-60-9/entando-k8s-operator-common-0.0.0-SNAPSHOT-PR-60-9.pom
[INFO] Installing /workspace/source/target/entando-k8s-operator-common-0.0.0-SNAPSHOT-PR-60-9-tests.jar to /home/jenkins/.mvnrepository/org/entando/entando-k8s-operator-common/0.0.0-SNAPSHOT-PR-60-9/entando-k8s-operator-common-0.0.0-SNAPSHOT-PR-60-9-tests.jar
[INFO] 
[INFO] --- maven-deploy-plugin:2.8.2:deploy (default-deploy) @ entando-k8s-operator-common ---
[INFO] Using alternate deployment repository local-nexus::default::http://nexus/repository/maven-releases/
[INFO] 
[INFO] --------------< org.entando:entando-k8s-operator-common >---------------
[INFO] Building Entando K8S Operator Common Library 0.0.0-SNAPSHOT-PR-60-9
[INFO] --------------------------------[ jar ]---------------------------------
[INFO] 
[INFO] --- sonar-maven-plugin:3.9.0.2155:sonar (default-cli) @ entando-k8s-operator-common ---
[INFO] User cache: /****/.sonar/cache
[INFO] SonarQube version: 8.8.0
[INFO] Default locale: "en_US", source code encoding: "UTF-8"
[INFO] Load global settings
[INFO] Load global settings (done) | time=187ms
[INFO] Server id: 1BD809FA-AWHW8ct9-T_TB3XqouNu
[INFO] User cache: /****/.sonar/cache
[INFO] Load/download plugins
[INFO] Load plugins index
[INFO] Load plugins index (done) | time=66ms
[INFO] Load/download plugins (done) | time=21819ms
[INFO] Loaded core extensions: developer-scanner
[INFO] JavaScript/TypeScript frontend is enabled
[INFO] Load project settings for component key: 'entando-k8s_entando-k8s-operator-common'
[INFO] Load project settings for component key: 'entando-k8s_entando-k8s-operator-common' (done) | time=33ms
[INFO] Process project properties
[INFO] E**cute project builders
[INFO] E**cute project builders (done) | time=1ms
[INFO] Project key: entando-k8s_entando-k8s-operator-common
[INFO] Base dir: /workspace/source
[INFO] Working dir: /workspace/source/target/sonar
[INFO] Load project branches
[INFO] Load project branches (done) | time=23ms
[INFO] Check ALM binding of project 'entando-k8s_entando-k8s-operator-common'
[INFO] Detected project binding: BOUND
[INFO] Check ALM binding of project 'entando-k8s_entando-k8s-operator-common' (done) | time=22ms
[INFO] Load project pull requests
[INFO] Load project pull requests (done) | time=34ms
[INFO] Load branch configuration
[INFO] Load branch configuration (done) | time=529ms
[INFO] Load quality profiles
[INFO] Load quality profiles (done) | time=68ms
[INFO] Load active rules
[INFO] Load active rules (done) | time=1189ms
[INFO] Organization key: entando-k8s
[INFO] Pull request 60 for merge into master from ENG-2284_removing_cluster_infrastructure
[INFO] SCM collecting changed files in the branch
[WARNING] Exception caught during e**cution of command '[/usr/local/git/bin/git, config, --******, --edit]' in '/usr/local/git/bin', return code '128', error message 'fatal: Invalid path '/usr/local/git/etc': No such file or directory
'
[INFO] SCM collecting changed files in the branch (done) | time=256ms
[INFO] Indexing files...
[INFO] Project configuration:
[INFO] 258 files inde**d
[INFO] 0 files ignored because of scm ignore settings
[INFO] Quality profile for java: Entando Sonar Way Java
[INFO] Quality profile for xml: Sonar way
[INFO] ------------- Run sensors on module Entando K8S Operator Common Library
[INFO] JavaScript/TypeScript frontend is enabled
[INFO] Load metrics repository
[INFO] Load metrics repository (done) | time=26ms
[INFO] Sensor JavaSquidSensor [java]
[INFO] Configured Java source version (sonar.java.source): 11
[INFO] JavaClasspath initialization
[INFO] JavaClasspath initialization (done) | time=8ms
[INFO] JavaTestClasspath initialization
[INFO] JavaTestClasspath initialization (done) | time=2ms
[INFO] Java Main Files AST scan
[INFO] 143 source files to be analyzed
[INFO] 59/143 files analyzed, current file: src/main/java/org/entando/kubernetes/controller/support/command/CreateExternalServiceCommand.java
[INFO] 143/143 source files have been analyzed
[INFO] Java Main Files AST scan (done) | time=17306ms
[INFO] Java Test Files AST scan
[INFO] 114 source files to be analyzed
[INFO] 114/114 source files have been analyzed
[INFO] Java Test Files AST scan (done) | time=7440ms
[INFO] Java Generated Files AST scan
[INFO] 0 source files to be analyzed
[INFO] 0/0 source files have been analyzed
[INFO] Java Generated Files AST scan (done) | time=1ms
[INFO] Sensor JavaSquidSensor [java] (done) | time=25144ms
[INFO] Sensor CSS Rules [cssfamily]
[INFO] No CSS, PHP, HTML or VueJS files are found in the project. CSS analysis is skipped.
[INFO] Sensor CSS Rules [cssfamily] (done) | time=1ms
[INFO] Sensor C# Project Type Information [csharp]
[INFO] Sensor C# Project Type Information [csharp] (done) | time=1ms
[INFO] Sensor C# Properties [csharp]
[INFO] Sensor C# Properties [csharp] (done) | time=1ms
[INFO] Sensor Import of Checkstyle issues [java]
[INFO] Importing /workspace/source/target/checkstyle-result.xml
[INFO] Sensor Import of Checkstyle issues [java] (done) | time=62ms
[INFO] Sensor SurefireSensor [java]
[INFO] parsing [/workspace/source/target/surefire-reports]
[INFO] Sensor SurefireSensor [java] (done) | time=24ms
[INFO] Sensor JavaXmlSensor [java]
[INFO] 1 source file to be analyzed
[INFO] 1/1 source file has been analyzed
[INFO] Sensor JavaXmlSensor [java] (done) | time=202ms
[INFO] Sensor HTML [web]
[INFO] Sensor HTML [web] (done) | time=4ms
[INFO] Sensor XML Sensor [xml]
[INFO] 1 source file to be analyzed
[INFO] 1/1 source file has been analyzed
[INFO] Sensor XML Sensor [xml] (done) | time=140ms
[INFO] Sensor VB.NET Project Type Information [vbnet]
[INFO] Sensor VB.NET Project Type Information [vbnet] (done) | time=1ms
[INFO] Sensor VB.NET Properties [vbnet]
[INFO] Sensor VB.NET Properties [vbnet] (done) | time=1ms
[INFO] Sensor JaCoCo XML Report Importer [jacoco]
[INFO] Importing 1 report(s). Turn your logs in debug mode in order to see the exhaustive list.
[INFO] Sensor JaCoCo XML Report Importer [jacoco] (done) | time=107ms
[INFO] Sensor ThymeLeaf template sensor [securityjavafrontend]
[INFO] Sensor ThymeLeaf template sensor [securityjavafrontend] (done) | time=3ms
[INFO] Sensor JavaSecuritySensor [security]
[INFO] Reading type hierarchy from: /workspace/source/target/sonar/ucfg2/java
[INFO] Read 631 type definitions
[INFO] Reading UCFGs from: /workspace/source/target/sonar/ucfg2/java
[INFO] 16:06:22.89233 Building Runtime Type propagation graph
[INFO] 16:06:22.953997 Running Tarjan on 3641 nodes
[INFO] 16:06:22.966536 Tarjan found 3615 components
[INFO] 16:06:23.21045 Variable type analysis: done
[INFO] 16:06:23.214941 Building Runtime Type propagation graph
[INFO] 16:06:23.246148 Running Tarjan on 3641 nodes
[INFO] 16:06:23.250356 Tarjan found 3615 components
[INFO] 16:06:23.258895 Variable type analysis: done
[INFO] Analyzing 693 ucfgs to detect vulnerabilities.
[INFO] All rules entrypoints : 0 Retained UCFGs : 0
[INFO] rule: S5131, entrypoints: 0
[INFO] rule: S5131 done
[INFO] rule: S3649, entrypoints: 0
[INFO] rule: S3649 done
[INFO] rule: S2076, entrypoints: 0
[INFO] rule: S2076 done
[INFO] rule: S2091, entrypoints: 0
[INFO] rule: S2091 done
[INFO] rule: S2078, entrypoints: 0
[INFO] rule: S2078 done
[INFO] rule: S2631, entrypoints: 0
[INFO] rule: S2631 done
[INFO] rule: S5135, entrypoints: 0
[INFO] rule: S5135 done
[INFO] rule: S2083, entrypoints: 0
[INFO] rule: S2083 done
[INFO] rule: S5167, entrypoints: 0
[INFO] rule: S5167 done
[INFO] rule: S5144, entrypoints: 0
[INFO] rule: S5144 done
[INFO] rule: S5145, entrypoints: 0
[INFO] rule: S5145 done
[INFO] rule: S5146, entrypoints: 0
[INFO] rule: S5146 done
[INFO] rule: S5334, entrypoints: 0
[INFO] rule: S5334 done
[INFO] rule: S6096, entrypoints: 0
[INFO] rule: S6096 done
[INFO] Sensor JavaSecuritySensor [security] (done) | time=2414ms
[INFO] Sensor CSharpSecuritySensor [security]
[INFO] Reading type hierarchy from: /workspace/source/target/ucfg_cs2
[INFO] Read 0 type definitions
[INFO] Reading UCFGs from: /workspace/source/target/ucfg_cs2
[INFO] No UCFGs have been included for analysis.
[INFO] Sensor CSharpSecuritySensor [security] (done) | time=1ms
[INFO] Sensor PhpSecuritySensor [security]
[INFO] Reading type hierarchy from: /workspace/source/target/sonar/ucfg2/php
[INFO] Read 0 type definitions
[INFO] Reading UCFGs from: /workspace/source/target/sonar/ucfg2/php
[INFO] No UCFGs have been included for analysis.
[INFO] Sensor PhpSecuritySensor [security] (done) | time=1ms
[INFO] Sensor PythonSecuritySensor [security]
[INFO] Reading type hierarchy from: /workspace/source/target/sonar/ucfg2/python
[INFO] Read 0 type definitions
[INFO] Reading UCFGs from: /workspace/source/target/sonar/ucfg2/python
[INFO] No UCFGs have been included for analysis.
[INFO] Sensor PythonSecuritySensor [security] (done) | time=0ms
[INFO] Sensor JsSecuritySensor [security]
[INFO] Reading type hierarchy from: /workspace/source/target/sonar/ucfg2/js
[INFO] Read 0 type definitions
[INFO] Reading UCFGs from: /workspace/source/target/sonar/ucfg2/js
[INFO] No UCFGs have been included for analysis.
[INFO] Sensor JsSecuritySensor [security] (done) | time=1ms
[INFO] ------------- Run sensors on project
[INFO] Sensor Zero Coverage Sensor
[INFO] Sensor Zero Coverage Sensor (done) | time=2ms
[INFO] Sensor Java CPD Block Inde**r
[INFO] Sensor Java CPD Block Inde**r (done) | time=162ms
[INFO] SCM Publisher SCM provider for this project is: git
[INFO] SCM Publisher 212 source files to be analyzed
[INFO] SCM Publisher 211/212 source files have been analyzed (done) | time=5413ms
[WARNING] Missing blame information for the following files:
[WARNING]   * pom.xml
[WARNING] This may lead to missing/broken features in SonarCloud
[INFO] CPD E**cutor 55 files had no CPD blocks
[INFO] CPD E**cutor Calculating CPD for 88 files
[INFO] CPD E**cutor CPD calculation finished (done) | time=45ms
[INFO] SCM writing changed lines
[WARNING] File '/workspace/source/src/main/java/org/entando/kubernetes/controller/support/common/EntandoOperatorConfig.java' was detected as changed but without having changed lines
[INFO] SCM writing changed lines (done) | time=592ms
[INFO] Analysis report generated in 830ms, dir size=1 MB
[INFO] Analysis report compressed in 426ms, zip size=850 KB
[INFO] Analysis report uploaded in 220ms
[INFO] ANALYSIS SUCCESSFUL, you can find the results at: https://sonarcloud.io/dashboard?id=entando-k8s_entando-k8s-operator-common&pullRequest=60
[INFO] Note that you will be able to access the updated dashboard once the server has processed the submitted analysis report
[INFO] More about the report processing at https://sonarcloud.io/api/ce/task?id=AXmfILbneP-nodV5zyXf
[INFO] Analysis total time: 40.842 s
[INFO] ------------------------------------------------------------------------
[INFO] BUILD SUCCESS
[INFO] ------------------------------------------------------------------------
[INFO] Total time:  02:04 min
[INFO] Finished at: 2021-05-24T16:06:32Z
[INFO] ------------------------------------------------------------------------
Picked up _JAVA_OPTIONS: -XX:+UnlockExperimentalVMOptions -Dsun.zip.disableMemoryMapping=**** -XX:+UseParallelGC -XX:MinHeapFreeRatio=5 -XX:MaxHeapFreeRatio=10 -XX:GCTimeRatio=4 -XX:AdaptiveSizePolicyWeight=90 -Xms10m -Xmx8000m
[INFO] Scanning for projects...
[WARNING] 
[WARNING] Some problems were encountered while building the effective model for org.entando:entando-k8s-operator-common:jar:0.0.0-SNAPSHOT-PR-60-9
[WARNING] 'dependencies.dependency.(groupId:artifactId:type:classifier)' must be unique: org.junit.jupiter:junit-jupiter-params:jar -> version ${junit.version} vs (?) @ line 173, column 21
[WARNING] 
[WARNING] It is highly recommended to fix these problems because they threaten the stability of your build.
[WARNING] 
[WARNING] For this reason, future Maven versions might no longer support building such malformed projects.
[WARNING] 
[INFO] 
[INFO] --------------< org.entando:entando-k8s-operator-common >---------------
[INFO] Building Entando K8S Operator Common Library 0.0.0-SNAPSHOT-PR-60-9
[INFO] --------------------------------[ jar ]---------------------------------
[INFO] 
[INFO] --- maven-site-plugin:3.9.0:site (default-site) @ entando-k8s-operator-common ---
[INFO] configuring report plugin org.apache.maven.plugins:maven-project-info-reports-plugin:3.0.0
[INFO] 9 reports configured for maven-project-info-reports-plugin:3.0.0: dependency-info, distribution-management, index, ci-management, issue-management, licenses, plugins, scm, summary
[INFO] Rendering site with default locale English (en)
[WARNING] Unable to find a URL to the parent project. The parent menu will NOT be added.
[INFO] Relativizing decoration links with respect to localized project URL: https://central.entando.com
[INFO] Rendering content with org.apache.maven.skins:maven-default-skin:jar:1.3 skin.
[INFO] Generating "Dependency Information" report --- maven-project-info-reports-plugin:3.0.0:dependency-info
[INFO] Generating "About" report         --- maven-project-info-reports-plugin:3.0.0:index
[INFO] Generating "Issue Management" report --- maven-project-info-reports-plugin:3.0.0:issue-management
[INFO] Generating "Licenses" report      --- maven-project-info-reports-plugin:3.0.0:licenses
[INFO] Generating "Plugins" report       --- maven-project-info-reports-plugin:3.0.0:plugins
[INFO] Generating "Source Code Management" report --- maven-project-info-reports-plugin:3.0.0:scm
[INFO] Generating "Summary" report       --- maven-project-info-reports-plugin:3.0.0:summary
[INFO] 
[INFO] --- allure-maven:2.10.0:report (default) @ entando-k8s-operator-common ---
[INFO] Allure installation directory /workspace/source/.allure
[INFO] Try to finding out allure 2.13.9
[INFO] Downloading allure commandline...
[INFO] Proxy is not specified.
[INFO] Downloading allure commandline complete
[INFO] Generate Allure report (report) with version 2.13.9
[INFO] Generate Allure report to /workspace/source/target/site/allure-maven-plugin
[INFO] Found results directory /workspace/source/target/allure-results
[INFO] Can't find information about categories.
[INFO] Generate report to /workspace/source/target/site/allure-maven-plugin
Picked up _JAVA_OPTIONS: -XX:+UnlockExperimentalVMOptions -Dsun.zip.disableMemoryMapping=**** -XX:+UseParallelGC -XX:MinHeapFreeRatio=5 -XX:MaxHeapFreeRatio=10 -XX:GCTimeRatio=4 -XX:AdaptiveSizePolicyWeight=90 -Xms10m -Xmx8000m
Report successfully generated to /workspace/source/target/site/allure-maven-plugin
[INFO] Report generated successfully.
[INFO] ------------------------------------------------------------------------
[INFO] BUILD SUCCESS
[INFO] ------------------------------------------------------------------------
[INFO] Total time:  18.312 s
[INFO] Finished at: 2021-05-24T16:06:52Z
[INFO] ------------------------------------------------------------------------
Congratulations! No build failures found for entando-k8s-operator-common-PR-60.

Showing logs for build [32mentando-k8s-entando-k8s-operato-pms5c-9[0m stage [32mfrom-build-pack[0m and container [32mstep-build-container-build[0m
Generating tags...
 - entando/entando-k8s-operator-common -> *********/entando/entando-k8s-operator-common:0.0.0-SNAPSHOT-PR-60-9
Checking cache...
 - entando/entando-k8s-operator-common: Not found. Building
Building [entando/entando-k8s-operator-common]...
Sending build context to Docker daemon  538.6kBSending build context to Docker daemon  17.51MBSending build context to Docker daemon  36.16MBSending build context to Docker daemon  40.03MB
Step 1/6 : FROM entando/entando-ubi8-java11-base:6.3.6
Trying to pull repository *********/entando/entando-ubi8-java11-base ... 
6.3.6: Pulling from *********/entando/entando-ubi8-java11-base
8f403cb21126: Pulling fs layer
65c0f2178ac8: Pulling fs layer
8e8c2dc6e31b: Pulling fs layer
65c0f2178ac8: Verifying Checksum
65c0f2178ac8: Download complete
8f403cb21126: Verifying Checksum
8f403cb21126: Download complete
8f403cb21126: Pull complete
65c0f2178ac8: Pull complete
8e8c2dc6e31b: Verifying Checksum
8e8c2dc6e31b: Download complete
8e8c2dc6e31b: Pull complete
Digest: sha256:b16315244c7a91d0cedad2ca66ced56ce7a7ff3487311ab94cb13a51afb921cd
Status: Downloaded newer image for *********/entando/entando-ubi8-java11-base:6.3.6
 ---> 6f6f451f19ce
Step 2/6 : ARG VERSION
 ---> Running in 8aef49e82eab
 ---> c24df3221adc
Step 3/6 : LABEL name "Entando K8S Oerator Common" vendor "Entando" version "v${VERSION}" release "6" summary "This Docker image contains all the common libraries used by Entando controllers." description "This Docker image contains all the common libraries used by Entando controllers."
 ---> Running in 66b1caf586c4
 ---> 093a372bc510
Step 4/6 : COPY target/generated-resources/licenses /licenses
 ---> ade1e6cf468f
Step 5/6 : COPY --chown=1001 target/quarkus-app/lib /deployments/lib
time="2021-05-24T16:08:08Z" level=fatal msg="build failed: build failed: building [entando/entando-k8s-operator-common]: build artifact: unable to stream build output: Unknown flag: chown"
[31m
Pipeline failed on stage 'from-build-pack' : container 'step-build-container-build'. The execution of the pipeline has stopped.[0m
