
Showing logs for build [32mentando-k8s-entando-k8s-operato-l4pdp-2[0m stage [32mfrom-build-pack[0m and container [32mstep-credential-initializer-2s6kd[0m
{"level":"warn","ts":1617018791.342386,"logger":"fallback-logger","caller":"logging/config.go:69","msg":"Fetch GitHub commit ID from kodata failed: \"ref: refs/heads/0.8.0-**-support-backwards-incompats\" is not a valid GitHub commit ID"}
{"level":"info","ts":1617018791.3488483,"logger":"fallback-logger","caller":"creds-init/main.go:40","msg":"Credentials initialized."}

Showing logs for build [32mentando-k8s-entando-k8s-operato-l4pdp-2[0m stage [32mfrom-build-pack[0m and container [32mstep-working-dir-initializer-wp8hv[0m
{"level":"warn","ts":1617018792.980526,"logger":"fallback-logger","caller":"logging/config.go:69","msg":"Fetch GitHub commit ID from kodata failed: open /var/run/ko/HEAD: no such file or directory"}
{"level":"info","ts":1617018793.1335533,"logger":"fallback-logger","caller":"bash/main.go:64","msg":"Successfully e**cuted command \"sh -c mkdir -p /workspace/source\"; output "}

Showing logs for build [32mentando-k8s-entando-k8s-operato-l4pdp-2[0m stage [32mfrom-build-pack[0m and container [32mstep-place-tools[0m

Showing logs for build [32mentando-k8s-entando-k8s-operato-l4pdp-2[0m stage [32mfrom-build-pack[0m and container [32mstep-git-source-entando-k8s-entando-k8s-operato-8fr7j[0m
{"level":"warn","ts":1617018810.224145,"logger":"fallback-logger","caller":"logging/config.go:69","msg":"Fetch GitHub commit ID from kodata failed: \"ref: refs/heads/0.8.0-**-support-backwards-incompats\" is not a valid GitHub commit ID"}
{"level":"info","ts":1617018810.8695402,"logger":"fallback-logger","caller":"git/git.go:103","msg":"Successfully cloned https://github.com/entando-k8s/entando-k8s-operator-bundle.git @ master in path /workspace/source"}

Showing logs for build [32mentando-k8s-entando-k8s-operato-l4pdp-2[0m stage [32mfrom-build-pack[0m and container [32mstep-git-merge[0m
Using SHAs from PULL_REFS=local-dev:dad41bd8ba8493c7415170b556f1675e02aca294,3:405c2363c3f3bf75d874b73d3fe81efdc9eda692
DEBUG: ran git fetch --unshallow origin 405c2363c3f3bf75d874b73d3fe81efdc9eda692: dad41bd8ba8493c7415170b556f1675e02aca294: in 
DEBUG: ran git checkout local-dev in 
DEBUG: ran git reset --hard dad41bd8ba8493c7415170b556f1675e02aca294 in 
DEBUG: ran clean --force -d . in 
DEBUG: ran git merge 405c2363c3f3bf75d874b73d3fe81efdc9eda692 in 
Merged SHA 69ff3740ab82e21797953ffe47b94960a0b53734 with commit message 'Merge commit '405c2363c3f3bf75d874b73d3fe81efdc9eda692' into local-dev' into base branch local-dev
Merged SHA 405c2363c3f3bf75d874b73d3fe81efdc9eda692 with commit message 'Update entando-k8s-operator.v0.3.x.clusterserviceversion.yaml' into base branch local-dev

Showing logs for build [32mentando-k8s-entando-k8s-operato-l4pdp-2[0m stage [32mfrom-build-pack[0m and container [32mstep-build-skaffold-version[0m
v1.0.1

Showing logs for build [32mentando-k8s-entando-k8s-operato-l4pdp-2[0m stage [32mfrom-build-pack[0m and container [32mstep-build-container-build[0m
[36mINFO[0m[0000] No base image, nothing to extract            
[36mINFO[0m[0000] Applying label operators.operatorframework.io.bundle.channels.v1=alpha,beta,stable 
[36mINFO[0m[0000] Applying label operators.operatorframework.io.bundle.manifests.v1=manifests/ 
[36mINFO[0m[0000] Applying label operators.operatorframework.io.bundle.mediatype.v1=registry+v1 
[36mINFO[0m[0000] Applying label operators.operatorframework.io.bundle.metadata.v1=metadata/ 
[36mINFO[0m[0000] Applying label operators.operatorframework.io.bundle.package.v1=entando-k8s-operator 
[36mINFO[0m[0000] Applying label operators.operatorframework.io.metrics.builder=operator-sdk-v1.2.0 
[36mINFO[0m[0000] Applying label operators.operatorframework.io.bundle.channel.default.v1=alpha 
[36mINFO[0m[0000] Applying label operators.operatorframework.io.metrics.mediatype.v1=metrics+v1 
[36mINFO[0m[0000] Applying label operators.operatorframework.io.metrics.project_layout=helm.sdk.operatorframework.io/v1 
[36mINFO[0m[0000] Applying label operators.operatorframework.io.test.config.v1=tests/scorecard/ 
[36mINFO[0m[0000] Applying label operators.operatorframework.io.test.mediatype.v1=scorecard+v1 
[36mINFO[0m[0000] Applying label com.redhat.openshift.versions=v4.6 
[36mINFO[0m[0000] Applying label com.redhat.delivery.operator.bundle=**** 
[36mINFO[0m[0000] Applying label com.redhat.delivery.backport=false 
[36mINFO[0m[0000] Using files from context: [/workspace/source/manifests] 
[36mINFO[0m[0000] Using files from context: [/workspace/source/metadata] 
error building image: error building stage: lstat /workspace/source/tests/scorecard: no such file or directory
[31m
Pipeline failed on stage 'from-build-pack' : container 'step-build-container-build'. The execution of the pipeline has stopped.[0m
