
Showing logs for build [32mentando-k8s-entando-k8s-operato-jjq8s-4[0m stage [32mfrom-build-pack[0m and container [32mstep-credential-initializer-ks7qh[0m
{"level":"warn","ts":1617022306.303877,"logger":"fallback-logger","caller":"logging/config.go:69","msg":"Fetch GitHub commit ID from kodata failed: \"ref: refs/heads/0.8.0-**-support-backwards-incompats\" is not a valid GitHub commit ID"}
{"level":"info","ts":1617022306.3072662,"logger":"fallback-logger","caller":"creds-init/main.go:40","msg":"Credentials initialized."}

Showing logs for build [32mentando-k8s-entando-k8s-operato-jjq8s-4[0m stage [32mfrom-build-pack[0m and container [32mstep-working-dir-initializer-bn62k[0m
{"level":"warn","ts":1617022311.724789,"logger":"fallback-logger","caller":"logging/config.go:69","msg":"Fetch GitHub commit ID from kodata failed: open /var/run/ko/HEAD: no such file or directory"}
{"level":"info","ts":1617022311.7302682,"logger":"fallback-logger","caller":"bash/main.go:64","msg":"Successfully e**cuted command \"sh -c mkdir -p /workspace/source\"; output "}

Showing logs for build [32mentando-k8s-entando-k8s-operato-jjq8s-4[0m stage [32mfrom-build-pack[0m and container [32mstep-place-tools[0m

Showing logs for build [32mentando-k8s-entando-k8s-operato-jjq8s-4[0m stage [32mfrom-build-pack[0m and container [32mstep-git-source-entando-k8s-entando-k8s-operato-9hc6f[0m
{"level":"warn","ts":1617022331.0053308,"logger":"fallback-logger","caller":"logging/config.go:69","msg":"Fetch GitHub commit ID from kodata failed: \"ref: refs/heads/0.8.0-**-support-backwards-incompats\" is not a valid GitHub commit ID"}
{"level":"info","ts":1617022331.7439592,"logger":"fallback-logger","caller":"git/git.go:103","msg":"Successfully cloned https://github.com/entando-k8s/entando-k8s-operator-bundle.git @ master in path /workspace/source"}

Showing logs for build [32mentando-k8s-entando-k8s-operato-jjq8s-4[0m stage [32mfrom-build-pack[0m and container [32mstep-git-merge[0m
Using SHAs from PULL_REFS=local-dev:dad41bd8ba8493c7415170b556f1675e02aca294,3:e4610ea01638a7a7ff3d557c5ab3b8a676eef0c2
DEBUG: ran git fetch --unshallow origin e4610ea01638a7a7ff3d557c5ab3b8a676eef0c2: dad41bd8ba8493c7415170b556f1675e02aca294: in 
DEBUG: ran git checkout local-dev in 
DEBUG: ran git reset --hard dad41bd8ba8493c7415170b556f1675e02aca294 in 
DEBUG: ran clean --force -d . in 
DEBUG: ran git merge e4610ea01638a7a7ff3d557c5ab3b8a676eef0c2 in 
Merged SHA c4d8d1944e111430572de75b5807b8c0a692b999 with commit message 'Merge commit 'e4610ea01638a7a7ff3d557c5ab3b8a676eef0c2' into local-dev' into base branch local-dev
Merged SHA e4610ea01638a7a7ff3d557c5ab3b8a676eef0c2 with commit message 'Merge branch 'master' of https://github.com/entando-k8s/entando-k8s-operator-bundle into es-entando-patch-2' into base branch local-dev
Merged SHA c702ad1f9f8fb90c2921355065aa607c5c963ef1 with commit message 'Merge pull request #4 from entando-k8s/ENG-2068_latest_ubi_images' into base branch local-dev
Merged SHA e19aae1c70b5803486f4f6c4a8c98e4148cc5870 with commit message '#ENG-2068 fi**d PR set-version logic' into base branch local-dev
Merged SHA e5f6e29f4fd026487d599ddb60b57868c88d796a with commit message '#ENG-2068 latest controller-coordinator' into base branch local-dev
Merged SHA 65f3a67645df1dada5a30791dee57f56e8b1a792 with commit message '#ENG-2068 latest controller-coordinator' into base branch local-dev
Merged SHA 11a2912112ae9a24e463519efccb79c4d90b5ddc with commit message 'ENG-2068 using latest ubi images' into base branch local-dev
Merged SHA 405c2363c3f3bf75d874b73d3fe81efdc9eda692 with commit message 'Update entando-k8s-operator.v0.3.x.clusterserviceversion.yaml' into base branch local-dev
Merged SHA b08856be4e8d3bf81174ec19c595bc293e5827c9 with commit message 'Fi**d version logic' into base branch local-dev
Merged SHA 098e749327520d3c74c17eac356934c682af8f82 with commit message 'Fi**d version logic' into base branch local-dev
Merged SHA 3a2169d5afaa5e7415a9cdff0af3674ba7d56e68 with commit message 'Fi**d version logic' into base branch local-dev
Merged SHA e205f04f9a2005d26d0f3d32c39f2ee6fa2c008b with commit message 'Fi**d version logic' into base branch local-dev
Merged SHA 068221964db143b6cb939efa70b73a21a93d6cbf with commit message 'Fi**d version logic' into base branch local-dev
Merged SHA b88eddd16bdee8c7a190d4f970af9d4d1178d31c with commit message 'Fi**d version logic' into base branch local-dev
Merged SHA e54435724e43d1018b313d7aed56f9b9e6d4f742 with commit message 'Fi**d version logic' into base branch local-dev
Merged SHA 1a319c0b7de541d265be9d22c9996c99a7a5e57a with commit message 'Fi**d version logic' into base branch local-dev
Merged SHA ae51057d1429d3c787f3ab64fdb9a6a9e611963b with commit message 'Fi**d version logic' into base branch local-dev
Merged SHA 9bae179d7409179fbe285d76befa1cd63ee5d4ff with commit message 'Fi**d version logic' into base branch local-dev
Merged SHA 4c8a244486077f8e51d709684036cfa519892ff5 with commit message 'fi**d version logic' into base branch local-dev
Merged SHA c6ddaab3cbe5b73f6c4efb45680e0b4ed9f460b4 with commit message 'Added some helper scripts' into base branch local-dev
Merged SHA 1f507c250e13a80912eca680efe512ae3c6d0e59 with commit message 'Merge pull request #2 from entando-k8s/latest-images' into base branch local-dev
Merged SHA 1678a98b7e1e2b7aef00175b1b2959748ef74529 with commit message 'latest released controller-coordinator and component-manager' into base branch local-dev
Merged SHA c65be5d766a7e74466cde480acd591062275f50a with commit message '#ENG-2076 fi**d image org' into base branch local-dev
Merged SHA 6049fdd96775010a5090e1f77b1ea32c52f785b7 with commit message '#ENG-2076 add placeholder text file for scorecard' into base branch local-dev
Merged SHA 9cef7c4266d969eb3e5ce417410d4ea1844562de with commit message '#ENG-2076 merged conflicts from master' into base branch local-dev
Merged SHA 64a2fa59c23a154c58b4ece68193b8c698a9c572 with commit message '#ENG-2076 merged conflicts from master' into base branch local-dev
Merged SHA 8f5b1ba22eb0ec809478594bcb884ab46fd4abb7 with commit message 'Draft create' into base branch local-dev
Merged SHA 287f1c90719927139fad2ad125cc38ad74262fa5 with commit message 'Initial jenkins-x import' into base branch local-dev
Merged SHA 758bdc3709b62a16b91773b4e2ae1d23605b7af4 with commit message 'Commit before merge' into base branch local-dev
Merged SHA 5878d718470478487d76cffc22a53220ffef4f5c with commit message 'Merge to master' into base branch local-dev

Showing logs for build [32mentando-k8s-entando-k8s-operato-jjq8s-4[0m stage [32mfrom-build-pack[0m and container [32mstep-build-set-csv-version[0m

Showing logs for build [32mentando-k8s-entando-k8s-operato-jjq8s-4[0m stage [32mfrom-build-pack[0m and container [32mstep-build-container-build[0m
This avoids unwanted kaniko command substitution
Generating tags...
 - entando/entando-k8s-operator-bundle -> docker.io/entando/entando-k8s-operator-bundle:0.0.0-SNAPSHOT-PR-3-4
Checking cache...
 - entando/entando-k8s-operator-bundle: Not found. Building
Building [entando/entando-k8s-operator-bundle]...
Sending build context to Docker daemon  141.8kB
Step 1/18 : FROM scratch
 ---> 
Step 2/18 : LABEL operators.operatorframework.io.bundle.channels.v1 alpha,beta,stable
 ---> Using cache
 ---> 1e6df440f022
Step 3/18 : LABEL operators.operatorframework.io.bundle.manifests.v1 manifests/
 ---> Using cache
 ---> a72b3d3a7acf
Step 4/18 : LABEL operators.operatorframework.io.bundle.mediatype.v1 registry+v1
 ---> Using cache
 ---> bc71fe591299
Step 5/18 : LABEL operators.operatorframework.io.bundle.metadata.v1 metadata/
 ---> Using cache
 ---> 5ea67f194590
Step 6/18 : LABEL operators.operatorframework.io.bundle.package.v1 entando-k8s-operator
 ---> Using cache
 ---> 63071b3ac151
Step 7/18 : LABEL operators.operatorframework.io.metrics.builder operator-sdk-v1.2.0
 ---> Using cache
 ---> 3d652324d90b
Step 8/18 : LABEL operators.operatorframework.io.bundle.channel.default.v1 alpha
 ---> Using cache
 ---> c51a583d4e6b
Step 9/18 : LABEL operators.operatorframework.io.metrics.mediatype.v1 metrics+v1
 ---> Using cache
 ---> 0b44808a0154
Step 10/18 : LABEL operators.operatorframework.io.metrics.project_layout helm.sdk.operatorframework.io/v1
 ---> Using cache
 ---> ea24b0a6d974
Step 11/18 : LABEL operators.operatorframework.io.test.config.v1 tests/scorecard/
 ---> Using cache
 ---> bf7c762630de
Step 12/18 : LABEL operators.operatorframework.io.test.mediatype.v1 scorecard+v1
 ---> Using cache
 ---> 775ebc5291f7
Step 13/18 : LABEL com.redhat.openshift.versions "v4.6"
 ---> Using cache
 ---> ab1dca230e12
Step 14/18 : LABEL com.redhat.delivery.operator.bundle ****
 ---> Using cache
 ---> 94f6be410142
Step 15/18 : LABEL com.redhat.delivery.backport false
 ---> Using cache
 ---> 811d4d272292
Step 16/18 : COPY manifests /manifests/
 ---> e2a34c94bbe6
Step 17/18 : COPY metadata /metadata/
 ---> cac267073ec8
Step 18/18 : COPY tests/scorecard /tests/scorecard/
 ---> 2585715e7b33
Successfully built 2585715e7b33
The push refers to a repository [docker.io/entando/entando-k8s-operator-bundle]
5f954c422a32: Preparing
77037fa80920: Preparing
fddd9ce23081: Preparing
fddd9ce23081: Pushed
77037fa80920: Pushed
5f954c422a32: Pushed
0.0.0-SNAPSHOT-PR-3-4: digest: sha256:8f334082926b39e7ae873cf499adf0e7112efb39d952cb2b4ad35116ceaae2ee size: 940
There is a new version (1.21.0) of Skaffold available. Download it at https://storage.googleapis.com/skaffold/releases/latest/skaffold-linux-amd64


Showing logs for build [32mentando-k8s-entando-k8s-operato-jjq8s-4[0m stage [32mfrom-build-pack[0m and container [32mstep-build-verify-bundle[0m
time="2021-03-29T12:52:25Z" level=info msg="Unpacking image layers"
time="2021-03-29T12:52:25Z" level=info msg="running /usr/bin/docker pull docker.io/entando/entando-k8s-operator-bundle:0.0.0-SNAPSHOT-PR-3-4"
time="2021-03-29T12:52:26Z" level=info msg="running docker create"
time="2021-03-29T12:52:26Z" level=info msg="running docker cp"
time="2021-03-29T12:52:26Z" level=info msg="running docker rm"
time="2021-03-29T12:52:27Z" level=info msg="Found annotations file" bundle-dir=/tmp/bundle-176208755 container-tool=docker
time="2021-03-29T12:52:27Z" level=info msg="Could not find optional dependencies file" bundle-dir=/tmp/bundle-176208755 container-tool=docker
time="2021-03-29T12:52:27Z" level=info msg="All validation tests have completed successfully"
