
Showing logs for build [32mentando-k8s-entando-k8s-operato-hffnn-5[0m stage [32mfrom-build-pack[0m and container [32mstep-credential-initializer-458cx[0m
{"level":"warn","ts":1617022396.7792091,"logger":"fallback-logger","caller":"logging/config.go:69","msg":"Fetch GitHub commit ID from kodata failed: \"ref: refs/heads/0.8.0-**-support-backwards-incompats\" is not a valid GitHub commit ID"}
{"level":"info","ts":1617022396.7919965,"logger":"fallback-logger","caller":"creds-init/main.go:40","msg":"Credentials initialized."}

Showing logs for build [32mentando-k8s-entando-k8s-operato-hffnn-5[0m stage [32mfrom-build-pack[0m and container [32mstep-working-dir-initializer-9wnkt[0m
{"level":"warn","ts":1617022398.6812625,"logger":"fallback-logger","caller":"logging/config.go:69","msg":"Fetch GitHub commit ID from kodata failed: open /var/run/ko/HEAD: no such file or directory"}
{"level":"info","ts":1617022398.7002847,"logger":"fallback-logger","caller":"bash/main.go:64","msg":"Successfully e**cuted command \"sh -c mkdir -p /workspace/source\"; output "}

Showing logs for build [32mentando-k8s-entando-k8s-operato-hffnn-5[0m stage [32mfrom-build-pack[0m and container [32mstep-place-tools[0m

Showing logs for build [32mentando-k8s-entando-k8s-operato-hffnn-5[0m stage [32mfrom-build-pack[0m and container [32mstep-git-source-entando-k8s-entando-k8s-operato-nfn6q[0m
{"level":"warn","ts":1617022416.8067994,"logger":"fallback-logger","caller":"logging/config.go:69","msg":"Fetch GitHub commit ID from kodata failed: \"ref: refs/heads/0.8.0-**-support-backwards-incompats\" is not a valid GitHub commit ID"}
{"level":"info","ts":1617022417.5162756,"logger":"fallback-logger","caller":"git/git.go:103","msg":"Successfully cloned https://github.com/entando-k8s/entando-k8s-operator-bundle.git @ master in path /workspace/source"}

Showing logs for build [32mentando-k8s-entando-k8s-operato-hffnn-5[0m stage [32mfrom-build-pack[0m and container [32mstep-git-merge[0m
Using SHAs from PULL_REFS=master:c702ad1f9f8fb90c2921355065aa607c5c963ef1,3:e4610ea01638a7a7ff3d557c5ab3b8a676eef0c2
DEBUG: ran git fetch --unshallow origin e4610ea01638a7a7ff3d557c5ab3b8a676eef0c2: c702ad1f9f8fb90c2921355065aa607c5c963ef1: in 
DEBUG: ran git checkout master in 
DEBUG: ran git reset --hard c702ad1f9f8fb90c2921355065aa607c5c963ef1 in 
DEBUG: ran clean --force -d . in 
DEBUG: ran git merge e4610ea01638a7a7ff3d557c5ab3b8a676eef0c2 in 
Merged SHA e4610ea01638a7a7ff3d557c5ab3b8a676eef0c2 with commit message 'Merge branch 'master' of https://github.com/entando-k8s/entando-k8s-operator-bundle into es-entando-patch-2' into base branch master
Merged SHA 405c2363c3f3bf75d874b73d3fe81efdc9eda692 with commit message 'Update entando-k8s-operator.v0.3.x.clusterserviceversion.yaml' into base branch master
Merged SHA 772b5e20dbdc7d7952ebe20c0b01ffc3fc247743 with commit message 'Update entando-k8s-operator.v0.3.x.clusterserviceversion.yaml' into base branch master
Merged SHA 357947c288ea2739162e34e598e3257e3d58b3f2 with commit message 'Update entando-k8s-operator.v0.3.x.clusterserviceversion.yaml' into base branch master

Showing logs for build [32mentando-k8s-entando-k8s-operato-hffnn-5[0m stage [32mfrom-build-pack[0m and container [32mstep-build-set-csv-version[0m

Showing logs for build [32mentando-k8s-entando-k8s-operato-hffnn-5[0m stage [32mfrom-build-pack[0m and container [32mstep-build-container-build[0m
This avoids unwanted kaniko command substitution
Generating tags...
 - entando/entando-k8s-operator-bundle -> docker.io/entando/entando-k8s-operator-bundle:0.0.0-SNAPSHOT-PR-3-5
Checking cache...
 - entando/entando-k8s-operator-bundle: Not found. Building
Building [entando/entando-k8s-operator-bundle]...
Sending build context to Docker daemon  141.8kB
Step 1/18 : FROM scratch
 ---> 
Step 2/18 : LABEL operators.operatorframework.io.bundle.channels.v1 alpha,beta,stable
 ---> Using cache
 ---> 1e6df440f022
Step 3/18 : LABEL operators.operatorframework.io.bundle.manifests.v1 manifests/
 ---> Using cache
 ---> a72b3d3a7acf
Step 4/18 : LABEL operators.operatorframework.io.bundle.mediatype.v1 registry+v1
 ---> Using cache
 ---> bc71fe591299
Step 5/18 : LABEL operators.operatorframework.io.bundle.metadata.v1 metadata/
 ---> Using cache
 ---> 5ea67f194590
Step 6/18 : LABEL operators.operatorframework.io.bundle.package.v1 entando-k8s-operator
 ---> Using cache
 ---> 63071b3ac151
Step 7/18 : LABEL operators.operatorframework.io.metrics.builder operator-sdk-v1.2.0
 ---> Using cache
 ---> 3d652324d90b
Step 8/18 : LABEL operators.operatorframework.io.bundle.channel.default.v1 alpha
 ---> Using cache
 ---> c51a583d4e6b
Step 9/18 : LABEL operators.operatorframework.io.metrics.mediatype.v1 metrics+v1
 ---> Using cache
 ---> 0b44808a0154
Step 10/18 : LABEL operators.operatorframework.io.metrics.project_layout helm.sdk.operatorframework.io/v1
 ---> Using cache
 ---> ea24b0a6d974
Step 11/18 : LABEL operators.operatorframework.io.test.config.v1 tests/scorecard/
 ---> Using cache
 ---> bf7c762630de
Step 12/18 : LABEL operators.operatorframework.io.test.mediatype.v1 scorecard+v1
 ---> Using cache
 ---> 775ebc5291f7
Step 13/18 : LABEL com.redhat.openshift.versions "v4.6"
 ---> Using cache
 ---> ab1dca230e12
Step 14/18 : LABEL com.redhat.delivery.operator.bundle ****
 ---> Using cache
 ---> 94f6be410142
Step 15/18 : LABEL com.redhat.delivery.backport false
 ---> Using cache
 ---> 811d4d272292
Step 16/18 : COPY manifests /manifests/
 ---> 90dadf328388
Step 17/18 : COPY metadata /metadata/
 ---> 627806ff1467
Step 18/18 : COPY tests/scorecard /tests/scorecard/
 ---> 5562bcb95b3b
Successfully built 5562bcb95b3b
The push refers to a repository [docker.io/entando/entando-k8s-operator-bundle]
b3f3c13703f1: Preparing
99509bfd96f0: Preparing
72eacd03cee1: Preparing
b3f3c13703f1: Pushed
99509bfd96f0: Pushed
72eacd03cee1: Pushed
0.0.0-SNAPSHOT-PR-3-5: digest: sha256:c3dceb507bdb733357e8c4dc693177c0972a2bfe59c9288b7c12c77db2aa26de size: 940
There is a new version (1.21.0) of Skaffold available. Download it at https://storage.googleapis.com/skaffold/releases/latest/skaffold-linux-amd64


Showing logs for build [32mentando-k8s-entando-k8s-operato-hffnn-5[0m stage [32mfrom-build-pack[0m and container [32mstep-build-verify-bundle[0m
time="2021-03-29T12:53:53Z" level=info msg="Unpacking image layers"
time="2021-03-29T12:53:53Z" level=info msg="running /usr/bin/docker pull docker.io/entando/entando-k8s-operator-bundle:0.0.0-SNAPSHOT-PR-3-5"
time="2021-03-29T12:53:55Z" level=info msg="running docker create"
time="2021-03-29T12:53:55Z" level=info msg="running docker cp"
time="2021-03-29T12:53:55Z" level=info msg="running docker rm"
time="2021-03-29T12:53:55Z" level=info msg="Found annotations file" bundle-dir=/tmp/bundle-193751694 container-tool=docker
time="2021-03-29T12:53:55Z" level=info msg="Could not find optional dependencies file" bundle-dir=/tmp/bundle-193751694 container-tool=docker
time="2021-03-29T12:53:55Z" level=info msg="All validation tests have completed successfully"
