
Showing logs for build [32mmeta-entando-entando-engine-pr-gt2pp-2[0m stage [32mmeta-pipeline[0m and container [32mcredential-initializer[0m
{"level":"info","ts":1620925700.1001103,"caller":"creds-init/main.go:44","msg":"Credentials initialized."}

Showing logs for build [32mmeta-entando-entando-engine-pr-gt2pp-2[0m stage [32mmeta-pipeline[0m and container [32mworking-dir-initializer[0m

Showing logs for build [32mmeta-entando-entando-engine-pr-gt2pp-2[0m stage [32mmeta-pipeline[0m and container [32mplace-tools[0m

Showing logs for build [32mmeta-entando-entando-engine-pr-gt2pp-2[0m stage [32mmeta-pipeline[0m and container [32mstep-git-source-meta-entando-entando-engine-pr-gt2pp-8gtwj[0m
{"level":"info","ts":1620925723.9487066,"caller":"git/git.go:105","msg":"Successfully cloned https://github.com/entando/entando-engine.git @ 06262ef688e2deedb486d7237c7d73f08b7d09e2 in path /workspace/source"}
{"level":"warn","ts":1620925723.9493198,"caller":"git/git.go:152","msg":"Unexpected error: creating symlink: symlink /tekton/home/.ssh /****/.ssh: file exists"}
{"level":"info","ts":1620925724.049589,"caller":"git/git.go:133","msg":"Successfully initialized and updated submodules in path /workspace/source"}

Showing logs for build [32mmeta-entando-entando-engine-pr-gt2pp-2[0m stage [32mmeta-pipeline[0m and container [32mstep-git-merge[0m
Using SHAs from PULL_REFS=master:06262ef688e2deedb486d7237c7d73f08b7d09e2,143:4624522058028a0c9debd9d0904ec8acad5a1af3
DEBUG: LC_ALL=C JX_LOG_LEVEL=error git fetch origin --unshallow 4624522058028a0c9debd9d0904ec8acad5a1af3: 06262ef688e2deedb486d7237c7d73f08b7d09e2:
DEBUG: ran git fetch --unshallow origin 4624522058028a0c9debd9d0904ec8acad5a1af3: 06262ef688e2deedb486d7237c7d73f08b7d09e2: in 
DEBUG: LC_ALL=C JX_LOG_LEVEL=error git branch
DEBUG: LC_ALL=C JX_LOG_LEVEL=error git checkout master
DEBUG: ran git checkout master in 
DEBUG: LC_ALL=C JX_LOG_LEVEL=error git reset --hard 06262ef688e2deedb486d7237c7d73f08b7d09e2
DEBUG: ran git reset --hard 06262ef688e2deedb486d7237c7d73f08b7d09e2 in 
DEBUG: LC_ALL=C JX_LOG_LEVEL=error git clean -fd .
DEBUG: ran clean --force -d . in 
DEBUG: JX_LOG_LEVEL=error LC_ALL=C git merge 4624522058028a0c9debd9d0904ec8acad5a1af3
DEBUG: ran git merge 4624522058028a0c9debd9d0904ec8acad5a1af3 in 
DEBUG: LC_ALL=C JX_LOG_LEVEL=error git log --format=%H%x1f%an%x1f%ae%x1f%cn%x1f%ce%x1f%s%n%b%x1e 06262ef688e2deedb486d7237c7d73f08b7d09e2..HEAD
Merged SHA 4624522058028a0c9debd9d0904ec8acad5a1af3 with commit message 'Merge branch 'ENG-2289-updating-my-group-permission-path' of https://github.com/entando/entando-engine into ENG-2289-updating-my-group-permission-path' into base branch master
Merged SHA b4f0d7516fa068840f7093127b8b781540641569 with commit message 'Merge branch 'master' into ENG-2289-updating-my-group-permission-path' into base branch master
Merged SHA a1ab569314eae31e5d4dbc42b274505d1bea2e26 with commit message 'Merge branch 'master' into ENG-2289-updating-my-group-permission-path' into base branch master
Merged SHA 4b105e1798aeb9748010ae408c942bd81aa63574 with commit message 'ENG-2289 Updating my group permission path' into base branch master

Showing logs for build [32mmeta-entando-entando-engine-pr-gt2pp-2[0m stage [32mmeta-pipeline[0m and container [32mstep-merge-pull-refs[0m
DEBUG: JX_LOG_LEVEL=error LC_ALL=C git fetch origin --unshallow 4624522058028a0c9debd9d0904ec8acad5a1af3: 06262ef688e2deedb486d7237c7d73f08b7d09e2:
DEBUG: LC_ALL=C JX_LOG_LEVEL=error git fetch origin 4624522058028a0c9debd9d0904ec8acad5a1af3: 06262ef688e2deedb486d7237c7d73f08b7d09e2:
DEBUG: ran git fetch origin 4624522058028a0c9debd9d0904ec8acad5a1af3: 06262ef688e2deedb486d7237c7d73f08b7d09e2: in 
DEBUG: JX_LOG_LEVEL=error LC_ALL=C git rev-parse --is-shallow-repository
DEBUG: Unshallowed git repo in 
DEBUG: LC_ALL=C JX_LOG_LEVEL=error git branch
DEBUG: LC_ALL=C JX_LOG_LEVEL=error git checkout master
DEBUG: ran git checkout master in 
DEBUG: LC_ALL=C JX_LOG_LEVEL=error git reset --hard 06262ef688e2deedb486d7237c7d73f08b7d09e2
DEBUG: ran git reset --hard 06262ef688e2deedb486d7237c7d73f08b7d09e2 in 
DEBUG: LC_ALL=C JX_LOG_LEVEL=error git clean -fd .
DEBUG: ran clean --force -d . in 
DEBUG: JX_LOG_LEVEL=error LC_ALL=C git merge 4624522058028a0c9debd9d0904ec8acad5a1af3
DEBUG: ran git merge 4624522058028a0c9debd9d0904ec8acad5a1af3 in 
DEBUG: LC_ALL=C JX_LOG_LEVEL=error git log --format=%H%x1f%an%x1f%ae%x1f%cn%x1f%ce%x1f%s%n%b%x1e 06262ef688e2deedb486d7237c7d73f08b7d09e2..HEAD
Merged SHA 4624522058028a0c9debd9d0904ec8acad5a1af3 with commit message 'Merge branch 'ENG-2289-updating-my-group-permission-path' of https://github.com/entando/entando-engine into ENG-2289-updating-my-group-permission-path' into base branch master
Merged SHA b4f0d7516fa068840f7093127b8b781540641569 with commit message 'Merge branch 'master' into ENG-2289-updating-my-group-permission-path' into base branch master
Merged SHA a1ab569314eae31e5d4dbc42b274505d1bea2e26 with commit message 'Merge branch 'master' into ENG-2289-updating-my-group-permission-path' into base branch master
Merged SHA 4b105e1798aeb9748010ae408c942bd81aa63574 with commit message 'ENG-2289 Updating my group permission path' into base branch master

Showing logs for build [32mmeta-entando-entando-engine-pr-gt2pp-2[0m stage [32mmeta-pipeline[0m and container [32mstep-create-effective-pipeline[0m
error: no build pack for entando-maven-lib exists at directory /tekton/home/.**/draft/packs/github.com/jenkins-x-buildpacks/jenkins-x-kubernetes/packs/entando-maven-lib
[31m
Pipeline failed on stage 'meta-pipeline' : container 'step-create-effective-pipeline'. The execution of the pipeline has stopped.[0m
