
Showing logs for build [32mentando-entando-plugin-jpconten-t4v72-2[0m stage [32mfrom-build-pack[0m and container [32mcredential-initializer[0m
{"level":"info","ts":1625228181.6892989,"caller":"creds-init/main.go:44","msg":"Credentials initialized."}

Showing logs for build [32mentando-entando-plugin-jpconten-t4v72-2[0m stage [32mfrom-build-pack[0m and container [32mworking-dir-initializer[0m

Showing logs for build [32mentando-entando-plugin-jpconten-t4v72-2[0m stage [32mfrom-build-pack[0m and container [32mplace-tools[0m

Showing logs for build [32mentando-entando-plugin-jpconten-t4v72-2[0m stage [32mfrom-build-pack[0m and container [32mstep-git-source-entando-entando-plugin-jpconten-t4v72-sj8b9[0m
{"level":"info","ts":1625228206.1078267,"caller":"git/git.go:105","msg":"Successfully cloned https://github.com/entando/entando-plugin-jpcontentscheduler.git @ master in path /workspace/source"}
{"level":"warn","ts":1625228206.1081288,"caller":"git/git.go:152","msg":"Unexpected error: creating symlink: symlink /tekton/home/.ssh /****/.ssh: file exists"}
{"level":"info","ts":1625228206.1917756,"caller":"git/git.go:133","msg":"Successfully initialized and updated submodules in path /workspace/source"}

Showing logs for build [32mentando-entando-plugin-jpconten-t4v72-2[0m stage [32mfrom-build-pack[0m and container [32mstep-setup-builder-home[0m

Showing logs for build [32mentando-entando-plugin-jpconten-t4v72-2[0m stage [32mfrom-build-pack[0m and container [32mstep-git-merge[0m
Using SHAs from PULL_REFS=master:cc3306581f7892db25ad9c1d2ba5220671a15935,22:42901cd7592477542dc56127d19ce1d1f2758488
DEBUG: LC_ALL=C JX_LOG_LEVEL=error git fetch origin --unshallow 42901cd7592477542dc56127d19ce1d1f2758488: cc3306581f7892db25ad9c1d2ba5220671a15935:
DEBUG: ran git fetch --unshallow origin 42901cd7592477542dc56127d19ce1d1f2758488: cc3306581f7892db25ad9c1d2ba5220671a15935: in 
DEBUG: LC_ALL=C JX_LOG_LEVEL=error git branch
DEBUG: LC_ALL=C JX_LOG_LEVEL=error git checkout master
DEBUG: ran git checkout master in 
DEBUG: LC_ALL=C JX_LOG_LEVEL=error git reset --hard cc3306581f7892db25ad9c1d2ba5220671a15935
DEBUG: ran git reset --hard cc3306581f7892db25ad9c1d2ba5220671a15935 in 
DEBUG: LC_ALL=C JX_LOG_LEVEL=error git clean -fd .
DEBUG: ran clean --force -d . in 
DEBUG: JX_LOG_LEVEL=error LC_ALL=C git merge 42901cd7592477542dc56127d19ce1d1f2758488
DEBUG: ran git merge 42901cd7592477542dc56127d19ce1d1f2758488 in 
DEBUG: JX_LOG_LEVEL=error LC_ALL=C git log --format=%H%x1f%an%x1f%ae%x1f%cn%x1f%ce%x1f%s%n%b%x1e cc3306581f7892db25ad9c1d2ba5220671a15935..HEAD
Merged SHA 42901cd7592477542dc56127d19ce1d1f2758488 with commit message 'ENG-2400 Bumping version to 6.4.X updating core-bom and core-parent' into base branch master

Showing logs for build [32mentando-entando-plugin-jpconten-t4v72-2[0m stage [32mfrom-build-pack[0m and container [32mstep-build-set-version[0m
Picked up _JAVA_OPTIONS: -XX:+UnlockExperimentalVMOptions -Dsun.zip.disableMemoryMapping=**** -XX:+UseParallelGC -XX:MinHeapFreeRatio=5 -XX:MaxHeapFreeRatio=10 -XX:GCTimeRatio=4 -XX:AdaptiveSizePolicyWeight=90 -Xms10m -Xmx8000m
[INFO] Scanning for projects...
[WARNING] 
[WARNING] Some problems were encountered while building the effective model for org.entando.entando.plugins:entando-plugin-jpcontentscheduler:war:6.4.0-SNAPSHOT
[WARNING] 'dependencyManagement.dependencies.dependency.(groupId:artifactId:type:classifier)' must be unique: org.springframework:spring-tx:jar -> version (?) vs ${spring.version} @ org.entando:entando-core-parent:6.4.2, /home/jenkins/.mvnrepository/org/entando/entando-core-parent/6.4.2/entando-core-parent-6.4.2.pom, line 625, column 25
[WARNING] 
[WARNING] It is highly recommended to fix these problems because they threaten the stability of your build.
[WARNING] 
[WARNING] For this reason, future Maven versions might no longer support building such malformed projects.
[WARNING] 
[INFO] 
[INFO] ---< org.entando.entando.plugins:entando-plugin-jpcontentscheduler >----
[INFO] Building Entando Plugin: Content Scheduler 6.4.0-SNAPSHOT
[INFO] --------------------------------[ war ]---------------------------------
[INFO] 
[INFO] --- versions-maven-plugin:2.8.1:set (default-cli) @ entando-plugin-jpcontentscheduler ---
[INFO] Local aggregation ****: /workspace/source
[INFO] Processing change of org.entando.entando.plugins:entando-plugin-jpcontentscheduler:6.4.0-SNAPSHOT -> 0.0.0-SNAPSHOT-PR-22-2
[INFO] Processing org.entando.entando.plugins:entando-plugin-jpcontentscheduler
[INFO]     Updating project org.entando.entando.plugins:entando-plugin-jpcontentscheduler
[INFO]         from version 6.4.0-SNAPSHOT to 0.0.0-SNAPSHOT-PR-22-2
[INFO] 
[INFO] ------------------------------------------------------------------------
[INFO] BUILD SUCCESS
[INFO] ------------------------------------------------------------------------
[INFO] Total time:  8.611 s
[INFO] Finished at: 2021-07-02T12:16:59Z
[INFO] ------------------------------------------------------------------------

Showing logs for build [32mentando-entando-plugin-jpconten-t4v72-2[0m stage [32mfrom-build-pack[0m and container [32mstep-build-fix-git-for-sonar[0m
Switched to a new branch 'PR-22'
M	pom.xml
Deleted branch master (was 42901cd).
From https://github.com/entando/entando-plugin-jpcontentscheduler
 * [new branch]      master            -> master
 * [new tag]         5.0.0.initial     -> 5.0.0.initial
 * [new tag]         pia-crs4          -> pia-crs4
 * [new tag]         v4.3.2-RC1        -> v4.3.2-RC1
 * [new tag]         v5.0.0-pre        -> v5.0.0-pre
 * [new tag]         v6.2.0-sprint1-rc -> v6.2.0-sprint1-rc
 * [new tag]         v6.2.0-sprint2-rc -> v6.2.0-sprint2-rc
 * [new tag]         v6.2.0-sprint3-rc -> v6.2.0-sprint3-rc
 * [new tag]         v6.2.0-sprint4-rc -> v6.2.0-sprint4-rc
 * [new tag]         v6.2.0-sprint5-rc -> v6.2.0-sprint5-rc

Showing logs for build [32mentando-entando-plugin-jpconten-t4v72-2[0m stage [32mfrom-build-pack[0m and container [32mstep-build-mvn-verify-pr[0m
Picked up _JAVA_OPTIONS: -XX:+UnlockExperimentalVMOptions -Dsun.zip.disableMemoryMapping=**** -XX:+UseParallelGC -XX:MinHeapFreeRatio=5 -XX:MaxHeapFreeRatio=10 -XX:GCTimeRatio=4 -XX:AdaptiveSizePolicyWeight=90 -Xms10m -Xmx8000m
[INFO] Scanning for projects...
[WARNING] 
[WARNING] Some problems were encountered while building the effective model for org.entando.entando.plugins:entando-plugin-jpcontentscheduler:war:0.0.0-SNAPSHOT-PR-22-2
[WARNING] 'dependencyManagement.dependencies.dependency.(groupId:artifactId:type:classifier)' must be unique: org.springframework:spring-tx:jar -> version (?) vs ${spring.version} @ org.entando:entando-core-parent:6.4.2, /home/jenkins/.mvnrepository/org/entando/entando-core-parent/6.4.2/entando-core-parent-6.4.2.pom, line 625, column 25
[WARNING] 
[WARNING] It is highly recommended to fix these problems because they threaten the stability of your build.
[WARNING] 
[WARNING] For this reason, future Maven versions might no longer support building such malformed projects.
[WARNING] 
[INFO] 
[INFO] ---< org.entando.entando.plugins:entando-plugin-jpcontentscheduler >----
[INFO] Building Entando Plugin: Content Scheduler 0.0.0-SNAPSHOT-PR-22-2
[INFO] --------------------------------[ war ]---------------------------------
[WARNING] The POM for com.sun.xml.bind:jaxb-impl:jar:2.2.11 is invalid, transitive dependencies (if any) will not be available, enable debug logging for more details
[WARNING] The POM for com.sun.xml.bind:jaxb-core:jar:2.2.11 is invalid, transitive dependencies (if any) will not be available, enable debug logging for more details
[INFO] 
[INFO] --- maven-checkstyle-plugin:3.1.1:check (validate) @ entando-plugin-jpcontentscheduler ---
[INFO] 
[INFO] --- maven-checkstyle-plugin:3.1.1:checkstyle (validate) @ entando-plugin-jpcontentscheduler ---
[INFO] 
[INFO] --- jacoco-maven-plugin:0.8.6:prepare-agent (prepare-agent) @ entando-plugin-jpcontentscheduler ---
[INFO] argLine set to -javaagent:/home/jenkins/.mvnrepository/org/jacoco/org.jacoco.agent/0.8.6/org.jacoco.agent-0.8.6-runtime.jar=destfile=/workspace/source/target/jacoco.e**c
[INFO] 
[INFO] --- maven-resources-plugin:2.5:resources (default-resources) @ entando-plugin-jpcontentscheduler ---
[debug] e**cute contextualize
[INFO] Using 'UTF-8' encoding to copy filtered resources.
[INFO] Copying 8 resources
[INFO] Copying 1 resource
[INFO] Copying 8 resources
[INFO] Copying 0 resource
[INFO] Copying 0 resource to META-INF
[INFO] 
[INFO] --- maven-compiler-plugin:3.8.1:compile (default-compile) @ entando-plugin-jpcontentscheduler ---
[INFO] Changes detected - recompiling the module!
[INFO] Compiling 18 source files to /workspace/source/target/classes
[WARNING] /workspace/source/src/main/java/org/entando/entando/plugins/jpcontentscheduler/aps*****/config/ContentThreadConfigGroupsAction.java:[194,95] unchecked cast
  required: java.util.Map<java.lang.String,java.util.List<java.lang.String>>
  found:    java.lang.Object
[WARNING] /workspace/source/src/main/java/org/entando/entando/plugins/jpcontentscheduler/aps*****/config/ContentThreadConfigContentTypesAction.java:[262,83] unchecked cast
  required: java.util.List<org.entando.entando.plugins.jpcontentscheduler.aps.******.services.content.model.ContentTypeElem>
  found:    java.lang.Object
[WARNING] /workspace/source/src/main/java/org/entando/entando/plugins/jpcontentscheduler/aps*****/config/ContentThreadConfigUsersAction.java:[267,95] unchecked cast
  required: java.util.Map<java.lang.String,java.util.List<java.lang.String>>
  found:    java.lang.Object
[WARNING] /workspace/source/src/main/java/org/entando/entando/plugins/jpcontentscheduler/aps/******/services/content/ContentSchedulerManager.java:[143,77] unchecked call to EntitySearchFilter(java.lang.String,boolean,T,T) as a member of the raw type com.agiletec.aps.******.common.entity.model.EntitySearchFilter
[WARNING] /workspace/source/src/main/java/org/entando/entando/plugins/jpcontentscheduler/aps/******/services/content/ContentSchedulerManager.java:[175,53] unchecked call to EntitySearchFilter(java.lang.String,boolean,java.util.List<T>,boolean) as a member of the raw type com.agiletec.aps.******.common.entity.model.EntitySearchFilter
[WARNING] /workspace/source/src/main/java/org/entando/entando/plugins/jpcontentscheduler/aps/******/services/content/ContentSchedulerManager.java:[176,77] unchecked call to EntitySearchFilter(java.lang.String,boolean,T,T) as a member of the raw type com.agiletec.aps.******.common.entity.model.EntitySearchFilter
[INFO] /workspace/source/src/main/java/org/entando/entando/plugins/jpcontentscheduler/aps/******/services/content/IContentSchedulerManager.java: Some input files use or override a deprecated API.
[INFO] /workspace/source/src/main/java/org/entando/entando/plugins/jpcontentscheduler/aps/******/services/content/IContentSchedulerManager.java: Recompile with -Xlint:deprecation for details.
[INFO] 
[INFO] --- maven-resources-plugin:2.5:copy-resources (copy-resources-test) @ entando-plugin-jpcontentscheduler ---
[debug] e**cute contextualize
[INFO] Using 'UTF-8' encoding to copy filtered resources.
[INFO] Copying 5 resources
[INFO] 
[INFO] --- maven-resources-plugin:2.5:copy-resources (copy-resources-file-test-) @ entando-plugin-jpcontentscheduler ---
[debug] e**cute contextualize
[INFO] Using 'UTF-8' encoding to copy filtered resources.
[INFO] Copying 5 resources
[INFO] 
[INFO] --- maven-resources-plugin:2.5:testResources (default-testResources) @ entando-plugin-jpcontentscheduler ---
[debug] e**cute contextualize
[INFO] Using 'UTF-8' encoding to copy filtered resources.
[INFO] Copying 3 resources
[INFO] 
[INFO] --- maven-compiler-plugin:3.8.1:testCompile (default-testCompile) @ entando-plugin-jpcontentscheduler ---
[INFO] Changes detected - recompiling the module!
[INFO] Compiling 2 source files to /workspace/source/target/test-classes
[INFO] 
[INFO] --- maven-surefire-plugin:3.0.0-M4:test (default-test) @ entando-plugin-jpcontentscheduler ---
[INFO] 
[INFO] -------------------------------------------------------
[INFO]  T E S T S
[INFO] -------------------------------------------------------
[INFO] Running org.entando.entando.plugins.jpcontentscheduler.aps.******.services.content.TestContentJobs
SLF4J: Class path contains multiple SLF4J bindings.
SLF4J: Found binding in [jar:file:/home/jenkins/.mvnrepository/org/slf4j/slf4j-jdk14/1.7.26/slf4j-jdk14-1.7.26.jar!/org/slf4j/impl/StaticLoggerBinder.class]
SLF4J: Found binding in [jar:file:/home/jenkins/.mvnrepository/ch/qos/logback/logback-classic/1.2.3/logback-classic-1.2.3.jar!/org/slf4j/impl/StaticLoggerBinder.class]
SLF4J: See http://www.slf4j.org/codes.html#multiple_bindings for an explanation.
SLF4J: Actual binding is of type [org.slf4j.impl.JDK14LoggerFactory]
Jul 02, 2021 12:17:29 PM org.springframework.mock.jndi.SimpleNamingContextBuilder activate
INFO: Activating simple JNDI environment
Jul 02, 2021 12:17:29 PM org.springframework.mock.jndi.SimpleNamingContextBuilder bind
INFO: Static JNDI binding: [java:comp/env/logName] = [/workspace/source/target/test/entando-plugin-jpcontentscheduler]
Jul 02, 2021 12:17:29 PM org.springframework.mock.jndi.SimpleNamingContextBuilder bind
INFO: Static JNDI binding: [java:comp/env/logFileRotatePattern] = [/workspace/source/target/test/entando-plugin-jpcontentscheduler_logs/entando-plugin-jpcontentscheduler-%i.log.gz]
Jul 02, 2021 12:17:29 PM org.springframework.mock.jndi.SimpleNamingContextBuilder bind
INFO: Static JNDI binding: [java:comp/env/logLevel] = [ERROR]
Jul 02, 2021 12:17:29 PM org.springframework.mock.jndi.SimpleNamingContextBuilder bind
INFO: Static JNDI binding: [java:comp/env/logFileSize] = [1048576]
Jul 02, 2021 12:17:29 PM org.springframework.mock.jndi.SimpleNamingContextBuilder bind
INFO: Static JNDI binding: [java:comp/env/logFilesCount] = [10]
Jul 02, 2021 12:17:29 PM org.springframework.mock.jndi.SimpleNamingContextBuilder bind
INFO: Static JNDI binding: [java:comp/env/configVersion] = [test]
Jul 02, 2021 12:17:29 PM org.springframework.mock.jndi.SimpleNamingContextBuilder bind
INFO: Static JNDI binding: [java:comp/env/applicationBaseURL] = [/Entando/]
Jul 02, 2021 12:17:29 PM org.springframework.mock.jndi.SimpleNamingContextBuilder bind
INFO: Static JNDI binding: [java:comp/env/resourceRootURL] = [/Entando/resources/]
Jul 02, 2021 12:17:29 PM org.springframework.mock.jndi.SimpleNamingContextBuilder bind
INFO: Static JNDI binding: [java:comp/env/protectedResourceRootURL] = [/Entando/protected/]
Jul 02, 2021 12:17:29 PM org.springframework.mock.jndi.SimpleNamingContextBuilder bind
INFO: Static JNDI binding: [java:comp/env/resourceDiskRootFolder] = [target/test/resources/]
Jul 02, 2021 12:17:29 PM org.springframework.mock.jndi.SimpleNamingContextBuilder bind
INFO: Static JNDI binding: [java:comp/env/protectedResourceDiskRootFolder] = [target/test/protected/]
Jul 02, 2021 12:17:29 PM org.springframework.mock.jndi.SimpleNamingContextBuilder bind
INFO: Static JNDI binding: [java:comp/env/indexDiskRootFolder] = [target/test/indexdir]
Jul 02, 2021 12:17:29 PM org.springframework.mock.jndi.SimpleNamingContextBuilder bind
INFO: Static JNDI binding: [java:comp/env/portDataSourceClassName] = [org.apache.derby.jdbc.EmbeddedDriver]
Jul 02, 2021 12:17:29 PM org.springframework.mock.jndi.SimpleNamingContextBuilder bind
INFO: Static JNDI binding: [java:comp/env/logActiveFileOutput] = [false]
Jul 02, 2021 12:17:29 PM org.springframework.mock.jndi.SimpleNamingContextBuilder bind
INFO: Static JNDI binding: [java:comp/env/jdbc.servDb.url] = [jdbc:derby:/workspace/source/target/test/db/entando-plugin-jpcontentschedulertestServ;create=****]
Jul 02, 2021 12:17:29 PM org.springframework.mock.jndi.SimpleNamingContextBuilder bind
INFO: Static JNDI binding: [java:comp/env/servDataSourceClassName] = [org.apache.derby.jdbc.EmbeddedDriver]
Jul 02, 2021 12:17:29 PM org.springframework.mock.jndi.SimpleNamingContextBuilder bind
INFO: Static JNDI binding: [java:comp/env/logFilesCount] = [10]
Jul 02, 2021 12:17:29 PM org.springframework.mock.jndi.SimpleNamingContextBuilder bind
INFO: Static JNDI binding: [java:comp/env/applicationBaseURL] = [/Entando/]
Jul 02, 2021 12:17:29 PM org.springframework.mock.jndi.SimpleNamingContextBuilder bind
INFO: Static JNDI binding: [java:comp/env/jdbc.portDb.password] = [agile]
Jul 02, 2021 12:17:29 PM org.springframework.mock.jndi.SimpleNamingContextBuilder bind
INFO: Static JNDI binding: [java:comp/env/logLevel] = [ERROR]
Jul 02, 2021 12:17:29 PM org.springframework.mock.jndi.SimpleNamingContextBuilder bind
INFO: Static JNDI binding: [java:comp/env/indexDiskRootFolder] = [target/test/indexdir]
Jul 02, 2021 12:17:29 PM org.springframework.mock.jndi.SimpleNamingContextBuilder bind
INFO: Static JNDI binding: [java:comp/env/logFileSize] = [1048576]
Jul 02, 2021 12:17:29 PM org.springframework.mock.jndi.SimpleNamingContextBuilder bind
INFO: Static JNDI binding: [java:comp/env/resourceDiskRootFolder] = [target/test/resources/]
Jul 02, 2021 12:17:29 PM org.springframework.mock.jndi.SimpleNamingContextBuilder bind
INFO: Static JNDI binding: [java:comp/env/protectedResourceRootURL] = [/Entando/protected/]
Jul 02, 2021 12:17:29 PM org.springframework.mock.jndi.SimpleNamingContextBuilder bind
INFO: Static JNDI binding: [java:comp/env/resourceRootURL] = [/Entando/resources/]
Jul 02, 2021 12:17:29 PM org.springframework.mock.jndi.SimpleNamingContextBuilder bind
INFO: Static JNDI binding: [java:comp/env/configVersion] = [test]
Jul 02, 2021 12:17:29 PM org.springframework.mock.jndi.SimpleNamingContextBuilder bind
INFO: Static JNDI binding: [java:comp/env/jdbc.servDb.beanName] = [servDataSource]
Jul 02, 2021 12:17:29 PM org.springframework.mock.jndi.SimpleNamingContextBuilder bind
INFO: Static JNDI binding: [java:comp/env/jdbc.portDb.url] = [jdbc:derby:/workspace/source/target/test/db/entando-plugin-jpcontentschedulertestPort;create=****]
Jul 02, 2021 12:17:29 PM org.springframework.mock.jndi.SimpleNamingContextBuilder bind
INFO: Static JNDI binding: [java:comp/env/jdbc.servDb.driverClassName] = [org.apache.derby.jdbc.EmbeddedDriver]
Jul 02, 2021 12:17:29 PM org.springframework.mock.jndi.SimpleNamingContextBuilder bind
INFO: Static JNDI binding: [java:comp/env/protectedResourceDiskRootFolder] = [target/test/protected/]
Jul 02, 2021 12:17:29 PM org.springframework.mock.jndi.SimpleNamingContextBuilder bind
INFO: Static JNDI binding: [java:comp/env/jdbc.portDb.beanName] = [portDataSource]
Jul 02, 2021 12:17:29 PM org.springframework.mock.jndi.SimpleNamingContextBuilder bind
INFO: Static JNDI binding: [java:comp/env/jdbc.servDb.password] = [agile]
Jul 02, 2021 12:17:29 PM org.springframework.mock.jndi.SimpleNamingContextBuilder bind
INFO: Static JNDI binding: [java:comp/env/jdbc.portDb.driverClassName] = [org.apache.derby.jdbc.EmbeddedDriver]
Jul 02, 2021 12:17:29 PM org.springframework.mock.jndi.SimpleNamingContextBuilder bind
INFO: Static JNDI binding: [java:comp/env/jdbc.portDb.username] = [agile]
Jul 02, 2021 12:17:29 PM org.springframework.mock.jndi.SimpleNamingContextBuilder bind
INFO: Static JNDI binding: [java:comp/env/jdbc.servDb.username] = [agile]
Jul 02, 2021 12:17:29 PM org.springframework.mock.jndi.SimpleNamingContextBuilder bind
INFO: Static JNDI binding: [java:comp/env/logName] = [/workspace/source/target/test/entando-plugin-jpcontentscheduler]
Jul 02, 2021 12:17:29 PM org.springframework.mock.jndi.SimpleNamingContextBuilder bind
INFO: Static JNDI binding: [java:comp/env/logFileRotatePattern] = [/workspace/source/target/test/entando-plugin-jpcontentscheduler_logs/entando-plugin-jpcontentscheduler-%i.log.gz]
Jul 02, 2021 12:17:30 PM org.springframework.mock.jndi.SimpleNamingContextBuilder bind
INFO: Static JNDI binding: [java:comp/env/jdbc/servDataSource] = [org.apache.commons.dbcp2.BasicDataSource@5980fa73]
Jul 02, 2021 12:17:30 PM org.springframework.mock.jndi.SimpleNamingContextBuilder bind
INFO: Static JNDI binding: [java:comp/env/jdbc/portDataSource] = [org.apache.commons.dbcp2.BasicDataSource@13ca16bf]
Jul 02, 2021 12:17:30 PM org.springframework.mock.web.MockServletContext log
INFO: Initializing Spring **** WebApplicationContext
Jul 02, 2021 12:17:30 PM org.springframework.web.context.ContextLoader initWebApplicationContext
INFO: Root WebApplicationContext: initialization started
Jul 02, 2021 12:17:36 PM org.springframework.context.support.AbstractApplicationContext refresh
WARNING: Exception encountered during context initialization - cancelling refresh attempt: org.springframework.beans.factory.BeanCreationException: Error creating bean with name 'InitializerManager' defined in class path resource [spring/baseSystemConfig.xml]: Cannot create inner bean 'org.entando.entando.aps.******.init.cache.InitializerManagerCacheWrapper#6030eff1' of type [org.entando.entando.aps.******.init.cache.InitializerManagerCacheWrapper] while setting bean property 'cacheWrapper'; nested exception is org.springframework.beans.factory.UnsatisfiedDependencyException: Error creating bean with name 'org.entando.entando.aps.******.init.cache.InitializerManagerCacheWrapper#6030eff1': Unsatisfied dependency expressed through method 'setSpringCacheManager' parameter 0; nested exception is org.springframework.beans.factory.BeanDefinitionStoreException: Invalid bean definition with name 'contentModelDictionaryContentMap' defined in URL [jar:file:/home/jenkins/.mvnrepository/org/entando/entando/plugins/entando-plugin-jacms/6.3.32/entando-plugin-jacms-6.3.32-classes.jar!/spring/plugins/jacms/aps/cms-contentmodel-dictionary-config.xml]: Could not resolve parent bean definition 'dataModelDictionaryRootMap'; nested exception is org.springframework.beans.factory.NoSuchBeanDefinitionException: No bean named 'dataModelDictionaryRootMap' available
Jul 02, 2021 12:17:36 PM org.springframework.web.context.ContextLoader initWebApplicationContext
SEVERE: Context initialization failed
org.springframework.beans.factory.BeanCreationException: Error creating bean with name 'InitializerManager' defined in class path resource [spring/baseSystemConfig.xml]: Cannot create inner bean 'org.entando.entando.aps.******.init.cache.InitializerManagerCacheWrapper#6030eff1' of type [org.entando.entando.aps.******.init.cache.InitializerManagerCacheWrapper] while setting bean property 'cacheWrapper'; nested exception is org.springframework.beans.factory.UnsatisfiedDependencyException: Error creating bean with name 'org.entando.entando.aps.******.init.cache.InitializerManagerCacheWrapper#6030eff1': Unsatisfied dependency expressed through method 'setSpringCacheManager' parameter 0; nested exception is org.springframework.beans.factory.BeanDefinitionStoreException: Invalid bean definition with name 'contentModelDictionaryContentMap' defined in URL [jar:file:/home/jenkins/.mvnrepository/org/entando/entando/plugins/entando-plugin-jacms/6.3.32/entando-plugin-jacms-6.3.32-classes.jar!/spring/plugins/jacms/aps/cms-contentmodel-dictionary-config.xml]: Could not resolve parent bean definition 'dataModelDictionaryRootMap'; nested exception is org.springframework.beans.factory.NoSuchBeanDefinitionException: No bean named 'dataModelDictionaryRootMap' available
	at org.springframework.beans.factory.support.BeanDefinitionValueResolver.resolveInnerBean(BeanDefinitionValueResolver.java:389)
	at org.springframework.beans.factory.support.BeanDefinitionValueResolver.resolveValueIfNecessary(BeanDefinitionValueResolver.java:127)
	at org.springframework.beans.factory.support.AbstractAutowireCapableBeanFactory.applyPropertyValues(AbstractAutowireCapableBeanFactory.java:1689)
	at org.springframework.beans.factory.support.AbstractAutowireCapableBeanFactory.populateBean(AbstractAutowireCapableBeanFactory.java:1434)
	at org.springframework.beans.factory.support.AbstractAutowireCapableBeanFactory.doCreateBean(AbstractAutowireCapableBeanFactory.java:601)
	at org.springframework.beans.factory.support.AbstractAutowireCapableBeanFactory.createBean(AbstractAutowireCapableBeanFactory.java:524)
	at org.springframework.beans.factory.support.AbstractBeanFactory.lambda$doGetBean$0(AbstractBeanFactory.java:335)
	at org.springframework.beans.factory.support.DefaultSingletonBeanRegistry.getSingleton(DefaultSingletonBeanRegistry.java:***)
	at org.springframework.beans.factory.support.AbstractBeanFactory.doGetBean(AbstractBeanFactory.java:333)
	at org.springframework.beans.factory.support.AbstractBeanFactory.getBean(AbstractBeanFactory.java:208)
	at org.springframework.beans.factory.support.DefaultListableBeanFactory.preInstantiateSingletons(DefaultListableBeanFactory.java:944)
	at org.springframework.context.support.AbstractApplicationContext.finishBeanFactoryInitialization(AbstractApplicationContext.java:918)
	at org.springframework.context.support.AbstractApplicationContext.refresh(AbstractApplicationContext.java:583)
	at org.springframework.web.context.ContextLoader.configureAndRefreshWebApplicationContext(ContextLoader.java:401)
	at org.springframework.web.context.ContextLoader.initWebApplicationContext(ContextLoader.java:292)
	at com.agiletec.ConfigTestUtils.createApplicationContext(ConfigTestUtils.java:55)
	at com.agiletec.aps.BaseTestCase.setUp(BaseTestCase.java:51)
	at java.base/jdk.internal.reflect.NativeMethodAccessorImpl.invoke0(Native Method)
	at java.base/jdk.internal.reflect.NativeMethodAccessorImpl.invoke(NativeMethodAccessorImpl.java:62)
	at java.base/jdk.internal.reflect.DelegatingMethodAccessorImpl.invoke(DelegatingMethodAccessorImpl.java:43)
	at java.base/java.lang.reflect.Method.invoke(Method.java:566)
	at org.junit.platform.commons.util.ReflectionUtils.invokeMethod(ReflectionUtils.java:688)
	at org.junit.jupiter.engine.e**cution.MethodInvocation.proceed(MethodInvocation.java:60)
	at org.junit.jupiter.engine.e**cution.InvocationInterceptorChain$ValidatingInvocation.proceed(InvocationInterceptorChain.java:131)
	at org.junit.jupiter.engine.extension.TimeoutExtension.intercept(TimeoutExtension.java:149)
	at org.junit.jupiter.engine.extension.TimeoutExtension.interceptLifecycleMethod(TimeoutExtension.java:126)
	at org.junit.jupiter.engine.extension.TimeoutExtension.interceptBeforeAllMethod(TimeoutExtension.java:68)
	at org.junit.jupiter.engine.e**cution.E**cutableInvoker$ReflectiveInterceptorCall.lambda$ofVoidMethod$0(E**cutableInvoker.java:115)
	at org.junit.jupiter.engine.e**cution.E**cutableInvoker.lambda$invoke$0(E**cutableInvoker.java:105)
	at org.junit.jupiter.engine.e**cution.InvocationInterceptorChain$InterceptedInvocation.proceed(InvocationInterceptorChain.java:106)
	at org.junit.jupiter.engine.e**cution.InvocationInterceptorChain.proceed(InvocationInterceptorChain.java:64)
	at org.junit.jupiter.engine.e**cution.InvocationInterceptorChain.chainAndInvoke(InvocationInterceptorChain.java:45)
	at org.junit.jupiter.engine.e**cution.InvocationInterceptorChain.invoke(InvocationInterceptorChain.java:37)
	at org.junit.jupiter.engine.e**cution.E**cutableInvoker.invoke(E**cutableInvoker.java:104)
	at org.junit.jupiter.engine.e**cution.E**cutableInvoker.invoke(E**cutableInvoker.java:98)
	at org.junit.jupiter.engine.descriptor.ClassBasedTestDescriptor.lambda$invokeBeforeAllMethods$9(ClassBasedTestDescriptor.java:384)
	at org.junit.platform.engine.support.hierarchical.ThrowableCollector.e**cute(ThrowableCollector.java:73)
	at org.junit.jupiter.engine.descriptor.ClassBasedTestDescriptor.invokeBeforeAllMethods(ClassBasedTestDescriptor.java:382)
	at org.junit.jupiter.engine.descriptor.ClassBasedTestDescriptor.before(ClassBasedTestDescriptor.java:196)
	at org.junit.jupiter.engine.descriptor.ClassBasedTestDescriptor.before(ClassBasedTestDescriptor.java:78)
	at org.junit.platform.engine.support.hierarchical.NodeTestTask.lambda$e**cuteRecursively$5(NodeTestTask.java:136)
	at org.junit.platform.engine.support.hierarchical.ThrowableCollector.e**cute(ThrowableCollector.java:73)
	at org.junit.platform.engine.support.hierarchical.NodeTestTask.lambda$e**cuteRecursively$7(NodeTestTask.java:129)
	at org.junit.platform.engine.support.hierarchical.Node.around(Node.java:137)
	at org.junit.platform.engine.support.hierarchical.NodeTestTask.lambda$e**cuteRecursively$8(NodeTestTask.java:127)
	at org.junit.platform.engine.support.hierarchical.ThrowableCollector.e**cute(ThrowableCollector.java:73)
	at org.junit.platform.engine.support.hierarchical.NodeTestTask.e**cuteRecursively(NodeTestTask.java:126)
	at org.junit.platform.engine.support.hierarchical.NodeTestTask.e**cute(NodeTestTask.java:84)
	at java.base/java.util.ArrayList.forEach(ArrayList.java:1540)
	at org.junit.platform.engine.support.hierarchical.SameThreadHierarchicalTestE**cutorService.invokeAll(SameThreadHierarchicalTestE**cutorService.java:38)
	at org.junit.platform.engine.support.hierarchical.NodeTestTask.lambda$e**cuteRecursively$5(NodeTestTask.java:143)
	at org.junit.platform.engine.support.hierarchical.ThrowableCollector.e**cute(ThrowableCollector.java:73)
	at org.junit.platform.engine.support.hierarchical.NodeTestTask.lambda$e**cuteRecursively$7(NodeTestTask.java:129)
	at org.junit.platform.engine.support.hierarchical.Node.around(Node.java:137)
	at org.junit.platform.engine.support.hierarchical.NodeTestTask.lambda$e**cuteRecursively$8(NodeTestTask.java:127)
	at org.junit.platform.engine.support.hierarchical.ThrowableCollector.e**cute(ThrowableCollector.java:73)
	at org.junit.platform.engine.support.hierarchical.NodeTestTask.e**cuteRecursively(NodeTestTask.java:126)
	at org.junit.platform.engine.support.hierarchical.NodeTestTask.e**cute(NodeTestTask.java:84)
	at org.junit.platform.engine.support.hierarchical.SameThreadHierarchicalTestE**cutorService.submit(SameThreadHierarchicalTestE**cutorService.java:32)
	at org.junit.platform.engine.support.hierarchical.HierarchicalTestE**cutor.e**cute(HierarchicalTestE**cutor.java:57)
	at org.junit.platform.engine.support.hierarchical.HierarchicalTestEngine.e**cute(HierarchicalTestEngine.java:51)
	at org.junit.platform.launcher.core.EngineE**cutionOrchestrator.e**cute(EngineE**cutionOrchestrator.java:108)
	at org.junit.platform.launcher.core.EngineE**cutionOrchestrator.e**cute(EngineE**cutionOrchestrator.java:88)
	at org.junit.platform.launcher.core.EngineE**cutionOrchestrator.lambda$e**cute$0(EngineE**cutionOrchestrator.java:54)
	at org.junit.platform.launcher.core.EngineE**cutionOrchestrator.withInterceptedStreams(EngineE**cutionOrchestrator.java:67)
	at org.junit.platform.launcher.core.EngineE**cutionOrchestrator.e**cute(EngineE**cutionOrchestrator.java:52)
	at org.junit.platform.launcher.core.DefaultLauncher.e**cute(DefaultLauncher.java:96)
	at org.junit.platform.launcher.core.DefaultLauncher.e**cute(DefaultLauncher.java:75)
	at org.apache.maven.surefire.junitplatform.JUnitPlatformProvider.invokeAllTests(JUnitPlatformProvider.java:154)
	at org.apache.maven.surefire.junitplatform.JUnitPlatformProvider.invoke(JUnitPlatformProvider.java:127)
	at org.apache.maven.surefire.booter.ForkedBooter.runSuitesInProcess(ForkedBooter.java:377)
	at org.apache.maven.surefire.booter.ForkedBooter.e**cute(ForkedBooter.java:138)
	at org.apache.maven.surefire.booter.ForkedBooter.run(ForkedBooter.java:465)
	at org.apache.maven.surefire.booter.ForkedBooter.main(ForkedBooter.java:451)
Caused by: org.springframework.beans.factory.UnsatisfiedDependencyException: Error creating bean with name 'org.entando.entando.aps.******.init.cache.InitializerManagerCacheWrapper#6030eff1': Unsatisfied dependency expressed through method 'setSpringCacheManager' parameter 0; nested exception is org.springframework.beans.factory.BeanDefinitionStoreException: Invalid bean definition with name 'contentModelDictionaryContentMap' defined in URL [jar:file:/home/jenkins/.mvnrepository/org/entando/entando/plugins/entando-plugin-jacms/6.3.32/entando-plugin-jacms-6.3.32-classes.jar!/spring/plugins/jacms/aps/cms-contentmodel-dictionary-config.xml]: Could not resolve parent bean definition 'dataModelDictionaryRootMap'; nested exception is org.springframework.beans.factory.NoSuchBeanDefinitionException: No bean named 'dataModelDictionaryRootMap' available
	at org.springframework.beans.factory.annotation.AutowiredAnnotationBeanPostProcessor$AutowiredMethodElement.resolveMethodArguments(AutowiredAnnotationBeanPostProcessor.java:768)
	at org.springframework.beans.factory.annotation.AutowiredAnnotationBeanPostProcessor$AutowiredMethodElement.inject(AutowiredAnnotationBeanPostProcessor.java:720)
	at org.springframework.beans.factory.annotation.InjectionMetadata.inject(InjectionMetadata.java:119)
	at org.springframework.beans.factory.annotation.AutowiredAnnotationBeanPostProcessor.postProcessProperties(AutowiredAnnotationBeanPostProcessor.java:399)
	at org.springframework.beans.factory.support.AbstractAutowireCapableBeanFactory.populateBean(AbstractAutowireCapableBeanFactory.java:1413)
	at org.springframework.beans.factory.support.AbstractAutowireCapableBeanFactory.doCreateBean(AbstractAutowireCapableBeanFactory.java:601)
	at org.springframework.beans.factory.support.AbstractAutowireCapableBeanFactory.createBean(AbstractAutowireCapableBeanFactory.java:524)
	at org.springframework.beans.factory.support.BeanDefinitionValueResolver.resolveInnerBean(BeanDefinitionValueResolver.java:374)
	... 73 more
Caused by: org.springframework.beans.factory.BeanDefinitionStoreException: Invalid bean definition with name 'contentModelDictionaryContentMap' defined in URL [jar:file:/home/jenkins/.mvnrepository/org/entando/entando/plugins/entando-plugin-jacms/6.3.32/entando-plugin-jacms-6.3.32-classes.jar!/spring/plugins/jacms/aps/cms-contentmodel-dictionary-config.xml]: Could not resolve parent bean definition 'dataModelDictionaryRootMap'; nested exception is org.springframework.beans.factory.NoSuchBeanDefinitionException: No bean named 'dataModelDictionaryRootMap' available
	at org.springframework.beans.factory.support.AbstractBeanFactory.getMergedBeanDefinition(AbstractBeanFactory.java:1417)
	at org.springframework.beans.factory.support.AbstractBeanFactory.getMergedBeanDefinition(AbstractBeanFactory.java:1358)
	at org.springframework.beans.factory.support.AbstractBeanFactory.getMergedLocalBeanDefinition(AbstractBeanFactory.java:1344)
	at org.springframework.beans.factory.support.DefaultListableBeanFactory.doGetBeanNamesForType(DefaultListableBeanFactory.java:565)
	at org.springframework.beans.factory.support.DefaultListableBeanFactory.getBeanNamesForType(DefaultListableBeanFactory.java:550)
	at org.springframework.beans.factory.BeanFactoryUtils.beanNamesForTypeIncludingAncestors(BeanFactoryUtils.java:265)
	at org.springframework.beans.factory.support.DefaultListableBeanFactory.findAutowireCandidates(DefaultListableBeanFactory.java:1546)
	at org.springframework.beans.factory.support.DefaultListableBeanFactory.doResolveDependency(DefaultListableBeanFactory.java:1343)
	at org.springframework.beans.factory.support.DefaultListableBeanFactory.resolveDependency(DefaultListableBeanFactory.java:1300)
	at org.springframework.beans.factory.annotation.AutowiredAnnotationBeanPostProcessor$AutowiredMethodElement.resolveMethodArguments(AutowiredAnnotationBeanPostProcessor.java:760)
	... 80 more
Caused by: org.springframework.beans.factory.NoSuchBeanDefinitionException: No bean named 'dataModelDictionaryRootMap' available
	at org.springframework.beans.factory.support.DefaultListableBeanFactory.getBeanDefinition(DefaultListableBeanFactory.java:863)
	at org.springframework.beans.factory.support.AbstractBeanFactory.getMergedLocalBeanDefinition(AbstractBeanFactory.java:1344)
	at org.springframework.beans.factory.support.AbstractBeanFactory.getMergedBeanDefinition(AbstractBeanFactory.java:1132)
	at org.springframework.beans.factory.support.AbstractBeanFactory.getMergedBeanDefinition(AbstractBeanFactory.java:1401)
	... 89 more

[INFO] Tests run: 0, Failures: 0, Errors: 0, Skipped: 0, Time elapsed: 6.991 s - in org.entando.entando.plugins.jpcontentscheduler.aps.******.services.content.TestContentJobs
[INFO] Running org.entando.entando.plugins.jpcontentscheduler.aps.******.services.content.TestContentScheduler
Jul 02, 2021 12:17:36 PM org.springframework.mock.jndi.SimpleNamingContextBuilder bind
INFO: Static JNDI binding: [java:comp/env/logName] = [/workspace/source/target/test/entando-plugin-jpcontentscheduler]
Jul 02, 2021 12:17:36 PM org.springframework.mock.jndi.SimpleNamingContextBuilder bind
INFO: Static JNDI binding: [java:comp/env/logFileRotatePattern] = [/workspace/source/target/test/entando-plugin-jpcontentscheduler_logs/entando-plugin-jpcontentscheduler-%i.log.gz]
Jul 02, 2021 12:17:36 PM org.springframework.mock.jndi.SimpleNamingContextBuilder bind
INFO: Static JNDI binding: [java:comp/env/logLevel] = [ERROR]
Jul 02, 2021 12:17:36 PM org.springframework.mock.jndi.SimpleNamingContextBuilder bind
INFO: Static JNDI binding: [java:comp/env/logFileSize] = [1048576]
Jul 02, 2021 12:17:36 PM org.springframework.mock.jndi.SimpleNamingContextBuilder bind
INFO: Static JNDI binding: [java:comp/env/logFilesCount] = [10]
Jul 02, 2021 12:17:36 PM org.springframework.mock.jndi.SimpleNamingContextBuilder bind
INFO: Static JNDI binding: [java:comp/env/configVersion] = [test]
Jul 02, 2021 12:17:36 PM org.springframework.mock.jndi.SimpleNamingContextBuilder bind
INFO: Static JNDI binding: [java:comp/env/applicationBaseURL] = [/Entando/]
Jul 02, 2021 12:17:36 PM org.springframework.mock.jndi.SimpleNamingContextBuilder bind
INFO: Static JNDI binding: [java:comp/env/resourceRootURL] = [/Entando/resources/]
Jul 02, 2021 12:17:36 PM org.springframework.mock.jndi.SimpleNamingContextBuilder bind
INFO: Static JNDI binding: [java:comp/env/protectedResourceRootURL] = [/Entando/protected/]
Jul 02, 2021 12:17:36 PM org.springframework.mock.jndi.SimpleNamingContextBuilder bind
INFO: Static JNDI binding: [java:comp/env/resourceDiskRootFolder] = [target/test/resources/]
Jul 02, 2021 12:17:36 PM org.springframework.mock.jndi.SimpleNamingContextBuilder bind
INFO: Static JNDI binding: [java:comp/env/protectedResourceDiskRootFolder] = [target/test/protected/]
Jul 02, 2021 12:17:36 PM org.springframework.mock.jndi.SimpleNamingContextBuilder bind
INFO: Static JNDI binding: [java:comp/env/indexDiskRootFolder] = [target/test/indexdir]
Jul 02, 2021 12:17:36 PM org.springframework.mock.jndi.SimpleNamingContextBuilder bind
INFO: Static JNDI binding: [java:comp/env/portDataSourceClassName] = [org.apache.derby.jdbc.EmbeddedDriver]
Jul 02, 2021 12:17:36 PM org.springframework.mock.jndi.SimpleNamingContextBuilder bind
INFO: Static JNDI binding: [java:comp/env/logActiveFileOutput] = [false]
Jul 02, 2021 12:17:36 PM org.springframework.mock.jndi.SimpleNamingContextBuilder bind
INFO: Static JNDI binding: [java:comp/env/jdbc.servDb.url] = [jdbc:derby:/workspace/source/target/test/db/entando-plugin-jpcontentschedulertestServ;create=****]
Jul 02, 2021 12:17:36 PM org.springframework.mock.jndi.SimpleNamingContextBuilder bind
INFO: Static JNDI binding: [java:comp/env/servDataSourceClassName] = [org.apache.derby.jdbc.EmbeddedDriver]
Jul 02, 2021 12:17:36 PM org.springframework.mock.jndi.SimpleNamingContextBuilder bind
INFO: Static JNDI binding: [java:comp/env/logFilesCount] = [10]
Jul 02, 2021 12:17:36 PM org.springframework.mock.jndi.SimpleNamingContextBuilder bind
INFO: Static JNDI binding: [java:comp/env/applicationBaseURL] = [/Entando/]
Jul 02, 2021 12:17:36 PM org.springframework.mock.jndi.SimpleNamingContextBuilder bind
INFO: Static JNDI binding: [java:comp/env/jdbc.portDb.password] = [agile]
Jul 02, 2021 12:17:36 PM org.springframework.mock.jndi.SimpleNamingContextBuilder bind
INFO: Static JNDI binding: [java:comp/env/logLevel] = [ERROR]
Jul 02, 2021 12:17:36 PM org.springframework.mock.jndi.SimpleNamingContextBuilder bind
INFO: Static JNDI binding: [java:comp/env/indexDiskRootFolder] = [target/test/indexdir]
Jul 02, 2021 12:17:36 PM org.springframework.mock.jndi.SimpleNamingContextBuilder bind
INFO: Static JNDI binding: [java:comp/env/logFileSize] = [1048576]
Jul 02, 2021 12:17:36 PM org.springframework.mock.jndi.SimpleNamingContextBuilder bind
INFO: Static JNDI binding: [java:comp/env/resourceDiskRootFolder] = [target/test/resources/]
Jul 02, 2021 12:17:36 PM org.springframework.mock.jndi.SimpleNamingContextBuilder bind
INFO: Static JNDI binding: [java:comp/env/protectedResourceRootURL] = [/Entando/protected/]
Jul 02, 2021 12:17:36 PM org.springframework.mock.jndi.SimpleNamingContextBuilder bind
INFO: Static JNDI binding: [java:comp/env/resourceRootURL] = [/Entando/resources/]
Jul 02, 2021 12:17:36 PM org.springframework.mock.jndi.SimpleNamingContextBuilder bind
INFO: Static JNDI binding: [java:comp/env/configVersion] = [test]
Jul 02, 2021 12:17:36 PM org.springframework.mock.jndi.SimpleNamingContextBuilder bind
INFO: Static JNDI binding: [java:comp/env/jdbc.servDb.beanName] = [servDataSource]
Jul 02, 2021 12:17:36 PM org.springframework.mock.jndi.SimpleNamingContextBuilder bind
INFO: Static JNDI binding: [java:comp/env/jdbc.portDb.url] = [jdbc:derby:/workspace/source/target/test/db/entando-plugin-jpcontentschedulertestPort;create=****]
Jul 02, 2021 12:17:36 PM org.springframework.mock.jndi.SimpleNamingContextBuilder bind
INFO: Static JNDI binding: [java:comp/env/jdbc.servDb.driverClassName] = [org.apache.derby.jdbc.EmbeddedDriver]
Jul 02, 2021 12:17:36 PM org.springframework.mock.jndi.SimpleNamingContextBuilder bind
INFO: Static JNDI binding: [java:comp/env/protectedResourceDiskRootFolder] = [target/test/protected/]
Jul 02, 2021 12:17:36 PM org.springframework.mock.jndi.SimpleNamingContextBuilder bind
INFO: Static JNDI binding: [java:comp/env/jdbc.portDb.beanName] = [portDataSource]
Jul 02, 2021 12:17:36 PM org.springframework.mock.jndi.SimpleNamingContextBuilder bind
INFO: Static JNDI binding: [java:comp/env/jdbc.servDb.password] = [agile]
Jul 02, 2021 12:17:36 PM org.springframework.mock.jndi.SimpleNamingContextBuilder bind
INFO: Static JNDI binding: [java:comp/env/jdbc.portDb.driverClassName] = [org.apache.derby.jdbc.EmbeddedDriver]
Jul 02, 2021 12:17:36 PM org.springframework.mock.jndi.SimpleNamingContextBuilder bind
INFO: Static JNDI binding: [java:comp/env/jdbc.portDb.username] = [agile]
Jul 02, 2021 12:17:36 PM org.springframework.mock.jndi.SimpleNamingContextBuilder bind
INFO: Static JNDI binding: [java:comp/env/jdbc.servDb.username] = [agile]
Jul 02, 2021 12:17:36 PM org.springframework.mock.jndi.SimpleNamingContextBuilder bind
INFO: Static JNDI binding: [java:comp/env/logName] = [/workspace/source/target/test/entando-plugin-jpcontentscheduler]
Jul 02, 2021 12:17:36 PM org.springframework.mock.jndi.SimpleNamingContextBuilder bind
INFO: Static JNDI binding: [java:comp/env/logFileRotatePattern] = [/workspace/source/target/test/entando-plugin-jpcontentscheduler_logs/entando-plugin-jpcontentscheduler-%i.log.gz]
Jul 02, 2021 12:17:36 PM org.springframework.mock.jndi.SimpleNamingContextBuilder bind
INFO: Static JNDI binding: [java:comp/env/jdbc/servDataSource] = [org.apache.commons.dbcp2.BasicDataSource@7b5f7b34]
Jul 02, 2021 12:17:36 PM org.springframework.mock.jndi.SimpleNamingContextBuilder bind
INFO: Static JNDI binding: [java:comp/env/jdbc/portDataSource] = [org.apache.commons.dbcp2.BasicDataSource@71c62aab]
Jul 02, 2021 12:17:36 PM org.springframework.mock.web.MockServletContext log
INFO: Initializing Spring **** WebApplicationContext
Jul 02, 2021 12:17:36 PM org.springframework.web.context.ContextLoader initWebApplicationContext
INFO: Root WebApplicationContext: initialization started
Jul 02, 2021 12:17:38 PM org.springframework.context.support.AbstractApplicationContext refresh
WARNING: Exception encountered during context initialization - cancelling refresh attempt: org.springframework.beans.factory.BeanCreationException: Error creating bean with name 'InitializerManager' defined in class path resource [spring/baseSystemConfig.xml]: Cannot create inner bean 'org.entando.entando.aps.******.init.cache.InitializerManagerCacheWrapper#3027191a' of type [org.entando.entando.aps.******.init.cache.InitializerManagerCacheWrapper] while setting bean property 'cacheWrapper'; nested exception is org.springframework.beans.factory.UnsatisfiedDependencyException: Error creating bean with name 'org.entando.entando.aps.******.init.cache.InitializerManagerCacheWrapper#3027191a': Unsatisfied dependency expressed through method 'setSpringCacheManager' parameter 0; nested exception is org.springframework.beans.factory.BeanDefinitionStoreException: Invalid bean definition with name 'contentModelDictionaryContentMap' defined in URL [jar:file:/home/jenkins/.mvnrepository/org/entando/entando/plugins/entando-plugin-jacms/6.3.32/entando-plugin-jacms-6.3.32-classes.jar!/spring/plugins/jacms/aps/cms-contentmodel-dictionary-config.xml]: Could not resolve parent bean definition 'dataModelDictionaryRootMap'; nested exception is org.springframework.beans.factory.NoSuchBeanDefinitionException: No bean named 'dataModelDictionaryRootMap' available
Jul 02, 2021 12:17:38 PM org.springframework.web.context.ContextLoader initWebApplicationContext
SEVERE: Context initialization failed
org.springframework.beans.factory.BeanCreationException: Error creating bean with name 'InitializerManager' defined in class path resource [spring/baseSystemConfig.xml]: Cannot create inner bean 'org.entando.entando.aps.******.init.cache.InitializerManagerCacheWrapper#3027191a' of type [org.entando.entando.aps.******.init.cache.InitializerManagerCacheWrapper] while setting bean property 'cacheWrapper'; nested exception is org.springframework.beans.factory.UnsatisfiedDependencyException: Error creating bean with name 'org.entando.entando.aps.******.init.cache.InitializerManagerCacheWrapper#3027191a': Unsatisfied dependency expressed through method 'setSpringCacheManager' parameter 0; nested exception is org.springframework.beans.factory.BeanDefinitionStoreException: Invalid bean definition with name 'contentModelDictionaryContentMap' defined in URL [jar:file:/home/jenkins/.mvnrepository/org/entando/entando/plugins/entando-plugin-jacms/6.3.32/entando-plugin-jacms-6.3.32-classes.jar!/spring/plugins/jacms/aps/cms-contentmodel-dictionary-config.xml]: Could not resolve parent bean definition 'dataModelDictionaryRootMap'; nested exception is org.springframework.beans.factory.NoSuchBeanDefinitionException: No bean named 'dataModelDictionaryRootMap' available
	at org.springframework.beans.factory.support.BeanDefinitionValueResolver.resolveInnerBean(BeanDefinitionValueResolver.java:389)
	at org.springframework.beans.factory.support.BeanDefinitionValueResolver.resolveValueIfNecessary(BeanDefinitionValueResolver.java:127)
	at org.springframework.beans.factory.support.AbstractAutowireCapableBeanFactory.applyPropertyValues(AbstractAutowireCapableBeanFactory.java:1689)
	at org.springframework.beans.factory.support.AbstractAutowireCapableBeanFactory.populateBean(AbstractAutowireCapableBeanFactory.java:1434)
	at org.springframework.beans.factory.support.AbstractAutowireCapableBeanFactory.doCreateBean(AbstractAutowireCapableBeanFactory.java:601)
	at org.springframework.beans.factory.support.AbstractAutowireCapableBeanFactory.createBean(AbstractAutowireCapableBeanFactory.java:524)
	at org.springframework.beans.factory.support.AbstractBeanFactory.lambda$doGetBean$0(AbstractBeanFactory.java:335)
	at org.springframework.beans.factory.support.DefaultSingletonBeanRegistry.getSingleton(DefaultSingletonBeanRegistry.java:***)
	at org.springframework.beans.factory.support.AbstractBeanFactory.doGetBean(AbstractBeanFactory.java:333)
	at org.springframework.beans.factory.support.AbstractBeanFactory.getBean(AbstractBeanFactory.java:208)
	at org.springframework.beans.factory.support.DefaultListableBeanFactory.preInstantiateSingletons(DefaultListableBeanFactory.java:944)
	at org.springframework.context.support.AbstractApplicationContext.finishBeanFactoryInitialization(AbstractApplicationContext.java:918)
	at org.springframework.context.support.AbstractApplicationContext.refresh(AbstractApplicationContext.java:583)
	at org.springframework.web.context.ContextLoader.configureAndRefreshWebApplicationContext(ContextLoader.java:401)
	at org.springframework.web.context.ContextLoader.initWebApplicationContext(ContextLoader.java:292)
	at com.agiletec.ConfigTestUtils.createApplicationContext(ConfigTestUtils.java:55)
	at com.agiletec.aps.BaseTestCase.setUp(BaseTestCase.java:51)
	at java.base/jdk.internal.reflect.NativeMethodAccessorImpl.invoke0(Native Method)
	at java.base/jdk.internal.reflect.NativeMethodAccessorImpl.invoke(NativeMethodAccessorImpl.java:62)
	at java.base/jdk.internal.reflect.DelegatingMethodAccessorImpl.invoke(DelegatingMethodAccessorImpl.java:43)
	at java.base/java.lang.reflect.Method.invoke(Method.java:566)
	at org.junit.platform.commons.util.ReflectionUtils.invokeMethod(ReflectionUtils.java:688)
	at org.junit.jupiter.engine.e**cution.MethodInvocation.proceed(MethodInvocation.java:60)
	at org.junit.jupiter.engine.e**cution.InvocationInterceptorChain$ValidatingInvocation.proceed(InvocationInterceptorChain.java:131)
	at org.junit.jupiter.engine.extension.TimeoutExtension.intercept(TimeoutExtension.java:149)
	at org.junit.jupiter.engine.extension.TimeoutExtension.interceptLifecycleMethod(TimeoutExtension.java:126)
	at org.junit.jupiter.engine.extension.TimeoutExtension.interceptBeforeAllMethod(TimeoutExtension.java:68)
	at org.junit.jupiter.engine.e**cution.E**cutableInvoker$ReflectiveInterceptorCall.lambda$ofVoidMethod$0(E**cutableInvoker.java:115)
	at org.junit.jupiter.engine.e**cution.E**cutableInvoker.lambda$invoke$0(E**cutableInvoker.java:105)
	at org.junit.jupiter.engine.e**cution.InvocationInterceptorChain$InterceptedInvocation.proceed(InvocationInterceptorChain.java:106)
	at org.junit.jupiter.engine.e**cution.InvocationInterceptorChain.proceed(InvocationInterceptorChain.java:64)
	at org.junit.jupiter.engine.e**cution.InvocationInterceptorChain.chainAndInvoke(InvocationInterceptorChain.java:45)
	at org.junit.jupiter.engine.e**cution.InvocationInterceptorChain.invoke(InvocationInterceptorChain.java:37)
	at org.junit.jupiter.engine.e**cution.E**cutableInvoker.invoke(E**cutableInvoker.java:104)
	at org.junit.jupiter.engine.e**cution.E**cutableInvoker.invoke(E**cutableInvoker.java:98)
	at org.junit.jupiter.engine.descriptor.ClassBasedTestDescriptor.lambda$invokeBeforeAllMethods$9(ClassBasedTestDescriptor.java:384)
	at org.junit.platform.engine.support.hierarchical.ThrowableCollector.e**cute(ThrowableCollector.java:73)
	at org.junit.jupiter.engine.descriptor.ClassBasedTestDescriptor.invokeBeforeAllMethods(ClassBasedTestDescriptor.java:382)
	at org.junit.jupiter.engine.descriptor.ClassBasedTestDescriptor.before(ClassBasedTestDescriptor.java:196)
	at org.junit.jupiter.engine.descriptor.ClassBasedTestDescriptor.before(ClassBasedTestDescriptor.java:78)
	at org.junit.platform.engine.support.hierarchical.NodeTestTask.lambda$e**cuteRecursively$5(NodeTestTask.java:136)
	at org.junit.platform.engine.support.hierarchical.ThrowableCollector.e**cute(ThrowableCollector.java:73)
	at org.junit.platform.engine.support.hierarchical.NodeTestTask.lambda$e**cuteRecursively$7(NodeTestTask.java:129)
	at org.junit.platform.engine.support.hierarchical.Node.around(Node.java:137)
	at org.junit.platform.engine.support.hierarchical.NodeTestTask.lambda$e**cuteRecursively$8(NodeTestTask.java:127)
	at org.junit.platform.engine.support.hierarchical.ThrowableCollector.e**cute(ThrowableCollector.java:73)
	at org.junit.platform.engine.support.hierarchical.NodeTestTask.e**cuteRecursively(NodeTestTask.java:126)
	at org.junit.platform.engine.support.hierarchical.NodeTestTask.e**cute(NodeTestTask.java:84)
	at java.base/java.util.ArrayList.forEach(ArrayList.java:1540)
	at org.junit.platform.engine.support.hierarchical.SameThreadHierarchicalTestE**cutorService.invokeAll(SameThreadHierarchicalTestE**cutorService.java:38)
	at org.junit.platform.engine.support.hierarchical.NodeTestTask.lambda$e**cuteRecursively$5(NodeTestTask.java:143)
	at org.junit.platform.engine.support.hierarchical.ThrowableCollector.e**cute(ThrowableCollector.java:73)
	at org.junit.platform.engine.support.hierarchical.NodeTestTask.lambda$e**cuteRecursively$7(NodeTestTask.java:129)
	at org.junit.platform.engine.support.hierarchical.Node.around(Node.java:137)
	at org.junit.platform.engine.support.hierarchical.NodeTestTask.lambda$e**cuteRecursively$8(NodeTestTask.java:127)
	at org.junit.platform.engine.support.hierarchical.ThrowableCollector.e**cute(ThrowableCollector.java:73)
	at org.junit.platform.engine.support.hierarchical.NodeTestTask.e**cuteRecursively(NodeTestTask.java:126)
	at org.junit.platform.engine.support.hierarchical.NodeTestTask.e**cute(NodeTestTask.java:84)
	at org.junit.platform.engine.support.hierarchical.SameThreadHierarchicalTestE**cutorService.submit(SameThreadHierarchicalTestE**cutorService.java:32)
	at org.junit.platform.engine.support.hierarchical.HierarchicalTestE**cutor.e**cute(HierarchicalTestE**cutor.java:57)
	at org.junit.platform.engine.support.hierarchical.HierarchicalTestEngine.e**cute(HierarchicalTestEngine.java:51)
	at org.junit.platform.launcher.core.EngineE**cutionOrchestrator.e**cute(EngineE**cutionOrchestrator.java:108)
	at org.junit.platform.launcher.core.EngineE**cutionOrchestrator.e**cute(EngineE**cutionOrchestrator.java:88)
	at org.junit.platform.launcher.core.EngineE**cutionOrchestrator.lambda$e**cute$0(EngineE**cutionOrchestrator.java:54)
	at org.junit.platform.launcher.core.EngineE**cutionOrchestrator.withInterceptedStreams(EngineE**cutionOrchestrator.java:67)
	at org.junit.platform.launcher.core.EngineE**cutionOrchestrator.e**cute(EngineE**cutionOrchestrator.java:52)
	at org.junit.platform.launcher.core.DefaultLauncher.e**cute(DefaultLauncher.java:96)
	at org.junit.platform.launcher.core.DefaultLauncher.e**cute(DefaultLauncher.java:75)
	at org.apache.maven.surefire.junitplatform.JUnitPlatformProvider.invokeAllTests(JUnitPlatformProvider.java:154)
	at org.apache.maven.surefire.junitplatform.JUnitPlatformProvider.invoke(JUnitPlatformProvider.java:127)
	at org.apache.maven.surefire.booter.ForkedBooter.runSuitesInProcess(ForkedBooter.java:377)
	at org.apache.maven.surefire.booter.ForkedBooter.e**cute(ForkedBooter.java:138)
	at org.apache.maven.surefire.booter.ForkedBooter.run(ForkedBooter.java:465)
	at org.apache.maven.surefire.booter.ForkedBooter.main(ForkedBooter.java:451)
Caused by: org.springframework.beans.factory.UnsatisfiedDependencyException: Error creating bean with name 'org.entando.entando.aps.******.init.cache.InitializerManagerCacheWrapper#3027191a': Unsatisfied dependency expressed through method 'setSpringCacheManager' parameter 0; nested exception is org.springframework.beans.factory.BeanDefinitionStoreException: Invalid bean definition with name 'contentModelDictionaryContentMap' defined in URL [jar:file:/home/jenkins/.mvnrepository/org/entando/entando/plugins/entando-plugin-jacms/6.3.32/entando-plugin-jacms-6.3.32-classes.jar!/spring/plugins/jacms/aps/cms-contentmodel-dictionary-config.xml]: Could not resolve parent bean definition 'dataModelDictionaryRootMap'; nested exception is org.springframework.beans.factory.NoSuchBeanDefinitionException: No bean named 'dataModelDictionaryRootMap' available
	at org.springframework.beans.factory.annotation.AutowiredAnnotationBeanPostProcessor$AutowiredMethodElement.resolveMethodArguments(AutowiredAnnotationBeanPostProcessor.java:768)
	at org.springframework.beans.factory.annotation.AutowiredAnnotationBeanPostProcessor$AutowiredMethodElement.inject(AutowiredAnnotationBeanPostProcessor.java:720)
	at org.springframework.beans.factory.annotation.InjectionMetadata.inject(InjectionMetadata.java:119)
	at org.springframework.beans.factory.annotation.AutowiredAnnotationBeanPostProcessor.postProcessProperties(AutowiredAnnotationBeanPostProcessor.java:399)
	at org.springframework.beans.factory.support.AbstractAutowireCapableBeanFactory.populateBean(AbstractAutowireCapableBeanFactory.java:1413)
	at org.springframework.beans.factory.support.AbstractAutowireCapableBeanFactory.doCreateBean(AbstractAutowireCapableBeanFactory.java:601)
	at org.springframework.beans.factory.support.AbstractAutowireCapableBeanFactory.createBean(AbstractAutowireCapableBeanFactory.java:524)
	at org.springframework.beans.factory.support.BeanDefinitionValueResolver.resolveInnerBean(BeanDefinitionValueResolver.java:374)
	... 73 more
Caused by: org.springframework.beans.factory.BeanDefinitionStoreException: Invalid bean definition with name 'contentModelDictionaryContentMap' defined in URL [jar:file:/home/jenkins/.mvnrepository/org/entando/entando/plugins/entando-plugin-jacms/6.3.32/entando-plugin-jacms-6.3.32-classes.jar!/spring/plugins/jacms/aps/cms-contentmodel-dictionary-config.xml]: Could not resolve parent bean definition 'dataModelDictionaryRootMap'; nested exception is org.springframework.beans.factory.NoSuchBeanDefinitionException: No bean named 'dataModelDictionaryRootMap' available
	at org.springframework.beans.factory.support.AbstractBeanFactory.getMergedBeanDefinition(AbstractBeanFactory.java:1417)
	at org.springframework.beans.factory.support.AbstractBeanFactory.getMergedBeanDefinition(AbstractBeanFactory.java:1358)
	at org.springframework.beans.factory.support.AbstractBeanFactory.getMergedLocalBeanDefinition(AbstractBeanFactory.java:1344)
	at org.springframework.beans.factory.support.DefaultListableBeanFactory.doGetBeanNamesForType(DefaultListableBeanFactory.java:565)
	at org.springframework.beans.factory.support.DefaultListableBeanFactory.getBeanNamesForType(DefaultListableBeanFactory.java:550)
	at org.springframework.beans.factory.BeanFactoryUtils.beanNamesForTypeIncludingAncestors(BeanFactoryUtils.java:265)
	at org.springframework.beans.factory.support.DefaultListableBeanFactory.findAutowireCandidates(DefaultListableBeanFactory.java:1546)
	at org.springframework.beans.factory.support.DefaultListableBeanFactory.doResolveDependency(DefaultListableBeanFactory.java:1343)
	at org.springframework.beans.factory.support.DefaultListableBeanFactory.resolveDependency(DefaultListableBeanFactory.java:1300)
	at org.springframework.beans.factory.annotation.AutowiredAnnotationBeanPostProcessor$AutowiredMethodElement.resolveMethodArguments(AutowiredAnnotationBeanPostProcessor.java:760)
	... 80 more
Caused by: org.springframework.beans.factory.NoSuchBeanDefinitionException: No bean named 'dataModelDictionaryRootMap' available
	at org.springframework.beans.factory.support.DefaultListableBeanFactory.getBeanDefinition(DefaultListableBeanFactory.java:863)
	at org.springframework.beans.factory.support.AbstractBeanFactory.getMergedLocalBeanDefinition(AbstractBeanFactory.java:1344)
	at org.springframework.beans.factory.support.AbstractBeanFactory.getMergedBeanDefinition(AbstractBeanFactory.java:1132)
	at org.springframework.beans.factory.support.AbstractBeanFactory.getMergedBeanDefinition(AbstractBeanFactory.java:1401)
	... 89 more

[INFO] Tests run: 0, Failures: 0, Errors: 0, Skipped: 0, Time elapsed: 1.643 s - in org.entando.entando.plugins.jpcontentscheduler.aps.******.services.content.TestContentScheduler
[INFO] 
[INFO] Results:
[INFO] 
[INFO] Tests run: 0, Failures: 0, Errors: 0, Skipped: 0
[INFO] 
[INFO] 
[INFO] --- maven-war-plugin:2.1.1:war (default-war) @ entando-plugin-jpcontentscheduler ---
[INFO] Packaging webapp
[INFO] Assembling webapp [entando-plugin-jpcontentscheduler] in [/workspace/source/target/entando-plugin-jpcontentscheduler-0.0.0-SNAPSHOT-PR-22-2]
[INFO] Processing war project
[INFO] Copying webapp resources [/workspace/source/src/main/webapp]
[INFO] Building jar: /workspace/source/target/entando-plugin-jpcontentscheduler-0.0.0-SNAPSHOT-PR-22-2/WEB-INF/lib/entando-plugin-jpcontentscheduler-0.0.0-SNAPSHOT-PR-22-2.jar
[INFO] Webapp assembled in [619 msecs]
[INFO] Building war: /workspace/source/target/entando-plugin-jpcontentscheduler-0.0.0-SNAPSHOT-PR-22-2.war
[INFO] 
[INFO] --- maven-assembly-plugin:2.2.1:single (package-classes) @ entando-plugin-jpcontentscheduler ---
[INFO] Reading assembly descriptor: /workspace/source/src/main/assembly/classes.xml
[INFO] Building jar: /workspace/source/target/entando-plugin-jpcontentscheduler-0.0.0-SNAPSHOT-PR-22-2-classes.jar
[INFO] 
[INFO] --- maven-jar-plugin:3.2.0:test-jar (build-test-jar) @ entando-plugin-jpcontentscheduler ---
[INFO] Building jar: /workspace/source/target/entando-plugin-jpcontentscheduler-0.0.0-SNAPSHOT-PR-22-2-tests.jar
[INFO] 
[INFO] --- maven-javadoc-plugin:3.2.0:jar (attach-javadocs) @ entando-plugin-jpcontentscheduler ---
[INFO] No previous run data found, generating javadoc.
[INFO] Building jar: /workspace/source/target/entando-plugin-jpcontentscheduler-0.0.0-SNAPSHOT-PR-22-2-javadoc.jar
[INFO] 
[INFO] --- maven-surefire-report-plugin:3.0.0-M4:failsafe-report-only (integration-tests) @ entando-plugin-jpcontentscheduler ---
[INFO] 
[INFO] --- dependency-check-maven:6.1.5:aggregate (default) @ entando-plugin-jpcontentscheduler ---
[INFO] Checking for updates
[INFO] Skipping NVD check since last check was within 4 hours.
[INFO] Check for updates complete (72 ms)
[INFO] 

Dependency-Check is an open source tool performing a best effort analysis of 3rd party dependencies; false positives and false negatives may exist in the analysis performed by the tool. Use of the tool and the reporting provided constitutes acceptance for use in an AS IS condition, and there are NO warranties, implied or otherwise, with regard to the analysis or its use. Any use of the tool and the reporting provided is at the user’s risk. In no event shall the copyright holder or OWASP be held liable for any damages whatsoever arising out of or in connection with the use of this tool, the analysis performed, or the resulting report.


   About ODC: https://jeremylong.github.io/DependencyCheck/general/internals.html
   False Positives: https://jeremylong.github.io/DependencyCheck/general/suppression.html

💖 Sponsor: https://github.com/sponsors/jeremylong


[INFO] Analysis Started
[INFO] Finished Archive Analyzer (2 seconds)
[INFO] Finished File Name Analyzer (0 seconds)
[INFO] Finished Jar Analyzer (2 seconds)
[ERROR] ----------------------------------------------------
[ERROR] .NET Assembly Analyzer could not be initialized and at least one 'e**' or 'dll' was scanned. The 'dotnet' e**cutable could not be found on the path; either disable the Assembly Analyzer or add the path to dotnet core in the configuration.
[ERROR] ----------------------------------------------------
[INFO] Finished Dependency Merging Analyzer (0 seconds)
[INFO] Finished Version Filter Analyzer (0 seconds)
[INFO] Finished Hint Analyzer (0 seconds)
[INFO] Created CPE Index (4 seconds)
[INFO] Finished CPE Analyzer (12 seconds)
[INFO] Finished False Positive Analyzer (0 seconds)
[INFO] Finished NVD CVE Analyzer (0 seconds)
[INFO] Finished Sonatype OSS Index Analyzer (3 seconds)
[INFO] Finished Vulnerability Suppression Analyzer (0 seconds)
[INFO] Finished Dependency Bundling Analyzer (0 seconds)
[INFO] Analysis Complete (24 seconds)
[INFO] Writing report to: /workspace/source/target/site/dependency-check-junit.xml
[INFO] Writing report to: /workspace/source/target/site/dependency-check-report.xml
[INFO] Writing report to: /workspace/source/target/site/dependency-check-report.html
[INFO] 
[INFO] --- jacoco-maven-plugin:0.8.6:report (report) @ entando-plugin-jpcontentscheduler ---
[INFO] Loading e**cution data file /workspace/source/target/jacoco.e**c
[INFO] Analyzed bundle 'Entando Plugin: Content Scheduler' with 16 classes
[INFO] 
[INFO] --- maven-surefire-report-plugin:3.0.0-M4:report-only (unit-tests) @ entando-plugin-jpcontentscheduler ---
[WARNING] Unable to locate Test Source XRef to link to - DISABLED
[INFO] 
[INFO] --- maven-install-plugin:2.4:install (default-install) @ entando-plugin-jpcontentscheduler ---
[INFO] Installing /workspace/source/target/entando-plugin-jpcontentscheduler-0.0.0-SNAPSHOT-PR-22-2.war to /home/jenkins/.mvnrepository/org/entando/entando/plugins/entando-plugin-jpcontentscheduler/0.0.0-SNAPSHOT-PR-22-2/entando-plugin-jpcontentscheduler-0.0.0-SNAPSHOT-PR-22-2.war
[INFO] Installing /workspace/source/pom.xml to /home/jenkins/.mvnrepository/org/entando/entando/plugins/entando-plugin-jpcontentscheduler/0.0.0-SNAPSHOT-PR-22-2/entando-plugin-jpcontentscheduler-0.0.0-SNAPSHOT-PR-22-2.pom
[INFO] Installing /workspace/source/target/entando-plugin-jpcontentscheduler-0.0.0-SNAPSHOT-PR-22-2-classes.jar to /home/jenkins/.mvnrepository/org/entando/entando/plugins/entando-plugin-jpcontentscheduler/0.0.0-SNAPSHOT-PR-22-2/entando-plugin-jpcontentscheduler-0.0.0-SNAPSHOT-PR-22-2-classes.jar
[INFO] Installing /workspace/source/target/entando-plugin-jpcontentscheduler-0.0.0-SNAPSHOT-PR-22-2-tests.jar to /home/jenkins/.mvnrepository/org/entando/entando/plugins/entando-plugin-jpcontentscheduler/0.0.0-SNAPSHOT-PR-22-2/entando-plugin-jpcontentscheduler-0.0.0-SNAPSHOT-PR-22-2-tests.jar
[INFO] Installing /workspace/source/target/entando-plugin-jpcontentscheduler-0.0.0-SNAPSHOT-PR-22-2-javadoc.jar to /home/jenkins/.mvnrepository/org/entando/entando/plugins/entando-plugin-jpcontentscheduler/0.0.0-SNAPSHOT-PR-22-2/entando-plugin-jpcontentscheduler-0.0.0-SNAPSHOT-PR-22-2-javadoc.jar
[INFO] 
[INFO] --- maven-deploy-plugin:2.8.2:deploy (default-deploy) @ entando-plugin-jpcontentscheduler ---
[INFO] Using alternate deployment repository local-nexus::default::http://nexus/repository/maven-releases/
[INFO] 
[INFO] ---< org.entando.entando.plugins:entando-plugin-jpcontentscheduler >----
[INFO] Building Entando Plugin: Content Scheduler 0.0.0-SNAPSHOT-PR-22-2
[INFO] --------------------------------[ war ]---------------------------------
[INFO] 
[INFO] --- sonar-maven-plugin:3.9.0.2155:sonar (default-cli) @ entando-plugin-jpcontentscheduler ---
[INFO] User cache: /****/.sonar/cache
[INFO] SonarQube version: 8.8.0
[INFO] Default locale: "en_US", source code encoding: "UTF-8"
[INFO] Load global settings
[INFO] Load global settings (done) | time=209ms
[INFO] Server id: 1BD809FA-AWHW8ct9-T_TB3XqouNu
[INFO] User cache: /****/.sonar/cache
[INFO] Load/download plugins
[INFO] Load plugins index
[INFO] Load plugins index (done) | time=74ms
[INFO] Load/download plugins (done) | time=25551ms
[INFO] Loaded core extensions: developer-scanner
[INFO] JavaScript/TypeScript frontend is enabled
[INFO] Load project settings for component key: 'entando_entando-plugin-jpcontentscheduler'
[INFO] Load project settings for component key: 'entando_entando-plugin-jpcontentscheduler' (done) | time=41ms
[INFO] Process project properties
[INFO] E**cute project builders
[INFO] E**cute project builders (done) | time=4ms
[INFO] Project key: entando_entando-plugin-jpcontentscheduler
[INFO] Base dir: /workspace/source
[INFO] Working dir: /workspace/source/target/sonar
[INFO] Load project branches
[INFO] Load project branches (done) | time=34ms
[INFO] Check ALM binding of project 'entando_entando-plugin-jpcontentscheduler'
[INFO] Detected project binding: NOT_BOUND
[INFO] Check ALM binding of project 'entando_entando-plugin-jpcontentscheduler' (done) | time=25ms
[INFO] Load project pull requests
[INFO] Load project pull requests (done) | time=31ms
[INFO] Load branch configuration
[INFO] Load branch configuration (done) | time=5ms
[INFO] Load quality profiles
[INFO] Load quality profiles (done) | time=77ms
[INFO] Load active rules
[INFO] Load active rules (done) | time=1364ms
[INFO] Organization key: entando
[INFO] Pull request 22 for merge into master from PR-22
[INFO] SCM collecting changed files in the branch
[WARNING] Exception caught during e**cution of command '[/usr/local/git/bin/git, config, --******, --edit]' in '/usr/local/git/bin', return code '128', error message 'fatal: Invalid path '/usr/local/git/etc': No such file or directory
'
[INFO] SCM collecting changed files in the branch (done) | time=283ms
[INFO] Indexing files...
[INFO] Project configuration:
[INFO] 44 files inde**d
[INFO] 0 files ignored because of scm ignore settings
[INFO] Quality profile for java: Sonar way
[INFO] Quality profile for jsp: Sonar way
[INFO] Quality profile for xml: Sonar way
[INFO] ------------- Run sensors on module Entando Plugin: Content Scheduler
[INFO] JavaScript/TypeScript frontend is enabled
[INFO] Load metrics repository
[INFO] Load metrics repository (done) | time=35ms
[INFO] Sensor JavaSensor [java]
[INFO] Configured Java source version (sonar.java.source): 8
[INFO] JavaClasspath initialization
[INFO] JavaClasspath initialization (done) | time=14ms
[INFO] JavaTestClasspath initialization
[INFO] JavaTestClasspath initialization (done) | time=4ms
Jul 02, 2021 12:18:59 PM org.apache.jasper.servlet.TldScanner scanJars
INFO: At least one JAR was scanned for TLDs yet contained no TLDs. Enable debug logging for this logger for a complete list of JARs that were scanned but no TLDs were found in them. Skipping unneeded JARs during scanning can improve startup time and JSP compilation time.
[INFO] Java "Main" source files AST scan
[INFO] 18 source files to be analyzed
[INFO] 13/18 files analyzed, current file: src/main/java/org/entando/entando/plugins/jpcontentscheduler/aps/******/services/content/ContentSchedulerManager.java
[INFO] 18/18 source files have been analyzed
[INFO] Java "Main" source files AST scan (done) | time=11864ms
[INFO] Java "Test" source files AST scan
[INFO] 2 source files to be analyzed
[INFO] 2/2 source files have been analyzed
[INFO] Java "Test" source files AST scan (done) | time=186ms
[INFO] Java "Generated" source files AST scan
[INFO] 11 source files to be analyzed
[INFO] 11/11 source files have been analyzed
[INFO] Java "Generated" source files AST scan (done) | time=4353ms
[INFO] Sensor JavaSensor [java] (done) | time=19444ms
[INFO] Sensor CSS Rules [cssfamily]
[INFO] No CSS, PHP, HTML or VueJS files are found in the project. CSS analysis is skipped.
[INFO] Sensor CSS Rules [cssfamily] (done) | time=2ms
[INFO] Sensor C# Project Type Information [csharp]
[INFO] Sensor C# Project Type Information [csharp] (done) | time=1ms
[INFO] Sensor C# Properties [csharp]
[INFO] Sensor C# Properties [csharp] (done) | time=2ms
[INFO] Sensor Import of Checkstyle issues [java]
[WARNING] Checkstyle report not found: /workspace/source/target/checkstyle-result.xml
[INFO] Sensor Import of Checkstyle issues [java] (done) | time=4ms
[INFO] Sensor SurefireSensor [java]
[INFO] parsing [/workspace/source/target/surefire-reports]
[INFO] Sensor SurefireSensor [java] (done) | time=55ms
[INFO] Sensor JavaXmlSensor [java]
[INFO] 6 source files to be analyzed
[INFO] 6/6 source files have been analyzed
[INFO] Sensor JavaXmlSensor [java] (done) | time=260ms
[INFO] Sensor HTML [web]
[INFO] Sensor HTML [web] (done) | time=291ms
[INFO] Sensor XML Sensor [xml]
[INFO] 6 source files to be analyzed
[INFO] 6/6 source files have been analyzed
[INFO] Sensor XML Sensor [xml] (done) | time=333ms
[INFO] Sensor VB.NET Project Type Information [vbnet]
[INFO] Sensor VB.NET Project Type Information [vbnet] (done) | time=2ms
[INFO] Sensor VB.NET Properties [vbnet]
[INFO] Sensor VB.NET Properties [vbnet] (done) | time=1ms
[INFO] Sensor JaCoCo XML Report Importer [jacoco]
[INFO] Importing 1 report(s). Turn your logs in debug mode in order to see the exhaustive list.
[INFO] Sensor JaCoCo XML Report Importer [jacoco] (done) | time=57ms
[INFO] Sensor ThymeLeaf template sensor [securityjavafrontend]
[INFO] Sensor ThymeLeaf template sensor [securityjavafrontend] (done) | time=5ms
[INFO] Sensor JavaSecuritySensor [security]
[INFO] Reading type hierarchy from: /workspace/source/target/sonar/ucfg2/java
[INFO] Read 239 type definitions
[INFO] Reading UCFGs from: /workspace/source/target/sonar/ucfg2/java
[INFO] 12:19:18.945316 Building Runtime Type propagation graph
[INFO] 12:19:19.085131 Running Tarjan on 6801 nodes
[INFO] 12:19:19.109001 Tarjan found 6801 components
[INFO] 12:19:19.140016 Variable type analysis: done
[INFO] 12:19:19.148573 Building Runtime Type propagation graph
[INFO] 12:19:19.222865 Running Tarjan on 6801 nodes
[INFO] 12:19:19.232238 Tarjan found 6801 components
[INFO] 12:19:19.254536 Variable type analysis: done
[INFO] Analyzing 951 ucfgs to detect vulnerabilities.
[INFO] All rules entrypoints : 0 Retained UCFGs : 0
[INFO] rule: S5131, entrypoints: 0
[INFO] rule: S5131 done
[INFO] rule: S3649, entrypoints: 0
[INFO] rule: S3649 done
[INFO] rule: S2076, entrypoints: 0
[INFO] rule: S2076 done
[INFO] rule: S2091, entrypoints: 0
[INFO] rule: S2091 done
[INFO] rule: S2078, entrypoints: 0
[INFO] rule: S2078 done
[INFO] rule: S2631, entrypoints: 0
[INFO] rule: S2631 done
[INFO] rule: S5135, entrypoints: 0
[INFO] rule: S5135 done
[INFO] rule: S2083, entrypoints: 0
[INFO] rule: S2083 done
[INFO] rule: S5167, entrypoints: 0
[INFO] rule: S5167 done
[INFO] rule: S5144, entrypoints: 0
[INFO] rule: S5144 done
[INFO] rule: S5145, entrypoints: 0
[INFO] rule: S5145 done
[INFO] rule: S5146, entrypoints: 0
[INFO] rule: S5146 done
[INFO] rule: S5334, entrypoints: 0
[INFO] rule: S5334 done
[INFO] rule: S6096, entrypoints: 0
[INFO] rule: S6096 done
[INFO] Sensor JavaSecuritySensor [security] (done) | time=4653ms
[INFO] Sensor CSharpSecuritySensor [security]
[INFO] Reading type hierarchy from: /workspace/source/target/ucfg_cs2
[INFO] Read 0 type definitions
[INFO] Reading UCFGs from: /workspace/source/target/ucfg_cs2
[INFO] No UCFGs have been included for analysis.
[INFO] Sensor CSharpSecuritySensor [security] (done) | time=1ms
[INFO] Sensor PhpSecuritySensor [security]
[INFO] Reading type hierarchy from: /workspace/source/target/sonar/ucfg2/php
[INFO] Read 0 type definitions
[INFO] Reading UCFGs from: /workspace/source/target/sonar/ucfg2/php
[INFO] No UCFGs have been included for analysis.
[INFO] Sensor PhpSecuritySensor [security] (done) | time=1ms
[INFO] Sensor PythonSecuritySensor [security]
[INFO] Reading type hierarchy from: /workspace/source/target/sonar/ucfg2/python
[INFO] Read 0 type definitions
[INFO] Reading UCFGs from: /workspace/source/target/sonar/ucfg2/python
[INFO] No UCFGs have been included for analysis.
[INFO] Sensor PythonSecuritySensor [security] (done) | time=1ms
[INFO] Sensor JsSecuritySensor [security]
[INFO] Reading type hierarchy from: /workspace/source/target/sonar/ucfg2/js
[INFO] Read 0 type definitions
[INFO] Reading UCFGs from: /workspace/source/target/sonar/ucfg2/js
[INFO] No UCFGs have been included for analysis.
[INFO] Sensor JsSecuritySensor [security] (done) | time=1ms
[INFO] ------------- Run sensors on project
[INFO] Sensor Zero Coverage Sensor
[INFO] Sensor Zero Coverage Sensor (done) | time=1ms
[INFO] Sensor Java CPD Block Inde**r
[INFO] Sensor Java CPD Block Inde**r (done) | time=117ms
[INFO] SCM Publisher SCM provider for this project is: git
[INFO] SCM Publisher 1 source file to be analyzed
[INFO] SCM Publisher 0/1 source files have been analyzed (done) | time=92ms
[WARNING] Missing blame information for the following files:
[WARNING]   * pom.xml
[WARNING] This may lead to missing/broken features in SonarCloud
[INFO] CPD E**cutor 4 files had no CPD blocks
[INFO] CPD E**cutor Calculating CPD for 25 files
[INFO] CPD E**cutor CPD calculation finished (done) | time=69ms
[INFO] SCM writing changed lines
[INFO] SCM writing changed lines (done) | time=29ms
[INFO] Analysis report generated in 150ms, dir size=253 KB
[INFO] Analysis report compressed in 58ms, zip size=77 KB
[INFO] Analysis report uploaded in 144ms
[INFO] ANALYSIS SUCCESSFUL, you can find the results at: https://sonarcloud.io/dashboard?id=entando_entando-plugin-jpcontentscheduler&pullRequest=22
[INFO] Note that you will be able to access the updated dashboard once the server has processed the submitted analysis report
[INFO] More about the report processing at https://sonarcloud.io/api/ce/task?id=AXpnKMZlF1V3rDbs-apn
[INFO] Analysis total time: 32.876 s
[INFO] ------------------------------------------------------------------------
[INFO] BUILD SUCCESS
[INFO] ------------------------------------------------------------------------
[INFO] Total time:  02:17 min
[INFO] Finished at: 2021-07-02T12:19:23Z
[INFO] ------------------------------------------------------------------------
Picked up _JAVA_OPTIONS: -XX:+UnlockExperimentalVMOptions -Dsun.zip.disableMemoryMapping=**** -XX:+UseParallelGC -XX:MinHeapFreeRatio=5 -XX:MaxHeapFreeRatio=10 -XX:GCTimeRatio=4 -XX:AdaptiveSizePolicyWeight=90 -Xms10m -Xmx8000m
[INFO] Scanning for projects...
[WARNING] 
[WARNING] Some problems were encountered while building the effective model for org.entando.entando.plugins:entando-plugin-jpcontentscheduler:war:0.0.0-SNAPSHOT-PR-22-2
[WARNING] 'dependencyManagement.dependencies.dependency.(groupId:artifactId:type:classifier)' must be unique: org.springframework:spring-tx:jar -> version (?) vs ${spring.version} @ org.entando:entando-core-parent:6.4.2, /home/jenkins/.mvnrepository/org/entando/entando-core-parent/6.4.2/entando-core-parent-6.4.2.pom, line 625, column 25
[WARNING] 
[WARNING] It is highly recommended to fix these problems because they threaten the stability of your build.
[WARNING] 
[WARNING] For this reason, future Maven versions might no longer support building such malformed projects.
[WARNING] 
[INFO] 
[INFO] ---< org.entando.entando.plugins:entando-plugin-jpcontentscheduler >----
[INFO] Building Entando Plugin: Content Scheduler 0.0.0-SNAPSHOT-PR-22-2
[INFO] --------------------------------[ war ]---------------------------------
[WARNING] The POM for com.sun.xml.bind:jaxb-impl:jar:2.2.11 is invalid, transitive dependencies (if any) will not be available, enable debug logging for more details
[WARNING] The POM for com.sun.xml.bind:jaxb-core:jar:2.2.11 is invalid, transitive dependencies (if any) will not be available, enable debug logging for more details
[INFO] 
[INFO] --- maven-site-plugin:3.9.0:site (default-site) @ entando-plugin-jpcontentscheduler ---
[INFO] configuring report plugin org.apache.maven.plugins:maven-project-info-reports-plugin:3.0.0
[INFO] 9 reports configured for maven-project-info-reports-plugin:3.0.0: dependency-info, distribution-management, index, ci-management, issue-management, licenses, plugins, scm, summary
[INFO] Rendering site with default locale English (en)
[WARNING] Unable to find a URL to the parent project. The parent menu will NOT be added.
[INFO] Relativizing decoration links with respect to localized project URL: http://www.entando.com/
[INFO] Rendering content with org.apache.maven.skins:maven-default-skin:jar:1.3 skin.
[INFO] Generating "Dependency Information" report --- maven-project-info-reports-plugin:3.0.0:dependency-info
[INFO] Generating "About" report         --- maven-project-info-reports-plugin:3.0.0:index
[INFO] Generating "Issue Management" report --- maven-project-info-reports-plugin:3.0.0:issue-management
[INFO] Generating "Licenses" report      --- maven-project-info-reports-plugin:3.0.0:licenses
[INFO] Generating "Plugins" report       --- maven-project-info-reports-plugin:3.0.0:plugins
[INFO] Generating "Source Code Management" report --- maven-project-info-reports-plugin:3.0.0:scm
[INFO] Generating "Summary" report       --- maven-project-info-reports-plugin:3.0.0:summary
[INFO] ------------------------------------------------------------------------
[INFO] BUILD SUCCESS
[INFO] ------------------------------------------------------------------------
[INFO] Total time:  12.176 s
[INFO] Finished at: 2021-07-02T12:19:37Z
[INFO] ------------------------------------------------------------------------
error: etcdserver: request is too large
Congratulations! No build failures found for entando-plugin-jpcontentscheduler-PR-22.
