
Showing logs for build [32mmeta-entando-app-builder-pr-104-xjw9j-4[0m stage [32mmeta-pipeline[0m and container [32mstep-credential-initializer-h62tx[0m
{"level":"warn","ts":1617619972.7126179,"logger":"fallback-logger","caller":"logging/config.go:69","msg":"Fetch GitHub commit ID from kodata failed: \"ref: refs/heads/0.8.0-**-support-backwards-incompats\" is not a valid GitHub commit ID"}
{"level":"info","ts":1617619972.7280324,"logger":"fallback-logger","caller":"creds-init/main.go:40","msg":"Credentials initialized."}

Showing logs for build [32mmeta-entando-app-builder-pr-104-xjw9j-4[0m stage [32mmeta-pipeline[0m and container [32mstep-working-dir-initializer-t8l2f[0m
{"level":"warn","ts":1617619974.6983993,"logger":"fallback-logger","caller":"logging/config.go:69","msg":"Fetch GitHub commit ID from kodata failed: open /var/run/ko/HEAD: no such file or directory"}
{"level":"info","ts":1617619974.7129946,"logger":"fallback-logger","caller":"bash/main.go:64","msg":"Successfully e**cuted command \"sh -c mkdir -p /workspace/source\"; output "}

Showing logs for build [32mmeta-entando-app-builder-pr-104-xjw9j-4[0m stage [32mmeta-pipeline[0m and container [32mstep-place-tools[0m

Showing logs for build [32mmeta-entando-app-builder-pr-104-xjw9j-4[0m stage [32mmeta-pipeline[0m and container [32mstep-git-source-meta-entando-app-builder-pr-104-t68c7[0m
{"level":"warn","ts":1617619984.0163133,"logger":"fallback-logger","caller":"logging/config.go:69","msg":"Fetch GitHub commit ID from kodata failed: \"ref: refs/heads/0.8.0-**-support-backwards-incompats\" is not a valid GitHub commit ID"}
{"level":"info","ts":1617619986.4421651,"logger":"fallback-logger","caller":"git/git.go:103","msg":"Successfully cloned https://github.com/entando/app-builder.git @ 8f318713cdf63f2f1f6041930ccfd66b807b1df9 in path /workspace/source"}

Showing logs for build [32mmeta-entando-app-builder-pr-104-xjw9j-4[0m stage [32mmeta-pipeline[0m and container [32mstep-git-merge[0m
Using SHAs from PULL_REFS=ENG-2071-cypress-commands-improvements:8f318713cdf63f2f1f6041930ccfd66b807b1df9,1040:6df16ddb1c3e7068bd21b66d8f897362cfe95bfe
DEBUG: ran git fetch --unshallow origin 6df16ddb1c3e7068bd21b66d8f897362cfe95bfe: 8f318713cdf63f2f1f6041930ccfd66b807b1df9: in 
DEBUG: ran git checkout ENG-2071-cypress-commands-improvements in 
DEBUG: ran git reset --hard 8f318713cdf63f2f1f6041930ccfd66b807b1df9 in 
DEBUG: ran clean --force -d . in 
error: error during merge: merging 6df16ddb1c3e7068bd21b66d8f897362cfe95bfe into master: git output: Auto-merging test/cypress/support/index.js
Auto-merging test/cypress/support/command/command.js
CONFLICT (content): Merge conflict in test/cypress/support/command/command.js
Auto-merging package.json
Auto-merging package-lock.json
Automatic merge failed; fix conflicts and then commit the result.: failed to run 'git merge 6df16ddb1c3e7068bd21b66d8f897362cfe95bfe' command in directory '', output: 'Auto-merging test/cypress/support/index.js
Auto-merging test/cypress/support/command/command.js
CONFLICT (content): Merge conflict in test/cypress/support/command/command.js
Auto-merging package.json
Auto-merging package-lock.json
Automatic merge failed; fix conflicts and then commit the result.'
[31m
Pipeline failed on stage 'meta-pipeline' : container 'step-git-merge'. The execution of the pipeline has stopped.[0m
